# JRE version: OpenJDK Runtime Environment (8.0_152-b01) (build 1.8.0_152-release-1343-b01)
# Java VM: OpenJDK 64-Bit Server VM (25.152-b01 mixed mode windows-amd64 compressed oops)
Heap:
 PSYoungGen      total 268288K, used 218184K [0x00000000e0000000, 0x00000000f2780000, 0x0000000100000000)
  eden space 245248K, 85% used [0x00000000e0000000,0x00000000ecbc1650,0x00000000eef80000)
  from space 23040K, 41% used [0x00000000f1100000,0x00000000f1a50b08,0x00000000f2780000)
  to   space 28672K, 0% used [0x00000000eef80000,0x00000000eef80000,0x00000000f0b80000)
 ParOldGen       total 159232K, used 61620K [0x00000000a0000000, 0x00000000a9b80000, 0x00000000e0000000)
  object space 159232K, 38% used [0x00000000a0000000,0x00000000a3c2d398,0x00000000a9b80000)
 Metaspace       used 93261K, capacity 97836K, committed 98072K, reserved 1134592K
  class space    used 11904K, capacity 12798K, committed 12824K, reserved 1048576K
GC Heap History (10 events):
Event: 117.654 GC heap before
{Heap before GC invocations=20 (full 4):
 PSYoungGen      total 237568K, used 12261K [0x00000000e0000000, 0x00000000f0b80000, 0x0000000100000000)
  eden space 208384K, 0% used [0x00000000e0000000,0x00000000e0000000,0x00000000ecb80000)
  from space 29184K, 42% used [0x00000000eef00000,0x00000000efaf94d0,0x00000000f0b80000)
  to   space 32768K, 0% used [0x00000000ecb80000,0x00000000ecb80000,0x00000000eeb80000)
 ParOldGen       total 95232K, used 83070K [0x00000000a0000000, 0x00000000a5d00000, 0x00000000e0000000)
  object space 95232K, 87% used [0x00000000a0000000,0x00000000a511f9c8,0x00000000a5d00000)
 Metaspace       used 77975K, capacity 80856K, committed 81048K, reserved 1120256K
  class space    used 10027K, capacity 10635K, committed 10648K, reserved 1048576K
Event: 117.973 GC heap after
Heap after GC invocations=20 (full 4):
 PSYoungGen      total 237568K, used 0K [0x00000000e0000000, 0x00000000f0b80000, 0x0000000100000000)
  eden space 208384K, 0% used [0x00000000e0000000,0x00000000e0000000,0x00000000ecb80000)
  from space 29184K, 0% used [0x00000000eef00000,0x00000000eef00000,0x00000000f0b80000)
  to   space 32768K, 0% used [0x00000000ecb80000,0x00000000ecb80000,0x00000000eeb80000)
 ParOldGen       total 159232K, used 61596K [0x00000000a0000000, 0x00000000a9b80000, 0x00000000e0000000)
  object space 159232K, 38% used [0x00000000a0000000,0x00000000a3c27398,0x00000000a9b80000)
 Metaspace       used 77940K, capacity 80752K, committed 81048K, reserved 1120256K
  class space    used 10016K, capacity 10615K, committed 10648K, reserved 1048576K
}
Event: 126.171 GC heap before
{Heap before GC invocations=21 (full 4):
 PSYoungGen      total 237568K, used 208384K [0x00000000e0000000, 0x00000000f0b80000, 0x0000000100000000)
  eden space 208384K, 100% used [0x00000000e0000000,0x00000000ecb80000,0x00000000ecb80000)
  from space 29184K, 0% used [0x00000000eef00000,0x00000000eef00000,0x00000000f0b80000)
  to   space 32768K, 0% used [0x00000000ecb80000,0x00000000ecb80000,0x00000000eeb80000)
 ParOldGen       total 159232K, used 61596K [0x00000000a0000000, 0x00000000a9b80000, 0x00000000e0000000)
  object space 159232K, 38% used [0x00000000a0000000,0x00000000a3c27398,0x00000000a9b80000)
 Metaspace       used 86337K, capacity 89852K, committed 89880K, reserved 1128448K
  class space    used 11066K, capacity 11783K, committed 11800K, reserved 1048576K
Event: 126.193 GC heap after
Heap after GC invocations=21 (full 4):
 PSYoungGen      total 241152K, used 15417K [0x00000000e0000000, 0x00000000f1980000, 0x0000000100000000)
  eden space 208384K, 0% used [0x00000000e0000000,0x00000000e0000000,0x00000000ecb80000)
  from space 32768K, 47% used [0x00000000ecb80000,0x00000000eda8e638,0x00000000eeb80000)
  to   space 31744K, 0% used [0x00000000efa80000,0x00000000efa80000,0x00000000f1980000)
 ParOldGen       total 159232K, used 61604K [0x00000000a0000000, 0x00000000a9b80000, 0x00000000e0000000)
  object space 159232K, 38% used [0x00000000a0000000,0x00000000a3c29398,0x00000000a9b80000)
 Metaspace       used 86337K, capacity 89852K, committed 89880K, reserved 1128448K
  class space    used 11066K, capacity 11783K, committed 11800K, reserved 1048576K
}
Event: 128.069 GC heap before
{Heap before GC invocations=22 (full 4):
 PSYoungGen      total 241152K, used 223801K [0x00000000e0000000, 0x00000000f1980000, 0x0000000100000000)
  eden space 208384K, 100% used [0x00000000e0000000,0x00000000ecb80000,0x00000000ecb80000)
  from space 32768K, 47% used [0x00000000ecb80000,0x00000000eda8e638,0x00000000eeb80000)
  to   space 31744K, 0% used [0x00000000efa80000,0x00000000efa80000,0x00000000f1980000)
 ParOldGen       total 159232K, used 61604K [0x00000000a0000000, 0x00000000a9b80000, 0x00000000e0000000)
  object space 159232K, 38% used [0x00000000a0000000,0x00000000a3c29398,0x00000000a9b80000)
 Metaspace       used 87021K, capacity 90570K, committed 90648K, reserved 1128448K
  class space    used 11091K, capacity 11790K, committed 11800K, reserved 1048576K
Event: 128.100 GC heap after
Heap after GC invocations=22 (full 4):
 PSYoungGen      total 258048K, used 11703K [0x00000000e0000000, 0x00000000f1c80000, 0x0000000100000000)
  eden space 226304K, 0% used [0x00000000e0000000,0x00000000e0000000,0x00000000edd00000)
  from space 31744K, 36% used [0x00000000efa80000,0x00000000f05ede20,0x00000000f1980000)
  to   space 30208K, 0% used [0x00000000edd00000,0x00000000edd00000,0x00000000efa80000)
 ParOldGen       total 159232K, used 61604K [0x00000000a0000000, 0x00000000a9b80000, 0x00000000e0000000)
  object space 159232K, 38% used [0x00000000a0000000,0x00000000a3c29398,0x00000000a9b80000)
 Metaspace       used 87021K, capacity 90570K, committed 90648K, reserved 1128448K
  class space    used 11091K, capacity 11790K, committed 11800K, reserved 1048576K
}
Event: 129.813 GC heap before
{Heap before GC invocations=23 (full 4):
 PSYoungGen      total 258048K, used 238007K [0x00000000e0000000, 0x00000000f1c80000, 0x0000000100000000)
  eden space 226304K, 100% used [0x00000000e0000000,0x00000000edd00000,0x00000000edd00000)
  from space 31744K, 36% used [0x00000000efa80000,0x00000000f05ede20,0x00000000f1980000)
  to   space 30208K, 0% used [0x00000000edd00000,0x00000000edd00000,0x00000000efa80000)
 ParOldGen       total 159232K, used 61604K [0x00000000a0000000, 0x00000000a9b80000, 0x00000000e0000000)
  object space 159232K, 38% used [0x00000000a0000000,0x00000000a3c29398,0x00000000a9b80000)
 Metaspace       used 87231K, capacity 90782K, committed 90904K, reserved 1128448K
  class space    used 11091K, capacity 11790K, committed 11800K, reserved 1048576K
Event: 129.824 GC heap after
Heap after GC invocations=23 (full 4):
 PSYoungGen      total 256512K, used 5425K [0x00000000e0000000, 0x00000000f2e00000, 0x0000000100000000)
  eden space 226304K, 0% used [0x00000000e0000000,0x00000000e0000000,0x00000000edd00000)
  from space 30208K, 17% used [0x00000000edd00000,0x00000000ee24c558,0x00000000efa80000)
  to   space 29696K, 0% used [0x00000000f1100000,0x00000000f1100000,0x00000000f2e00000)
 ParOldGen       total 159232K, used 61612K [0x00000000a0000000, 0x00000000a9b80000, 0x00000000e0000000)
  object space 159232K, 38% used [0x00000000a0000000,0x00000000a3c2b398,0x00000000a9b80000)
 Metaspace       used 87231K, capacity 90782K, committed 90904K, reserved 1128448K
  class space    used 11091K, capacity 11790K, committed 11800K, reserved 1048576K
}
Event: 842.239 GC heap before
{Heap before GC invocations=24 (full 4):
 PSYoungGen      total 256512K, used 231729K [0x00000000e0000000, 0x00000000f2e00000, 0x0000000100000000)
  eden space 226304K, 100% used [0x00000000e0000000,0x00000000edd00000,0x00000000edd00000)
  from space 30208K, 17% used [0x00000000edd00000,0x00000000ee24c558,0x00000000efa80000)
  to   space 29696K, 0% used [0x00000000f1100000,0x00000000f1100000,0x00000000f2e00000)
 ParOldGen       total 159232K, used 61612K [0x00000000a0000000, 0x00000000a9b80000, 0x00000000e0000000)
  object space 159232K, 38% used [0x00000000a0000000,0x00000000a3c2b398,0x00000000a9b80000)
 Metaspace       used 91309K, capacity 95712K, committed 96024K, reserved 1132544K
  class space    used 11666K, capacity 12500K, committed 12568K, reserved 1048576K
Event: 842.270 GC heap after
Heap after GC invocations=24 (full 4):
 PSYoungGen      total 268288K, used 9538K [0x00000000e0000000, 0x00000000f2780000, 0x0000000100000000)
  eden space 245248K, 0% used [0x00000000e0000000,0x00000000e0000000,0x00000000eef80000)
  from space 23040K, 41% used [0x00000000f1100000,0x00000000f1a50b08,0x00000000f2780000)
  to   space 28672K, 0% used [0x00000000eef80000,0x00000000eef80000,0x00000000f0b80000)
 ParOldGen       total 159232K, used 61620K [0x00000000a0000000, 0x00000000a9b80000, 0x00000000e0000000)
  object space 159232K, 38% used [0x00000000a0000000,0x00000000a3c2d398,0x00000000a9b80000)
 Metaspace       used 91309K, capacity 95712K, committed 96024K, reserved 1132544K
  class space    used 11666K, capacity 12500K, committed 12568K, reserved 1048576K
}

