# JRE version: OpenJDK Runtime Environment (8.0_152-b01) (build 1.8.0_152-release-1343-b01)
# Java VM: OpenJDK 64-Bit Server VM (25.152-b01 mixed mode windows-amd64 compressed oops)
Heap:
 PSYoungGen      total 235008K, used 184594K [0x00000000e0000000, 0x00000000f3700000, 0x0000000100000000)
  eden space 216064K, 85% used [0x00000000e0000000,0x00000000eb444980,0x00000000ed300000)
  from space 18944K, 0% used [0x00000000ef600000,0x00000000ef600000,0x00000000f0880000)
  to   space 35840K, 0% used [0x00000000ed300000,0x00000000ed300000,0x00000000ef600000)
 ParOldGen       total 82432K, used 82380K [0x00000000a0000000, 0x00000000a5080000, 0x00000000e0000000)
  object space 82432K, 99% used [0x00000000a0000000,0x00000000a50733c8,0x00000000a5080000)
 Metaspace       used 87429K, capacity 90624K, committed 91160K, reserved 1128448K
  class space    used 11286K, capacity 11927K, committed 12064K, reserved 1048576K
GC Heap History (10 events):
Event: 120.666 GC heap before
{Heap before GC invocations=23 (full 3):
 PSYoungGen      total 184832K, used 184829K [0x00000000e0000000, 0x00000000eea80000, 0x0000000100000000)
  eden space 171520K, 100% used [0x00000000e0000000,0x00000000ea780000,0x00000000ea780000)
  from space 13312K, 99% used [0x00000000ea780000,0x00000000eb47f530,0x00000000eb480000)
  to   space 18944K, 0% used [0x00000000ed800000,0x00000000ed800000,0x00000000eea80000)
 ParOldGen       total 70656K, used 40024K [0x00000000a0000000, 0x00000000a4500000, 0x00000000e0000000)
  object space 70656K, 56% used [0x00000000a0000000,0x00000000a27162e0,0x00000000a4500000)
 Metaspace       used 78751K, capacity 81962K, committed 82072K, reserved 1120256K
  class space    used 10466K, capacity 11086K, committed 11168K, reserved 1048576K
Event: 120.700 GC heap after
Heap after GC invocations=23 (full 3):
 PSYoungGen      total 219648K, used 13762K [0x00000000e0000000, 0x00000000eed00000, 0x0000000100000000)
  eden space 200704K, 0% used [0x00000000e0000000,0x00000000e0000000,0x00000000ec400000)
  from space 18944K, 72% used [0x00000000ed800000,0x00000000ee570940,0x00000000eea80000)
  to   space 20480K, 0% used [0x00000000ec400000,0x00000000ec400000,0x00000000ed800000)
 ParOldGen       total 70656K, used 45105K [0x00000000a0000000, 0x00000000a4500000, 0x00000000e0000000)
  object space 70656K, 63% used [0x00000000a0000000,0x00000000a2c0c600,0x00000000a4500000)
 Metaspace       used 78751K, capacity 81962K, committed 82072K, reserved 1120256K
  class space    used 10466K, capacity 11086K, committed 11168K, reserved 1048576K
}
Event: 123.152 GC heap before
{Heap before GC invocations=24 (full 3):
 PSYoungGen      total 219648K, used 214466K [0x00000000e0000000, 0x00000000eed00000, 0x0000000100000000)
  eden space 200704K, 100% used [0x00000000e0000000,0x00000000ec400000,0x00000000ec400000)
  from space 18944K, 72% used [0x00000000ed800000,0x00000000ee570940,0x00000000eea80000)
  to   space 20480K, 0% used [0x00000000ec400000,0x00000000ec400000,0x00000000ed800000)
 ParOldGen       total 70656K, used 45105K [0x00000000a0000000, 0x00000000a4500000, 0x00000000e0000000)
  object space 70656K, 63% used [0x00000000a0000000,0x00000000a2c0c600,0x00000000a4500000)
 Metaspace       used 81249K, capacity 84622K, committed 84888K, reserved 1122304K
  class space    used 10669K, capacity 11308K, committed 11424K, reserved 1048576K
Event: 123.165 GC heap after
Heap after GC invocations=24 (full 3):
 PSYoungGen      total 221184K, used 8201K [0x00000000e0000000, 0x00000000f0880000, 0x0000000100000000)
  eden space 200704K, 0% used [0x00000000e0000000,0x00000000e0000000,0x00000000ec400000)
  from space 20480K, 40% used [0x00000000ec400000,0x00000000ecc02698,0x00000000ed800000)
  to   space 18944K, 0% used [0x00000000ef600000,0x00000000ef600000,0x00000000f0880000)
 ParOldGen       total 70656K, used 45113K [0x00000000a0000000, 0x00000000a4500000, 0x00000000e0000000)
  object space 70656K, 63% used [0x00000000a0000000,0x00000000a2c0e600,0x00000000a4500000)
 Metaspace       used 81249K, capacity 84622K, committed 84888K, reserved 1122304K
  class space    used 10669K, capacity 11308K, committed 11424K, reserved 1048576K
}
Event: 125.572 GC heap before
{Heap before GC invocations=25 (full 3):
 PSYoungGen      total 221184K, used 208905K [0x00000000e0000000, 0x00000000f0880000, 0x0000000100000000)
  eden space 200704K, 100% used [0x00000000e0000000,0x00000000ec400000,0x00000000ec400000)
  from space 20480K, 40% used [0x00000000ec400000,0x00000000ecc02698,0x00000000ed800000)
  to   space 18944K, 0% used [0x00000000ef600000,0x00000000ef600000,0x00000000f0880000)
 ParOldGen       total 70656K, used 45113K [0x00000000a0000000, 0x00000000a4500000, 0x00000000e0000000)
  object space 70656K, 63% used [0x00000000a0000000,0x00000000a2c0e600,0x00000000a4500000)
 Metaspace       used 82204K, capacity 85680K, committed 86040K, reserved 1124352K
  class space    used 10789K, capacity 11425K, committed 11552K, reserved 1048576K
Event: 125.702 GC heap after
Heap after GC invocations=25 (full 3):
 PSYoungGen      total 235008K, used 18914K [0x00000000e0000000, 0x00000000f3700000, 0x0000000100000000)
  eden space 216064K, 0% used [0x00000000e0000000,0x00000000e0000000,0x00000000ed300000)
  from space 18944K, 99% used [0x00000000ef600000,0x00000000f0878898,0x00000000f0880000)
  to   space 35840K, 0% used [0x00000000ed300000,0x00000000ed300000,0x00000000ef600000)
 ParOldGen       total 82432K, used 82325K [0x00000000a0000000, 0x00000000a5080000, 0x00000000e0000000)
  object space 82432K, 99% used [0x00000000a0000000,0x00000000a5065470,0x00000000a5080000)
 Metaspace       used 82204K, capacity 85680K, committed 86040K, reserved 1124352K
  class space    used 10789K, capacity 11425K, committed 11552K, reserved 1048576K
}
Event: 125.723 GC heap before
{Heap before GC invocations=26 (full 4):
 PSYoungGen      total 235008K, used 18914K [0x00000000e0000000, 0x00000000f3700000, 0x0000000100000000)
  eden space 216064K, 0% used [0x00000000e0000000,0x00000000e0000000,0x00000000ed300000)
  from space 18944K, 99% used [0x00000000ef600000,0x00000000f0878898,0x00000000f0880000)
  to   space 35840K, 0% used [0x00000000ed300000,0x00000000ed300000,0x00000000ef600000)
 ParOldGen       total 82432K, used 82325K [0x00000000a0000000, 0x00000000a5080000, 0x00000000e0000000)
  object space 82432K, 99% used [0x00000000a0000000,0x00000000a5065470,0x00000000a5080000)
 Metaspace       used 82204K, capacity 85680K, committed 86040K, reserved 1124352K
  class space    used 10789K, capacity 11425K, committed 11552K, reserved 1048576K
Event: 127.512 GC heap after
Heap after GC invocations=26 (full 4):
 PSYoungGen      total 235008K, used 13617K [0x00000000e0000000, 0x00000000f3700000, 0x0000000100000000)
  eden space 216064K, 0% used [0x00000000e0000000,0x00000000e0000000,0x00000000ed300000)
  from space 18944K, 71% used [0x00000000ef600000,0x00000000f034c4f8,0x00000000f0880000)
  to   space 35840K, 0% used [0x00000000ed300000,0x00000000ed300000,0x00000000ef600000)
 ParOldGen       total 82432K, used 82196K [0x00000000a0000000, 0x00000000a5080000, 0x00000000e0000000)
  object space 82432K, 99% used [0x00000000a0000000,0x00000000a50453b8,0x00000000a5080000)
 Metaspace       used 81901K, capacity 84792K, committed 86040K, reserved 1124352K
  class space    used 10687K, capacity 11249K, committed 11552K, reserved 1048576K
}
Event: 129.721 GC heap before
{Heap before GC invocations=27 (full 5):
 PSYoungGen      total 235008K, used 229681K [0x00000000e0000000, 0x00000000f3700000, 0x0000000100000000)
  eden space 216064K, 100% used [0x00000000e0000000,0x00000000ed300000,0x00000000ed300000)
  from space 18944K, 71% used [0x00000000ef600000,0x00000000f034c4f8,0x00000000f0880000)
  to   space 35840K, 0% used [0x00000000ed300000,0x00000000ed300000,0x00000000ef600000)
 ParOldGen       total 82432K, used 82196K [0x00000000a0000000, 0x00000000a5080000, 0x00000000e0000000)
  object space 82432K, 99% used [0x00000000a0000000,0x00000000a50453b8,0x00000000a5080000)
 Metaspace       used 81979K, capacity 84810K, committed 86040K, reserved 1124352K
  class space    used 10690K, capacity 11254K, committed 11552K, reserved 1048576K
Event: 130.079 GC heap after
Heap after GC invocations=27 (full 5):
 PSYoungGen      total 235008K, used 8749K [0x00000000e0000000, 0x00000000f3700000, 0x0000000100000000)
  eden space 216064K, 4% used [0x00000000e0000000,0x00000000e088b408,0x00000000ed300000)
  from space 18944K, 0% used [0x00000000ef600000,0x00000000ef600000,0x00000000f0880000)
  to   space 35840K, 0% used [0x00000000ed300000,0x00000000ed300000,0x00000000ef600000)
 ParOldGen       total 82432K, used 82380K [0x00000000a0000000, 0x00000000a5080000, 0x00000000e0000000)
  object space 82432K, 99% used [0x00000000a0000000,0x00000000a50733c8,0x00000000a5080000)
 Metaspace       used 81979K, capacity 84810K, committed 86040K, reserved 1124352K
  class space    used 10690K, capacity 11254K, committed 11552K, reserved 1048576K
}

