# JRE version: OpenJDK Runtime Environment (8.0_152-b01) (build 1.8.0_152-release-1343-b01)
# Java VM: OpenJDK 64-Bit Server VM (25.152-b01 mixed mode windows-amd64 compressed oops)
Heap:
 PSYoungGen      total 208896K, used 127711K [0x00000000e0000000, 0x00000000eea00000, 0x0000000100000000)
  eden space 178688K, 61% used [0x00000000e0000000,0x00000000e6aba1d8,0x00000000eae80000)
  from space 30208K, 60% used [0x00000000eae80000,0x00000000ec07dae8,0x00000000ecc00000)
  to   space 29184K, 0% used [0x00000000ecc00000,0x00000000ecc00000,0x00000000ee880000)
 ParOldGen       total 94208K, used 62367K [0x00000000a0000000, 0x00000000a5c00000, 0x00000000e0000000)
  object space 94208K, 66% used [0x00000000a0000000,0x00000000a3ce7e48,0x00000000a5c00000)
 Metaspace       used 91253K, capacity 94776K, committed 95000K, reserved 1132544K
  class space    used 11488K, capacity 12207K, committed 12312K, reserved 1048576K
GC Heap History (10 events):
Event: 2531.855 GC heap before
{Heap before GC invocations=25 (full 4):
 PSYoungGen      total 207872K, used 198248K [0x00000000e0000000, 0x00000000eea00000, 0x0000000100000000)
  eden space 178688K, 99% used [0x00000000e0000000,0x00000000eae53740,0x00000000eae80000)
  from space 29184K, 67% used [0x00000000ecc00000,0x00000000edf46918,0x00000000ee880000)
  to   space 30208K, 0% used [0x00000000eae80000,0x00000000eae80000,0x00000000ecc00000)
 ParOldGen       total 94208K, used 62335K [0x00000000a0000000, 0x00000000a5c00000, 0x00000000e0000000)
  object space 94208K, 66% used [0x00000000a0000000,0x00000000a3cdfe48,0x00000000a5c00000)
 Metaspace       used 90552K, capacity 94050K, committed 94104K, reserved 1130496K
  class space    used 11446K, capacity 12134K, committed 12184K, reserved 1048576K
Event: 2531.885 GC heap after
Heap after GC invocations=25 (full 4):
 PSYoungGen      total 208896K, used 16342K [0x00000000e0000000, 0x00000000eea00000, 0x0000000100000000)
  eden space 178688K, 0% used [0x00000000e0000000,0x00000000e0000000,0x00000000eae80000)
  from space 30208K, 54% used [0x00000000eae80000,0x00000000ebe75968,0x00000000ecc00000)
  to   space 29184K, 0% used [0x00000000ecc00000,0x00000000ecc00000,0x00000000ee880000)
 ParOldGen       total 94208K, used 62343K [0x00000000a0000000, 0x00000000a5c00000, 0x00000000e0000000)
  object space 94208K, 66% used [0x00000000a0000000,0x00000000a3ce1e48,0x00000000a5c00000)
 Metaspace       used 90552K, capacity 94050K, committed 94104K, reserved 1130496K
  class space    used 11446K, capacity 12134K, committed 12184K, reserved 1048576K
}
Event: 2532.820 GC heap before
{Heap before GC invocations=26 (full 4):
 PSYoungGen      total 208896K, used 195030K [0x00000000e0000000, 0x00000000eea00000, 0x0000000100000000)
  eden space 178688K, 100% used [0x00000000e0000000,0x00000000eae80000,0x00000000eae80000)
  from space 30208K, 54% used [0x00000000eae80000,0x00000000ebe75968,0x00000000ecc00000)
  to   space 29184K, 0% used [0x00000000ecc00000,0x00000000ecc00000,0x00000000ee880000)
 ParOldGen       total 94208K, used 62343K [0x00000000a0000000, 0x00000000a5c00000, 0x00000000e0000000)
  object space 94208K, 66% used [0x00000000a0000000,0x00000000a3ce1e48,0x00000000a5c00000)
 Metaspace       used 90728K, capacity 94232K, committed 94360K, reserved 1132544K
  class space    used 11451K, capacity 12167K, committed 12184K, reserved 1048576K
Event: 2532.843 GC heap after
Heap after GC invocations=26 (full 4):
 PSYoungGen      total 207872K, used 18573K [0x00000000e0000000, 0x00000000eea00000, 0x0000000100000000)
  eden space 178688K, 0% used [0x00000000e0000000,0x00000000e0000000,0x00000000eae80000)
  from space 29184K, 63% used [0x00000000ecc00000,0x00000000ede236d8,0x00000000ee880000)
  to   space 30208K, 0% used [0x00000000eae80000,0x00000000eae80000,0x00000000ecc00000)
 ParOldGen       total 94208K, used 62343K [0x00000000a0000000, 0x00000000a5c00000, 0x00000000e0000000)
  object space 94208K, 66% used [0x00000000a0000000,0x00000000a3ce1e48,0x00000000a5c00000)
 Metaspace       used 90728K, capacity 94232K, committed 94360K, reserved 1132544K
  class space    used 11451K, capacity 12167K, committed 12184K, reserved 1048576K
}
Event: 2533.940 GC heap before
{Heap before GC invocations=27 (full 4):
 PSYoungGen      total 207872K, used 197261K [0x00000000e0000000, 0x00000000eea00000, 0x0000000100000000)
  eden space 178688K, 100% used [0x00000000e0000000,0x00000000eae80000,0x00000000eae80000)
  from space 29184K, 63% used [0x00000000ecc00000,0x00000000ede236d8,0x00000000ee880000)
  to   space 30208K, 0% used [0x00000000eae80000,0x00000000eae80000,0x00000000ecc00000)
 ParOldGen       total 94208K, used 62343K [0x00000000a0000000, 0x00000000a5c00000, 0x00000000e0000000)
  object space 94208K, 66% used [0x00000000a0000000,0x00000000a3ce1e48,0x00000000a5c00000)
 Metaspace       used 90771K, capacity 94300K, committed 94360K, reserved 1132544K
  class space    used 11451K, capacity 12167K, committed 12184K, reserved 1048576K
Event: 2533.962 GC heap after
Heap after GC invocations=27 (full 4):
 PSYoungGen      total 208896K, used 22247K [0x00000000e0000000, 0x00000000eea00000, 0x0000000100000000)
  eden space 178688K, 0% used [0x00000000e0000000,0x00000000e0000000,0x00000000eae80000)
  from space 30208K, 73% used [0x00000000eae80000,0x00000000ec439d78,0x00000000ecc00000)
  to   space 29184K, 0% used [0x00000000ecc00000,0x00000000ecc00000,0x00000000ee880000)
 ParOldGen       total 94208K, used 62351K [0x00000000a0000000, 0x00000000a5c00000, 0x00000000e0000000)
  object space 94208K, 66% used [0x00000000a0000000,0x00000000a3ce3e48,0x00000000a5c00000)
 Metaspace       used 90771K, capacity 94300K, committed 94360K, reserved 1132544K
  class space    used 11451K, capacity 12167K, committed 12184K, reserved 1048576K
}
Event: 2535.155 GC heap before
{Heap before GC invocations=28 (full 4):
 PSYoungGen      total 208896K, used 200935K [0x00000000e0000000, 0x00000000eea00000, 0x0000000100000000)
  eden space 178688K, 100% used [0x00000000e0000000,0x00000000eae80000,0x00000000eae80000)
  from space 30208K, 73% used [0x00000000eae80000,0x00000000ec439d78,0x00000000ecc00000)
  to   space 29184K, 0% used [0x00000000ecc00000,0x00000000ecc00000,0x00000000ee880000)
 ParOldGen       total 94208K, used 62351K [0x00000000a0000000, 0x00000000a5c00000, 0x00000000e0000000)
  object space 94208K, 66% used [0x00000000a0000000,0x00000000a3ce3e48,0x00000000a5c00000)
 Metaspace       used 90827K, capacity 94304K, committed 94360K, reserved 1132544K
  class space    used 11451K, capacity 12167K, committed 12184K, reserved 1048576K
Event: 2535.185 GC heap after
Heap after GC invocations=28 (full 4):
 PSYoungGen      total 207872K, used 21568K [0x00000000e0000000, 0x00000000eea00000, 0x0000000100000000)
  eden space 178688K, 0% used [0x00000000e0000000,0x00000000e0000000,0x00000000eae80000)
  from space 29184K, 73% used [0x00000000ecc00000,0x00000000ee1101d8,0x00000000ee880000)
  to   space 30208K, 0% used [0x00000000eae80000,0x00000000eae80000,0x00000000ecc00000)
 ParOldGen       total 94208K, used 62359K [0x00000000a0000000, 0x00000000a5c00000, 0x00000000e0000000)
  object space 94208K, 66% used [0x00000000a0000000,0x00000000a3ce5e48,0x00000000a5c00000)
 Metaspace       used 90827K, capacity 94304K, committed 94360K, reserved 1132544K
  class space    used 11451K, capacity 12167K, committed 12184K, reserved 1048576K
}
Event: 2536.590 GC heap before
{Heap before GC invocations=29 (full 4):
 PSYoungGen      total 207872K, used 200191K [0x00000000e0000000, 0x00000000eea00000, 0x0000000100000000)
  eden space 178688K, 99% used [0x00000000e0000000,0x00000000eae6faf0,0x00000000eae80000)
  from space 29184K, 73% used [0x00000000ecc00000,0x00000000ee1101d8,0x00000000ee880000)
  to   space 30208K, 0% used [0x00000000eae80000,0x00000000eae80000,0x00000000ecc00000)
 ParOldGen       total 94208K, used 62359K [0x00000000a0000000, 0x00000000a5c00000, 0x00000000e0000000)
  object space 94208K, 66% used [0x00000000a0000000,0x00000000a3ce5e48,0x00000000a5c00000)
 Metaspace       used 90989K, capacity 94522K, committed 94616K, reserved 1132544K
  class space    used 11453K, capacity 12170K, committed 12184K, reserved 1048576K
Event: 2536.649 GC heap after
Heap after GC invocations=29 (full 4):
 PSYoungGen      total 208896K, used 18422K [0x00000000e0000000, 0x00000000eea00000, 0x0000000100000000)
  eden space 178688K, 0% used [0x00000000e0000000,0x00000000e0000000,0x00000000eae80000)
  from space 30208K, 60% used [0x00000000eae80000,0x00000000ec07dae8,0x00000000ecc00000)
  to   space 29184K, 0% used [0x00000000ecc00000,0x00000000ecc00000,0x00000000ee880000)
 ParOldGen       total 94208K, used 62367K [0x00000000a0000000, 0x00000000a5c00000, 0x00000000e0000000)
  object space 94208K, 66% used [0x00000000a0000000,0x00000000a3ce7e48,0x00000000a5c00000)
 Metaspace       used 90989K, capacity 94522K, committed 94616K, reserved 1132544K
  class space    used 11453K, capacity 12170K, committed 12184K, reserved 1048576K
}

