# JRE version: OpenJDK Runtime Environment (8.0_152-b01) (build 1.8.0_152-release-1343-b01)
# Java VM: OpenJDK 64-Bit Server VM (25.152-b01 mixed mode windows-amd64 compressed oops)
Heap:
 PSYoungGen      total 232448K, used 97691K [0x00000000e0000000, 0x00000000f0700000, 0x0000000100000000)
  eden space 213504K, 42% used [0x00000000e0000000,0x00000000e589c780,0x00000000ed080000)
  from space 18944K, 36% used [0x00000000ee900000,0x00000000eefca550,0x00000000efb80000)
  to   space 25088K, 0% used [0x00000000ed080000,0x00000000ed080000,0x00000000ee900000)
 ParOldGen       total 88576K, used 60787K [0x00000000a0000000, 0x00000000a5680000, 0x00000000e0000000)
  object space 88576K, 68% used [0x00000000a0000000,0x00000000a3b5cd90,0x00000000a5680000)
 Metaspace       used 72484K, capacity 75372K, committed 75672K, reserved 1114112K
  class space    used 9521K, capacity 10083K, committed 10160K, reserved 1048576K
GC Heap History (10 events):
Event: 16.824 GC heap before
{Heap before GC invocations=17 (full 3):
 PSYoungGen      total 199680K, used 199105K [0x00000000e0000000, 0x00000000efb80000, 0x0000000100000000)
  eden space 183296K, 100% used [0x00000000e0000000,0x00000000eb300000,0x00000000eb300000)
  from space 16384K, 96% used [0x00000000eb300000,0x00000000ec270508,0x00000000ec300000)
  to   space 18944K, 0% used [0x00000000ee900000,0x00000000ee900000,0x00000000efb80000)
 ParOldGen       total 88576K, used 33726K [0x00000000a0000000, 0x00000000a5680000, 0x00000000e0000000)
  object space 88576K, 38% used [0x00000000a0000000,0x00000000a20efa20,0x00000000a5680000)
 Metaspace       used 71150K, capacity 73852K, committed 74008K, reserved 1114112K
  class space    used 9459K, capacity 9977K, committed 10032K, reserved 1048576K
Event: 16.875 GC heap after
Heap after GC invocations=17 (full 3):
 PSYoungGen      total 232448K, used 18913K [0x00000000e0000000, 0x00000000f0700000, 0x0000000100000000)
  eden space 213504K, 0% used [0x00000000e0000000,0x00000000e0000000,0x00000000ed080000)
  from space 18944K, 99% used [0x00000000ee900000,0x00000000efb784c0,0x00000000efb80000)
  to   space 25088K, 0% used [0x00000000ed080000,0x00000000ed080000,0x00000000ee900000)
 ParOldGen       total 88576K, used 42982K [0x00000000a0000000, 0x00000000a5680000, 0x00000000e0000000)
  object space 88576K, 48% used [0x00000000a0000000,0x00000000a29f9848,0x00000000a5680000)
 Metaspace       used 71150K, capacity 73852K, committed 74008K, reserved 1114112K
  class space    used 9459K, capacity 9977K, committed 10032K, reserved 1048576K
}
Event: 18.405 GC heap before
{Heap before GC invocations=18 (full 3):
 PSYoungGen      total 232448K, used 232417K [0x00000000e0000000, 0x00000000f0700000, 0x0000000100000000)
  eden space 213504K, 100% used [0x00000000e0000000,0x00000000ed080000,0x00000000ed080000)
  from space 18944K, 99% used [0x00000000ee900000,0x00000000efb784c0,0x00000000efb80000)
  to   space 25088K, 0% used [0x00000000ed080000,0x00000000ed080000,0x00000000ee900000)
 ParOldGen       total 88576K, used 42982K [0x00000000a0000000, 0x00000000a5680000, 0x00000000e0000000)
  object space 88576K, 48% used [0x00000000a0000000,0x00000000a29f9848,0x00000000a5680000)
 Metaspace       used 71694K, capacity 74464K, committed 74520K, reserved 1114112K
  class space    used 9473K, capacity 10009K, committed 10032K, reserved 1048576K
Event: 18.526 GC heap after
Heap after GC invocations=18 (full 3):
 PSYoungGen      total 238592K, used 12552K [0x00000000e0000000, 0x00000000f0700000, 0x0000000100000000)
  eden space 213504K, 0% used [0x00000000e0000000,0x00000000e0000000,0x00000000ed080000)
  from space 25088K, 50% used [0x00000000ed080000,0x00000000edcc2078,0x00000000ee900000)
  to   space 18944K, 0% used [0x00000000ee900000,0x00000000ee900000,0x00000000efb80000)
 ParOldGen       total 88576K, used 60771K [0x00000000a0000000, 0x00000000a5680000, 0x00000000e0000000)
  object space 88576K, 68% used [0x00000000a0000000,0x00000000a3b58d90,0x00000000a5680000)
 Metaspace       used 71694K, capacity 74464K, committed 74520K, reserved 1114112K
  class space    used 9473K, capacity 10009K, committed 10032K, reserved 1048576K
}
Event: 19.990 GC heap before
{Heap before GC invocations=19 (full 3):
 PSYoungGen      total 238592K, used 226056K [0x00000000e0000000, 0x00000000f0700000, 0x0000000100000000)
  eden space 213504K, 100% used [0x00000000e0000000,0x00000000ed080000,0x00000000ed080000)
  from space 25088K, 50% used [0x00000000ed080000,0x00000000edcc2078,0x00000000ee900000)
  to   space 18944K, 0% used [0x00000000ee900000,0x00000000ee900000,0x00000000efb80000)
 ParOldGen       total 88576K, used 60771K [0x00000000a0000000, 0x00000000a5680000, 0x00000000e0000000)
  object space 88576K, 68% used [0x00000000a0000000,0x00000000a3b58d90,0x00000000a5680000)
 Metaspace       used 71896K, capacity 74672K, committed 74776K, reserved 1114112K
  class space    used 9478K, capacity 10011K, committed 10032K, reserved 1048576K
Event: 20.010 GC heap after
Heap after GC invocations=19 (full 3):
 PSYoungGen      total 232448K, used 11502K [0x00000000e0000000, 0x00000000f0700000, 0x0000000100000000)
  eden space 213504K, 0% used [0x00000000e0000000,0x00000000e0000000,0x00000000ed080000)
  from space 18944K, 60% used [0x00000000ee900000,0x00000000ef43bb98,0x00000000efb80000)
  to   space 25088K, 0% used [0x00000000ed080000,0x00000000ed080000,0x00000000ee900000)
 ParOldGen       total 88576K, used 60771K [0x00000000a0000000, 0x00000000a5680000, 0x00000000e0000000)
  object space 88576K, 68% used [0x00000000a0000000,0x00000000a3b58d90,0x00000000a5680000)
 Metaspace       used 71896K, capacity 74672K, committed 74776K, reserved 1114112K
  class space    used 9478K, capacity 10011K, committed 10032K, reserved 1048576K
}
Event: 21.727 GC heap before
{Heap before GC invocations=20 (full 3):
 PSYoungGen      total 232448K, used 225006K [0x00000000e0000000, 0x00000000f0700000, 0x0000000100000000)
  eden space 213504K, 100% used [0x00000000e0000000,0x00000000ed080000,0x00000000ed080000)
  from space 18944K, 60% used [0x00000000ee900000,0x00000000ef43bb98,0x00000000efb80000)
  to   space 25088K, 0% used [0x00000000ed080000,0x00000000ed080000,0x00000000ee900000)
 ParOldGen       total 88576K, used 60771K [0x00000000a0000000, 0x00000000a5680000, 0x00000000e0000000)
  object space 88576K, 68% used [0x00000000a0000000,0x00000000a3b58d90,0x00000000a5680000)
 Metaspace       used 71991K, capacity 74818K, committed 75032K, reserved 1114112K
  class space    used 9481K, capacity 10014K, committed 10032K, reserved 1048576K
Event: 21.764 GC heap after
Heap after GC invocations=20 (full 3):
 PSYoungGen      total 238592K, used 15628K [0x00000000e0000000, 0x00000000f0700000, 0x0000000100000000)
  eden space 213504K, 0% used [0x00000000e0000000,0x00000000e0000000,0x00000000ed080000)
  from space 25088K, 62% used [0x00000000ed080000,0x00000000edfc33e0,0x00000000ee900000)
  to   space 18944K, 0% used [0x00000000ee900000,0x00000000ee900000,0x00000000efb80000)
 ParOldGen       total 88576K, used 60779K [0x00000000a0000000, 0x00000000a5680000, 0x00000000e0000000)
  object space 88576K, 68% used [0x00000000a0000000,0x00000000a3b5ad90,0x00000000a5680000)
 Metaspace       used 71991K, capacity 74818K, committed 75032K, reserved 1114112K
  class space    used 9481K, capacity 10014K, committed 10032K, reserved 1048576K
}
Event: 24.321 GC heap before
{Heap before GC invocations=21 (full 3):
 PSYoungGen      total 238592K, used 229132K [0x00000000e0000000, 0x00000000f0700000, 0x0000000100000000)
  eden space 213504K, 100% used [0x00000000e0000000,0x00000000ed080000,0x00000000ed080000)
  from space 25088K, 62% used [0x00000000ed080000,0x00000000edfc33e0,0x00000000ee900000)
  to   space 18944K, 0% used [0x00000000ee900000,0x00000000ee900000,0x00000000efb80000)
 ParOldGen       total 88576K, used 60779K [0x00000000a0000000, 0x00000000a5680000, 0x00000000e0000000)
  object space 88576K, 68% used [0x00000000a0000000,0x00000000a3b5ad90,0x00000000a5680000)
 Metaspace       used 72220K, capacity 75040K, committed 75288K, reserved 1114112K
  class space    used 9488K, capacity 10017K, committed 10032K, reserved 1048576K
Event: 24.335 GC heap after
Heap after GC invocations=21 (full 3):
 PSYoungGen      total 232448K, used 6953K [0x00000000e0000000, 0x00000000f0700000, 0x0000000100000000)
  eden space 213504K, 0% used [0x00000000e0000000,0x00000000e0000000,0x00000000ed080000)
  from space 18944K, 36% used [0x00000000ee900000,0x00000000eefca550,0x00000000efb80000)
  to   space 25088K, 0% used [0x00000000ed080000,0x00000000ed080000,0x00000000ee900000)
 ParOldGen       total 88576K, used 60787K [0x00000000a0000000, 0x00000000a5680000, 0x00000000e0000000)
  object space 88576K, 68% used [0x00000000a0000000,0x00000000a3b5cd90,0x00000000a5680000)
 Metaspace       used 72220K, capacity 75040K, committed 75288K, reserved 1114112K
  class space    used 9488K, capacity 10017K, committed 10032K, reserved 1048576K
}

