# JRE version: OpenJDK Runtime Environment (8.0_152-b01) (build 1.8.0_152-release-1343-b01)
# Java VM: OpenJDK 64-Bit Server VM (25.152-b01 mixed mode windows-amd64 compressed oops)
Heap:
 PSYoungGen      total 197632K, used 113255K [0x00000000e0000000, 0x00000000ed180000, 0x0000000100000000)
  eden space 183296K, 53% used [0x00000000e0000000,0x00000000e609ae58,0x00000000eb300000)
  from space 14336K, 99% used [0x00000000eb300000,0x00000000ec0ff110,0x00000000ec100000)
  to   space 13312K, 0% used [0x00000000ec100000,0x00000000ec100000,0x00000000ece00000)
 ParOldGen       total 82944K, used 34809K [0x00000000a0000000, 0x00000000a5100000, 0x00000000e0000000)
  object space 82944K, 41% used [0x00000000a0000000,0x00000000a21fe668,0x00000000a5100000)
 Metaspace       used 70082K, capacity 72356K, committed 72600K, reserved 1112064K
  class space    used 9291K, capacity 9801K, committed 9888K, reserved 1048576K
GC Heap History (10 events):
Event: 11.897 GC heap before
{Heap before GC invocations=14 (full 2):
 PSYoungGen      total 150016K, used 2532K [0x00000000e0000000, 0x00000000ea600000, 0x0000000100000000)
  eden space 141312K, 0% used [0x00000000e0000000,0x00000000e0000000,0x00000000e8a00000)
  from space 8704K, 29% used [0x00000000e9280000,0x00000000e94f9038,0x00000000e9b00000)
  to   space 8704K, 0% used [0x00000000e8a00000,0x00000000e8a00000,0x00000000e9280000)
 ParOldGen       total 30720K, used 15119K [0x00000000a0000000, 0x00000000a1e00000, 0x00000000e0000000)
  object space 30720K, 49% used [0x00000000a0000000,0x00000000a0ec3db0,0x00000000a1e00000)
 Metaspace       used 34749K, capacity 35434K, committed 35496K, reserved 1079296K
  class space    used 4792K, capacity 4998K, committed 5040K, reserved 1048576K
Event: 11.986 GC heap after
Heap after GC invocations=14 (full 2):
 PSYoungGen      total 150016K, used 0K [0x00000000e0000000, 0x00000000ea600000, 0x0000000100000000)
  eden space 141312K, 0% used [0x00000000e0000000,0x00000000e0000000,0x00000000e8a00000)
  from space 8704K, 0% used [0x00000000e9280000,0x00000000e9280000,0x00000000e9b00000)
  to   space 8704K, 0% used [0x00000000e8a00000,0x00000000e8a00000,0x00000000e9280000)
 ParOldGen       total 49152K, used 15728K [0x00000000a0000000, 0x00000000a3000000, 0x00000000e0000000)
  object space 49152K, 31% used [0x00000000a0000000,0x00000000a0f5c270,0x00000000a3000000)
 Metaspace       used 34743K, capacity 35416K, committed 35496K, reserved 1079296K
  class space    used 4791K, capacity 4995K, committed 5040K, reserved 1048576K
}
Event: 14.130 GC heap before
{Heap before GC invocations=15 (full 2):
 PSYoungGen      total 150016K, used 141312K [0x00000000e0000000, 0x00000000ea600000, 0x0000000100000000)
  eden space 141312K, 100% used [0x00000000e0000000,0x00000000e8a00000,0x00000000e8a00000)
  from space 8704K, 0% used [0x00000000e9280000,0x00000000e9280000,0x00000000e9b00000)
  to   space 8704K, 0% used [0x00000000e8a00000,0x00000000e8a00000,0x00000000e9280000)
 ParOldGen       total 49152K, used 15728K [0x00000000a0000000, 0x00000000a3000000, 0x00000000e0000000)
  object space 49152K, 31% used [0x00000000a0000000,0x00000000a0f5c270,0x00000000a3000000)
 Metaspace       used 49924K, capacity 50998K, committed 51112K, reserved 1093632K
  class space    used 6714K, capacity 7010K, committed 7088K, reserved 1048576K
Event: 14.157 GC heap after
Heap after GC invocations=15 (full 2):
 PSYoungGen      total 150016K, used 8684K [0x00000000e0000000, 0x00000000ece00000, 0x0000000100000000)
  eden space 141312K, 0% used [0x00000000e0000000,0x00000000e0000000,0x00000000e8a00000)
  from space 8704K, 99% used [0x00000000e8a00000,0x00000000e927b318,0x00000000e9280000)
  to   space 13312K, 0% used [0x00000000ec100000,0x00000000ec100000,0x00000000ece00000)
 ParOldGen       total 49152K, used 24481K [0x00000000a0000000, 0x00000000a3000000, 0x00000000e0000000)
  object space 49152K, 49% used [0x00000000a0000000,0x00000000a17e8560,0x00000000a3000000)
 Metaspace       used 49924K, capacity 50998K, committed 51112K, reserved 1093632K
  class space    used 6714K, capacity 7010K, committed 7088K, reserved 1048576K
}
Event: 15.738 GC heap before
{Heap before GC invocations=16 (full 2):
 PSYoungGen      total 150016K, used 115186K [0x00000000e0000000, 0x00000000ece00000, 0x0000000100000000)
  eden space 141312K, 75% used [0x00000000e0000000,0x00000000e68018a0,0x00000000e8a00000)
  from space 8704K, 99% used [0x00000000e8a00000,0x00000000e927b318,0x00000000e9280000)
  to   space 13312K, 0% used [0x00000000ec100000,0x00000000ec100000,0x00000000ece00000)
 ParOldGen       total 49152K, used 24481K [0x00000000a0000000, 0x00000000a3000000, 0x00000000e0000000)
  object space 49152K, 49% used [0x00000000a0000000,0x00000000a17e8560,0x00000000a3000000)
 Metaspace       used 57581K, capacity 59076K, committed 59160K, reserved 1099776K
  class space    used 7786K, capacity 8181K, committed 8224K, reserved 1048576K
Event: 15.779 GC heap after
Heap after GC invocations=16 (full 2):
 PSYoungGen      total 196608K, used 11606K [0x00000000e0000000, 0x00000000ed180000, 0x0000000100000000)
  eden space 183296K, 0% used [0x00000000e0000000,0x00000000e0000000,0x00000000eb300000)
  from space 13312K, 87% used [0x00000000ec100000,0x00000000ecc558a8,0x00000000ece00000)
  to   space 14336K, 0% used [0x00000000eb300000,0x00000000eb300000,0x00000000ec100000)
 ParOldGen       total 49152K, used 32887K [0x00000000a0000000, 0x00000000a3000000, 0x00000000e0000000)
  object space 49152K, 66% used [0x00000000a0000000,0x00000000a201de40,0x00000000a3000000)
 Metaspace       used 57581K, capacity 59076K, committed 59160K, reserved 1099776K
  class space    used 7786K, capacity 8181K, committed 8224K, reserved 1048576K
}
Event: 15.779 GC heap before
{Heap before GC invocations=17 (full 3):
 PSYoungGen      total 196608K, used 11606K [0x00000000e0000000, 0x00000000ed180000, 0x0000000100000000)
  eden space 183296K, 0% used [0x00000000e0000000,0x00000000e0000000,0x00000000eb300000)
  from space 13312K, 87% used [0x00000000ec100000,0x00000000ecc558a8,0x00000000ece00000)
  to   space 14336K, 0% used [0x00000000eb300000,0x00000000eb300000,0x00000000ec100000)
 ParOldGen       total 49152K, used 32887K [0x00000000a0000000, 0x00000000a3000000, 0x00000000e0000000)
  object space 49152K, 66% used [0x00000000a0000000,0x00000000a201de40,0x00000000a3000000)
 Metaspace       used 57581K, capacity 59076K, committed 59160K, reserved 1099776K
  class space    used 7786K, capacity 8181K, committed 8224K, reserved 1048576K
Event: 16.047 GC heap after
Heap after GC invocations=17 (full 3):
 PSYoungGen      total 196608K, used 0K [0x00000000e0000000, 0x00000000ed180000, 0x0000000100000000)
  eden space 183296K, 0% used [0x00000000e0000000,0x00000000e0000000,0x00000000eb300000)
  from space 13312K, 0% used [0x00000000ec100000,0x00000000ec100000,0x00000000ece00000)
  to   space 14336K, 0% used [0x00000000eb300000,0x00000000eb300000,0x00000000ec100000)
 ParOldGen       total 82944K, used 33593K [0x00000000a0000000, 0x00000000a5100000, 0x00000000e0000000)
  object space 82944K, 40% used [0x00000000a0000000,0x00000000a20ce628,0x00000000a5100000)
 Metaspace       used 57581K, capacity 59076K, committed 59160K, reserved 1099776K
  class space    used 7786K, capacity 8181K, committed 8224K, reserved 1048576K
}
Event: 42.762 GC heap before
{Heap before GC invocations=18 (full 3):
 PSYoungGen      total 196608K, used 183296K [0x00000000e0000000, 0x00000000ed180000, 0x0000000100000000)
  eden space 183296K, 100% used [0x00000000e0000000,0x00000000eb300000,0x00000000eb300000)
  from space 13312K, 0% used [0x00000000ec100000,0x00000000ec100000,0x00000000ece00000)
  to   space 14336K, 0% used [0x00000000eb300000,0x00000000eb300000,0x00000000ec100000)
 ParOldGen       total 82944K, used 33593K [0x00000000a0000000, 0x00000000a5100000, 0x00000000e0000000)
  object space 82944K, 40% used [0x00000000a0000000,0x00000000a20ce628,0x00000000a5100000)
 Metaspace       used 63751K, capacity 65684K, committed 65944K, reserved 1105920K
  class space    used 8547K, capacity 8993K, committed 9120K, reserved 1048576K
Event: 42.820 GC heap after
Heap after GC invocations=18 (full 3):
 PSYoungGen      total 197632K, used 14332K [0x00000000e0000000, 0x00000000ed180000, 0x0000000100000000)
  eden space 183296K, 0% used [0x00000000e0000000,0x00000000e0000000,0x00000000eb300000)
  from space 14336K, 99% used [0x00000000eb300000,0x00000000ec0ff110,0x00000000ec100000)
  to   space 13312K, 0% used [0x00000000ec100000,0x00000000ec100000,0x00000000ece00000)
 ParOldGen       total 82944K, used 34809K [0x00000000a0000000, 0x00000000a5100000, 0x00000000e0000000)
  object space 82944K, 41% used [0x00000000a0000000,0x00000000a21fe668,0x00000000a5100000)
 Metaspace       used 63751K, capacity 65684K, committed 65944K, reserved 1105920K
  class space    used 8547K, capacity 8993K, committed 9120K, reserved 1048576K
}

