# JRE version: OpenJDK Runtime Environment (8.0_152-b01) (build 1.8.0_152-release-1343-b01)
# Java VM: OpenJDK 64-Bit Server VM (25.152-b01 mixed mode windows-amd64 compressed oops)
Heap:
 PSYoungGen      total 283648K, used 202088K [0x00000000e0000000, 0x00000000f6200000, 0x0000000100000000)
  eden space 214528K, 73% used [0x00000000e0000000,0x00000000e9969950,0x00000000ed180000)
  from space 69120K, 65% used [0x00000000f1e80000,0x00000000f4a70938,0x00000000f6200000)
  to   space 63488K, 0% used [0x00000000ed180000,0x00000000ed180000,0x00000000f0f80000)
 ParOldGen       total 130560K, used 88515K [0x00000000a0000000, 0x00000000a7f80000, 0x00000000e0000000)
  object space 130560K, 67% used [0x00000000a0000000,0x00000000a5670e30,0x00000000a7f80000)
 Metaspace       used 92148K, capacity 96674K, committed 96920K, reserved 1134592K
  class space    used 11516K, capacity 12400K, committed 12440K, reserved 1048576K
GC Heap History (10 events):
Event: 1563.450 GC heap before
{Heap before GC invocations=30 (full 4):
 PSYoungGen      total 247296K, used 247270K [0x00000000e0000000, 0x00000000f3300000, 0x0000000100000000)
  eden space 214528K, 100% used [0x00000000e0000000,0x00000000ed180000,0x00000000ed180000)
  from space 32768K, 99% used [0x00000000ed180000,0x00000000ef179aa0,0x00000000ef180000)
  to   space 45056K, 0% used [0x00000000f0700000,0x00000000f0700000,0x00000000f3300000)
 ParOldGen       total 130560K, used 67382K [0x00000000a0000000, 0x00000000a7f80000, 0x00000000e0000000)
  object space 130560K, 51% used [0x00000000a0000000,0x00000000a41cda70,0x00000000a7f80000)
 Metaspace       used 80391K, capacity 83790K, committed 83992K, reserved 1122304K
  class space    used 10207K, capacity 10910K, committed 11032K, reserved 1048576K
Event: 1563.508 GC heap after
Heap after GC invocations=30 (full 4):
 PSYoungGen      total 260608K, used 45049K [0x00000000e0000000, 0x00000000f4200000, 0x0000000100000000)
  eden space 215552K, 0% used [0x00000000e0000000,0x00000000e0000000,0x00000000ed280000)
  from space 45056K, 99% used [0x00000000f0700000,0x00000000f32fe698,0x00000000f3300000)
  to   space 53760K, 0% used [0x00000000ed280000,0x00000000ed280000,0x00000000f0700000)
 ParOldGen       total 130560K, used 69780K [0x00000000a0000000, 0x00000000a7f80000, 0x00000000e0000000)
  object space 130560K, 53% used [0x00000000a0000000,0x00000000a4425398,0x00000000a7f80000)
 Metaspace       used 80391K, capacity 83790K, committed 83992K, reserved 1122304K
  class space    used 10207K, capacity 10910K, committed 11032K, reserved 1048576K
}
Event: 1644.309 GC heap before
{Heap before GC invocations=31 (full 4):
 PSYoungGen      total 260608K, used 260601K [0x00000000e0000000, 0x00000000f4200000, 0x0000000100000000)
  eden space 215552K, 100% used [0x00000000e0000000,0x00000000ed280000,0x00000000ed280000)
  from space 45056K, 99% used [0x00000000f0700000,0x00000000f32fe698,0x00000000f3300000)
  to   space 53760K, 0% used [0x00000000ed280000,0x00000000ed280000,0x00000000f0700000)
 ParOldGen       total 130560K, used 69780K [0x00000000a0000000, 0x00000000a7f80000, 0x00000000e0000000)
  object space 130560K, 53% used [0x00000000a0000000,0x00000000a4425398,0x00000000a7f80000)
 Metaspace       used 80628K, capacity 84072K, committed 84248K, reserved 1122304K
  class space    used 10227K, capacity 10925K, committed 11032K, reserved 1048576K
Event: 1644.399 GC heap after
Heap after GC invocations=31 (full 4):
 PSYoungGen      total 269312K, used 32832K [0x00000000e0000000, 0x00000000f4580000, 0x0000000100000000)
  eden space 215552K, 0% used [0x00000000e0000000,0x00000000e0000000,0x00000000ed280000)
  from space 53760K, 61% used [0x00000000ed280000,0x00000000ef290298,0x00000000f0700000)
  to   space 55296K, 0% used [0x00000000f0f80000,0x00000000f0f80000,0x00000000f4580000)
 ParOldGen       total 130560K, used 88491K [0x00000000a0000000, 0x00000000a7f80000, 0x00000000e0000000)
  object space 130560K, 67% used [0x00000000a0000000,0x00000000a566ae30,0x00000000a7f80000)
 Metaspace       used 80628K, capacity 84072K, committed 84248K, reserved 1122304K
  class space    used 10227K, capacity 10925K, committed 11032K, reserved 1048576K
}
Event: 1660.875 GC heap before
{Heap before GC invocations=32 (full 4):
 PSYoungGen      total 269312K, used 248384K [0x00000000e0000000, 0x00000000f4580000, 0x0000000100000000)
  eden space 215552K, 100% used [0x00000000e0000000,0x00000000ed280000,0x00000000ed280000)
  from space 53760K, 61% used [0x00000000ed280000,0x00000000ef290298,0x00000000f0700000)
  to   space 55296K, 0% used [0x00000000f0f80000,0x00000000f0f80000,0x00000000f4580000)
 ParOldGen       total 130560K, used 88491K [0x00000000a0000000, 0x00000000a7f80000, 0x00000000e0000000)
  object space 130560K, 67% used [0x00000000a0000000,0x00000000a566ae30,0x00000000a7f80000)
 Metaspace       used 80702K, capacity 84072K, committed 84248K, reserved 1122304K
  class space    used 10227K, capacity 10925K, committed 11032K, reserved 1048576K
Event: 1660.928 GC heap after
Heap after GC invocations=32 (full 4):
 PSYoungGen      total 269824K, used 51792K [0x00000000e0000000, 0x00000000f5600000, 0x0000000100000000)
  eden space 214528K, 0% used [0x00000000e0000000,0x00000000e0000000,0x00000000ed180000)
  from space 55296K, 93% used [0x00000000f0f80000,0x00000000f4214030,0x00000000f4580000)
  to   space 63488K, 0% used [0x00000000ed180000,0x00000000ed180000,0x00000000f0f80000)
 ParOldGen       total 130560K, used 88499K [0x00000000a0000000, 0x00000000a7f80000, 0x00000000e0000000)
  object space 130560K, 67% used [0x00000000a0000000,0x00000000a566ce30,0x00000000a7f80000)
 Metaspace       used 80702K, capacity 84072K, committed 84248K, reserved 1122304K
  class space    used 10227K, capacity 10925K, committed 11032K, reserved 1048576K
}
Event: 1671.417 GC heap before
{Heap before GC invocations=33 (full 4):
 PSYoungGen      total 269824K, used 266320K [0x00000000e0000000, 0x00000000f5600000, 0x0000000100000000)
  eden space 214528K, 100% used [0x00000000e0000000,0x00000000ed180000,0x00000000ed180000)
  from space 55296K, 93% used [0x00000000f0f80000,0x00000000f4214030,0x00000000f4580000)
  to   space 63488K, 0% used [0x00000000ed180000,0x00000000ed180000,0x00000000f0f80000)
 ParOldGen       total 130560K, used 88499K [0x00000000a0000000, 0x00000000a7f80000, 0x00000000e0000000)
  object space 130560K, 67% used [0x00000000a0000000,0x00000000a566ce30,0x00000000a7f80000)
 Metaspace       used 89064K, capacity 93106K, committed 93208K, reserved 1130496K
  class space    used 11194K, capacity 12040K, committed 12056K, reserved 1048576K
Event: 1671.467 GC heap after
Heap after GC invocations=33 (full 4):
 PSYoungGen      total 278016K, used 49778K [0x00000000e0000000, 0x00000000f6200000, 0x0000000100000000)
  eden space 214528K, 0% used [0x00000000e0000000,0x00000000e0000000,0x00000000ed180000)
  from space 63488K, 78% used [0x00000000ed180000,0x00000000f021ca40,0x00000000f0f80000)
  to   space 69120K, 0% used [0x00000000f1e80000,0x00000000f1e80000,0x00000000f6200000)
 ParOldGen       total 130560K, used 88507K [0x00000000a0000000, 0x00000000a7f80000, 0x00000000e0000000)
  object space 130560K, 67% used [0x00000000a0000000,0x00000000a566ee30,0x00000000a7f80000)
 Metaspace       used 89064K, capacity 93106K, committed 93208K, reserved 1130496K
  class space    used 11194K, capacity 12040K, committed 12056K, reserved 1048576K
}
Event: 1673.439 GC heap before
{Heap before GC invocations=34 (full 4):
 PSYoungGen      total 278016K, used 264306K [0x00000000e0000000, 0x00000000f6200000, 0x0000000100000000)
  eden space 214528K, 100% used [0x00000000e0000000,0x00000000ed180000,0x00000000ed180000)
  from space 63488K, 78% used [0x00000000ed180000,0x00000000f021ca40,0x00000000f0f80000)
  to   space 69120K, 0% used [0x00000000f1e80000,0x00000000f1e80000,0x00000000f6200000)
 ParOldGen       total 130560K, used 88507K [0x00000000a0000000, 0x00000000a7f80000, 0x00000000e0000000)
  object space 130560K, 67% used [0x00000000a0000000,0x00000000a566ee30,0x00000000a7f80000)
 Metaspace       used 91067K, capacity 95598K, committed 95768K, reserved 1132544K
  class space    used 11379K, capacity 12252K, committed 12312K, reserved 1048576K
Event: 1673.498 GC heap after
Heap after GC invocations=34 (full 4):
 PSYoungGen      total 283648K, used 44994K [0x00000000e0000000, 0x00000000f6200000, 0x0000000100000000)
  eden space 214528K, 0% used [0x00000000e0000000,0x00000000e0000000,0x00000000ed180000)
  from space 69120K, 65% used [0x00000000f1e80000,0x00000000f4a70938,0x00000000f6200000)
  to   space 63488K, 0% used [0x00000000ed180000,0x00000000ed180000,0x00000000f0f80000)
 ParOldGen       total 130560K, used 88515K [0x00000000a0000000, 0x00000000a7f80000, 0x00000000e0000000)
  object space 130560K, 67% used [0x00000000a0000000,0x00000000a5670e30,0x00000000a7f80000)
 Metaspace       used 91067K, capacity 95598K, committed 95768K, reserved 1132544K
  class space    used 11379K, capacity 12252K, committed 12312K, reserved 1048576K
}

