# JRE version: OpenJDK Runtime Environment (8.0_152-b01) (build 1.8.0_152-release-1343-b01)
# Java VM: OpenJDK 64-Bit Server VM (25.152-b01 mixed mode windows-amd64 compressed oops)
Heap:
 PSYoungGen      total 186880K, used 135598K [0x00000000e0000000, 0x00000000ee800000, 0x0000000100000000)
  eden space 172032K, 70% used [0x00000000e0000000,0x00000000e75ee9d0,0x00000000ea800000)
  from space 14848K, 99% used [0x00000000ea800000,0x00000000eb67cef0,0x00000000eb680000)
  to   space 16896K, 0% used [0x00000000ed780000,0x00000000ed780000,0x00000000ee800000)
 ParOldGen       total 84992K, used 34830K [0x00000000a0000000, 0x00000000a5300000, 0x00000000e0000000)
  object space 84992K, 40% used [0x00000000a0000000,0x00000000a2203af0,0x00000000a5300000)
 Metaspace       used 67008K, capacity 68902K, committed 69016K, reserved 1110016K
  class space    used 8919K, capacity 9358K, committed 9392K, reserved 1048576K
GC Heap History (10 events):
Event: 6.774 GC heap before
{Heap before GC invocations=14 (full 2):
 PSYoungGen      total 141312K, used 2886K [0x00000000e0000000, 0x00000000ea000000, 0x0000000100000000)
  eden space 132608K, 0% used [0x00000000e0000000,0x00000000e0000000,0x00000000e8180000)
  from space 8704K, 33% used [0x00000000e8a00000,0x00000000e8cd1860,0x00000000e9280000)
  to   space 8704K, 0% used [0x00000000e8180000,0x00000000e8180000,0x00000000e8a00000)
 ParOldGen       total 31744K, used 15132K [0x00000000a0000000, 0x00000000a1f00000, 0x00000000e0000000)
  object space 31744K, 47% used [0x00000000a0000000,0x00000000a0ec7380,0x00000000a1f00000)
 Metaspace       used 34770K, capacity 35424K, committed 35496K, reserved 1079296K
  class space    used 4792K, capacity 4995K, committed 5040K, reserved 1048576K
Event: 6.845 GC heap after
Heap after GC invocations=14 (full 2):
 PSYoungGen      total 141312K, used 0K [0x00000000e0000000, 0x00000000ea000000, 0x0000000100000000)
  eden space 132608K, 0% used [0x00000000e0000000,0x00000000e0000000,0x00000000e8180000)
  from space 8704K, 0% used [0x00000000e8a00000,0x00000000e8a00000,0x00000000e9280000)
  to   space 8704K, 0% used [0x00000000e8180000,0x00000000e8180000,0x00000000e8a00000)
 ParOldGen       total 50176K, used 15991K [0x00000000a0000000, 0x00000000a3100000, 0x00000000e0000000)
  object space 50176K, 31% used [0x00000000a0000000,0x00000000a0f9dd78,0x00000000a3100000)
 Metaspace       used 34770K, capacity 35424K, committed 35496K, reserved 1079296K
  class space    used 4792K, capacity 4995K, committed 5040K, reserved 1048576K
}
Event: 8.658 GC heap before
{Heap before GC invocations=15 (full 2):
 PSYoungGen      total 141312K, used 132608K [0x00000000e0000000, 0x00000000ea000000, 0x0000000100000000)
  eden space 132608K, 100% used [0x00000000e0000000,0x00000000e8180000,0x00000000e8180000)
  from space 8704K, 0% used [0x00000000e8a00000,0x00000000e8a00000,0x00000000e9280000)
  to   space 8704K, 0% used [0x00000000e8180000,0x00000000e8180000,0x00000000e8a00000)
 ParOldGen       total 50176K, used 15991K [0x00000000a0000000, 0x00000000a3100000, 0x00000000e0000000)
  object space 50176K, 31% used [0x00000000a0000000,0x00000000a0f9dd78,0x00000000a3100000)
 Metaspace       used 46957K, capacity 47996K, committed 48168K, reserved 1091584K
  class space    used 6375K, capacity 6651K, committed 6704K, reserved 1048576K
Event: 8.677 GC heap after
Heap after GC invocations=15 (full 2):
 PSYoungGen      total 141312K, used 8672K [0x00000000e0000000, 0x00000000ec300000, 0x0000000100000000)
  eden space 132608K, 0% used [0x00000000e0000000,0x00000000e0000000,0x00000000e8180000)
  from space 8704K, 99% used [0x00000000e8180000,0x00000000e89f80d0,0x00000000e8a00000)
  to   space 12800K, 0% used [0x00000000eb680000,0x00000000eb680000,0x00000000ec300000)
 ParOldGen       total 50176K, used 23840K [0x00000000a0000000, 0x00000000a3100000, 0x00000000e0000000)
  object space 50176K, 47% used [0x00000000a0000000,0x00000000a17482f8,0x00000000a3100000)
 Metaspace       used 46957K, capacity 47996K, committed 48168K, reserved 1091584K
  class space    used 6375K, capacity 6651K, committed 6704K, reserved 1048576K
}
Event: 10.368 GC heap before
{Heap before GC invocations=16 (full 2):
 PSYoungGen      total 141312K, used 136458K [0x00000000e0000000, 0x00000000ec300000, 0x0000000100000000)
  eden space 132608K, 96% used [0x00000000e0000000,0x00000000e7ccaab8,0x00000000e8180000)
  from space 8704K, 99% used [0x00000000e8180000,0x00000000e89f80d0,0x00000000e8a00000)
  to   space 12800K, 0% used [0x00000000eb680000,0x00000000eb680000,0x00000000ec300000)
 ParOldGen       total 50176K, used 23840K [0x00000000a0000000, 0x00000000a3100000, 0x00000000e0000000)
  object space 50176K, 47% used [0x00000000a0000000,0x00000000a17482f8,0x00000000a3100000)
 Metaspace       used 57517K, capacity 59016K, committed 59160K, reserved 1099776K
  class space    used 7756K, capacity 8125K, committed 8240K, reserved 1048576K
Event: 10.391 GC heap after
Heap after GC invocations=16 (full 2):
 PSYoungGen      total 184832K, used 12581K [0x00000000e0000000, 0x00000000ec580000, 0x0000000100000000)
  eden space 172032K, 0% used [0x00000000e0000000,0x00000000e0000000,0x00000000ea800000)
  from space 12800K, 98% used [0x00000000eb680000,0x00000000ec2c9458,0x00000000ec300000)
  to   space 14848K, 0% used [0x00000000ea800000,0x00000000ea800000,0x00000000eb680000)
 ParOldGen       total 50176K, used 31754K [0x00000000a0000000, 0x00000000a3100000, 0x00000000e0000000)
  object space 50176K, 63% used [0x00000000a0000000,0x00000000a1f02b90,0x00000000a3100000)
 Metaspace       used 57517K, capacity 59016K, committed 59160K, reserved 1099776K
  class space    used 7756K, capacity 8125K, committed 8240K, reserved 1048576K
}
Event: 10.391 GC heap before
{Heap before GC invocations=17 (full 3):
 PSYoungGen      total 184832K, used 12581K [0x00000000e0000000, 0x00000000ec580000, 0x0000000100000000)
  eden space 172032K, 0% used [0x00000000e0000000,0x00000000e0000000,0x00000000ea800000)
  from space 12800K, 98% used [0x00000000eb680000,0x00000000ec2c9458,0x00000000ec300000)
  to   space 14848K, 0% used [0x00000000ea800000,0x00000000ea800000,0x00000000eb680000)
 ParOldGen       total 50176K, used 31754K [0x00000000a0000000, 0x00000000a3100000, 0x00000000e0000000)
  object space 50176K, 63% used [0x00000000a0000000,0x00000000a1f02b90,0x00000000a3100000)
 Metaspace       used 57517K, capacity 59016K, committed 59160K, reserved 1099776K
  class space    used 7756K, capacity 8125K, committed 8240K, reserved 1048576K
Event: 10.650 GC heap after
Heap after GC invocations=17 (full 3):
 PSYoungGen      total 184832K, used 0K [0x00000000e0000000, 0x00000000ec580000, 0x0000000100000000)
  eden space 172032K, 0% used [0x00000000e0000000,0x00000000e0000000,0x00000000ea800000)
  from space 12800K, 0% used [0x00000000eb680000,0x00000000eb680000,0x00000000ec300000)
  to   space 14848K, 0% used [0x00000000ea800000,0x00000000ea800000,0x00000000eb680000)
 ParOldGen       total 84992K, used 34304K [0x00000000a0000000, 0x00000000a5300000, 0x00000000e0000000)
  object space 84992K, 40% used [0x00000000a0000000,0x00000000a21800f0,0x00000000a5300000)
 Metaspace       used 57517K, capacity 59016K, committed 59160K, reserved 1099776K
  class space    used 7756K, capacity 8125K, committed 8240K, reserved 1048576K
}
Event: 13.400 GC heap before
{Heap before GC invocations=18 (full 3):
 PSYoungGen      total 184832K, used 172032K [0x00000000e0000000, 0x00000000ec580000, 0x0000000100000000)
  eden space 172032K, 100% used [0x00000000e0000000,0x00000000ea800000,0x00000000ea800000)
  from space 12800K, 0% used [0x00000000eb680000,0x00000000eb680000,0x00000000ec300000)
  to   space 14848K, 0% used [0x00000000ea800000,0x00000000ea800000,0x00000000eb680000)
 ParOldGen       total 84992K, used 34304K [0x00000000a0000000, 0x00000000a5300000, 0x00000000e0000000)
  object space 84992K, 40% used [0x00000000a0000000,0x00000000a21800f0,0x00000000a5300000)
 Metaspace       used 61522K, capacity 63490K, committed 63512K, reserved 1103872K
  class space    used 8301K, capacity 8746K, committed 8752K, reserved 1048576K
Event: 13.420 GC heap after
Heap after GC invocations=18 (full 3):
 PSYoungGen      total 186880K, used 14835K [0x00000000e0000000, 0x00000000ee800000, 0x0000000100000000)
  eden space 172032K, 0% used [0x00000000e0000000,0x00000000e0000000,0x00000000ea800000)
  from space 14848K, 99% used [0x00000000ea800000,0x00000000eb67cef0,0x00000000eb680000)
  to   space 16896K, 0% used [0x00000000ed780000,0x00000000ed780000,0x00000000ee800000)
 ParOldGen       total 84992K, used 34830K [0x00000000a0000000, 0x00000000a5300000, 0x00000000e0000000)
  object space 84992K, 40% used [0x00000000a0000000,0x00000000a2203af0,0x00000000a5300000)
 Metaspace       used 61522K, capacity 63490K, committed 63512K, reserved 1103872K
  class space    used 8301K, capacity 8746K, committed 8752K, reserved 1048576K
}

