# JRE version: OpenJDK Runtime Environment (8.0_152-b01) (build 1.8.0_152-release-1343-b01)
# Java VM: OpenJDK 64-Bit Server VM (25.152-b01 mixed mode windows-amd64 compressed oops)
Heap:
 PSYoungGen      total 184832K, used 19359K [0x00000000e0000000, 0x00000000eeb80000, 0x0000000100000000)
  eden space 170496K, 2% used [0x00000000e0000000,0x00000000e04e8070,0x00000000ea680000)
  from space 14336K, 99% used [0x00000000ea680000,0x00000000eb47fdb8,0x00000000eb480000)
  to   space 26624K, 0% used [0x00000000ed180000,0x00000000ed180000,0x00000000eeb80000)
 ParOldGen       total 87552K, used 57177K [0x00000000a0000000, 0x00000000a5580000, 0x00000000e0000000)
  object space 87552K, 65% used [0x00000000a0000000,0x00000000a37d6758,0x00000000a5580000)
 Metaspace       used 67327K, capacity 69200K, committed 69272K, reserved 1110016K
  class space    used 8915K, capacity 9329K, committed 9392K, reserved 1048576K
GC Heap History (10 events):
Event: 23.122 GC heap before
{Heap before GC invocations=16 (full 2):
 PSYoungGen      total 123392K, used 123374K [0x00000000e0000000, 0x00000000ea400000, 0x0000000100000000)
  eden space 114688K, 100% used [0x00000000e0000000,0x00000000e7000000,0x00000000e7000000)
  from space 8704K, 99% used [0x00000000e7000000,0x00000000e787baa0,0x00000000e7880000)
  to   space 11776K, 0% used [0x00000000e9880000,0x00000000e9880000,0x00000000ea400000)
 ParOldGen       total 56320K, used 22266K [0x00000000a0000000, 0x00000000a3700000, 0x00000000e0000000)
  object space 56320K, 39% used [0x00000000a0000000,0x00000000a15bebd8,0x00000000a3700000)
 Metaspace       used 54854K, capacity 56248K, committed 56360K, reserved 1097728K
  class space    used 7345K, capacity 7697K, committed 7728K, reserved 1048576K
Event: 23.139 GC heap after
Heap after GC invocations=16 (full 2):
 PSYoungGen      total 152064K, used 10531K [0x00000000e0000000, 0x00000000ea380000, 0x0000000100000000)
  eden space 140800K, 0% used [0x00000000e0000000,0x00000000e0000000,0x00000000e8980000)
  from space 11264K, 93% used [0x00000000e9880000,0x00000000ea2c8d20,0x00000000ea380000)
  to   space 13312K, 0% used [0x00000000e8980000,0x00000000e8980000,0x00000000e9680000)
 ParOldGen       total 56320K, used 29693K [0x00000000a0000000, 0x00000000a3700000, 0x00000000e0000000)
  object space 56320K, 52% used [0x00000000a0000000,0x00000000a1cff470,0x00000000a3700000)
 Metaspace       used 54854K, capacity 56248K, committed 56360K, reserved 1097728K
  class space    used 7345K, capacity 7697K, committed 7728K, reserved 1048576K
}
Event: 23.992 GC heap before
{Heap before GC invocations=17 (full 2):
 PSYoungGen      total 152064K, used 42577K [0x00000000e0000000, 0x00000000ea380000, 0x0000000100000000)
  eden space 140800K, 22% used [0x00000000e0000000,0x00000000e1f4b898,0x00000000e8980000)
  from space 11264K, 93% used [0x00000000e9880000,0x00000000ea2c8d20,0x00000000ea380000)
  to   space 13312K, 0% used [0x00000000e8980000,0x00000000e8980000,0x00000000e9680000)
 ParOldGen       total 56320K, used 29693K [0x00000000a0000000, 0x00000000a3700000, 0x00000000e0000000)
  object space 56320K, 52% used [0x00000000a0000000,0x00000000a1cff470,0x00000000a3700000)
 Metaspace       used 57501K, capacity 59002K, committed 59160K, reserved 1099776K
  class space    used 7748K, capacity 8122K, committed 8240K, reserved 1048576K
Event: 24.004 GC heap after
Heap after GC invocations=17 (full 2):
 PSYoungGen      total 154112K, used 7190K [0x00000000e0000000, 0x00000000ec300000, 0x0000000100000000)
  eden space 140800K, 0% used [0x00000000e0000000,0x00000000e0000000,0x00000000e8980000)
  from space 13312K, 54% used [0x00000000e8980000,0x00000000e9085b60,0x00000000e9680000)
  to   space 12800K, 0% used [0x00000000eb680000,0x00000000eb680000,0x00000000ec300000)
 ParOldGen       total 56320K, used 29701K [0x00000000a0000000, 0x00000000a3700000, 0x00000000e0000000)
  object space 56320K, 52% used [0x00000000a0000000,0x00000000a1d01470,0x00000000a3700000)
 Metaspace       used 57501K, capacity 59002K, committed 59160K, reserved 1099776K
  class space    used 7748K, capacity 8122K, committed 8240K, reserved 1048576K
}
Event: 24.004 GC heap before
{Heap before GC invocations=18 (full 3):
 PSYoungGen      total 154112K, used 7190K [0x00000000e0000000, 0x00000000ec300000, 0x0000000100000000)
  eden space 140800K, 0% used [0x00000000e0000000,0x00000000e0000000,0x00000000e8980000)
  from space 13312K, 54% used [0x00000000e8980000,0x00000000e9085b60,0x00000000e9680000)
  to   space 12800K, 0% used [0x00000000eb680000,0x00000000eb680000,0x00000000ec300000)
 ParOldGen       total 56320K, used 29701K [0x00000000a0000000, 0x00000000a3700000, 0x00000000e0000000)
  object space 56320K, 52% used [0x00000000a0000000,0x00000000a1d01470,0x00000000a3700000)
 Metaspace       used 57501K, capacity 59002K, committed 59160K, reserved 1099776K
  class space    used 7748K, capacity 8122K, committed 8240K, reserved 1048576K
Event: 24.246 GC heap after
Heap after GC invocations=18 (full 3):
 PSYoungGen      total 154112K, used 0K [0x00000000e0000000, 0x00000000ec300000, 0x0000000100000000)
  eden space 140800K, 0% used [0x00000000e0000000,0x00000000e0000000,0x00000000e8980000)
  from space 13312K, 0% used [0x00000000e8980000,0x00000000e8980000,0x00000000e9680000)
  to   space 12800K, 0% used [0x00000000eb680000,0x00000000eb680000,0x00000000ec300000)
 ParOldGen       total 87552K, used 28882K [0x00000000a0000000, 0x00000000a5580000, 0x00000000e0000000)
  object space 87552K, 32% used [0x00000000a0000000,0x00000000a1c34b28,0x00000000a5580000)
 Metaspace       used 57501K, capacity 59002K, committed 59160K, reserved 1099776K
  class space    used 7748K, capacity 8122K, committed 8240K, reserved 1048576K
}
Event: 29.882 GC heap before
{Heap before GC invocations=19 (full 3):
 PSYoungGen      total 154112K, used 140800K [0x00000000e0000000, 0x00000000ec300000, 0x0000000100000000)
  eden space 140800K, 100% used [0x00000000e0000000,0x00000000e8980000,0x00000000e8980000)
  from space 13312K, 0% used [0x00000000e8980000,0x00000000e8980000,0x00000000e9680000)
  to   space 12800K, 0% used [0x00000000eb680000,0x00000000eb680000,0x00000000ec300000)
 ParOldGen       total 87552K, used 28882K [0x00000000a0000000, 0x00000000a5580000, 0x00000000e0000000)
  object space 87552K, 32% used [0x00000000a0000000,0x00000000a1c34b28,0x00000000a5580000)
 Metaspace       used 61452K, capacity 63432K, committed 63512K, reserved 1103872K
  class space    used 8284K, capacity 8709K, committed 8752K, reserved 1048576K
Event: 29.901 GC heap after
Heap after GC invocations=19 (full 3):
 PSYoungGen      total 179712K, used 12175K [0x00000000e0000000, 0x00000000ec280000, 0x0000000100000000)
  eden space 167424K, 0% used [0x00000000e0000000,0x00000000e0000000,0x00000000ea380000)
  from space 12288K, 99% used [0x00000000eb680000,0x00000000ec263fa0,0x00000000ec280000)
  to   space 14336K, 0% used [0x00000000ea680000,0x00000000ea680000,0x00000000eb480000)
 ParOldGen       total 87552K, used 28890K [0x00000000a0000000, 0x00000000a5580000, 0x00000000e0000000)
  object space 87552K, 32% used [0x00000000a0000000,0x00000000a1c36b28,0x00000000a5580000)
 Metaspace       used 61452K, capacity 63432K, committed 63512K, reserved 1103872K
  class space    used 8284K, capacity 8709K, committed 8752K, reserved 1048576K
}
Event: 35.925 GC heap before
{Heap before GC invocations=20 (full 3):
 PSYoungGen      total 179712K, used 179599K [0x00000000e0000000, 0x00000000ec280000, 0x0000000100000000)
  eden space 167424K, 100% used [0x00000000e0000000,0x00000000ea380000,0x00000000ea380000)
  from space 12288K, 99% used [0x00000000eb680000,0x00000000ec263fa0,0x00000000ec280000)
  to   space 14336K, 0% used [0x00000000ea680000,0x00000000ea680000,0x00000000eb480000)
 ParOldGen       total 87552K, used 28890K [0x00000000a0000000, 0x00000000a5580000, 0x00000000e0000000)
  object space 87552K, 32% used [0x00000000a0000000,0x00000000a1c36b28,0x00000000a5580000)
 Metaspace       used 67261K, capacity 69136K, committed 69272K, reserved 1110016K
  class space    used 8915K, capacity 9329K, committed 9392K, reserved 1048576K
Event: 35.976 GC heap after
Heap after GC invocations=20 (full 3):
 PSYoungGen      total 184832K, used 14335K [0x00000000e0000000, 0x00000000eeb80000, 0x0000000100000000)
  eden space 170496K, 0% used [0x00000000e0000000,0x00000000e0000000,0x00000000ea680000)
  from space 14336K, 99% used [0x00000000ea680000,0x00000000eb47fdb8,0x00000000eb480000)
  to   space 26624K, 0% used [0x00000000ed180000,0x00000000ed180000,0x00000000eeb80000)
 ParOldGen       total 87552K, used 57177K [0x00000000a0000000, 0x00000000a5580000, 0x00000000e0000000)
  object space 87552K, 65% used [0x00000000a0000000,0x00000000a37d6758,0x00000000a5580000)
 Metaspace       used 67261K, capacity 69136K, committed 69272K, reserved 1110016K
  class space    used 8915K, capacity 9329K, committed 9392K, reserved 1048576K
}

