# JRE version: OpenJDK Runtime Environment (8.0_152-b01) (build 1.8.0_152-release-1343-b01)
# Java VM: OpenJDK 64-Bit Server VM (25.152-b01 mixed mode windows-amd64 compressed oops)
Heap:
 PSYoungGen      total 198656K, used 49314K [0x00000000e0000000, 0x00000000ef480000, 0x0000000100000000)
  eden space 180224K, 17% used [0x00000000e0000000,0x00000000e1e290b8,0x00000000eb000000)
  from space 18432K, 99% used [0x00000000ee280000,0x00000000ef47f868,0x00000000ef480000)
  to   space 16384K, 0% used [0x00000000eb000000,0x00000000eb000000,0x00000000ec000000)
 ParOldGen       total 89600K, used 58894K [0x00000000a0000000, 0x00000000a5780000, 0x00000000e0000000)
  object space 89600K, 65% used [0x00000000a0000000,0x00000000a3983920,0x00000000a5780000)
 Metaspace       used 68035K, capacity 70068K, committed 70424K, reserved 1110016K
  class space    used 8947K, capacity 9397K, committed 9520K, reserved 1048576K
GC Heap History (10 events):
Event: 8.999 GC heap before
{Heap before GC invocations=13 (full 2):
 PSYoungGen      total 152576K, used 140288K [0x00000000e0000000, 0x00000000ec400000, 0x0000000100000000)
  eden space 140288K, 100% used [0x00000000e0000000,0x00000000e8900000,0x00000000e8900000)
  from space 12288K, 0% used [0x00000000e9480000,0x00000000e9480000,0x00000000ea080000)
  to   space 11776K, 0% used [0x00000000e8900000,0x00000000e8900000,0x00000000e9480000)
 ParOldGen       total 54272K, used 15746K [0x00000000a0000000, 0x00000000a3500000, 0x00000000e0000000)
  object space 54272K, 29% used [0x00000000a0000000,0x00000000a0f60888,0x00000000a3500000)
 Metaspace       used 47202K, capacity 48344K, committed 48552K, reserved 1091584K
  class space    used 6420K, capacity 6719K, committed 6832K, reserved 1048576K
Event: 9.016 GC heap after
Heap after GC invocations=13 (full 2):
 PSYoungGen      total 152064K, used 11753K [0x00000000e0000000, 0x00000000ecf00000, 0x0000000100000000)
  eden space 140288K, 0% used [0x00000000e0000000,0x00000000e0000000,0x00000000e8900000)
  from space 11776K, 99% used [0x00000000e8900000,0x00000000e947a728,0x00000000e9480000)
  to   space 15360K, 0% used [0x00000000ec000000,0x00000000ec000000,0x00000000ecf00000)
 ParOldGen       total 54272K, used 20850K [0x00000000a0000000, 0x00000000a3500000, 0x00000000e0000000)
  object space 54272K, 38% used [0x00000000a0000000,0x00000000a145cbb8,0x00000000a3500000)
 Metaspace       used 47202K, capacity 48344K, committed 48552K, reserved 1091584K
  class space    used 6420K, capacity 6719K, committed 6832K, reserved 1048576K
}
Event: 10.487 GC heap before
{Heap before GC invocations=14 (full 2):
 PSYoungGen      total 152064K, used 131095K [0x00000000e0000000, 0x00000000ecf00000, 0x0000000100000000)
  eden space 140288K, 85% used [0x00000000e0000000,0x00000000e748b6f8,0x00000000e8900000)
  from space 11776K, 99% used [0x00000000e8900000,0x00000000e947a728,0x00000000e9480000)
  to   space 15360K, 0% used [0x00000000ec000000,0x00000000ec000000,0x00000000ecf00000)
 ParOldGen       total 54272K, used 20850K [0x00000000a0000000, 0x00000000a3500000, 0x00000000e0000000)
  object space 54272K, 38% used [0x00000000a0000000,0x00000000a145cbb8,0x00000000a3500000)
 Metaspace       used 57491K, capacity 59010K, committed 59160K, reserved 1099776K
  class space    used 7751K, capacity 8122K, committed 8240K, reserved 1048576K
Event: 10.511 GC heap after
Heap after GC invocations=14 (full 2):
 PSYoungGen      total 195584K, used 12232K [0x00000000e0000000, 0x00000000ed000000, 0x0000000100000000)
  eden space 180224K, 0% used [0x00000000e0000000,0x00000000e0000000,0x00000000eb000000)
  from space 15360K, 79% used [0x00000000ec000000,0x00000000ecbf2050,0x00000000ecf00000)
  to   space 16384K, 0% used [0x00000000eb000000,0x00000000eb000000,0x00000000ec000000)
 ParOldGen       total 54272K, used 28848K [0x00000000a0000000, 0x00000000a3500000, 0x00000000e0000000)
  object space 54272K, 53% used [0x00000000a0000000,0x00000000a1c2c200,0x00000000a3500000)
 Metaspace       used 57491K, capacity 59010K, committed 59160K, reserved 1099776K
  class space    used 7751K, capacity 8122K, committed 8240K, reserved 1048576K
}
Event: 10.511 GC heap before
{Heap before GC invocations=15 (full 3):
 PSYoungGen      total 195584K, used 12232K [0x00000000e0000000, 0x00000000ed000000, 0x0000000100000000)
  eden space 180224K, 0% used [0x00000000e0000000,0x00000000e0000000,0x00000000eb000000)
  from space 15360K, 79% used [0x00000000ec000000,0x00000000ecbf2050,0x00000000ecf00000)
  to   space 16384K, 0% used [0x00000000eb000000,0x00000000eb000000,0x00000000ec000000)
 ParOldGen       total 54272K, used 28848K [0x00000000a0000000, 0x00000000a3500000, 0x00000000e0000000)
  object space 54272K, 53% used [0x00000000a0000000,0x00000000a1c2c200,0x00000000a3500000)
 Metaspace       used 57491K, capacity 59010K, committed 59160K, reserved 1099776K
  class space    used 7751K, capacity 8122K, committed 8240K, reserved 1048576K
Event: 10.748 GC heap after
Heap after GC invocations=15 (full 3):
 PSYoungGen      total 195584K, used 0K [0x00000000e0000000, 0x00000000ed000000, 0x0000000100000000)
  eden space 180224K, 0% used [0x00000000e0000000,0x00000000e0000000,0x00000000eb000000)
  from space 15360K, 0% used [0x00000000ec000000,0x00000000ec000000,0x00000000ecf00000)
  to   space 16384K, 0% used [0x00000000eb000000,0x00000000eb000000,0x00000000ec000000)
 ParOldGen       total 89600K, used 34058K [0x00000000a0000000, 0x00000000a5780000, 0x00000000e0000000)
  object space 89600K, 38% used [0x00000000a0000000,0x00000000a21429c0,0x00000000a5780000)
 Metaspace       used 57491K, capacity 59010K, committed 59160K, reserved 1099776K
  class space    used 7751K, capacity 8122K, committed 8240K, reserved 1048576K
}
Event: 13.778 GC heap before
{Heap before GC invocations=16 (full 3):
 PSYoungGen      total 195584K, used 180224K [0x00000000e0000000, 0x00000000ed000000, 0x0000000100000000)
  eden space 180224K, 100% used [0x00000000e0000000,0x00000000eb000000,0x00000000eb000000)
  from space 15360K, 0% used [0x00000000ec000000,0x00000000ec000000,0x00000000ecf00000)
  to   space 16384K, 0% used [0x00000000eb000000,0x00000000eb000000,0x00000000ec000000)
 ParOldGen       total 89600K, used 34058K [0x00000000a0000000, 0x00000000a5780000, 0x00000000e0000000)
  object space 89600K, 38% used [0x00000000a0000000,0x00000000a21429c0,0x00000000a5780000)
 Metaspace       used 61602K, capacity 63664K, committed 63896K, reserved 1103872K
  class space    used 8307K, capacity 8753K, committed 8880K, reserved 1048576K
Event: 13.798 GC heap after
Heap after GC invocations=16 (full 3):
 PSYoungGen      total 196608K, used 15659K [0x00000000e0000000, 0x00000000ef480000, 0x0000000100000000)
  eden space 180224K, 0% used [0x00000000e0000000,0x00000000e0000000,0x00000000eb000000)
  from space 16384K, 95% used [0x00000000eb000000,0x00000000ebf4ae98,0x00000000ec000000)
  to   space 18432K, 0% used [0x00000000ee280000,0x00000000ee280000,0x00000000ef480000)
 ParOldGen       total 89600K, used 34066K [0x00000000a0000000, 0x00000000a5780000, 0x00000000e0000000)
  object space 89600K, 38% used [0x00000000a0000000,0x00000000a21449c0,0x00000000a5780000)
 Metaspace       used 61602K, capacity 63664K, committed 63896K, reserved 1103872K
  class space    used 8307K, capacity 8753K, committed 8880K, reserved 1048576K
}
Event: 20.185 GC heap before
{Heap before GC invocations=17 (full 3):
 PSYoungGen      total 196608K, used 195883K [0x00000000e0000000, 0x00000000ef480000, 0x0000000100000000)
  eden space 180224K, 100% used [0x00000000e0000000,0x00000000eb000000,0x00000000eb000000)
  from space 16384K, 95% used [0x00000000eb000000,0x00000000ebf4ae98,0x00000000ec000000)
  to   space 18432K, 0% used [0x00000000ee280000,0x00000000ee280000,0x00000000ef480000)
 ParOldGen       total 89600K, used 34066K [0x00000000a0000000, 0x00000000a5780000, 0x00000000e0000000)
  object space 89600K, 38% used [0x00000000a0000000,0x00000000a21449c0,0x00000000a5780000)
 Metaspace       used 67744K, capacity 69652K, committed 69784K, reserved 1110016K
  class space    used 8925K, capacity 9365K, committed 9392K, reserved 1048576K
Event: 20.241 GC heap after
Heap after GC invocations=17 (full 3):
 PSYoungGen      total 198656K, used 18430K [0x00000000e0000000, 0x00000000ef480000, 0x0000000100000000)
  eden space 180224K, 0% used [0x00000000e0000000,0x00000000e0000000,0x00000000eb000000)
  from space 18432K, 99% used [0x00000000ee280000,0x00000000ef47f868,0x00000000ef480000)
  to   space 16384K, 0% used [0x00000000eb000000,0x00000000eb000000,0x00000000ec000000)
 ParOldGen       total 89600K, used 58894K [0x00000000a0000000, 0x00000000a5780000, 0x00000000e0000000)
  object space 89600K, 65% used [0x00000000a0000000,0x00000000a3983920,0x00000000a5780000)
 Metaspace       used 67744K, capacity 69652K, committed 69784K, reserved 1110016K
  class space    used 8925K, capacity 9365K, committed 9392K, reserved 1048576K
}

