# JRE version: OpenJDK Runtime Environment (8.0_152-b01) (build 1.8.0_152-release-1343-b01)
# Java VM: OpenJDK 64-Bit Server VM (25.152-b01 mixed mode windows-amd64 compressed oops)
Heap:
 PSYoungGen      total 136704K, used 84762K [0x00000000e0000000, 0x00000000ea580000, 0x0000000100000000)
  eden space 126464K, 58% used [0x00000000e0000000,0x00000000e48c7568,0x00000000e7b80000)
  from space 10240K, 99% used [0x00000000e7b80000,0x00000000e857f360,0x00000000e8580000)
  to   space 19456K, 0% used [0x00000000e9280000,0x00000000e9280000,0x00000000ea580000)
 ParOldGen       total 50176K, used 28926K [0x00000000a0000000, 0x00000000a3100000, 0x00000000e0000000)
  object space 50176K, 57% used [0x00000000a0000000,0x00000000a1c3f8c8,0x00000000a3100000)
 Metaspace       used 61745K, capacity 63662K, committed 63896K, reserved 1110016K
  class space    used 8281K, capacity 8736K, committed 8864K, reserved 1048576K
GC Heap History (10 events):
Event: 11.861 GC heap before
{Heap before GC invocations=16 (full 3):
 PSYoungGen      total 138752K, used 16728K [0x00000000e0000000, 0x00000000e9b00000, 0x0000000100000000)
  eden space 126464K, 13% used [0x00000000e0000000,0x00000000e1056140,0x00000000e7b80000)
  from space 12288K, 0% used [0x00000000e8f00000,0x00000000e8f00000,0x00000000e9b00000)
  to   space 10240K, 0% used [0x00000000e7b80000,0x00000000e7b80000,0x00000000e8580000)
 ParOldGen       total 50176K, used 34370K [0x00000000a0000000, 0x00000000a3100000, 0x00000000e0000000)
  object space 50176K, 68% used [0x00000000a0000000,0x00000000a21908b0,0x00000000a3100000)
 Metaspace       used 58371K, capacity 59954K, committed 60056K, reserved 1110016K
  class space    used 7901K, capacity 8302K, committed 8352K, reserved 1048576K
Event: 11.864 GC heap after
Heap after GC invocations=16 (full 3):
 PSYoungGen      total 136704K, used 1928K [0x00000000e0000000, 0x00000000e9b00000, 0x0000000100000000)
  eden space 126464K, 0% used [0x00000000e0000000,0x00000000e0000000,0x00000000e7b80000)
  from space 10240K, 18% used [0x00000000e7b80000,0x00000000e7d62010,0x00000000e8580000)
  to   space 12288K, 0% used [0x00000000e8f00000,0x00000000e8f00000,0x00000000e9b00000)
 ParOldGen       total 50176K, used 34378K [0x00000000a0000000, 0x00000000a3100000, 0x00000000e0000000)
  object space 50176K, 68% used [0x00000000a0000000,0x00000000a21928b0,0x00000000a3100000)
 Metaspace       used 58371K, capacity 59954K, committed 60056K, reserved 1110016K
  class space    used 7901K, capacity 8302K, committed 8352K, reserved 1048576K
}
Event: 11.864 GC heap before
{Heap before GC invocations=17 (full 4):
 PSYoungGen      total 136704K, used 1928K [0x00000000e0000000, 0x00000000e9b00000, 0x0000000100000000)
  eden space 126464K, 0% used [0x00000000e0000000,0x00000000e0000000,0x00000000e7b80000)
  from space 10240K, 18% used [0x00000000e7b80000,0x00000000e7d62010,0x00000000e8580000)
  to   space 12288K, 0% used [0x00000000e8f00000,0x00000000e8f00000,0x00000000e9b00000)
 ParOldGen       total 50176K, used 34378K [0x00000000a0000000, 0x00000000a3100000, 0x00000000e0000000)
  object space 50176K, 68% used [0x00000000a0000000,0x00000000a21928b0,0x00000000a3100000)
 Metaspace       used 58371K, capacity 59954K, committed 60056K, reserved 1110016K
  class space    used 7901K, capacity 8302K, committed 8352K, reserved 1048576K
Event: 11.950 GC heap after
Heap after GC invocations=17 (full 4):
 PSYoungGen      total 136704K, used 0K [0x00000000e0000000, 0x00000000e9b00000, 0x0000000100000000)
  eden space 126464K, 0% used [0x00000000e0000000,0x00000000e0000000,0x00000000e7b80000)
  from space 10240K, 0% used [0x00000000e7b80000,0x00000000e7b80000,0x00000000e8580000)
  to   space 12288K, 0% used [0x00000000e8f00000,0x00000000e8f00000,0x00000000e9b00000)
 ParOldGen       total 50176K, used 28685K [0x00000000a0000000, 0x00000000a3100000, 0x00000000e0000000)
  object space 50176K, 57% used [0x00000000a0000000,0x00000000a1c03568,0x00000000a3100000)
 Metaspace       used 58371K, capacity 59954K, committed 60056K, reserved 1107968K
  class space    used 7901K, capacity 8302K, committed 8352K, reserved 1048576K
}
Event: 11.950 GC heap before
{Heap before GC invocations=18 (full 4):
 PSYoungGen      total 136704K, used 114K [0x00000000e0000000, 0x00000000e9b00000, 0x0000000100000000)
  eden space 126464K, 0% used [0x00000000e0000000,0x00000000e001cb68,0x00000000e7b80000)
  from space 10240K, 0% used [0x00000000e7b80000,0x00000000e7b80000,0x00000000e8580000)
  to   space 12288K, 0% used [0x00000000e8f00000,0x00000000e8f00000,0x00000000e9b00000)
 ParOldGen       total 50176K, used 28685K [0x00000000a0000000, 0x00000000a3100000, 0x00000000e0000000)
  object space 50176K, 57% used [0x00000000a0000000,0x00000000a1c03568,0x00000000a3100000)
 Metaspace       used 58371K, capacity 59954K, committed 60056K, reserved 1112064K
  class space    used 7901K, capacity 8302K, committed 8352K, reserved 1048576K
Event: 11.952 GC heap after
Heap after GC invocations=18 (full 4):
 PSYoungGen      total 138752K, used 32K [0x00000000e0000000, 0x00000000e9b00000, 0x0000000100000000)
  eden space 126464K, 0% used [0x00000000e0000000,0x00000000e0000000,0x00000000e7b80000)
  from space 12288K, 0% used [0x00000000e8f00000,0x00000000e8f08000,0x00000000e9b00000)
  to   space 10240K, 0% used [0x00000000e7b80000,0x00000000e7b80000,0x00000000e8580000)
 ParOldGen       total 50176K, used 28685K [0x00000000a0000000, 0x00000000a3100000, 0x00000000e0000000)
  object space 50176K, 57% used [0x00000000a0000000,0x00000000a1c03568,0x00000000a3100000)
 Metaspace       used 58371K, capacity 59954K, committed 60056K, reserved 1112064K
  class space    used 7901K, capacity 8302K, committed 8352K, reserved 1048576K
}
Event: 11.952 GC heap before
{Heap before GC invocations=19 (full 5):
 PSYoungGen      total 138752K, used 32K [0x00000000e0000000, 0x00000000e9b00000, 0x0000000100000000)
  eden space 126464K, 0% used [0x00000000e0000000,0x00000000e0000000,0x00000000e7b80000)
  from space 12288K, 0% used [0x00000000e8f00000,0x00000000e8f08000,0x00000000e9b00000)
  to   space 10240K, 0% used [0x00000000e7b80000,0x00000000e7b80000,0x00000000e8580000)
 ParOldGen       total 50176K, used 28685K [0x00000000a0000000, 0x00000000a3100000, 0x00000000e0000000)
  object space 50176K, 57% used [0x00000000a0000000,0x00000000a1c03568,0x00000000a3100000)
 Metaspace       used 58371K, capacity 59954K, committed 60056K, reserved 1112064K
  class space    used 7901K, capacity 8302K, committed 8352K, reserved 1048576K
Event: 12.127 GC heap after
Heap after GC invocations=19 (full 5):
 PSYoungGen      total 138752K, used 0K [0x00000000e0000000, 0x00000000e9b00000, 0x0000000100000000)
  eden space 126464K, 0% used [0x00000000e0000000,0x00000000e0000000,0x00000000e7b80000)
  from space 12288K, 0% used [0x00000000e8f00000,0x00000000e8f00000,0x00000000e9b00000)
  to   space 10240K, 0% used [0x00000000e7b80000,0x00000000e7b80000,0x00000000e8580000)
 ParOldGen       total 50176K, used 28653K [0x00000000a0000000, 0x00000000a3100000, 0x00000000e0000000)
  object space 50176K, 57% used [0x00000000a0000000,0x00000000a1bfb4e8,0x00000000a3100000)
 Metaspace       used 58371K, capacity 59954K, committed 60056K, reserved 1107968K
  class space    used 7901K, capacity 8302K, committed 8352K, reserved 1048576K
}
Event: 14.094 GC heap before
{Heap before GC invocations=20 (full 5):
 PSYoungGen      total 138752K, used 126464K [0x00000000e0000000, 0x00000000e9b00000, 0x0000000100000000)
  eden space 126464K, 100% used [0x00000000e0000000,0x00000000e7b80000,0x00000000e7b80000)
  from space 12288K, 0% used [0x00000000e8f00000,0x00000000e8f00000,0x00000000e9b00000)
  to   space 10240K, 0% used [0x00000000e7b80000,0x00000000e7b80000,0x00000000e8580000)
 ParOldGen       total 50176K, used 28653K [0x00000000a0000000, 0x00000000a3100000, 0x00000000e0000000)
  object space 50176K, 57% used [0x00000000a0000000,0x00000000a1bfb4e8,0x00000000a3100000)
 Metaspace       used 61367K, capacity 63178K, committed 63512K, reserved 1110016K
  class space    used 8269K, capacity 8704K, committed 8736K, reserved 1048576K
Event: 14.106 GC heap after
Heap after GC invocations=20 (full 5):
 PSYoungGen      total 136704K, used 10236K [0x00000000e0000000, 0x00000000ea580000, 0x0000000100000000)
  eden space 126464K, 0% used [0x00000000e0000000,0x00000000e0000000,0x00000000e7b80000)
  from space 10240K, 99% used [0x00000000e7b80000,0x00000000e857f360,0x00000000e8580000)
  to   space 19456K, 0% used [0x00000000e9280000,0x00000000e9280000,0x00000000ea580000)
 ParOldGen       total 50176K, used 28926K [0x00000000a0000000, 0x00000000a3100000, 0x00000000e0000000)
  object space 50176K, 57% used [0x00000000a0000000,0x00000000a1c3f8c8,0x00000000a3100000)
 Metaspace       used 61367K, capacity 63178K, committed 63512K, reserved 1110016K
  class space    used 8269K, capacity 8704K, committed 8736K, reserved 1048576K
}

