# JRE version: OpenJDK Runtime Environment (8.0_152-b01) (build 1.8.0_152-release-1343-b01)
# Java VM: OpenJDK 64-Bit Server VM (25.152-b01 mixed mode windows-amd64 compressed oops)
Heap:
 PSYoungGen      total 200704K, used 140954K [0x00000000e0000000, 0x00000000ed400000, 0x0000000100000000)
  eden space 184320K, 67% used [0x00000000e0000000,0x00000000e7a34778,0x00000000eb400000)
  from space 16384K, 96% used [0x00000000eb400000,0x00000000ec3723b0,0x00000000ec400000)
  to   space 14336K, 0% used [0x00000000ec600000,0x00000000ec600000,0x00000000ed400000)
 ParOldGen       total 86528K, used 33998K [0x00000000a0000000, 0x00000000a5480000, 0x00000000e0000000)
  object space 86528K, 39% used [0x00000000a0000000,0x00000000a2133b10,0x00000000a5480000)
 Metaspace       used 67389K, capacity 69310K, committed 69528K, reserved 1110016K
  class space    used 8920K, capacity 9364K, committed 9392K, reserved 1048576K
GC Heap History (10 events):
Event: 7.790 GC heap before
{Heap before GC invocations=12 (full 2):
 PSYoungGen      total 153600K, used 5444K [0x00000000e0000000, 0x00000000ec980000, 0x0000000100000000)
  eden space 141312K, 0% used [0x00000000e0000000,0x00000000e0000000,0x00000000e8a00000)
  from space 12288K, 44% used [0x00000000e9580000,0x00000000e9ad1038,0x00000000ea180000)
  to   space 11776K, 0% used [0x00000000e8a00000,0x00000000e8a00000,0x00000000e9580000)
 ParOldGen       total 37376K, used 15971K [0x00000000a0000000, 0x00000000a2480000, 0x00000000e0000000)
  object space 37376K, 42% used [0x00000000a0000000,0x00000000a0f98ff8,0x00000000a2480000)
 Metaspace       used 34736K, capacity 35412K, committed 35496K, reserved 1079296K
  class space    used 4787K, capacity 4991K, committed 5040K, reserved 1048576K
Event: 7.883 GC heap after
Heap after GC invocations=12 (full 2):
 PSYoungGen      total 153600K, used 0K [0x00000000e0000000, 0x00000000ec980000, 0x0000000100000000)
  eden space 141312K, 0% used [0x00000000e0000000,0x00000000e0000000,0x00000000e8a00000)
  from space 12288K, 0% used [0x00000000e9580000,0x00000000e9580000,0x00000000ea180000)
  to   space 11776K, 0% used [0x00000000e8a00000,0x00000000e8a00000,0x00000000e9580000)
 ParOldGen       total 52224K, used 15660K [0x00000000a0000000, 0x00000000a3300000, 0x00000000e0000000)
  object space 52224K, 29% used [0x00000000a0000000,0x00000000a0f4b058,0x00000000a3300000)
 Metaspace       used 34729K, capacity 35388K, committed 35496K, reserved 1079296K
  class space    used 4785K, capacity 4987K, committed 5040K, reserved 1048576K
}
Event: 9.876 GC heap before
{Heap before GC invocations=13 (full 2):
 PSYoungGen      total 153600K, used 141312K [0x00000000e0000000, 0x00000000ec980000, 0x0000000100000000)
  eden space 141312K, 100% used [0x00000000e0000000,0x00000000e8a00000,0x00000000e8a00000)
  from space 12288K, 0% used [0x00000000e9580000,0x00000000e9580000,0x00000000ea180000)
  to   space 11776K, 0% used [0x00000000e8a00000,0x00000000e8a00000,0x00000000e9580000)
 ParOldGen       total 52224K, used 15660K [0x00000000a0000000, 0x00000000a3300000, 0x00000000e0000000)
  object space 52224K, 29% used [0x00000000a0000000,0x00000000a0f4b058,0x00000000a3300000)
 Metaspace       used 49917K, capacity 50998K, committed 51112K, reserved 1093632K
  class space    used 6720K, capacity 7010K, committed 7088K, reserved 1048576K
Event: 9.891 GC heap after
Heap after GC invocations=13 (full 2):
 PSYoungGen      total 153088K, used 11756K [0x00000000e0000000, 0x00000000ed580000, 0x0000000100000000)
  eden space 141312K, 0% used [0x00000000e0000000,0x00000000e0000000,0x00000000e8a00000)
  from space 11776K, 99% used [0x00000000e8a00000,0x00000000e957b288,0x00000000e9580000)
  to   space 15872K, 0% used [0x00000000ec600000,0x00000000ec600000,0x00000000ed580000)
 ParOldGen       total 52224K, used 21569K [0x00000000a0000000, 0x00000000a3300000, 0x00000000e0000000)
  object space 52224K, 41% used [0x00000000a0000000,0x00000000a1510798,0x00000000a3300000)
 Metaspace       used 49917K, capacity 50998K, committed 51112K, reserved 1093632K
  class space    used 6720K, capacity 7010K, committed 7088K, reserved 1048576K
}
Event: 11.240 GC heap before
{Heap before GC invocations=14 (full 2):
 PSYoungGen      total 153088K, used 127646K [0x00000000e0000000, 0x00000000ed580000, 0x0000000100000000)
  eden space 141312K, 82% used [0x00000000e0000000,0x00000000e712c680,0x00000000e8a00000)
  from space 11776K, 99% used [0x00000000e8a00000,0x00000000e957b288,0x00000000e9580000)
  to   space 15872K, 0% used [0x00000000ec600000,0x00000000ec600000,0x00000000ed580000)
 ParOldGen       total 52224K, used 21569K [0x00000000a0000000, 0x00000000a3300000, 0x00000000e0000000)
  object space 52224K, 41% used [0x00000000a0000000,0x00000000a1510798,0x00000000a3300000)
 Metaspace       used 57473K, capacity 59002K, committed 59160K, reserved 1099776K
  class space    used 7748K, capacity 8122K, committed 8240K, reserved 1048576K
Event: 11.259 GC heap after
Heap after GC invocations=14 (full 2):
 PSYoungGen      total 198656K, used 11748K [0x00000000e0000000, 0x00000000ed400000, 0x0000000100000000)
  eden space 184320K, 0% used [0x00000000e0000000,0x00000000e0000000,0x00000000eb400000)
  from space 14336K, 81% used [0x00000000ec600000,0x00000000ed179278,0x00000000ed400000)
  to   space 16384K, 0% used [0x00000000eb400000,0x00000000eb400000,0x00000000ec400000)
 ParOldGen       total 52224K, used 29923K [0x00000000a0000000, 0x00000000a3300000, 0x00000000e0000000)
  object space 52224K, 57% used [0x00000000a0000000,0x00000000a1d38de0,0x00000000a3300000)
 Metaspace       used 57473K, capacity 59002K, committed 59160K, reserved 1099776K
  class space    used 7748K, capacity 8122K, committed 8240K, reserved 1048576K
}
Event: 11.259 GC heap before
{Heap before GC invocations=15 (full 3):
 PSYoungGen      total 198656K, used 11748K [0x00000000e0000000, 0x00000000ed400000, 0x0000000100000000)
  eden space 184320K, 0% used [0x00000000e0000000,0x00000000e0000000,0x00000000eb400000)
  from space 14336K, 81% used [0x00000000ec600000,0x00000000ed179278,0x00000000ed400000)
  to   space 16384K, 0% used [0x00000000eb400000,0x00000000eb400000,0x00000000ec400000)
 ParOldGen       total 52224K, used 29923K [0x00000000a0000000, 0x00000000a3300000, 0x00000000e0000000)
  object space 52224K, 57% used [0x00000000a0000000,0x00000000a1d38de0,0x00000000a3300000)
 Metaspace       used 57473K, capacity 59002K, committed 59160K, reserved 1099776K
  class space    used 7748K, capacity 8122K, committed 8240K, reserved 1048576K
Event: 11.525 GC heap after
Heap after GC invocations=15 (full 3):
 PSYoungGen      total 198656K, used 0K [0x00000000e0000000, 0x00000000ed400000, 0x0000000100000000)
  eden space 184320K, 0% used [0x00000000e0000000,0x00000000e0000000,0x00000000eb400000)
  from space 14336K, 0% used [0x00000000ec600000,0x00000000ec600000,0x00000000ed400000)
  to   space 16384K, 0% used [0x00000000eb400000,0x00000000eb400000,0x00000000ec400000)
 ParOldGen       total 86528K, used 33990K [0x00000000a0000000, 0x00000000a5480000, 0x00000000e0000000)
  object space 86528K, 39% used [0x00000000a0000000,0x00000000a2131b10,0x00000000a5480000)
 Metaspace       used 57473K, capacity 59002K, committed 59160K, reserved 1099776K
  class space    used 7748K, capacity 8122K, committed 8240K, reserved 1048576K
}
Event: 14.491 GC heap before
{Heap before GC invocations=16 (full 3):
 PSYoungGen      total 198656K, used 184320K [0x00000000e0000000, 0x00000000ed400000, 0x0000000100000000)
  eden space 184320K, 100% used [0x00000000e0000000,0x00000000eb400000,0x00000000eb400000)
  from space 14336K, 0% used [0x00000000ec600000,0x00000000ec600000,0x00000000ed400000)
  to   space 16384K, 0% used [0x00000000eb400000,0x00000000eb400000,0x00000000ec400000)
 ParOldGen       total 86528K, used 33990K [0x00000000a0000000, 0x00000000a5480000, 0x00000000e0000000)
  object space 86528K, 39% used [0x00000000a0000000,0x00000000a2131b10,0x00000000a5480000)
 Metaspace       used 61799K, capacity 63802K, committed 64152K, reserved 1103872K
  class space    used 8339K, capacity 8784K, committed 8880K, reserved 1048576K
Event: 14.522 GC heap after
Heap after GC invocations=16 (full 3):
 PSYoungGen      total 200704K, used 15816K [0x00000000e0000000, 0x00000000ed400000, 0x0000000100000000)
  eden space 184320K, 0% used [0x00000000e0000000,0x00000000e0000000,0x00000000eb400000)
  from space 16384K, 96% used [0x00000000eb400000,0x00000000ec3723b0,0x00000000ec400000)
  to   space 14336K, 0% used [0x00000000ec600000,0x00000000ec600000,0x00000000ed400000)
 ParOldGen       total 86528K, used 33998K [0x00000000a0000000, 0x00000000a5480000, 0x00000000e0000000)
  object space 86528K, 39% used [0x00000000a0000000,0x00000000a2133b10,0x00000000a5480000)
 Metaspace       used 61799K, capacity 63802K, committed 64152K, reserved 1103872K
  class space    used 8339K, capacity 8784K, committed 8880K, reserved 1048576K
}

