# JRE version: OpenJDK Runtime Environment (8.0_152-b01) (build 1.8.0_152-release-1343-b01)
# Java VM: OpenJDK 64-Bit Server VM (25.152-b01 mixed mode windows-amd64 compressed oops)
Heap:
 PSYoungGen      total 225792K, used 99307K [0x00000000e0000000, 0x00000000ef980000, 0x0000000100000000)
  eden space 207360K, 39% used [0x00000000e0000000,0x00000000e4efbc70,0x00000000eca80000)
  from space 18432K, 99% used [0x00000000ee280000,0x00000000ef47f080,0x00000000ef480000)
  to   space 24064K, 0% used [0x00000000eca80000,0x00000000eca80000,0x00000000ee200000)
 ParOldGen       total 89600K, used 41647K [0x00000000a0000000, 0x00000000a5780000, 0x00000000e0000000)
  object space 89600K, 46% used [0x00000000a0000000,0x00000000a28abed0,0x00000000a5780000)
 Metaspace       used 68019K, capacity 70382K, committed 70552K, reserved 1110016K
  class space    used 9004K, capacity 9524K, committed 9648K, reserved 1048576K
GC Heap History (10 events):
Event: 8.819 GC heap before
{Heap before GC invocations=13 (full 2):
 PSYoungGen      total 152576K, used 140288K [0x00000000e0000000, 0x00000000ec280000, 0x0000000100000000)
  eden space 140288K, 100% used [0x00000000e0000000,0x00000000e8900000,0x00000000e8900000)
  from space 12288K, 0% used [0x00000000e9480000,0x00000000e9480000,0x00000000ea080000)
  to   space 11776K, 0% used [0x00000000e8900000,0x00000000e8900000,0x00000000e9480000)
 ParOldGen       total 54272K, used 15860K [0x00000000a0000000, 0x00000000a3500000, 0x00000000e0000000)
  object space 54272K, 29% used [0x00000000a0000000,0x00000000a0f7d0b8,0x00000000a3500000)
 Metaspace       used 49218K, capacity 50330K, committed 50472K, reserved 1093632K
  class space    used 6636K, capacity 6912K, committed 6960K, reserved 1048576K
Event: 8.835 GC heap after
Heap after GC invocations=13 (full 2):
 PSYoungGen      total 152064K, used 11775K [0x00000000e0000000, 0x00000000ece00000, 0x0000000100000000)
  eden space 140288K, 0% used [0x00000000e0000000,0x00000000e0000000,0x00000000e8900000)
  from space 11776K, 99% used [0x00000000e8900000,0x00000000e947fd40,0x00000000e9480000)
  to   space 15360K, 0% used [0x00000000ebf00000,0x00000000ebf00000,0x00000000ece00000)
 ParOldGen       total 54272K, used 21524K [0x00000000a0000000, 0x00000000a3500000, 0x00000000e0000000)
  object space 54272K, 39% used [0x00000000a0000000,0x00000000a1505390,0x00000000a3500000)
 Metaspace       used 49218K, capacity 50330K, committed 50472K, reserved 1093632K
  class space    used 6636K, capacity 6912K, committed 6960K, reserved 1048576K
}
Event: 10.324 GC heap before
{Heap before GC invocations=14 (full 2):
 PSYoungGen      total 152064K, used 128955K [0x00000000e0000000, 0x00000000ece00000, 0x0000000100000000)
  eden space 140288K, 83% used [0x00000000e0000000,0x00000000e726eee0,0x00000000e8900000)
  from space 11776K, 99% used [0x00000000e8900000,0x00000000e947fd40,0x00000000e9480000)
  to   space 15360K, 0% used [0x00000000ebf00000,0x00000000ebf00000,0x00000000ece00000)
 ParOldGen       total 54272K, used 21524K [0x00000000a0000000, 0x00000000a3500000, 0x00000000e0000000)
  object space 54272K, 39% used [0x00000000a0000000,0x00000000a1505390,0x00000000a3500000)
 Metaspace       used 57465K, capacity 59010K, committed 59160K, reserved 1099776K
  class space    used 7747K, capacity 8122K, committed 8240K, reserved 1048576K
Event: 10.357 GC heap after
Heap after GC invocations=14 (full 2):
 PSYoungGen      total 194560K, used 11800K [0x00000000e0000000, 0x00000000ed180000, 0x0000000100000000)
  eden space 179200K, 0% used [0x00000000e0000000,0x00000000e0000000,0x00000000eaf00000)
  from space 15360K, 76% used [0x00000000ebf00000,0x00000000eca86000,0x00000000ece00000)
  to   space 16384K, 0% used [0x00000000eaf00000,0x00000000eaf00000,0x00000000ebf00000)
 ParOldGen       total 54272K, used 29825K [0x00000000a0000000, 0x00000000a3500000, 0x00000000e0000000)
  object space 54272K, 54% used [0x00000000a0000000,0x00000000a1d20518,0x00000000a3500000)
 Metaspace       used 57465K, capacity 59010K, committed 59160K, reserved 1099776K
  class space    used 7747K, capacity 8122K, committed 8240K, reserved 1048576K
}
Event: 10.357 GC heap before
{Heap before GC invocations=15 (full 3):
 PSYoungGen      total 194560K, used 11800K [0x00000000e0000000, 0x00000000ed180000, 0x0000000100000000)
  eden space 179200K, 0% used [0x00000000e0000000,0x00000000e0000000,0x00000000eaf00000)
  from space 15360K, 76% used [0x00000000ebf00000,0x00000000eca86000,0x00000000ece00000)
  to   space 16384K, 0% used [0x00000000eaf00000,0x00000000eaf00000,0x00000000ebf00000)
 ParOldGen       total 54272K, used 29825K [0x00000000a0000000, 0x00000000a3500000, 0x00000000e0000000)
  object space 54272K, 54% used [0x00000000a0000000,0x00000000a1d20518,0x00000000a3500000)
 Metaspace       used 57465K, capacity 59010K, committed 59160K, reserved 1099776K
  class space    used 7747K, capacity 8122K, committed 8240K, reserved 1048576K
Event: 10.608 GC heap after
Heap after GC invocations=15 (full 3):
 PSYoungGen      total 194560K, used 0K [0x00000000e0000000, 0x00000000ed180000, 0x0000000100000000)
  eden space 179200K, 0% used [0x00000000e0000000,0x00000000e0000000,0x00000000eaf00000)
  from space 15360K, 0% used [0x00000000ebf00000,0x00000000ebf00000,0x00000000ece00000)
  to   space 16384K, 0% used [0x00000000eaf00000,0x00000000eaf00000,0x00000000ebf00000)
 ParOldGen       total 89600K, used 34004K [0x00000000a0000000, 0x00000000a5780000, 0x00000000e0000000)
  object space 89600K, 37% used [0x00000000a0000000,0x00000000a2135038,0x00000000a5780000)
 Metaspace       used 57465K, capacity 59010K, committed 59160K, reserved 1099776K
  class space    used 7747K, capacity 8122K, committed 8240K, reserved 1048576K
}
Event: 13.451 GC heap before
{Heap before GC invocations=16 (full 3):
 PSYoungGen      total 194560K, used 179200K [0x00000000e0000000, 0x00000000ed180000, 0x0000000100000000)
  eden space 179200K, 100% used [0x00000000e0000000,0x00000000eaf00000,0x00000000eaf00000)
  from space 15360K, 0% used [0x00000000ebf00000,0x00000000ebf00000,0x00000000ece00000)
  to   space 16384K, 0% used [0x00000000eaf00000,0x00000000eaf00000,0x00000000ebf00000)
 ParOldGen       total 89600K, used 34004K [0x00000000a0000000, 0x00000000a5780000, 0x00000000e0000000)
  object space 89600K, 37% used [0x00000000a0000000,0x00000000a2135038,0x00000000a5780000)
 Metaspace       used 61547K, capacity 63504K, committed 63768K, reserved 1103872K
  class space    used 8294K, capacity 8711K, committed 8752K, reserved 1048576K
Event: 13.480 GC heap after
Heap after GC invocations=16 (full 3):
 PSYoungGen      total 195584K, used 15800K [0x00000000e0000000, 0x00000000ef480000, 0x0000000100000000)
  eden space 179200K, 0% used [0x00000000e0000000,0x00000000e0000000,0x00000000eaf00000)
  from space 16384K, 96% used [0x00000000eaf00000,0x00000000ebe6e3c0,0x00000000ebf00000)
  to   space 18432K, 0% used [0x00000000ee280000,0x00000000ee280000,0x00000000ef480000)
 ParOldGen       total 89600K, used 34012K [0x00000000a0000000, 0x00000000a5780000, 0x00000000e0000000)
  object space 89600K, 37% used [0x00000000a0000000,0x00000000a2137038,0x00000000a5780000)
 Metaspace       used 61547K, capacity 63504K, committed 63768K, reserved 1103872K
  class space    used 8294K, capacity 8711K, committed 8752K, reserved 1048576K
}
Event: 92.992 GC heap before
{Heap before GC invocations=17 (full 3):
 PSYoungGen      total 195584K, used 195000K [0x00000000e0000000, 0x00000000ef480000, 0x0000000100000000)
  eden space 179200K, 100% used [0x00000000e0000000,0x00000000eaf00000,0x00000000eaf00000)
  from space 16384K, 96% used [0x00000000eaf00000,0x00000000ebe6e3c0,0x00000000ebf00000)
  to   space 18432K, 0% used [0x00000000ee280000,0x00000000ee280000,0x00000000ef480000)
 ParOldGen       total 89600K, used 34012K [0x00000000a0000000, 0x00000000a5780000, 0x00000000e0000000)
  object space 89600K, 37% used [0x00000000a0000000,0x00000000a2137038,0x00000000a5780000)
 Metaspace       used 67301K, capacity 69538K, committed 69912K, reserved 1110016K
  class space    used 8906K, capacity 9394K, committed 9520K, reserved 1048576K
Event: 93.021 GC heap after
Heap after GC invocations=17 (full 3):
 PSYoungGen      total 225792K, used 18428K [0x00000000e0000000, 0x00000000ef980000, 0x0000000100000000)
  eden space 207360K, 0% used [0x00000000e0000000,0x00000000e0000000,0x00000000eca80000)
  from space 18432K, 99% used [0x00000000ee280000,0x00000000ef47f080,0x00000000ef480000)
  to   space 24064K, 0% used [0x00000000eca80000,0x00000000eca80000,0x00000000ee200000)
 ParOldGen       total 89600K, used 41647K [0x00000000a0000000, 0x00000000a5780000, 0x00000000e0000000)
  object space 89600K, 46% used [0x00000000a0000000,0x00000000a28abed0,0x00000000a5780000)
 Metaspace       used 67301K, capacity 69538K, committed 69912K, reserved 1110016K
  class space    used 8906K, capacity 9394K, committed 9520K, reserved 1048576K
}

