# JRE version: OpenJDK Runtime Environment (8.0_152-b01) (build 1.8.0_152-release-1343-b01)
# Java VM: OpenJDK 64-Bit Server VM (25.152-b01 mixed mode windows-amd64 compressed oops)
Heap:
 PSYoungGen      total 243712K, used 225070K [0x00000000e0000000, 0x00000000f1900000, 0x0000000100000000)
  eden space 224768K, 96% used [0x00000000e0000000,0x00000000ed3b5748,0x00000000edb80000)
  from space 18944K, 43% used [0x00000000ef780000,0x00000000eff963d8,0x00000000f0a00000)
  to   space 28672K, 0% used [0x00000000edb80000,0x00000000edb80000,0x00000000ef780000)
 ParOldGen       total 153600K, used 54715K [0x00000000a0000000, 0x00000000a9600000, 0x00000000e0000000)
  object space 153600K, 35% used [0x00000000a0000000,0x00000000a356ec08,0x00000000a9600000)
 Metaspace       used 86137K, capacity 89278K, committed 89368K, reserved 1126400K
  class space    used 11161K, capacity 11780K, committed 11824K, reserved 1048576K
GC Heap History (10 events):
Event: 36.350 GC heap before
{Heap before GC invocations=17 (full 3):
 PSYoungGen      total 206336K, used 205750K [0x00000000e0000000, 0x00000000f0a00000, 0x0000000100000000)
  eden space 189440K, 100% used [0x00000000e0000000,0x00000000eb900000,0x00000000eb900000)
  from space 16896K, 96% used [0x00000000eb900000,0x00000000ec8ed9b0,0x00000000ec980000)
  to   space 18944K, 0% used [0x00000000ef780000,0x00000000ef780000,0x00000000f0a00000)
 ParOldGen       total 84992K, used 33681K [0x00000000a0000000, 0x00000000a5300000, 0x00000000e0000000)
  object space 84992K, 39% used [0x00000000a0000000,0x00000000a20e4660,0x00000000a5300000)
 Metaspace       used 71792K, capacity 73928K, committed 74136K, reserved 1114112K
  class space    used 9627K, capacity 10137K, committed 10160K, reserved 1048576K
Event: 36.384 GC heap after
Heap after GC invocations=17 (full 3):
 PSYoungGen      total 243712K, used 18919K [0x00000000e0000000, 0x00000000f1900000, 0x0000000100000000)
  eden space 224768K, 0% used [0x00000000e0000000,0x00000000e0000000,0x00000000edb80000)
  from space 18944K, 99% used [0x00000000ef780000,0x00000000f09f9dd8,0x00000000f0a00000)
  to   space 28672K, 0% used [0x00000000edb80000,0x00000000edb80000,0x00000000ef780000)
 ParOldGen       total 84992K, used 51363K [0x00000000a0000000, 0x00000000a5300000, 0x00000000e0000000)
  object space 84992K, 60% used [0x00000000a0000000,0x00000000a3228f18,0x00000000a5300000)
 Metaspace       used 71792K, capacity 73928K, committed 74136K, reserved 1114112K
  class space    used 9627K, capacity 10137K, committed 10160K, reserved 1048576K
}
Event: 38.539 GC heap before
{Heap before GC invocations=18 (full 3):
 PSYoungGen      total 243712K, used 239542K [0x00000000e0000000, 0x00000000f1900000, 0x0000000100000000)
  eden space 224768K, 98% used [0x00000000e0000000,0x00000000ed773b50,0x00000000edb80000)
  from space 18944K, 99% used [0x00000000ef780000,0x00000000f09f9dd8,0x00000000f0a00000)
  to   space 28672K, 0% used [0x00000000edb80000,0x00000000edb80000,0x00000000ef780000)
 ParOldGen       total 84992K, used 51363K [0x00000000a0000000, 0x00000000a5300000, 0x00000000e0000000)
  object space 84992K, 60% used [0x00000000a0000000,0x00000000a3228f18,0x00000000a5300000)
 Metaspace       used 73514K, capacity 76022K, committed 76184K, reserved 1116160K
  class space    used 9778K, capacity 10308K, committed 10416K, reserved 1048576K
Event: 38.630 GC heap after
Heap after GC invocations=18 (full 3):
 PSYoungGen      total 253440K, used 28670K [0x00000000e0000000, 0x00000000f1900000, 0x0000000100000000)
  eden space 224768K, 0% used [0x00000000e0000000,0x00000000e0000000,0x00000000edb80000)
  from space 28672K, 99% used [0x00000000edb80000,0x00000000ef77f838,0x00000000ef780000)
  to   space 18944K, 0% used [0x00000000ef780000,0x00000000ef780000,0x00000000f0a00000)
 ParOldGen       total 92672K, used 92299K [0x00000000a0000000, 0x00000000a5a80000, 0x00000000e0000000)
  object space 92672K, 99% used [0x00000000a0000000,0x00000000a5a22f00,0x00000000a5a80000)
 Metaspace       used 73514K, capacity 76022K, committed 76184K, reserved 1116160K
  class space    used 9778K, capacity 10308K, committed 10416K, reserved 1048576K
}
Event: 38.630 GC heap before
{Heap before GC invocations=19 (full 4):
 PSYoungGen      total 253440K, used 28670K [0x00000000e0000000, 0x00000000f1900000, 0x0000000100000000)
  eden space 224768K, 0% used [0x00000000e0000000,0x00000000e0000000,0x00000000edb80000)
  from space 28672K, 99% used [0x00000000edb80000,0x00000000ef77f838,0x00000000ef780000)
  to   space 18944K, 0% used [0x00000000ef780000,0x00000000ef780000,0x00000000f0a00000)
 ParOldGen       total 92672K, used 92299K [0x00000000a0000000, 0x00000000a5a80000, 0x00000000e0000000)
  object space 92672K, 99% used [0x00000000a0000000,0x00000000a5a22f00,0x00000000a5a80000)
 Metaspace       used 73514K, capacity 76022K, committed 76184K, reserved 1116160K
  class space    used 9778K, capacity 10308K, committed 10416K, reserved 1048576K
Event: 39.477 GC heap after
Heap after GC invocations=19 (full 4):
 PSYoungGen      total 253440K, used 14098K [0x00000000e0000000, 0x00000000f1900000, 0x0000000100000000)
  eden space 224768K, 0% used [0x00000000e0000000,0x00000000e0000000,0x00000000edb80000)
  from space 28672K, 49% used [0x00000000edb80000,0x00000000ee944800,0x00000000ef780000)
  to   space 18944K, 0% used [0x00000000ef780000,0x00000000ef780000,0x00000000f0a00000)
 ParOldGen       total 92672K, used 89461K [0x00000000a0000000, 0x00000000a5a80000, 0x00000000e0000000)
  object space 92672K, 96% used [0x00000000a0000000,0x00000000a575d7c0,0x00000000a5a80000)
 Metaspace       used 73463K, capacity 75884K, committed 76184K, reserved 1116160K
  class space    used 9761K, capacity 10277K, committed 10416K, reserved 1048576K
}
Event: 322.386 GC heap before
{Heap before GC invocations=20 (full 5):
 PSYoungGen      total 253440K, used 238866K [0x00000000e0000000, 0x00000000f1900000, 0x0000000100000000)
  eden space 224768K, 100% used [0x00000000e0000000,0x00000000edb80000,0x00000000edb80000)
  from space 28672K, 49% used [0x00000000edb80000,0x00000000ee944800,0x00000000ef780000)
  to   space 18944K, 0% used [0x00000000ef780000,0x00000000ef780000,0x00000000f0a00000)
 ParOldGen       total 92672K, used 89461K [0x00000000a0000000, 0x00000000a5a80000, 0x00000000e0000000)
  object space 92672K, 96% used [0x00000000a0000000,0x00000000a575d7c0,0x00000000a5a80000)
 Metaspace       used 80753K, capacity 83626K, committed 83864K, reserved 1122304K
  class space    used 10588K, capacity 11162K, committed 11184K, reserved 1048576K
Event: 322.576 GC heap after
Heap after GC invocations=20 (full 5):
 PSYoungGen      total 253440K, used 0K [0x00000000e0000000, 0x00000000f1900000, 0x0000000100000000)
  eden space 224768K, 0% used [0x00000000e0000000,0x00000000e0000000,0x00000000edb80000)
  from space 28672K, 0% used [0x00000000edb80000,0x00000000edb80000,0x00000000ef780000)
  to   space 18944K, 0% used [0x00000000ef780000,0x00000000ef780000,0x00000000f0a00000)
 ParOldGen       total 153600K, used 54707K [0x00000000a0000000, 0x00000000a9600000, 0x00000000e0000000)
  object space 153600K, 35% used [0x00000000a0000000,0x00000000a356cc08,0x00000000a9600000)
 Metaspace       used 80753K, capacity 83626K, committed 83864K, reserved 1122304K
  class space    used 10588K, capacity 11162K, committed 11184K, reserved 1048576K
}
Event: 421.771 GC heap before
{Heap before GC invocations=21 (full 5):
 PSYoungGen      total 253440K, used 224768K [0x00000000e0000000, 0x00000000f1900000, 0x0000000100000000)
  eden space 224768K, 100% used [0x00000000e0000000,0x00000000edb80000,0x00000000edb80000)
  from space 28672K, 0% used [0x00000000edb80000,0x00000000edb80000,0x00000000ef780000)
  to   space 18944K, 0% used [0x00000000ef780000,0x00000000ef780000,0x00000000f0a00000)
 ParOldGen       total 153600K, used 54707K [0x00000000a0000000, 0x00000000a9600000, 0x00000000e0000000)
  object space 153600K, 35% used [0x00000000a0000000,0x00000000a356cc08,0x00000000a9600000)
 Metaspace       used 82486K, capacity 85452K, committed 85656K, reserved 1124352K
  class space    used 10738K, capacity 11331K, committed 11440K, reserved 1048576K
Event: 421.784 GC heap after
Heap after GC invocations=21 (full 5):
 PSYoungGen      total 243712K, used 8280K [0x00000000e0000000, 0x00000000f1900000, 0x0000000100000000)
  eden space 224768K, 0% used [0x00000000e0000000,0x00000000e0000000,0x00000000edb80000)
  from space 18944K, 43% used [0x00000000ef780000,0x00000000eff963d8,0x00000000f0a00000)
  to   space 28672K, 0% used [0x00000000edb80000,0x00000000edb80000,0x00000000ef780000)
 ParOldGen       total 153600K, used 54715K [0x00000000a0000000, 0x00000000a9600000, 0x00000000e0000000)
  object space 153600K, 35% used [0x00000000a0000000,0x00000000a356ec08,0x00000000a9600000)
 Metaspace       used 82486K, capacity 85452K, committed 85656K, reserved 1124352K
  class space    used 10738K, capacity 11331K, committed 11440K, reserved 1048576K
}

