# JRE version: OpenJDK Runtime Environment (8.0_152-b01) (build 1.8.0_152-release-1343-b01)
# Java VM: OpenJDK 64-Bit Server VM (25.152-b01 mixed mode windows-amd64 compressed oops)
Heap:
 PSYoungGen      total 225280K, used 156469K [0x00000000e0000000, 0x00000000ef300000, 0x0000000100000000)
  eden space 201728K, 67% used [0x00000000e0000000,0x00000000e84162d8,0x00000000ec500000)
  from space 23552K, 90% used [0x00000000ec500000,0x00000000ed9b74c0,0x00000000edc00000)
  to   space 18432K, 0% used [0x00000000edc80000,0x00000000edc80000,0x00000000eee80000)
 ParOldGen       total 90112K, used 49312K [0x00000000a0000000, 0x00000000a5800000, 0x00000000e0000000)
  object space 90112K, 54% used [0x00000000a0000000,0x00000000a30280c0,0x00000000a5800000)
 Metaspace       used 85551K, capacity 88890K, committed 89112K, reserved 1126400K
  class space    used 11112K, capacity 11786K, committed 11824K, reserved 1048576K
GC Heap History (10 events):
Event: 9.037 GC heap before
{Heap before GC invocations=14 (full 2):
 PSYoungGen      total 148992K, used 131345K [0x00000000e0000000, 0x00000000eca80000, 0x0000000100000000)
  eden space 137216K, 87% used [0x00000000e0000000,0x00000000e74ca960,0x00000000e8600000)
  from space 11776K, 99% used [0x00000000e8600000,0x00000000e9179d38,0x00000000e9180000)
  to   space 15360K, 0% used [0x00000000ebb80000,0x00000000ebb80000,0x00000000eca80000)
 ParOldGen       total 54272K, used 21017K [0x00000000a0000000, 0x00000000a3500000, 0x00000000e0000000)
  object space 54272K, 38% used [0x00000000a0000000,0x00000000a1486660,0x00000000a3500000)
 Metaspace       used 57463K, capacity 59014K, committed 59160K, reserved 1099776K
  class space    used 7746K, capacity 8122K, committed 8240K, reserved 1048576K
Event: 9.064 GC heap after
Heap after GC invocations=14 (full 2):
 PSYoungGen      total 190976K, used 12223K [0x00000000e0000000, 0x00000000ecb80000, 0x0000000100000000)
  eden space 175616K, 0% used [0x00000000e0000000,0x00000000e0000000,0x00000000eab80000)
  from space 15360K, 79% used [0x00000000ebb80000,0x00000000ec76fc88,0x00000000eca80000)
  to   space 16384K, 0% used [0x00000000eab80000,0x00000000eab80000,0x00000000ebb80000)
 ParOldGen       total 54272K, used 28975K [0x00000000a0000000, 0x00000000a3500000, 0x00000000e0000000)
  object space 54272K, 53% used [0x00000000a0000000,0x00000000a1c4bee8,0x00000000a3500000)
 Metaspace       used 57463K, capacity 59014K, committed 59160K, reserved 1099776K
  class space    used 7746K, capacity 8122K, committed 8240K, reserved 1048576K
}
Event: 9.064 GC heap before
{Heap before GC invocations=15 (full 3):
 PSYoungGen      total 190976K, used 12223K [0x00000000e0000000, 0x00000000ecb80000, 0x0000000100000000)
  eden space 175616K, 0% used [0x00000000e0000000,0x00000000e0000000,0x00000000eab80000)
  from space 15360K, 79% used [0x00000000ebb80000,0x00000000ec76fc88,0x00000000eca80000)
  to   space 16384K, 0% used [0x00000000eab80000,0x00000000eab80000,0x00000000ebb80000)
 ParOldGen       total 54272K, used 28975K [0x00000000a0000000, 0x00000000a3500000, 0x00000000e0000000)
  object space 54272K, 53% used [0x00000000a0000000,0x00000000a1c4bee8,0x00000000a3500000)
 Metaspace       used 57463K, capacity 59014K, committed 59160K, reserved 1099776K
  class space    used 7746K, capacity 8122K, committed 8240K, reserved 1048576K
Event: 9.374 GC heap after
Heap after GC invocations=15 (full 3):
 PSYoungGen      total 190976K, used 0K [0x00000000e0000000, 0x00000000ecb80000, 0x0000000100000000)
  eden space 175616K, 0% used [0x00000000e0000000,0x00000000e0000000,0x00000000eab80000)
  from space 15360K, 0% used [0x00000000ebb80000,0x00000000ebb80000,0x00000000eca80000)
  to   space 16384K, 0% used [0x00000000eab80000,0x00000000eab80000,0x00000000ebb80000)
 ParOldGen       total 90112K, used 34084K [0x00000000a0000000, 0x00000000a5800000, 0x00000000e0000000)
  object space 90112K, 37% used [0x00000000a0000000,0x00000000a2149360,0x00000000a5800000)
 Metaspace       used 57463K, capacity 59014K, committed 59160K, reserved 1099776K
  class space    used 7746K, capacity 8122K, committed 8240K, reserved 1048576K
}
Event: 11.889 GC heap before
{Heap before GC invocations=16 (full 3):
 PSYoungGen      total 190976K, used 175616K [0x00000000e0000000, 0x00000000ecb80000, 0x0000000100000000)
  eden space 175616K, 100% used [0x00000000e0000000,0x00000000eab80000,0x00000000eab80000)
  from space 15360K, 0% used [0x00000000ebb80000,0x00000000ebb80000,0x00000000eca80000)
  to   space 16384K, 0% used [0x00000000eab80000,0x00000000eab80000,0x00000000ebb80000)
 ParOldGen       total 90112K, used 34084K [0x00000000a0000000, 0x00000000a5800000, 0x00000000e0000000)
  object space 90112K, 37% used [0x00000000a0000000,0x00000000a2149360,0x00000000a5800000)
 Metaspace       used 61515K, capacity 63432K, committed 63512K, reserved 1103872K
  class space    used 8293K, capacity 8721K, committed 8752K, reserved 1048576K
Event: 11.920 GC heap after
Heap after GC invocations=16 (full 3):
 PSYoungGen      total 192000K, used 15103K [0x00000000e0000000, 0x00000000eee80000, 0x0000000100000000)
  eden space 175616K, 0% used [0x00000000e0000000,0x00000000e0000000,0x00000000eab80000)
  from space 16384K, 92% used [0x00000000eab80000,0x00000000eba3fca0,0x00000000ebb80000)
  to   space 18432K, 0% used [0x00000000edc80000,0x00000000edc80000,0x00000000eee80000)
 ParOldGen       total 90112K, used 34092K [0x00000000a0000000, 0x00000000a5800000, 0x00000000e0000000)
  object space 90112K, 37% used [0x00000000a0000000,0x00000000a214b360,0x00000000a5800000)
 Metaspace       used 61515K, capacity 63432K, committed 63512K, reserved 1103872K
  class space    used 8293K, capacity 8721K, committed 8752K, reserved 1048576K
}
Event: 76.623 GC heap before
{Heap before GC invocations=17 (full 3):
 PSYoungGen      total 192000K, used 190716K [0x00000000e0000000, 0x00000000eee80000, 0x0000000100000000)
  eden space 175616K, 99% used [0x00000000e0000000,0x00000000eab7f750,0x00000000eab80000)
  from space 16384K, 92% used [0x00000000eab80000,0x00000000eba3fca0,0x00000000ebb80000)
  to   space 18432K, 0% used [0x00000000edc80000,0x00000000edc80000,0x00000000eee80000)
 ParOldGen       total 90112K, used 34092K [0x00000000a0000000, 0x00000000a5800000, 0x00000000e0000000)
  object space 90112K, 37% used [0x00000000a0000000,0x00000000a214b360,0x00000000a5800000)
 Metaspace       used 67145K, capacity 69406K, committed 69528K, reserved 1110016K
  class space    used 8886K, capacity 9366K, committed 9392K, reserved 1048576K
Event: 76.668 GC heap after
Heap after GC invocations=17 (full 3):
 PSYoungGen      total 220160K, used 18428K [0x00000000e0000000, 0x00000000ef300000, 0x0000000100000000)
  eden space 201728K, 0% used [0x00000000e0000000,0x00000000e0000000,0x00000000ec500000)
  from space 18432K, 99% used [0x00000000edc80000,0x00000000eee7f090,0x00000000eee80000)
  to   space 23552K, 0% used [0x00000000ec500000,0x00000000ec500000,0x00000000edc00000)
 ParOldGen       total 90112K, used 40592K [0x00000000a0000000, 0x00000000a5800000, 0x00000000e0000000)
  object space 90112K, 45% used [0x00000000a0000000,0x00000000a27a4280,0x00000000a5800000)
 Metaspace       used 67145K, capacity 69406K, committed 69528K, reserved 1110016K
  class space    used 8886K, capacity 9366K, committed 9392K, reserved 1048576K
}
Event: 82.300 GC heap before
{Heap before GC invocations=18 (full 3):
 PSYoungGen      total 220160K, used 220156K [0x00000000e0000000, 0x00000000ef300000, 0x0000000100000000)
  eden space 201728K, 100% used [0x00000000e0000000,0x00000000ec500000,0x00000000ec500000)
  from space 18432K, 99% used [0x00000000edc80000,0x00000000eee7f090,0x00000000eee80000)
  to   space 23552K, 0% used [0x00000000ec500000,0x00000000ec500000,0x00000000edc00000)
 ParOldGen       total 90112K, used 40592K [0x00000000a0000000, 0x00000000a5800000, 0x00000000e0000000)
  object space 90112K, 45% used [0x00000000a0000000,0x00000000a27a4280,0x00000000a5800000)
 Metaspace       used 75096K, capacity 77702K, committed 77976K, reserved 1116160K
  class space    used 9776K, capacity 10340K, committed 10416K, reserved 1048576K
Event: 82.339 GC heap after
Heap after GC invocations=18 (full 3):
 PSYoungGen      total 225280K, used 21213K [0x00000000e0000000, 0x00000000ef300000, 0x0000000100000000)
  eden space 201728K, 0% used [0x00000000e0000000,0x00000000e0000000,0x00000000ec500000)
  from space 23552K, 90% used [0x00000000ec500000,0x00000000ed9b74c0,0x00000000edc00000)
  to   space 18432K, 0% used [0x00000000edc80000,0x00000000edc80000,0x00000000eee80000)
 ParOldGen       total 90112K, used 49312K [0x00000000a0000000, 0x00000000a5800000, 0x00000000e0000000)
  object space 90112K, 54% used [0x00000000a0000000,0x00000000a30280c0,0x00000000a5800000)
 Metaspace       used 75096K, capacity 77702K, committed 77976K, reserved 1116160K
  class space    used 9776K, capacity 10340K, committed 10416K, reserved 1048576K
}

