# JRE version: OpenJDK Runtime Environment (8.0_152-b01) (build 1.8.0_152-release-1343-b01)
# Java VM: OpenJDK 64-Bit Server VM (25.152-b01 mixed mode windows-amd64 compressed oops)
Heap:
 PSYoungGen      total 214528K, used 193151K [0x00000000e0000000, 0x00000000f0380000, 0x0000000100000000)
  eden space 174592K, 87% used [0x00000000e0000000,0x00000000e95a2040,0x00000000eaa80000)
  from space 39936K, 99% used [0x00000000ed280000,0x00000000ef97dde0,0x00000000ef980000)
  to   space 40960K, 0% used [0x00000000eaa80000,0x00000000eaa80000,0x00000000ed280000)
 ParOldGen       total 140800K, used 85886K [0x00000000a0000000, 0x00000000a8980000, 0x00000000e0000000)
  object space 140800K, 60% used [0x00000000a0000000,0x00000000a53df8a0,0x00000000a8980000)
 Metaspace       used 92874K, capacity 96510K, committed 96856K, reserved 1134592K
  class space    used 11566K, capacity 12277K, committed 12376K, reserved 1048576K
GC Heap History (10 events):
Event: 3286.415 GC heap before
{Heap before GC invocations=28 (full 4):
 PSYoungGen      total 215552K, used 206017K [0x00000000e0000000, 0x00000000f0380000, 0x0000000100000000)
  eden space 174592K, 100% used [0x00000000e0000000,0x00000000eaa80000,0x00000000eaa80000)
  from space 40960K, 76% used [0x00000000eaa80000,0x00000000ec930520,0x00000000ed280000)
  to   space 39936K, 0% used [0x00000000ed280000,0x00000000ed280000,0x00000000ef980000)
 ParOldGen       total 140800K, used 54142K [0x00000000a0000000, 0x00000000a8980000, 0x00000000e0000000)
  object space 140800K, 38% used [0x00000000a0000000,0x00000000a34df900,0x00000000a8980000)
 Metaspace       used 91455K, capacity 94978K, committed 95192K, reserved 1132544K
  class space    used 11421K, capacity 12119K, committed 12248K, reserved 1048576K
Event: 3286.500 GC heap after
Heap after GC invocations=28 (full 4):
 PSYoungGen      total 214528K, used 14928K [0x00000000e0000000, 0x00000000f0380000, 0x0000000100000000)
  eden space 174592K, 0% used [0x00000000e0000000,0x00000000e0000000,0x00000000eaa80000)
  from space 39936K, 37% used [0x00000000ed280000,0x00000000ee114260,0x00000000ef980000)
  to   space 40960K, 0% used [0x00000000eaa80000,0x00000000eaa80000,0x00000000ed280000)
 ParOldGen       total 140800K, used 69183K [0x00000000a0000000, 0x00000000a8980000, 0x00000000e0000000)
  object space 140800K, 49% used [0x00000000a0000000,0x00000000a438fc18,0x00000000a8980000)
 Metaspace       used 91455K, capacity 94978K, committed 95192K, reserved 1132544K
  class space    used 11421K, capacity 12119K, committed 12248K, reserved 1048576K
}
Event: 3287.753 GC heap before
{Heap before GC invocations=29 (full 4):
 PSYoungGen      total 214528K, used 189520K [0x00000000e0000000, 0x00000000f0380000, 0x0000000100000000)
  eden space 174592K, 100% used [0x00000000e0000000,0x00000000eaa80000,0x00000000eaa80000)
  from space 39936K, 37% used [0x00000000ed280000,0x00000000ee114260,0x00000000ef980000)
  to   space 40960K, 0% used [0x00000000eaa80000,0x00000000eaa80000,0x00000000ed280000)
 ParOldGen       total 140800K, used 69183K [0x00000000a0000000, 0x00000000a8980000, 0x00000000e0000000)
  object space 140800K, 49% used [0x00000000a0000000,0x00000000a438fc18,0x00000000a8980000)
 Metaspace       used 91494K, capacity 95110K, committed 95448K, reserved 1132544K
  class space    used 11421K, capacity 12119K, committed 12248K, reserved 1048576K
Event: 3287.787 GC heap after
Heap after GC invocations=29 (full 4):
 PSYoungGen      total 215552K, used 13427K [0x00000000e0000000, 0x00000000f0380000, 0x0000000100000000)
  eden space 174592K, 0% used [0x00000000e0000000,0x00000000e0000000,0x00000000eaa80000)
  from space 40960K, 32% used [0x00000000eaa80000,0x00000000eb79cfe8,0x00000000ed280000)
  to   space 39936K, 0% used [0x00000000ed280000,0x00000000ed280000,0x00000000ef980000)
 ParOldGen       total 140800K, used 73921K [0x00000000a0000000, 0x00000000a8980000, 0x00000000e0000000)
  object space 140800K, 52% used [0x00000000a0000000,0x00000000a48306e8,0x00000000a8980000)
 Metaspace       used 91494K, capacity 95110K, committed 95448K, reserved 1132544K
  class space    used 11421K, capacity 12119K, committed 12248K, reserved 1048576K
}
Event: 3288.901 GC heap before
{Heap before GC invocations=30 (full 4):
 PSYoungGen      total 215552K, used 187908K [0x00000000e0000000, 0x00000000f0380000, 0x0000000100000000)
  eden space 174592K, 99% used [0x00000000e0000000,0x00000000eaa64300,0x00000000eaa80000)
  from space 40960K, 32% used [0x00000000eaa80000,0x00000000eb79cfe8,0x00000000ed280000)
  to   space 39936K, 0% used [0x00000000ed280000,0x00000000ed280000,0x00000000ef980000)
 ParOldGen       total 140800K, used 73921K [0x00000000a0000000, 0x00000000a8980000, 0x00000000e0000000)
  object space 140800K, 52% used [0x00000000a0000000,0x00000000a48306e8,0x00000000a8980000)
 Metaspace       used 91571K, capacity 95136K, committed 95448K, reserved 1132544K
  class space    used 11423K, capacity 12122K, committed 12248K, reserved 1048576K
Event: 3288.915 GC heap after
Heap after GC invocations=30 (full 4):
 PSYoungGen      total 214528K, used 8759K [0x00000000e0000000, 0x00000000f0380000, 0x0000000100000000)
  eden space 174592K, 0% used [0x00000000e0000000,0x00000000e0000000,0x00000000eaa80000)
  from space 39936K, 21% used [0x00000000ed280000,0x00000000edb0dd98,0x00000000ef980000)
  to   space 40960K, 0% used [0x00000000eaa80000,0x00000000eaa80000,0x00000000ed280000)
 ParOldGen       total 140800K, used 78061K [0x00000000a0000000, 0x00000000a8980000, 0x00000000e0000000)
  object space 140800K, 55% used [0x00000000a0000000,0x00000000a4c3b710,0x00000000a8980000)
 Metaspace       used 91571K, capacity 95136K, committed 95448K, reserved 1132544K
  class space    used 11423K, capacity 12122K, committed 12248K, reserved 1048576K
}
Event: 3290.642 GC heap before
{Heap before GC invocations=31 (full 4):
 PSYoungGen      total 214528K, used 183351K [0x00000000e0000000, 0x00000000f0380000, 0x0000000100000000)
  eden space 174592K, 100% used [0x00000000e0000000,0x00000000eaa80000,0x00000000eaa80000)
  from space 39936K, 21% used [0x00000000ed280000,0x00000000edb0dd98,0x00000000ef980000)
  to   space 40960K, 0% used [0x00000000eaa80000,0x00000000eaa80000,0x00000000ed280000)
 ParOldGen       total 140800K, used 78061K [0x00000000a0000000, 0x00000000a8980000, 0x00000000e0000000)
  object space 140800K, 55% used [0x00000000a0000000,0x00000000a4c3b710,0x00000000a8980000)
 Metaspace       used 91910K, capacity 95460K, committed 95704K, reserved 1132544K
  class space    used 11456K, capacity 12158K, committed 12248K, reserved 1048576K
Event: 3290.653 GC heap after
Heap after GC invocations=31 (full 4):
 PSYoungGen      total 215552K, used 3356K [0x00000000e0000000, 0x00000000f0380000, 0x0000000100000000)
  eden space 174592K, 0% used [0x00000000e0000000,0x00000000e0000000,0x00000000eaa80000)
  from space 40960K, 8% used [0x00000000eaa80000,0x00000000eadc72d8,0x00000000ed280000)
  to   space 39936K, 0% used [0x00000000ed280000,0x00000000ed280000,0x00000000ef980000)
 ParOldGen       total 140800K, used 78313K [0x00000000a0000000, 0x00000000a8980000, 0x00000000e0000000)
  object space 140800K, 55% used [0x00000000a0000000,0x00000000a4c7a720,0x00000000a8980000)
 Metaspace       used 91910K, capacity 95460K, committed 95704K, reserved 1132544K
  class space    used 11456K, capacity 12158K, committed 12248K, reserved 1048576K
}
Event: 3292.436 GC heap before
{Heap before GC invocations=32 (full 4):
 PSYoungGen      total 215552K, used 177948K [0x00000000e0000000, 0x00000000f0380000, 0x0000000100000000)
  eden space 174592K, 100% used [0x00000000e0000000,0x00000000eaa80000,0x00000000eaa80000)
  from space 40960K, 8% used [0x00000000eaa80000,0x00000000eadc72d8,0x00000000ed280000)
  to   space 39936K, 0% used [0x00000000ed280000,0x00000000ed280000,0x00000000ef980000)
 ParOldGen       total 140800K, used 78313K [0x00000000a0000000, 0x00000000a8980000, 0x00000000e0000000)
  object space 140800K, 55% used [0x00000000a0000000,0x00000000a4c7a720,0x00000000a8980000)
 Metaspace       used 92736K, capacity 96364K, committed 96600K, reserved 1134592K
  class space    used 11562K, capacity 12272K, committed 12376K, reserved 1048576K
Event: 3292.485 GC heap after
Heap after GC invocations=32 (full 4):
 PSYoungGen      total 214528K, used 39927K [0x00000000e0000000, 0x00000000f0380000, 0x0000000100000000)
  eden space 174592K, 0% used [0x00000000e0000000,0x00000000e0000000,0x00000000eaa80000)
  from space 39936K, 99% used [0x00000000ed280000,0x00000000ef97dde0,0x00000000ef980000)
  to   space 40960K, 0% used [0x00000000eaa80000,0x00000000eaa80000,0x00000000ed280000)
 ParOldGen       total 140800K, used 85886K [0x00000000a0000000, 0x00000000a8980000, 0x00000000e0000000)
  object space 140800K, 60% used [0x00000000a0000000,0x00000000a53df8a0,0x00000000a8980000)
 Metaspace       used 92736K, capacity 96364K, committed 96600K, reserved 1134592K
  class space    used 11562K, capacity 12272K, committed 12376K, reserved 1048576K
}

