# JRE version: OpenJDK Runtime Environment (8.0_152-b01) (build 1.8.0_152-release-1343-b01)
# Java VM: OpenJDK 64-Bit Server VM (25.152-b01 mixed mode windows-amd64 compressed oops)
Heap:
 PSYoungGen      total 243200K, used 170631K [0x00000000e0000000, 0x00000000f2380000, 0x0000000100000000)
  eden space 200704K, 80% used [0x00000000e0000000,0x00000000e9de29b8,0x00000000ec400000)
  from space 42496K, 21% used [0x00000000ec400000,0x00000000eccbf328,0x00000000eed80000)
  to   space 40960K, 0% used [0x00000000efb80000,0x00000000efb80000,0x00000000f2380000)
 ParOldGen       total 101888K, used 42273K [0x00000000a0000000, 0x00000000a6380000, 0x00000000e0000000)
  object space 101888K, 41% used [0x00000000a0000000,0x00000000a29484f0,0x00000000a6380000)
 Metaspace       used 94140K, capacity 97774K, committed 99096K, reserved 1136640K
  class space    used 11757K, capacity 12441K, committed 12824K, reserved 1048576K
GC Heap History (10 events):
Event: 2103.404 GC heap before
{Heap before GC invocations=30 (full 5):
 PSYoungGen      total 203264K, used 171520K [0x00000000e0000000, 0x00000000f2100000, 0x0000000100000000)
  eden space 171520K, 100% used [0x00000000e0000000,0x00000000ea780000,0x00000000ea780000)
  from space 31744K, 0% used [0x00000000ed800000,0x00000000ed800000,0x00000000ef700000)
  to   space 49664K, 0% used [0x00000000ea780000,0x00000000ea780000,0x00000000ed800000)
 ParOldGen       total 101888K, used 42257K [0x00000000a0000000, 0x00000000a6380000, 0x00000000e0000000)
  object space 101888K, 41% used [0x00000000a0000000,0x00000000a29444f0,0x00000000a6380000)
 Metaspace       used 93458K, capacity 97046K, committed 98584K, reserved 1134592K
  class space    used 11700K, capacity 12388K, committed 12824K, reserved 1048576K
Event: 2103.415 GC heap after
Heap after GC invocations=30 (full 5):
 PSYoungGen      total 221184K, used 5328K [0x00000000e0000000, 0x00000000f1600000, 0x0000000100000000)
  eden space 171520K, 0% used [0x00000000e0000000,0x00000000e0000000,0x00000000ea780000)
  from space 49664K, 10% used [0x00000000ea780000,0x00000000eacb4030,0x00000000ed800000)
  to   space 48640K, 0% used [0x00000000ee680000,0x00000000ee680000,0x00000000f1600000)
 ParOldGen       total 101888K, used 42265K [0x00000000a0000000, 0x00000000a6380000, 0x00000000e0000000)
  object space 101888K, 41% used [0x00000000a0000000,0x00000000a29464f0,0x00000000a6380000)
 Metaspace       used 93458K, capacity 97046K, committed 98584K, reserved 1134592K
  class space    used 11700K, capacity 12388K, committed 12824K, reserved 1048576K
}
Event: 2122.366 GC heap before
{Heap before GC invocations=31 (full 5):
 PSYoungGen      total 221184K, used 176848K [0x00000000e0000000, 0x00000000f1600000, 0x0000000100000000)
  eden space 171520K, 100% used [0x00000000e0000000,0x00000000ea780000,0x00000000ea780000)
  from space 49664K, 10% used [0x00000000ea780000,0x00000000eacb4030,0x00000000ed800000)
  to   space 48640K, 0% used [0x00000000ee680000,0x00000000ee680000,0x00000000f1600000)
 ParOldGen       total 101888K, used 42265K [0x00000000a0000000, 0x00000000a6380000, 0x00000000e0000000)
  object space 101888K, 41% used [0x00000000a0000000,0x00000000a29464f0,0x00000000a6380000)
 Metaspace       used 93926K, capacity 97612K, committed 99096K, reserved 1136640K
  class space    used 11749K, capacity 12438K, committed 12824K, reserved 1048576K
Event: 2122.390 GC heap after
Heap after GC invocations=31 (full 5):
 PSYoungGen      total 227840K, used 9465K [0x00000000e0000000, 0x00000000f1080000, 0x0000000100000000)
  eden space 184832K, 0% used [0x00000000e0000000,0x00000000e0000000,0x00000000eb480000)
  from space 43008K, 22% used [0x00000000ee680000,0x00000000eefbe7e0,0x00000000f1080000)
  to   space 47104K, 0% used [0x00000000eb480000,0x00000000eb480000,0x00000000ee280000)
 ParOldGen       total 101888K, used 42265K [0x00000000a0000000, 0x00000000a6380000, 0x00000000e0000000)
  object space 101888K, 41% used [0x00000000a0000000,0x00000000a29464f0,0x00000000a6380000)
 Metaspace       used 93926K, capacity 97612K, committed 99096K, reserved 1136640K
  class space    used 11749K, capacity 12438K, committed 12824K, reserved 1048576K
}
Event: 2124.719 GC heap before
{Heap before GC invocations=32 (full 5):
 PSYoungGen      total 227840K, used 194297K [0x00000000e0000000, 0x00000000f1080000, 0x0000000100000000)
  eden space 184832K, 100% used [0x00000000e0000000,0x00000000eb480000,0x00000000eb480000)
  from space 43008K, 22% used [0x00000000ee680000,0x00000000eefbe7e0,0x00000000f1080000)
  to   space 47104K, 0% used [0x00000000eb480000,0x00000000eb480000,0x00000000ee280000)
 ParOldGen       total 101888K, used 42265K [0x00000000a0000000, 0x00000000a6380000, 0x00000000e0000000)
  object space 101888K, 41% used [0x00000000a0000000,0x00000000a29464f0,0x00000000a6380000)
 Metaspace       used 93995K, capacity 97616K, committed 99096K, reserved 1136640K
  class space    used 11750K, capacity 12438K, committed 12824K, reserved 1048576K
Event: 2124.750 GC heap after
Heap after GC invocations=32 (full 5):
 PSYoungGen      total 231936K, used 15386K [0x00000000e0000000, 0x00000000f1a00000, 0x0000000100000000)
  eden space 184832K, 0% used [0x00000000e0000000,0x00000000e0000000,0x00000000eb480000)
  from space 47104K, 32% used [0x00000000eb480000,0x00000000ec386a18,0x00000000ee280000)
  to   space 44544K, 0% used [0x00000000eee80000,0x00000000eee80000,0x00000000f1a00000)
 ParOldGen       total 101888K, used 42265K [0x00000000a0000000, 0x00000000a6380000, 0x00000000e0000000)
  object space 101888K, 41% used [0x00000000a0000000,0x00000000a29464f0,0x00000000a6380000)
 Metaspace       used 93995K, capacity 97616K, committed 99096K, reserved 1136640K
  class space    used 11750K, capacity 12438K, committed 12824K, reserved 1048576K
}
Event: 2125.881 GC heap before
{Heap before GC invocations=33 (full 5):
 PSYoungGen      total 231936K, used 200218K [0x00000000e0000000, 0x00000000f1a00000, 0x0000000100000000)
  eden space 184832K, 100% used [0x00000000e0000000,0x00000000eb480000,0x00000000eb480000)
  from space 47104K, 32% used [0x00000000eb480000,0x00000000ec386a18,0x00000000ee280000)
  to   space 44544K, 0% used [0x00000000eee80000,0x00000000eee80000,0x00000000f1a00000)
 ParOldGen       total 101888K, used 42265K [0x00000000a0000000, 0x00000000a6380000, 0x00000000e0000000)
  object space 101888K, 41% used [0x00000000a0000000,0x00000000a29464f0,0x00000000a6380000)
 Metaspace       used 94015K, capacity 97680K, committed 99096K, reserved 1136640K
  class space    used 11750K, capacity 12438K, committed 12824K, reserved 1048576K
Event: 2125.902 GC heap after
Heap after GC invocations=33 (full 5):
 PSYoungGen      total 242176K, used 13803K [0x00000000e0000000, 0x00000000f1700000, 0x0000000100000000)
  eden space 200704K, 0% used [0x00000000e0000000,0x00000000e0000000,0x00000000ec400000)
  from space 41472K, 33% used [0x00000000eee80000,0x00000000efbface0,0x00000000f1700000)
  to   space 42496K, 0% used [0x00000000ec400000,0x00000000ec400000,0x00000000eed80000)
 ParOldGen       total 101888K, used 42273K [0x00000000a0000000, 0x00000000a6380000, 0x00000000e0000000)
  object space 101888K, 41% used [0x00000000a0000000,0x00000000a29484f0,0x00000000a6380000)
 Metaspace       used 94015K, capacity 97680K, committed 99096K, reserved 1136640K
  class space    used 11750K, capacity 12438K, committed 12824K, reserved 1048576K
}
Event: 2129.413 GC heap before
{Heap before GC invocations=34 (full 5):
 PSYoungGen      total 242176K, used 214507K [0x00000000e0000000, 0x00000000f1700000, 0x0000000100000000)
  eden space 200704K, 100% used [0x00000000e0000000,0x00000000ec400000,0x00000000ec400000)
  from space 41472K, 33% used [0x00000000eee80000,0x00000000efbface0,0x00000000f1700000)
  to   space 42496K, 0% used [0x00000000ec400000,0x00000000ec400000,0x00000000eed80000)
 ParOldGen       total 101888K, used 42273K [0x00000000a0000000, 0x00000000a6380000, 0x00000000e0000000)
  object space 101888K, 41% used [0x00000000a0000000,0x00000000a29484f0,0x00000000a6380000)
 Metaspace       used 94074K, capacity 97704K, committed 99096K, reserved 1136640K
  class space    used 11754K, capacity 12440K, committed 12824K, reserved 1048576K
Event: 2129.436 GC heap after
Heap after GC invocations=34 (full 5):
 PSYoungGen      total 243200K, used 8956K [0x00000000e0000000, 0x00000000f2380000, 0x0000000100000000)
  eden space 200704K, 0% used [0x00000000e0000000,0x00000000e0000000,0x00000000ec400000)
  from space 42496K, 21% used [0x00000000ec400000,0x00000000eccbf328,0x00000000eed80000)
  to   space 40960K, 0% used [0x00000000efb80000,0x00000000efb80000,0x00000000f2380000)
 ParOldGen       total 101888K, used 42273K [0x00000000a0000000, 0x00000000a6380000, 0x00000000e0000000)
  object space 101888K, 41% used [0x00000000a0000000,0x00000000a29484f0,0x00000000a6380000)
 Metaspace       used 94074K, capacity 97704K, committed 99096K, reserved 1136640K
  class space    used 11754K, capacity 12440K, committed 12824K, reserved 1048576K
}

