# JRE version: OpenJDK Runtime Environment (8.0_152-b01) (build 1.8.0_152-release-1343-b01)
# Java VM: OpenJDK 64-Bit Server VM (25.152-b01 mixed mode windows-amd64 compressed oops)
Heap:
 PSYoungGen      total 229888K, used 198505K [0x00000000e0000000, 0x00000000ef400000, 0x0000000100000000)
  eden space 218112K, 88% used [0x00000000e0000000,0x00000000ebd7b678,0x00000000ed500000)
  from space 11776K, 38% used [0x00000000ee880000,0x00000000eecdef80,0x00000000ef400000)
  to   space 15872K, 0% used [0x00000000ed500000,0x00000000ed500000,0x00000000ee480000)
 ParOldGen       total 73728K, used 60812K [0x00000000a0000000, 0x00000000a4800000, 0x00000000e0000000)
  object space 73728K, 82% used [0x00000000a0000000,0x00000000a3b63300,0x00000000a4800000)
 Metaspace       used 81580K, capacity 85382K, committed 85528K, reserved 1124352K
  class space    used 10606K, capacity 11281K, committed 11312K, reserved 1048576K
GC Heap History (10 events):
Event: 65.625 GC heap before
{Heap before GC invocations=29 (full 3):
 PSYoungGen      total 161280K, used 148902K [0x00000000e0000000, 0x00000000ec080000, 0x0000000100000000)
  eden space 142336K, 100% used [0x00000000e0000000,0x00000000e8b00000,0x00000000e8b00000)
  from space 18944K, 34% used [0x00000000e8b00000,0x00000000e9169998,0x00000000e9d80000)
  to   space 17920K, 0% used [0x00000000eaf00000,0x00000000eaf00000,0x00000000ec080000)
 ParOldGen       total 73728K, used 49653K [0x00000000a0000000, 0x00000000a4800000, 0x00000000e0000000)
  object space 73728K, 67% used [0x00000000a0000000,0x00000000a307d708,0x00000000a4800000)
 Metaspace       used 72613K, capacity 75764K, committed 76056K, reserved 1116160K
  class space    used 9580K, capacity 10184K, committed 10288K, reserved 1048576K
Event: 65.647 GC heap after
Heap after GC invocations=29 (full 3):
 PSYoungGen      total 178688K, used 11239K [0x00000000e0000000, 0x00000000ec580000, 0x0000000100000000)
  eden space 160768K, 0% used [0x00000000e0000000,0x00000000e0000000,0x00000000e9d00000)
  from space 17920K, 62% used [0x00000000eaf00000,0x00000000eb9f9f70,0x00000000ec080000)
  to   space 18432K, 0% used [0x00000000e9d00000,0x00000000e9d00000,0x00000000eaf00000)
 ParOldGen       total 73728K, used 49653K [0x00000000a0000000, 0x00000000a4800000, 0x00000000e0000000)
  object space 73728K, 67% used [0x00000000a0000000,0x00000000a307d708,0x00000000a4800000)
 Metaspace       used 72613K, capacity 75764K, committed 76056K, reserved 1116160K
  class space    used 9580K, capacity 10184K, committed 10288K, reserved 1048576K
}
Event: 66.409 GC heap before
{Heap before GC invocations=30 (full 3):
 PSYoungGen      total 178688K, used 172007K [0x00000000e0000000, 0x00000000ec580000, 0x0000000100000000)
  eden space 160768K, 100% used [0x00000000e0000000,0x00000000e9d00000,0x00000000e9d00000)
  from space 17920K, 62% used [0x00000000eaf00000,0x00000000eb9f9f70,0x00000000ec080000)
  to   space 18432K, 0% used [0x00000000e9d00000,0x00000000e9d00000,0x00000000eaf00000)
 ParOldGen       total 73728K, used 49653K [0x00000000a0000000, 0x00000000a4800000, 0x00000000e0000000)
  object space 73728K, 67% used [0x00000000a0000000,0x00000000a307d708,0x00000000a4800000)
 Metaspace       used 72799K, capacity 75928K, committed 76056K, reserved 1116160K
  class space    used 9583K, capacity 10188K, committed 10288K, reserved 1048576K
Event: 66.426 GC heap after
Heap after GC invocations=30 (full 3):
 PSYoungGen      total 179200K, used 7106K [0x00000000e0000000, 0x00000000eda00000, 0x0000000100000000)
  eden space 160768K, 0% used [0x00000000e0000000,0x00000000e0000000,0x00000000e9d00000)
  from space 18432K, 38% used [0x00000000e9d00000,0x00000000ea3f0aa0,0x00000000eaf00000)
  to   space 17408K, 0% used [0x00000000ec900000,0x00000000ec900000,0x00000000eda00000)
 ParOldGen       total 73728K, used 54615K [0x00000000a0000000, 0x00000000a4800000, 0x00000000e0000000)
  object space 73728K, 74% used [0x00000000a0000000,0x00000000a3555f98,0x00000000a4800000)
 Metaspace       used 72799K, capacity 75928K, committed 76056K, reserved 1116160K
  class space    used 9583K, capacity 10188K, committed 10288K, reserved 1048576K
}
Event: 67.130 GC heap before
{Heap before GC invocations=31 (full 3):
 PSYoungGen      total 179200K, used 167874K [0x00000000e0000000, 0x00000000eda00000, 0x0000000100000000)
  eden space 160768K, 100% used [0x00000000e0000000,0x00000000e9d00000,0x00000000e9d00000)
  from space 18432K, 38% used [0x00000000e9d00000,0x00000000ea3f0aa0,0x00000000eaf00000)
  to   space 17408K, 0% used [0x00000000ec900000,0x00000000ec900000,0x00000000eda00000)
 ParOldGen       total 73728K, used 54615K [0x00000000a0000000, 0x00000000a4800000, 0x00000000e0000000)
  object space 73728K, 74% used [0x00000000a0000000,0x00000000a3555f98,0x00000000a4800000)
 Metaspace       used 72860K, capacity 75992K, committed 76312K, reserved 1116160K
  class space    used 9583K, capacity 10188K, committed 10288K, reserved 1048576K
Event: 67.149 GC heap after
Heap after GC invocations=31 (full 3):
 PSYoungGen      total 206336K, used 7158K [0x00000000e0000000, 0x00000000ed980000, 0x0000000100000000)
  eden space 189440K, 0% used [0x00000000e0000000,0x00000000e0000000,0x00000000eb900000)
  from space 16896K, 42% used [0x00000000ec900000,0x00000000ecffdaa0,0x00000000ed980000)
  to   space 16384K, 0% used [0x00000000eb900000,0x00000000eb900000,0x00000000ec900000)
 ParOldGen       total 73728K, used 56699K [0x00000000a0000000, 0x00000000a4800000, 0x00000000e0000000)
  object space 73728K, 76% used [0x00000000a0000000,0x00000000a375eee8,0x00000000a4800000)
 Metaspace       used 72860K, capacity 75992K, committed 76312K, reserved 1116160K
  class space    used 9583K, capacity 10188K, committed 10288K, reserved 1048576K
}
Event: 68.594 GC heap before
{Heap before GC invocations=32 (full 3):
 PSYoungGen      total 206336K, used 196598K [0x00000000e0000000, 0x00000000ed980000, 0x0000000100000000)
  eden space 189440K, 100% used [0x00000000e0000000,0x00000000eb900000,0x00000000eb900000)
  from space 16896K, 42% used [0x00000000ec900000,0x00000000ecffdaa0,0x00000000ed980000)
  to   space 16384K, 0% used [0x00000000eb900000,0x00000000eb900000,0x00000000ec900000)
 ParOldGen       total 73728K, used 56699K [0x00000000a0000000, 0x00000000a4800000, 0x00000000e0000000)
  object space 73728K, 76% used [0x00000000a0000000,0x00000000a375eee8,0x00000000a4800000)
 Metaspace       used 73111K, capacity 76278K, committed 76568K, reserved 1116160K
  class space    used 9598K, capacity 10193K, committed 10288K, reserved 1048576K
Event: 68.611 GC heap after
Heap after GC invocations=32 (full 3):
 PSYoungGen      total 205824K, used 4822K [0x00000000e0000000, 0x00000000ef880000, 0x0000000100000000)
  eden space 189440K, 0% used [0x00000000e0000000,0x00000000e0000000,0x00000000eb900000)
  from space 16384K, 29% used [0x00000000eb900000,0x00000000ebdb5aa0,0x00000000ec900000)
  to   space 16384K, 0% used [0x00000000ee880000,0x00000000ee880000,0x00000000ef880000)
 ParOldGen       total 73728K, used 58655K [0x00000000a0000000, 0x00000000a4800000, 0x00000000e0000000)
  object space 73728K, 79% used [0x00000000a0000000,0x00000000a3947cc8,0x00000000a4800000)
 Metaspace       used 73111K, capacity 76278K, committed 76568K, reserved 1116160K
  class space    used 9598K, capacity 10193K, committed 10288K, reserved 1048576K
}
Event: 77.858 GC heap before
{Heap before GC invocations=33 (full 3):
 PSYoungGen      total 205824K, used 194262K [0x00000000e0000000, 0x00000000ef880000, 0x0000000100000000)
  eden space 189440K, 100% used [0x00000000e0000000,0x00000000eb900000,0x00000000eb900000)
  from space 16384K, 29% used [0x00000000eb900000,0x00000000ebdb5aa0,0x00000000ec900000)
  to   space 16384K, 0% used [0x00000000ee880000,0x00000000ee880000,0x00000000ef880000)
 ParOldGen       total 73728K, used 58655K [0x00000000a0000000, 0x00000000a4800000, 0x00000000e0000000)
  object space 73728K, 79% used [0x00000000a0000000,0x00000000a3947cc8,0x00000000a4800000)
 Metaspace       used 75773K, capacity 79258K, committed 79512K, reserved 1118208K
  class space    used 9989K, capacity 10643K, committed 10672K, reserved 1048576K
Event: 77.869 GC heap after
Heap after GC invocations=33 (full 3):
 PSYoungGen      total 229888K, used 4475K [0x00000000e0000000, 0x00000000ef400000, 0x0000000100000000)
  eden space 218112K, 0% used [0x00000000e0000000,0x00000000e0000000,0x00000000ed500000)
  from space 11776K, 38% used [0x00000000ee880000,0x00000000eecdef80,0x00000000ef400000)
  to   space 15872K, 0% used [0x00000000ed500000,0x00000000ed500000,0x00000000ee480000)
 ParOldGen       total 73728K, used 60812K [0x00000000a0000000, 0x00000000a4800000, 0x00000000e0000000)
  object space 73728K, 82% used [0x00000000a0000000,0x00000000a3b63300,0x00000000a4800000)
 Metaspace       used 75773K, capacity 79258K, committed 79512K, reserved 1118208K
  class space    used 9989K, capacity 10643K, committed 10672K, reserved 1048576K
}

