# JRE version: OpenJDK Runtime Environment (8.0_152-b01) (build 1.8.0_152-release-1343-b01)
# Java VM: OpenJDK 64-Bit Server VM (25.152-b01 mixed mode windows-amd64 compressed oops)
Heap:
 PSYoungGen      total 206848K, used 130027K [0x00000000e0000000, 0x00000000ef200000, 0x0000000100000000)
  eden space 166912K, 65% used [0x00000000e0000000,0x00000000e69fda68,0x00000000ea300000)
  from space 39936K, 53% used [0x00000000ec980000,0x00000000ede7d298,0x00000000ef080000)
  to   space 39424K, 0% used [0x00000000ea300000,0x00000000ea300000,0x00000000ec980000)
 ParOldGen       total 99328K, used 73800K [0x00000000a0000000, 0x00000000a6100000, 0x00000000e0000000)
  object space 99328K, 74% used [0x00000000a0000000,0x00000000a48121e8,0x00000000a6100000)
 Metaspace       used 91063K, capacity 95288K, committed 95384K, reserved 1132544K
  class space    used 11550K, capacity 12384K, committed 12440K, reserved 1048576K
GC Heap History (10 events):
Event: 1297.772 GC heap before
{Heap before GC invocations=21 (full 3):
 PSYoungGen      total 185856K, used 185515K [0x00000000e0000000, 0x00000000ed680000, 0x0000000100000000)
  eden space 162304K, 100% used [0x00000000e0000000,0x00000000e9e80000,0x00000000e9e80000)
  from space 23552K, 98% used [0x00000000eb900000,0x00000000ecfaaec0,0x00000000ed000000)
  to   space 6656K, 0% used [0x00000000ed000000,0x00000000ed000000,0x00000000ed680000)
 ParOldGen       total 99328K, used 28678K [0x00000000a0000000, 0x00000000a6100000, 0x00000000e0000000)
  object space 99328K, 28% used [0x00000000a0000000,0x00000000a1c01ac0,0x00000000a6100000)
 Metaspace       used 78612K, capacity 81422K, committed 81688K, reserved 1120256K
  class space    used 10093K, capacity 10690K, committed 10776K, reserved 1048576K
Event: 1297.875 GC heap after
Heap after GC invocations=21 (full 3):
 PSYoungGen      total 163328K, used 6639K [0x00000000e0000000, 0x00000000ee800000, 0x0000000100000000)
  eden space 156672K, 0% used [0x00000000e0000000,0x00000000e0000000,0x00000000e9900000)
  from space 6656K, 99% used [0x00000000ed000000,0x00000000ed67bd88,0x00000000ed680000)
  to   space 40448K, 0% used [0x00000000e9900000,0x00000000e9900000,0x00000000ec080000)
 ParOldGen       total 99328K, used 73056K [0x00000000a0000000, 0x00000000a6100000, 0x00000000e0000000)
  object space 99328K, 73% used [0x00000000a0000000,0x00000000a47581c8,0x00000000a6100000)
 Metaspace       used 78612K, capacity 81422K, committed 81688K, reserved 1120256K
  class space    used 10093K, capacity 10690K, committed 10776K, reserved 1048576K
}
Event: 1308.477 GC heap before
{Heap before GC invocations=22 (full 3):
 PSYoungGen      total 163328K, used 163311K [0x00000000e0000000, 0x00000000ee800000, 0x0000000100000000)
  eden space 156672K, 100% used [0x00000000e0000000,0x00000000e9900000,0x00000000e9900000)
  from space 6656K, 99% used [0x00000000ed000000,0x00000000ed67bd88,0x00000000ed680000)
  to   space 40448K, 0% used [0x00000000e9900000,0x00000000e9900000,0x00000000ec080000)
 ParOldGen       total 99328K, used 73056K [0x00000000a0000000, 0x00000000a6100000, 0x00000000e0000000)
  object space 99328K, 73% used [0x00000000a0000000,0x00000000a47581c8,0x00000000a6100000)
 Metaspace       used 81750K, capacity 84848K, committed 85144K, reserved 1124352K
  class space    used 10426K, capacity 11099K, committed 11160K, reserved 1048576K
Event: 1308.504 GC heap after
Heap after GC invocations=22 (full 3):
 PSYoungGen      total 167936K, used 16289K [0x00000000e0000000, 0x00000000edf00000, 0x0000000100000000)
  eden space 151552K, 0% used [0x00000000e0000000,0x00000000e0000000,0x00000000e9400000)
  from space 16384K, 99% used [0x00000000e9900000,0x00000000ea8e8570,0x00000000ea900000)
  to   space 38400K, 0% used [0x00000000eb980000,0x00000000eb980000,0x00000000edf00000)
 ParOldGen       total 99328K, used 73776K [0x00000000a0000000, 0x00000000a6100000, 0x00000000e0000000)
  object space 99328K, 74% used [0x00000000a0000000,0x00000000a480c1e8,0x00000000a6100000)
 Metaspace       used 81750K, capacity 84848K, committed 85144K, reserved 1124352K
  class space    used 10426K, capacity 11099K, committed 11160K, reserved 1048576K
}
Event: 1313.709 GC heap before
{Heap before GC invocations=23 (full 3):
 PSYoungGen      total 167936K, used 167841K [0x00000000e0000000, 0x00000000edf00000, 0x0000000100000000)
  eden space 151552K, 100% used [0x00000000e0000000,0x00000000e9400000,0x00000000e9400000)
  from space 16384K, 99% used [0x00000000e9900000,0x00000000ea8e8570,0x00000000ea900000)
  to   space 38400K, 0% used [0x00000000eb980000,0x00000000eb980000,0x00000000edf00000)
 ParOldGen       total 99328K, used 73776K [0x00000000a0000000, 0x00000000a6100000, 0x00000000e0000000)
  object space 99328K, 74% used [0x00000000a0000000,0x00000000a480c1e8,0x00000000a6100000)
 Metaspace       used 90123K, capacity 94348K, committed 94616K, reserved 1132544K
  class space    used 11526K, capacity 12350K, committed 12440K, reserved 1048576K
Event: 1313.741 GC heap after
Heap after GC invocations=23 (full 3):
 PSYoungGen      total 183808K, used 27440K [0x00000000e0000000, 0x00000000ede00000, 0x0000000100000000)
  eden space 146432K, 0% used [0x00000000e0000000,0x00000000e0000000,0x00000000e8f00000)
  from space 37376K, 73% used [0x00000000eb980000,0x00000000ed44c0e0,0x00000000ede00000)
  to   space 40448K, 0% used [0x00000000e8f00000,0x00000000e8f00000,0x00000000eb680000)
 ParOldGen       total 99328K, used 73784K [0x00000000a0000000, 0x00000000a6100000, 0x00000000e0000000)
  object space 99328K, 74% used [0x00000000a0000000,0x00000000a480e1e8,0x00000000a6100000)
 Metaspace       used 90123K, capacity 94348K, committed 94616K, reserved 1132544K
  class space    used 11526K, capacity 12350K, committed 12440K, reserved 1048576K
}
Event: 1315.381 GC heap before
{Heap before GC invocations=24 (full 3):
 PSYoungGen      total 183808K, used 173872K [0x00000000e0000000, 0x00000000ede00000, 0x0000000100000000)
  eden space 146432K, 100% used [0x00000000e0000000,0x00000000e8f00000,0x00000000e8f00000)
  from space 37376K, 73% used [0x00000000eb980000,0x00000000ed44c0e0,0x00000000ede00000)
  to   space 40448K, 0% used [0x00000000e8f00000,0x00000000e8f00000,0x00000000eb680000)
 ParOldGen       total 99328K, used 73784K [0x00000000a0000000, 0x00000000a6100000, 0x00000000e0000000)
  object space 99328K, 74% used [0x00000000a0000000,0x00000000a480e1e8,0x00000000a6100000)
 Metaspace       used 90876K, capacity 95130K, committed 95384K, reserved 1132544K
  class space    used 11548K, capacity 12383K, committed 12440K, reserved 1048576K
Event: 1315.457 GC heap after
Heap after GC invocations=24 (full 3):
 PSYoungGen      total 186880K, used 21411K [0x00000000e0000000, 0x00000000ef080000, 0x0000000100000000)
  eden space 146432K, 0% used [0x00000000e0000000,0x00000000e0000000,0x00000000e8f00000)
  from space 40448K, 52% used [0x00000000e8f00000,0x00000000ea3e8c00,0x00000000eb680000)
  to   space 39936K, 0% used [0x00000000ec980000,0x00000000ec980000,0x00000000ef080000)
 ParOldGen       total 99328K, used 73792K [0x00000000a0000000, 0x00000000a6100000, 0x00000000e0000000)
  object space 99328K, 74% used [0x00000000a0000000,0x00000000a48101e8,0x00000000a6100000)
 Metaspace       used 90876K, capacity 95130K, committed 95384K, reserved 1132544K
  class space    used 11548K, capacity 12383K, committed 12440K, reserved 1048576K
}
Event: 1316.746 GC heap before
{Heap before GC invocations=25 (full 3):
 PSYoungGen      total 186880K, used 167843K [0x00000000e0000000, 0x00000000ef080000, 0x0000000100000000)
  eden space 146432K, 100% used [0x00000000e0000000,0x00000000e8f00000,0x00000000e8f00000)
  from space 40448K, 52% used [0x00000000e8f00000,0x00000000ea3e8c00,0x00000000eb680000)
  to   space 39936K, 0% used [0x00000000ec980000,0x00000000ec980000,0x00000000ef080000)
 ParOldGen       total 99328K, used 73792K [0x00000000a0000000, 0x00000000a6100000, 0x00000000e0000000)
  object space 99328K, 74% used [0x00000000a0000000,0x00000000a48101e8,0x00000000a6100000)
 Metaspace       used 90990K, capacity 95212K, committed 95384K, reserved 1132544K
  class space    used 11550K, capacity 12384K, committed 12440K, reserved 1048576K
Event: 1316.784 GC heap after
Heap after GC invocations=25 (full 3):
 PSYoungGen      total 206848K, used 21492K [0x00000000e0000000, 0x00000000ef200000, 0x0000000100000000)
  eden space 166912K, 0% used [0x00000000e0000000,0x00000000e0000000,0x00000000ea300000)
  from space 39936K, 53% used [0x00000000ec980000,0x00000000ede7d298,0x00000000ef080000)
  to   space 39424K, 0% used [0x00000000ea300000,0x00000000ea300000,0x00000000ec980000)
 ParOldGen       total 99328K, used 73800K [0x00000000a0000000, 0x00000000a6100000, 0x00000000e0000000)
  object space 99328K, 74% used [0x00000000a0000000,0x00000000a48121e8,0x00000000a6100000)
 Metaspace       used 90990K, capacity 95212K, committed 95384K, reserved 1132544K
  class space    used 11550K, capacity 12384K, committed 12440K, reserved 1048576K
}

