# JRE version: OpenJDK Runtime Environment (8.0_152-b01) (build 1.8.0_152-release-1343-b01)
# Java VM: OpenJDK 64-Bit Server VM (25.152-b01 mixed mode windows-amd64 compressed oops)
Heap:
 PSYoungGen      total 147968K, used 88124K [0x00000000e0000000, 0x00000000ea800000, 0x0000000100000000)
  eden space 135680K, 55% used [0x00000000e0000000,0x00000000e4a11a38,0x00000000e8480000)
  from space 12288K, 99% used [0x00000000e8480000,0x00000000e907d6c8,0x00000000e9080000)
  to   space 14336K, 0% used [0x00000000e9a00000,0x00000000e9a00000,0x00000000ea800000)
 ParOldGen       total 80896K, used 33891K [0x00000000a0000000, 0x00000000a4f00000, 0x00000000e0000000)
  object space 80896K, 41% used [0x00000000a0000000,0x00000000a2118d68,0x00000000a4f00000)
 Metaspace       used 69508K, capacity 71544K, committed 71704K, reserved 1112064K
  class space    used 9223K, capacity 9675K, committed 9760K, reserved 1048576K
GC Heap History (10 events):
Event: 33.394 GC heap before
{Heap before GC invocations=16 (full 2):
 PSYoungGen      total 85504K, used 85480K [0x00000000e0000000, 0x00000000e7b80000, 0x0000000100000000)
  eden space 77824K, 100% used [0x00000000e0000000,0x00000000e4c00000,0x00000000e4c00000)
  from space 7680K, 99% used [0x00000000e4c00000,0x00000000e537a058,0x00000000e5380000)
  to   space 9728K, 0% used [0x00000000e7200000,0x00000000e7200000,0x00000000e7b80000)
 ParOldGen       total 51712K, used 20510K [0x00000000a0000000, 0x00000000a3280000, 0x00000000e0000000)
  object space 51712K, 39% used [0x00000000a0000000,0x00000000a1407b28,0x00000000a3280000)
 Metaspace       used 50314K, capacity 51378K, committed 51624K, reserved 1093632K
  class space    used 6762K, capacity 7054K, committed 7088K, reserved 1048576K
Event: 33.406 GC heap after
Heap after GC invocations=16 (full 2):
 PSYoungGen      total 112640K, used 7999K [0x00000000e0000000, 0x00000000e7a00000, 0x0000000100000000)
  eden space 104448K, 0% used [0x00000000e0000000,0x00000000e0000000,0x00000000e6600000)
  from space 8192K, 97% used [0x00000000e7200000,0x00000000e79cfef0,0x00000000e7a00000)
  to   space 10240K, 0% used [0x00000000e6600000,0x00000000e6600000,0x00000000e7000000)
 ParOldGen       total 51712K, used 25356K [0x00000000a0000000, 0x00000000a3280000, 0x00000000e0000000)
  object space 51712K, 49% used [0x00000000a0000000,0x00000000a18c3118,0x00000000a3280000)
 Metaspace       used 50314K, capacity 51378K, committed 51624K, reserved 1093632K
  class space    used 6762K, capacity 7054K, committed 7088K, reserved 1048576K
}
Event: 36.390 GC heap before
{Heap before GC invocations=17 (full 2):
 PSYoungGen      total 112640K, used 94248K [0x00000000e0000000, 0x00000000e7a00000, 0x0000000100000000)
  eden space 104448K, 82% used [0x00000000e0000000,0x00000000e543a170,0x00000000e6600000)
  from space 8192K, 97% used [0x00000000e7200000,0x00000000e79cfef0,0x00000000e7a00000)
  to   space 10240K, 0% used [0x00000000e6600000,0x00000000e6600000,0x00000000e7000000)
 ParOldGen       total 51712K, used 25356K [0x00000000a0000000, 0x00000000a3280000, 0x00000000e0000000)
  object space 51712K, 49% used [0x00000000a0000000,0x00000000a18c3118,0x00000000a3280000)
 Metaspace       used 57518K, capacity 59008K, committed 59160K, reserved 1099776K
  class space    used 7761K, capacity 8115K, committed 8224K, reserved 1048576K
Event: 36.410 GC heap after
Heap after GC invocations=17 (full 2):
 PSYoungGen      total 114688K, used 10128K [0x00000000e0000000, 0x00000000e9f00000, 0x0000000100000000)
  eden space 104448K, 0% used [0x00000000e0000000,0x00000000e0000000,0x00000000e6600000)
  from space 10240K, 98% used [0x00000000e6600000,0x00000000e6fe4090,0x00000000e7000000)
  to   space 11776K, 0% used [0x00000000e9380000,0x00000000e9380000,0x00000000e9f00000)
 ParOldGen       total 51712K, used 29210K [0x00000000a0000000, 0x00000000a3280000, 0x00000000e0000000)
  object space 51712K, 56% used [0x00000000a0000000,0x00000000a1c86bb8,0x00000000a3280000)
 Metaspace       used 57518K, capacity 59008K, committed 59160K, reserved 1099776K
  class space    used 7761K, capacity 8115K, committed 8224K, reserved 1048576K
}
Event: 36.410 GC heap before
{Heap before GC invocations=18 (full 3):
 PSYoungGen      total 114688K, used 10128K [0x00000000e0000000, 0x00000000e9f00000, 0x0000000100000000)
  eden space 104448K, 0% used [0x00000000e0000000,0x00000000e0000000,0x00000000e6600000)
  from space 10240K, 98% used [0x00000000e6600000,0x00000000e6fe4090,0x00000000e7000000)
  to   space 11776K, 0% used [0x00000000e9380000,0x00000000e9380000,0x00000000e9f00000)
 ParOldGen       total 51712K, used 29210K [0x00000000a0000000, 0x00000000a3280000, 0x00000000e0000000)
  object space 51712K, 56% used [0x00000000a0000000,0x00000000a1c86bb8,0x00000000a3280000)
 Metaspace       used 57518K, capacity 59008K, committed 59160K, reserved 1099776K
  class space    used 7761K, capacity 8115K, committed 8224K, reserved 1048576K
Event: 36.639 GC heap after
Heap after GC invocations=18 (full 3):
 PSYoungGen      total 114688K, used 0K [0x00000000e0000000, 0x00000000e9f00000, 0x0000000100000000)
  eden space 104448K, 0% used [0x00000000e0000000,0x00000000e0000000,0x00000000e6600000)
  from space 10240K, 0% used [0x00000000e6600000,0x00000000e6600000,0x00000000e7000000)
  to   space 11776K, 0% used [0x00000000e9380000,0x00000000e9380000,0x00000000e9f00000)
 ParOldGen       total 80896K, used 32451K [0x00000000a0000000, 0x00000000a4f00000, 0x00000000e0000000)
  object space 80896K, 40% used [0x00000000a0000000,0x00000000a1fb0cc8,0x00000000a4f00000)
 Metaspace       used 57518K, capacity 59008K, committed 59160K, reserved 1099776K
  class space    used 7761K, capacity 8115K, committed 8224K, reserved 1048576K
}
Event: 49.499 GC heap before
{Heap before GC invocations=19 (full 3):
 PSYoungGen      total 114688K, used 104448K [0x00000000e0000000, 0x00000000e9f00000, 0x0000000100000000)
  eden space 104448K, 100% used [0x00000000e0000000,0x00000000e6600000,0x00000000e6600000)
  from space 10240K, 0% used [0x00000000e6600000,0x00000000e6600000,0x00000000e7000000)
  to   space 11776K, 0% used [0x00000000e9380000,0x00000000e9380000,0x00000000e9f00000)
 ParOldGen       total 80896K, used 32451K [0x00000000a0000000, 0x00000000a4f00000, 0x00000000e0000000)
  object space 80896K, 40% used [0x00000000a0000000,0x00000000a1fb0cc8,0x00000000a4f00000)
 Metaspace       used 60967K, capacity 62872K, committed 63000K, reserved 1103872K
  class space    used 8253K, capacity 8711K, committed 8736K, reserved 1048576K
Event: 49.513 GC heap after
Heap after GC invocations=19 (full 3):
 PSYoungGen      total 136704K, used 9193K [0x00000000e0000000, 0x00000000e9c80000, 0x0000000100000000)
  eden space 127488K, 0% used [0x00000000e0000000,0x00000000e0000000,0x00000000e7c80000)
  from space 9216K, 99% used [0x00000000e9380000,0x00000000e9c7a5d8,0x00000000e9c80000)
  to   space 12288K, 0% used [0x00000000e8480000,0x00000000e8480000,0x00000000e9080000)
 ParOldGen       total 80896K, used 32459K [0x00000000a0000000, 0x00000000a4f00000, 0x00000000e0000000)
  object space 80896K, 40% used [0x00000000a0000000,0x00000000a1fb2cc8,0x00000000a4f00000)
 Metaspace       used 60967K, capacity 62872K, committed 63000K, reserved 1103872K
  class space    used 8253K, capacity 8711K, committed 8736K, reserved 1048576K
}
Event: 77.506 GC heap before
{Heap before GC invocations=20 (full 3):
 PSYoungGen      total 136704K, used 136681K [0x00000000e0000000, 0x00000000e9c80000, 0x0000000100000000)
  eden space 127488K, 100% used [0x00000000e0000000,0x00000000e7c80000,0x00000000e7c80000)
  from space 9216K, 99% used [0x00000000e9380000,0x00000000e9c7a5d8,0x00000000e9c80000)
  to   space 12288K, 0% used [0x00000000e8480000,0x00000000e8480000,0x00000000e9080000)
 ParOldGen       total 80896K, used 32459K [0x00000000a0000000, 0x00000000a4f00000, 0x00000000e0000000)
  object space 80896K, 40% used [0x00000000a0000000,0x00000000a1fb2cc8,0x00000000a4f00000)
 Metaspace       used 64535K, capacity 66516K, committed 66840K, reserved 1107968K
  class space    used 8659K, capacity 9127K, committed 9248K, reserved 1048576K
Event: 77.526 GC heap after
Heap after GC invocations=20 (full 3):
 PSYoungGen      total 147968K, used 12277K [0x00000000e0000000, 0x00000000ea800000, 0x0000000100000000)
  eden space 135680K, 0% used [0x00000000e0000000,0x00000000e0000000,0x00000000e8480000)
  from space 12288K, 99% used [0x00000000e8480000,0x00000000e907d6c8,0x00000000e9080000)
  to   space 14336K, 0% used [0x00000000e9a00000,0x00000000e9a00000,0x00000000ea800000)
 ParOldGen       total 80896K, used 33891K [0x00000000a0000000, 0x00000000a4f00000, 0x00000000e0000000)
  object space 80896K, 41% used [0x00000000a0000000,0x00000000a2118d68,0x00000000a4f00000)
 Metaspace       used 64535K, capacity 66516K, committed 66840K, reserved 1107968K
  class space    used 8659K, capacity 9127K, committed 9248K, reserved 1048576K
}

