# JRE version: OpenJDK Runtime Environment (8.0_152-b01) (build 1.8.0_152-release-1343-b01)
# Java VM: OpenJDK 64-Bit Server VM (25.152-b01 mixed mode windows-amd64 compressed oops)
Heap:
 PSYoungGen      total 220672K, used 185803K [0x00000000e0000000, 0x00000000f3800000, 0x0000000100000000)
  eden space 203776K, 91% used [0x00000000e0000000,0x00000000eb572e88,0x00000000ec700000)
  from space 16896K, 0% used [0x00000000eec80000,0x00000000eec80000,0x00000000efd00000)
  to   space 38400K, 0% used [0x00000000ec700000,0x00000000ec700000,0x00000000eec80000)
 ParOldGen       total 84992K, used 44879K [0x00000000a0000000, 0x00000000a5300000, 0x00000000e0000000)
  object space 84992K, 52% used [0x00000000a0000000,0x00000000a2bd3eb0,0x00000000a5300000)
 Metaspace       used 74990K, capacity 77756K, committed 77848K, reserved 1116160K
  class space    used 9921K, capacity 10481K, committed 10544K, reserved 1048576K
GC Heap History (10 events):
Event: 22.333 GC heap before
{Heap before GC invocations=18 (full 3):
 PSYoungGen      total 195072K, used 182272K [0x00000000e0000000, 0x00000000ecf00000, 0x0000000100000000)
  eden space 182272K, 100% used [0x00000000e0000000,0x00000000eb200000,0x00000000eb200000)
  from space 12800K, 0% used [0x00000000ec200000,0x00000000ec200000,0x00000000ece80000)
  to   space 14848K, 0% used [0x00000000eb200000,0x00000000eb200000,0x00000000ec080000)
 ParOldGen       total 79872K, used 34119K [0x00000000a0000000, 0x00000000a4e00000, 0x00000000e0000000)
  object space 79872K, 42% used [0x00000000a0000000,0x00000000a2151ce0,0x00000000a4e00000)
 Metaspace       used 61422K, capacity 63396K, committed 63512K, reserved 1103872K
  class space    used 8284K, capacity 8703K, committed 8752K, reserved 1048576K
Event: 22.360 GC heap after
Heap after GC invocations=18 (full 3):
 PSYoungGen      total 197120K, used 14830K [0x00000000e0000000, 0x00000000efd00000, 0x0000000100000000)
  eden space 182272K, 0% used [0x00000000e0000000,0x00000000e0000000,0x00000000eb200000)
  from space 14848K, 99% used [0x00000000eb200000,0x00000000ec07b9a8,0x00000000ec080000)
  to   space 16896K, 0% used [0x00000000eec80000,0x00000000eec80000,0x00000000efd00000)
 ParOldGen       total 79872K, used 34761K [0x00000000a0000000, 0x00000000a4e00000, 0x00000000e0000000)
  object space 79872K, 43% used [0x00000000a0000000,0x00000000a21f2638,0x00000000a4e00000)
 Metaspace       used 61422K, capacity 63396K, committed 63512K, reserved 1103872K
  class space    used 8284K, capacity 8703K, committed 8752K, reserved 1048576K
}
Event: 24.126 GC heap before
{Heap before GC invocations=19 (full 3):
 PSYoungGen      total 197120K, used 197102K [0x00000000e0000000, 0x00000000efd00000, 0x0000000100000000)
  eden space 182272K, 100% used [0x00000000e0000000,0x00000000eb200000,0x00000000eb200000)
  from space 14848K, 99% used [0x00000000eb200000,0x00000000ec07b9a8,0x00000000ec080000)
  to   space 16896K, 0% used [0x00000000eec80000,0x00000000eec80000,0x00000000efd00000)
 ParOldGen       total 79872K, used 34761K [0x00000000a0000000, 0x00000000a4e00000, 0x00000000e0000000)
  object space 79872K, 43% used [0x00000000a0000000,0x00000000a21f2638,0x00000000a4e00000)
 Metaspace       used 65439K, capacity 67498K, committed 67736K, reserved 1107968K
  class space    used 8848K, capacity 9296K, committed 9392K, reserved 1048576K
Event: 24.213 GC heap after
Heap after GC invocations=19 (full 3):
 PSYoungGen      total 220672K, used 16873K [0x00000000e0000000, 0x00000000f3800000, 0x0000000100000000)
  eden space 203776K, 0% used [0x00000000e0000000,0x00000000e0000000,0x00000000ec700000)
  from space 16896K, 99% used [0x00000000eec80000,0x00000000efcfa5d8,0x00000000efd00000)
  to   space 38400K, 0% used [0x00000000ec700000,0x00000000ec700000,0x00000000eec80000)
 ParOldGen       total 84992K, used 84682K [0x00000000a0000000, 0x00000000a5300000, 0x00000000e0000000)
  object space 84992K, 99% used [0x00000000a0000000,0x00000000a52b29d8,0x00000000a5300000)
 Metaspace       used 65439K, capacity 67498K, committed 67736K, reserved 1107968K
  class space    used 8848K, capacity 9296K, committed 9392K, reserved 1048576K
}
Event: 24.213 GC heap before
{Heap before GC invocations=20 (full 4):
 PSYoungGen      total 220672K, used 16873K [0x00000000e0000000, 0x00000000f3800000, 0x0000000100000000)
  eden space 203776K, 0% used [0x00000000e0000000,0x00000000e0000000,0x00000000ec700000)
  from space 16896K, 99% used [0x00000000eec80000,0x00000000efcfa5d8,0x00000000efd00000)
  to   space 38400K, 0% used [0x00000000ec700000,0x00000000ec700000,0x00000000eec80000)
 ParOldGen       total 84992K, used 84682K [0x00000000a0000000, 0x00000000a5300000, 0x00000000e0000000)
  object space 84992K, 99% used [0x00000000a0000000,0x00000000a52b29d8,0x00000000a5300000)
 Metaspace       used 65439K, capacity 67498K, committed 67736K, reserved 1107968K
  class space    used 8848K, capacity 9296K, committed 9392K, reserved 1048576K
Event: 24.667 GC heap after
Heap after GC invocations=20 (full 4):
 PSYoungGen      total 220672K, used 7442K [0x00000000e0000000, 0x00000000f3800000, 0x0000000100000000)
  eden space 203776K, 0% used [0x00000000e0000000,0x00000000e0000000,0x00000000ec700000)
  from space 16896K, 44% used [0x00000000eec80000,0x00000000ef3c4b08,0x00000000efd00000)
  to   space 38400K, 0% used [0x00000000ec700000,0x00000000ec700000,0x00000000eec80000)
 ParOldGen       total 84992K, used 84866K [0x00000000a0000000, 0x00000000a5300000, 0x00000000e0000000)
  object space 84992K, 99% used [0x00000000a0000000,0x00000000a52e0a90,0x00000000a5300000)
 Metaspace       used 65428K, capacity 67466K, committed 67736K, reserved 1107968K
  class space    used 8845K, capacity 9290K, committed 9392K, reserved 1048576K
}
Event: 26.782 GC heap before
{Heap before GC invocations=21 (full 5):
 PSYoungGen      total 220672K, used 211218K [0x00000000e0000000, 0x00000000f3800000, 0x0000000100000000)
  eden space 203776K, 100% used [0x00000000e0000000,0x00000000ec700000,0x00000000ec700000)
  from space 16896K, 44% used [0x00000000eec80000,0x00000000ef3c4b08,0x00000000efd00000)
  to   space 38400K, 0% used [0x00000000ec700000,0x00000000ec700000,0x00000000eec80000)
 ParOldGen       total 84992K, used 84866K [0x00000000a0000000, 0x00000000a5300000, 0x00000000e0000000)
  object space 84992K, 99% used [0x00000000a0000000,0x00000000a52e0a90,0x00000000a5300000)
 Metaspace       used 67727K, capacity 70042K, committed 70296K, reserved 1110016K
  class space    used 9097K, capacity 9602K, committed 9648K, reserved 1048576K
Event: 27.007 GC heap after
Heap after GC invocations=21 (full 5):
 PSYoungGen      total 220672K, used 0K [0x00000000e0000000, 0x00000000f3800000, 0x0000000100000000)
  eden space 203776K, 0% used [0x00000000e0000000,0x00000000e0000000,0x00000000ec700000)
  from space 16896K, 0% used [0x00000000eec80000,0x00000000eec80000,0x00000000efd00000)
  to   space 38400K, 0% used [0x00000000ec700000,0x00000000ec700000,0x00000000eec80000)
 ParOldGen       total 84992K, used 68150K [0x00000000a0000000, 0x00000000a5300000, 0x00000000e0000000)
  object space 84992K, 80% used [0x00000000a0000000,0x00000000a428da78,0x00000000a5300000)
 Metaspace       used 67724K, capacity 70034K, committed 70296K, reserved 1110016K
  class space    used 9095K, capacity 9600K, committed 9648K, reserved 1048576K
}
Event: 28.947 GC heap before
{Heap before GC invocations=22 (full 6):
 PSYoungGen      total 220672K, used 203776K [0x00000000e0000000, 0x00000000f3800000, 0x0000000100000000)
  eden space 203776K, 100% used [0x00000000e0000000,0x00000000ec700000,0x00000000ec700000)
  from space 16896K, 0% used [0x00000000eec80000,0x00000000eec80000,0x00000000efd00000)
  to   space 38400K, 0% used [0x00000000ec700000,0x00000000ec700000,0x00000000eec80000)
 ParOldGen       total 84992K, used 68150K [0x00000000a0000000, 0x00000000a5300000, 0x00000000e0000000)
  object space 84992K, 80% used [0x00000000a0000000,0x00000000a428da78,0x00000000a5300000)
 Metaspace       used 67982K, capacity 70310K, committed 70552K, reserved 1110016K
  class space    used 9121K, capacity 9604K, committed 9648K, reserved 1048576K
Event: 29.061 GC heap after
Heap after GC invocations=22 (full 6):
 PSYoungGen      total 220672K, used 0K [0x00000000e0000000, 0x00000000f3800000, 0x0000000100000000)
  eden space 203776K, 0% used [0x00000000e0000000,0x00000000e0000000,0x00000000ec700000)
  from space 16896K, 0% used [0x00000000eec80000,0x00000000eec80000,0x00000000efd00000)
  to   space 38400K, 0% used [0x00000000ec700000,0x00000000ec700000,0x00000000eec80000)
 ParOldGen       total 84992K, used 44879K [0x00000000a0000000, 0x00000000a5300000, 0x00000000e0000000)
  object space 84992K, 52% used [0x00000000a0000000,0x00000000a2bd3eb0,0x00000000a5300000)
 Metaspace       used 67982K, capacity 70310K, committed 70552K, reserved 1110016K
  class space    used 9121K, capacity 9604K, committed 9648K, reserved 1048576K
}

