# JRE version: OpenJDK Runtime Environment (8.0_152-b01) (build 1.8.0_152-release-1343-b01)
# Java VM: OpenJDK 64-Bit Server VM (25.152-b01 mixed mode windows-amd64 compressed oops)
Heap:
 PSYoungGen      total 143360K, used 80653K [0x00000000e0000000, 0x00000000ead00000, 0x0000000100000000)
  eden space 131072K, 52% used [0x00000000e0000000,0x00000000e4373778,0x00000000e8000000)
  from space 12288K, 94% used [0x00000000e8000000,0x00000000e8b4ffb0,0x00000000e8c00000)
  to   space 13824K, 0% used [0x00000000e9f80000,0x00000000e9f80000,0x00000000ead00000)
 ParOldGen       total 78336K, used 32547K [0x00000000a0000000, 0x00000000a4c80000, 0x00000000e0000000)
  object space 78336K, 41% used [0x00000000a0000000,0x00000000a1fc8fe8,0x00000000a4c80000)
 Metaspace       used 65603K, capacity 67570K, committed 67608K, reserved 1110016K
  class space    used 8815K, capacity 9232K, committed 9264K, reserved 1048576K
GC Heap History (10 events):
Event: 11.165 GC heap before
{Heap before GC invocations=16 (full 2):
 PSYoungGen      total 81920K, used 75776K [0x00000000e0000000, 0x00000000e7800000, 0x0000000100000000)
  eden space 75776K, 100% used [0x00000000e0000000,0x00000000e4a00000,0x00000000e4a00000)
  from space 6144K, 0% used [0x00000000e4a00000,0x00000000e4a00000,0x00000000e5000000)
  to   space 7680K, 0% used [0x00000000e7080000,0x00000000e7080000,0x00000000e7800000)
 ParOldGen       total 50688K, used 18291K [0x00000000a0000000, 0x00000000a3180000, 0x00000000e0000000)
  object space 50688K, 36% used [0x00000000a0000000,0x00000000a11dcf78,0x00000000a3180000)
 Metaspace       used 43336K, capacity 44256K, committed 44584K, reserved 1087488K
  class space    used 5826K, capacity 6088K, committed 6192K, reserved 1048576K
Event: 11.180 GC heap after
Heap after GC invocations=16 (full 2):
 PSYoungGen      total 108544K, used 7669K [0x00000000e0000000, 0x00000000e7800000, 0x0000000100000000)
  eden space 100864K, 0% used [0x00000000e0000000,0x00000000e0000000,0x00000000e6280000)
  from space 7680K, 99% used [0x00000000e7080000,0x00000000e77fd410,0x00000000e7800000)
  to   space 10240K, 0% used [0x00000000e6400000,0x00000000e6400000,0x00000000e6e00000)
 ParOldGen       total 50688K, used 22603K [0x00000000a0000000, 0x00000000a3180000, 0x00000000e0000000)
  object space 50688K, 44% used [0x00000000a0000000,0x00000000a1612ee8,0x00000000a3180000)
 Metaspace       used 43336K, capacity 44256K, committed 44584K, reserved 1087488K
  class space    used 5826K, capacity 6088K, committed 6192K, reserved 1048576K
}
Event: 13.496 GC heap before
{Heap before GC invocations=17 (full 2):
 PSYoungGen      total 108544K, used 108533K [0x00000000e0000000, 0x00000000e7800000, 0x0000000100000000)
  eden space 100864K, 100% used [0x00000000e0000000,0x00000000e6280000,0x00000000e6280000)
  from space 7680K, 99% used [0x00000000e7080000,0x00000000e77fd410,0x00000000e7800000)
  to   space 10240K, 0% used [0x00000000e6400000,0x00000000e6400000,0x00000000e6e00000)
 ParOldGen       total 50688K, used 22603K [0x00000000a0000000, 0x00000000a3180000, 0x00000000e0000000)
  object space 50688K, 44% used [0x00000000a0000000,0x00000000a1612ee8,0x00000000a3180000)
 Metaspace       used 50251K, capacity 51338K, committed 51624K, reserved 1093632K
  class space    used 6733K, capacity 7022K, committed 7088K, reserved 1048576K
Event: 13.515 GC heap after
Heap after GC invocations=17 (full 2):
 PSYoungGen      total 112640K, used 8779K [0x00000000e0000000, 0x00000000e9700000, 0x0000000100000000)
  eden space 102400K, 0% used [0x00000000e0000000,0x00000000e0000000,0x00000000e6400000)
  from space 10240K, 85% used [0x00000000e6400000,0x00000000e6c92eb8,0x00000000e6e00000)
  to   space 11264K, 0% used [0x00000000e8c00000,0x00000000e8c00000,0x00000000e9700000)
 ParOldGen       total 50688K, used 27359K [0x00000000a0000000, 0x00000000a3180000, 0x00000000e0000000)
  object space 50688K, 53% used [0x00000000a0000000,0x00000000a1ab7ef0,0x00000000a3180000)
 Metaspace       used 50251K, capacity 51338K, committed 51624K, reserved 1093632K
  class space    used 6733K, capacity 7022K, committed 7088K, reserved 1048576K
}
Event: 14.869 GC heap before
{Heap before GC invocations=18 (full 2):
 PSYoungGen      total 112640K, used 91170K [0x00000000e0000000, 0x00000000e9700000, 0x0000000100000000)
  eden space 102400K, 80% used [0x00000000e0000000,0x00000000e5075a70,0x00000000e6400000)
  from space 10240K, 85% used [0x00000000e6400000,0x00000000e6c92eb8,0x00000000e6e00000)
  to   space 11264K, 0% used [0x00000000e8c00000,0x00000000e8c00000,0x00000000e9700000)
 ParOldGen       total 50688K, used 27359K [0x00000000a0000000, 0x00000000a3180000, 0x00000000e0000000)
  object space 50688K, 53% used [0x00000000a0000000,0x00000000a1ab7ef0,0x00000000a3180000)
 Metaspace       used 57483K, capacity 59010K, committed 59160K, reserved 1099776K
  class space    used 7754K, capacity 8122K, committed 8240K, reserved 1048576K
Event: 14.885 GC heap after
Heap after GC invocations=18 (full 2):
 PSYoungGen      total 142336K, used 10024K [0x00000000e0000000, 0x00000000e9a00000, 0x0000000100000000)
  eden space 131072K, 0% used [0x00000000e0000000,0x00000000e0000000,0x00000000e8000000)
  from space 11264K, 88% used [0x00000000e8c00000,0x00000000e95ca0a0,0x00000000e9700000)
  to   space 12288K, 0% used [0x00000000e8000000,0x00000000e8000000,0x00000000e8c00000)
 ParOldGen       total 50688K, used 31203K [0x00000000a0000000, 0x00000000a3180000, 0x00000000e0000000)
  object space 50688K, 61% used [0x00000000a0000000,0x00000000a1e78e20,0x00000000a3180000)
 Metaspace       used 57483K, capacity 59010K, committed 59160K, reserved 1099776K
  class space    used 7754K, capacity 8122K, committed 8240K, reserved 1048576K
}
Event: 14.885 GC heap before
{Heap before GC invocations=19 (full 3):
 PSYoungGen      total 142336K, used 10024K [0x00000000e0000000, 0x00000000e9a00000, 0x0000000100000000)
  eden space 131072K, 0% used [0x00000000e0000000,0x00000000e0000000,0x00000000e8000000)
  from space 11264K, 88% used [0x00000000e8c00000,0x00000000e95ca0a0,0x00000000e9700000)
  to   space 12288K, 0% used [0x00000000e8000000,0x00000000e8000000,0x00000000e8c00000)
 ParOldGen       total 50688K, used 31203K [0x00000000a0000000, 0x00000000a3180000, 0x00000000e0000000)
  object space 50688K, 61% used [0x00000000a0000000,0x00000000a1e78e20,0x00000000a3180000)
 Metaspace       used 57483K, capacity 59010K, committed 59160K, reserved 1099776K
  class space    used 7754K, capacity 8122K, committed 8240K, reserved 1048576K
Event: 15.101 GC heap after
Heap after GC invocations=19 (full 3):
 PSYoungGen      total 142336K, used 0K [0x00000000e0000000, 0x00000000e9a00000, 0x0000000100000000)
  eden space 131072K, 0% used [0x00000000e0000000,0x00000000e0000000,0x00000000e8000000)
  from space 11264K, 0% used [0x00000000e8c00000,0x00000000e8c00000,0x00000000e9700000)
  to   space 12288K, 0% used [0x00000000e8000000,0x00000000e8000000,0x00000000e8c00000)
 ParOldGen       total 78336K, used 32539K [0x00000000a0000000, 0x00000000a4c80000, 0x00000000e0000000)
  object space 78336K, 41% used [0x00000000a0000000,0x00000000a1fc6fe8,0x00000000a4c80000)
 Metaspace       used 57483K, capacity 59010K, committed 59160K, reserved 1099776K
  class space    used 7754K, capacity 8122K, committed 8240K, reserved 1048576K
}
Event: 18.357 GC heap before
{Heap before GC invocations=20 (full 3):
 PSYoungGen      total 142336K, used 131072K [0x00000000e0000000, 0x00000000e9a00000, 0x0000000100000000)
  eden space 131072K, 100% used [0x00000000e0000000,0x00000000e8000000,0x00000000e8000000)
  from space 11264K, 0% used [0x00000000e8c00000,0x00000000e8c00000,0x00000000e9700000)
  to   space 12288K, 0% used [0x00000000e8000000,0x00000000e8000000,0x00000000e8c00000)
 ParOldGen       total 78336K, used 32539K [0x00000000a0000000, 0x00000000a4c80000, 0x00000000e0000000)
  object space 78336K, 41% used [0x00000000a0000000,0x00000000a1fc6fe8,0x00000000a4c80000)
 Metaspace       used 61383K, capacity 63390K, committed 63512K, reserved 1103872K
  class space    used 8286K, capacity 8740K, committed 8752K, reserved 1048576K
Event: 18.377 GC heap after
Heap after GC invocations=20 (full 3):
 PSYoungGen      total 143360K, used 11583K [0x00000000e0000000, 0x00000000ead00000, 0x0000000100000000)
  eden space 131072K, 0% used [0x00000000e0000000,0x00000000e0000000,0x00000000e8000000)
  from space 12288K, 94% used [0x00000000e8000000,0x00000000e8b4ffb0,0x00000000e8c00000)
  to   space 13824K, 0% used [0x00000000e9f80000,0x00000000e9f80000,0x00000000ead00000)
 ParOldGen       total 78336K, used 32547K [0x00000000a0000000, 0x00000000a4c80000, 0x00000000e0000000)
  object space 78336K, 41% used [0x00000000a0000000,0x00000000a1fc8fe8,0x00000000a4c80000)
 Metaspace       used 61383K, capacity 63390K, committed 63512K, reserved 1103872K
  class space    used 8286K, capacity 8740K, committed 8752K, reserved 1048576K
}

