# JRE version: OpenJDK Runtime Environment (8.0_152-b01) (build 1.8.0_152-release-1343-b01)
# Java VM: OpenJDK 64-Bit Server VM (25.152-b01 mixed mode windows-amd64 compressed oops)
Heap:
 PSYoungGen      total 190976K, used 50584K [0x00000000e0000000, 0x00000000eec80000, 0x0000000100000000)
  eden space 184832K, 24% used [0x00000000e0000000,0x00000000e2b746a8,0x00000000eb480000)
  from space 6144K, 99% used [0x00000000ec480000,0x00000000eca71af8,0x00000000eca80000)
  to   space 25600K, 0% used [0x00000000ed380000,0x00000000ed380000,0x00000000eec80000)
 ParOldGen       total 88064K, used 57672K [0x00000000a0000000, 0x00000000a5600000, 0x00000000e0000000)
  object space 88064K, 65% used [0x00000000a0000000,0x00000000a38520a8,0x00000000a5600000)
 Metaspace       used 91738K, capacity 96140K, committed 96280K, reserved 1132544K
  class space    used 11665K, capacity 12528K, committed 12568K, reserved 1048576K
GC Heap History (10 events):
Event: 974.871 GC heap before
{Heap before GC invocations=22 (full 3):
 PSYoungGen      total 240128K, used 239743K [0x00000000e0000000, 0x00000000f2a80000, 0x0000000100000000)
  eden space 224768K, 100% used [0x00000000e0000000,0x00000000edb80000,0x00000000edb80000)
  from space 15360K, 97% used [0x00000000f1b80000,0x00000000f2a1fee8,0x00000000f2a80000)
  to   space 27648K, 0% used [0x00000000ef480000,0x00000000ef480000,0x00000000f0f80000)
 ParOldGen       total 88064K, used 57632K [0x00000000a0000000, 0x00000000a5600000, 0x00000000e0000000)
  object space 88064K, 65% used [0x00000000a0000000,0x00000000a38480a8,0x00000000a5600000)
 Metaspace       used 89994K, capacity 94010K, committed 94104K, reserved 1130496K
  class space    used 11585K, capacity 12387K, committed 12440K, reserved 1048576K
Event: 974.909 GC heap after
Heap after GC invocations=22 (full 3):
 PSYoungGen      total 233472K, used 17348K [0x00000000e0000000, 0x00000000f1c00000, 0x0000000100000000)
  eden space 216064K, 0% used [0x00000000e0000000,0x00000000e0000000,0x00000000ed300000)
  from space 17408K, 99% used [0x00000000ef480000,0x00000000f0571298,0x00000000f0580000)
  to   space 23040K, 0% used [0x00000000f0580000,0x00000000f0580000,0x00000000f1c00000)
 ParOldGen       total 88064K, used 57640K [0x00000000a0000000, 0x00000000a5600000, 0x00000000e0000000)
  object space 88064K, 65% used [0x00000000a0000000,0x00000000a384a0a8,0x00000000a5600000)
 Metaspace       used 89994K, capacity 94010K, committed 94104K, reserved 1130496K
  class space    used 11585K, capacity 12387K, committed 12440K, reserved 1048576K
}
Event: 1117.390 GC heap before
{Heap before GC invocations=23 (full 3):
 PSYoungGen      total 233472K, used 233412K [0x00000000e0000000, 0x00000000f1c00000, 0x0000000100000000)
  eden space 216064K, 100% used [0x00000000e0000000,0x00000000ed300000,0x00000000ed300000)
  from space 17408K, 99% used [0x00000000ef480000,0x00000000f0571298,0x00000000f0580000)
  to   space 23040K, 0% used [0x00000000f0580000,0x00000000f0580000,0x00000000f1c00000)
 ParOldGen       total 88064K, used 57640K [0x00000000a0000000, 0x00000000a5600000, 0x00000000e0000000)
  object space 88064K, 65% used [0x00000000a0000000,0x00000000a384a0a8,0x00000000a5600000)
 Metaspace       used 90561K, capacity 94542K, committed 94616K, reserved 1132544K
  class space    used 11597K, capacity 12407K, committed 12440K, reserved 1048576K
Event: 1117.416 GC heap after
Heap after GC invocations=23 (full 3):
 PSYoungGen      total 224768K, used 16530K [0x00000000e0000000, 0x00000000f1600000, 0x0000000100000000)
  eden space 207872K, 0% used [0x00000000e0000000,0x00000000e0000000,0x00000000ecb00000)
  from space 16896K, 97% used [0x00000000f0580000,0x00000000f15a4bc8,0x00000000f1600000)
  to   space 28160K, 0% used [0x00000000edf00000,0x00000000edf00000,0x00000000efa80000)
 ParOldGen       total 88064K, used 57648K [0x00000000a0000000, 0x00000000a5600000, 0x00000000e0000000)
  object space 88064K, 65% used [0x00000000a0000000,0x00000000a384c0a8,0x00000000a5600000)
 Metaspace       used 90561K, capacity 94542K, committed 94616K, reserved 1132544K
  class space    used 11597K, capacity 12407K, committed 12440K, reserved 1048576K
}
Event: 1165.190 GC heap before
{Heap before GC invocations=24 (full 3):
 PSYoungGen      total 224768K, used 224402K [0x00000000e0000000, 0x00000000f1600000, 0x0000000100000000)
  eden space 207872K, 100% used [0x00000000e0000000,0x00000000ecb00000,0x00000000ecb00000)
  from space 16896K, 97% used [0x00000000f0580000,0x00000000f15a4bc8,0x00000000f1600000)
  to   space 28160K, 0% used [0x00000000edf00000,0x00000000edf00000,0x00000000efa80000)
 ParOldGen       total 88064K, used 57648K [0x00000000a0000000, 0x00000000a5600000, 0x00000000e0000000)
  object space 88064K, 65% used [0x00000000a0000000,0x00000000a384c0a8,0x00000000a5600000)
 Metaspace       used 90939K, capacity 95090K, committed 95256K, reserved 1132544K
  class space    used 11617K, capacity 12443K, committed 12568K, reserved 1048576K
Event: 1165.209 GC heap after
Heap after GC invocations=24 (full 3):
 PSYoungGen      total 210432K, used 10614K [0x00000000e0000000, 0x00000000f0600000, 0x0000000100000000)
  eden space 199680K, 0% used [0x00000000e0000000,0x00000000e0000000,0x00000000ec300000)
  from space 10752K, 98% used [0x00000000edf00000,0x00000000ee95db08,0x00000000ee980000)
  to   space 26624K, 0% used [0x00000000eec00000,0x00000000eec00000,0x00000000f0600000)
 ParOldGen       total 88064K, used 57656K [0x00000000a0000000, 0x00000000a5600000, 0x00000000e0000000)
  object space 88064K, 65% used [0x00000000a0000000,0x00000000a384e0a8,0x00000000a5600000)
 Metaspace       used 90939K, capacity 95090K, committed 95256K, reserved 1132544K
  class space    used 11617K, capacity 12443K, committed 12568K, reserved 1048576K
}
Event: 2367.979 GC heap before
{Heap before GC invocations=25 (full 3):
 PSYoungGen      total 210432K, used 210294K [0x00000000e0000000, 0x00000000f0600000, 0x0000000100000000)
  eden space 199680K, 100% used [0x00000000e0000000,0x00000000ec300000,0x00000000ec300000)
  from space 10752K, 98% used [0x00000000edf00000,0x00000000ee95db08,0x00000000ee980000)
  to   space 26624K, 0% used [0x00000000eec00000,0x00000000eec00000,0x00000000f0600000)
 ParOldGen       total 88064K, used 57656K [0x00000000a0000000, 0x00000000a5600000, 0x00000000e0000000)
  object space 88064K, 65% used [0x00000000a0000000,0x00000000a384e0a8,0x00000000a5600000)
 Metaspace       used 91346K, capacity 95630K, committed 95768K, reserved 1132544K
  class space    used 11641K, capacity 12487K, committed 12568K, reserved 1048576K
Event: 2368.005 GC heap after
Heap after GC invocations=25 (full 3):
 PSYoungGen      total 202752K, used 10258K [0x00000000e0000000, 0x00000000ef680000, 0x0000000100000000)
  eden space 192000K, 0% used [0x00000000e0000000,0x00000000e0000000,0x00000000ebb80000)
  from space 10752K, 95% used [0x00000000eec00000,0x00000000ef604820,0x00000000ef680000)
  to   space 25600K, 0% used [0x00000000ec480000,0x00000000ec480000,0x00000000edd80000)
 ParOldGen       total 88064K, used 57664K [0x00000000a0000000, 0x00000000a5600000, 0x00000000e0000000)
  object space 88064K, 65% used [0x00000000a0000000,0x00000000a38500a8,0x00000000a5600000)
 Metaspace       used 91346K, capacity 95630K, committed 95768K, reserved 1132544K
  class space    used 11641K, capacity 12487K, committed 12568K, reserved 1048576K
}
Event: 2572.061 GC heap before
{Heap before GC invocations=26 (full 3):
 PSYoungGen      total 202752K, used 202258K [0x00000000e0000000, 0x00000000ef680000, 0x0000000100000000)
  eden space 192000K, 100% used [0x00000000e0000000,0x00000000ebb80000,0x00000000ebb80000)
  from space 10752K, 95% used [0x00000000eec00000,0x00000000ef604820,0x00000000ef680000)
  to   space 25600K, 0% used [0x00000000ec480000,0x00000000ec480000,0x00000000edd80000)
 ParOldGen       total 88064K, used 57664K [0x00000000a0000000, 0x00000000a5600000, 0x00000000e0000000)
  object space 88064K, 65% used [0x00000000a0000000,0x00000000a38500a8,0x00000000a5600000)
 Metaspace       used 91678K, capacity 96122K, committed 96280K, reserved 1132544K
  class space    used 11662K, capacity 12525K, committed 12568K, reserved 1048576K
Event: 2572.073 GC heap after
Heap after GC invocations=26 (full 3):
 PSYoungGen      total 190976K, used 6086K [0x00000000e0000000, 0x00000000eec80000, 0x0000000100000000)
  eden space 184832K, 0% used [0x00000000e0000000,0x00000000e0000000,0x00000000eb480000)
  from space 6144K, 99% used [0x00000000ec480000,0x00000000eca71af8,0x00000000eca80000)
  to   space 25600K, 0% used [0x00000000ed380000,0x00000000ed380000,0x00000000eec80000)
 ParOldGen       total 88064K, used 57672K [0x00000000a0000000, 0x00000000a5600000, 0x00000000e0000000)
  object space 88064K, 65% used [0x00000000a0000000,0x00000000a38520a8,0x00000000a5600000)
 Metaspace       used 91678K, capacity 96122K, committed 96280K, reserved 1132544K
  class space    used 11662K, capacity 12525K, committed 12568K, reserved 1048576K
}

