# JRE version: OpenJDK Runtime Environment (8.0_152-b01) (build 1.8.0_152-release-1343-b01)
# Java VM: OpenJDK 64-Bit Server VM (25.152-b01 mixed mode windows-amd64 compressed oops)
Heap:
 PSYoungGen      total 262144K, used 119726K [0x00000000e0000000, 0x00000000f3000000, 0x0000000100000000)
  eden space 237568K, 48% used [0x00000000e0000000,0x00000000e705fea8,0x00000000ee800000)
  from space 24576K, 18% used [0x00000000ee800000,0x00000000eec8bab0,0x00000000f0000000)
  to   space 22016K, 0% used [0x00000000f1a80000,0x00000000f1a80000,0x00000000f3000000)
 ParOldGen       total 83968K, used 58670K [0x00000000a0000000, 0x00000000a5200000, 0x00000000e0000000)
  object space 83968K, 69% used [0x00000000a0000000,0x00000000a394ba40,0x00000000a5200000)
 Metaspace       used 73589K, capacity 76646K, committed 76824K, reserved 1116160K
  class space    used 9665K, capacity 10284K, committed 10288K, reserved 1048576K
GC Heap History (10 events):
Event: 28.786 GC heap before
{Heap before GC invocations=18 (full 3):
 PSYoungGen      total 256512K, used 256508K [0x00000000e0000000, 0x00000000f1f00000, 0x0000000100000000)
  eden space 237568K, 100% used [0x00000000e0000000,0x00000000ee800000,0x00000000ee800000)
  from space 18944K, 99% used [0x00000000f0000000,0x00000000f127f0a0,0x00000000f1280000)
  to   space 24576K, 0% used [0x00000000ee800000,0x00000000ee800000,0x00000000f0000000)
 ParOldGen       total 83968K, used 40879K [0x00000000a0000000, 0x00000000a5200000, 0x00000000e0000000)
  object space 83968K, 48% used [0x00000000a0000000,0x00000000a27ebd68,0x00000000a5200000)
 Metaspace       used 72582K, capacity 75544K, committed 75672K, reserved 1114112K
  class space    used 9589K, capacity 10125K, committed 10160K, reserved 1048576K
Event: 28.835 GC heap after
Heap after GC invocations=18 (full 3):
 PSYoungGen      total 262144K, used 2505K [0x00000000e0000000, 0x00000000f1f00000, 0x0000000100000000)
  eden space 237568K, 0% used [0x00000000e0000000,0x00000000e0000000,0x00000000ee800000)
  from space 24576K, 10% used [0x00000000ee800000,0x00000000eea72598,0x00000000f0000000)
  to   space 18944K, 0% used [0x00000000f0000000,0x00000000f0000000,0x00000000f1280000)
 ParOldGen       total 83968K, used 58670K [0x00000000a0000000, 0x00000000a5200000, 0x00000000e0000000)
  object space 83968K, 69% used [0x00000000a0000000,0x00000000a394ba40,0x00000000a5200000)
 Metaspace       used 72582K, capacity 75544K, committed 75672K, reserved 1114112K
  class space    used 9589K, capacity 10125K, committed 10160K, reserved 1048576K
}
Event: 32.362 GC heap before
{Heap before GC invocations=19 (full 3):
 PSYoungGen      total 262144K, used 240073K [0x00000000e0000000, 0x00000000f1f00000, 0x0000000100000000)
  eden space 237568K, 100% used [0x00000000e0000000,0x00000000ee800000,0x00000000ee800000)
  from space 24576K, 10% used [0x00000000ee800000,0x00000000eea72598,0x00000000f0000000)
  to   space 18944K, 0% used [0x00000000f0000000,0x00000000f0000000,0x00000000f1280000)
 ParOldGen       total 83968K, used 58670K [0x00000000a0000000, 0x00000000a5200000, 0x00000000e0000000)
  object space 83968K, 69% used [0x00000000a0000000,0x00000000a394ba40,0x00000000a5200000)
 Metaspace       used 72695K, capacity 75692K, committed 75928K, reserved 1116160K
  class space    used 9590K, capacity 10125K, committed 10160K, reserved 1048576K
Event: 32.373 GC heap after
Heap after GC invocations=19 (full 3):
 PSYoungGen      total 256512K, used 6351K [0x00000000e0000000, 0x00000000f1f00000, 0x0000000100000000)
  eden space 237568K, 0% used [0x00000000e0000000,0x00000000e0000000,0x00000000ee800000)
  from space 18944K, 33% used [0x00000000f0000000,0x00000000f0633e08,0x00000000f1280000)
  to   space 24576K, 0% used [0x00000000ee800000,0x00000000ee800000,0x00000000f0000000)
 ParOldGen       total 83968K, used 58670K [0x00000000a0000000, 0x00000000a5200000, 0x00000000e0000000)
  object space 83968K, 69% used [0x00000000a0000000,0x00000000a394ba40,0x00000000a5200000)
 Metaspace       used 72695K, capacity 75692K, committed 75928K, reserved 1116160K
  class space    used 9590K, capacity 10125K, committed 10160K, reserved 1048576K
}
Event: 33.499 GC heap before
{Heap before GC invocations=20 (full 3):
 PSYoungGen      total 256512K, used 243919K [0x00000000e0000000, 0x00000000f1f00000, 0x0000000100000000)
  eden space 237568K, 100% used [0x00000000e0000000,0x00000000ee800000,0x00000000ee800000)
  from space 18944K, 33% used [0x00000000f0000000,0x00000000f0633e08,0x00000000f1280000)
  to   space 24576K, 0% used [0x00000000ee800000,0x00000000ee800000,0x00000000f0000000)
 ParOldGen       total 83968K, used 58670K [0x00000000a0000000, 0x00000000a5200000, 0x00000000e0000000)
  object space 83968K, 69% used [0x00000000a0000000,0x00000000a394ba40,0x00000000a5200000)
 Metaspace       used 72735K, capacity 75692K, committed 75928K, reserved 1116160K
  class space    used 9590K, capacity 10125K, committed 10160K, reserved 1048576K
Event: 33.514 GC heap after
Heap after GC invocations=20 (full 3):
 PSYoungGen      total 262144K, used 10046K [0x00000000e0000000, 0x00000000f1f00000, 0x0000000100000000)
  eden space 237568K, 0% used [0x00000000e0000000,0x00000000e0000000,0x00000000ee800000)
  from space 24576K, 40% used [0x00000000ee800000,0x00000000ef1cfb50,0x00000000f0000000)
  to   space 18944K, 0% used [0x00000000f0000000,0x00000000f0000000,0x00000000f1280000)
 ParOldGen       total 83968K, used 58670K [0x00000000a0000000, 0x00000000a5200000, 0x00000000e0000000)
  object space 83968K, 69% used [0x00000000a0000000,0x00000000a394ba40,0x00000000a5200000)
 Metaspace       used 72735K, capacity 75692K, committed 75928K, reserved 1116160K
  class space    used 9590K, capacity 10125K, committed 10160K, reserved 1048576K
}
Event: 35.499 GC heap before
{Heap before GC invocations=21 (full 3):
 PSYoungGen      total 262144K, used 247614K [0x00000000e0000000, 0x00000000f1f00000, 0x0000000100000000)
  eden space 237568K, 100% used [0x00000000e0000000,0x00000000ee800000,0x00000000ee800000)
  from space 24576K, 40% used [0x00000000ee800000,0x00000000ef1cfb50,0x00000000f0000000)
  to   space 18944K, 0% used [0x00000000f0000000,0x00000000f0000000,0x00000000f1280000)
 ParOldGen       total 83968K, used 58670K [0x00000000a0000000, 0x00000000a5200000, 0x00000000e0000000)
  object space 83968K, 69% used [0x00000000a0000000,0x00000000a394ba40,0x00000000a5200000)
 Metaspace       used 72800K, capacity 75718K, committed 75928K, reserved 1116160K
  class space    used 9592K, capacity 10128K, committed 10160K, reserved 1048576K
Event: 35.514 GC heap after
Heap after GC invocations=21 (full 3):
 PSYoungGen      total 256512K, used 12604K [0x00000000e0000000, 0x00000000f1f00000, 0x0000000100000000)
  eden space 237568K, 0% used [0x00000000e0000000,0x00000000e0000000,0x00000000ee800000)
  from space 18944K, 66% used [0x00000000f0000000,0x00000000f0c4f208,0x00000000f1280000)
  to   space 24576K, 0% used [0x00000000ee800000,0x00000000ee800000,0x00000000f0000000)
 ParOldGen       total 83968K, used 58670K [0x00000000a0000000, 0x00000000a5200000, 0x00000000e0000000)
  object space 83968K, 69% used [0x00000000a0000000,0x00000000a394ba40,0x00000000a5200000)
 Metaspace       used 72800K, capacity 75718K, committed 75928K, reserved 1116160K
  class space    used 9592K, capacity 10128K, committed 10160K, reserved 1048576K
}
Event: 41.041 GC heap before
{Heap before GC invocations=22 (full 3):
 PSYoungGen      total 256512K, used 250172K [0x00000000e0000000, 0x00000000f1f00000, 0x0000000100000000)
  eden space 237568K, 100% used [0x00000000e0000000,0x00000000ee800000,0x00000000ee800000)
  from space 18944K, 66% used [0x00000000f0000000,0x00000000f0c4f208,0x00000000f1280000)
  to   space 24576K, 0% used [0x00000000ee800000,0x00000000ee800000,0x00000000f0000000)
 ParOldGen       total 83968K, used 58670K [0x00000000a0000000, 0x00000000a5200000, 0x00000000e0000000)
  object space 83968K, 69% used [0x00000000a0000000,0x00000000a394ba40,0x00000000a5200000)
 Metaspace       used 73097K, capacity 76146K, committed 76312K, reserved 1116160K
  class space    used 9621K, capacity 10238K, committed 10288K, reserved 1048576K
Event: 41.046 GC heap after
Heap after GC invocations=22 (full 3):
 PSYoungGen      total 262144K, used 4654K [0x00000000e0000000, 0x00000000f3000000, 0x0000000100000000)
  eden space 237568K, 0% used [0x00000000e0000000,0x00000000e0000000,0x00000000ee800000)
  from space 24576K, 18% used [0x00000000ee800000,0x00000000eec8bab0,0x00000000f0000000)
  to   space 22016K, 0% used [0x00000000f1a80000,0x00000000f1a80000,0x00000000f3000000)
 ParOldGen       total 83968K, used 58670K [0x00000000a0000000, 0x00000000a5200000, 0x00000000e0000000)
  object space 83968K, 69% used [0x00000000a0000000,0x00000000a394ba40,0x00000000a5200000)
 Metaspace       used 73097K, capacity 76146K, committed 76312K, reserved 1116160K
  class space    used 9621K, capacity 10238K, committed 10288K, reserved 1048576K
}

