# JRE version: OpenJDK Runtime Environment (8.0_152-b01) (build 1.8.0_152-release-1343-b01)
# Java VM: OpenJDK 64-Bit Server VM (25.152-b01 mixed mode windows-amd64 compressed oops)
Heap:
 PSYoungGen      total 244224K, used 170074K [0x00000000e0000000, 0x00000000f0e80000, 0x0000000100000000)
  eden space 219648K, 67% used [0x00000000e0000000,0x00000000e919c4e8,0x00000000ed680000)
  from space 24576K, 85% used [0x00000000ef680000,0x00000000f0afa638,0x00000000f0e80000)
  to   space 28672K, 0% used [0x00000000ed680000,0x00000000ed680000,0x00000000ef280000)
 ParOldGen       total 92672K, used 51178K [0x00000000a0000000, 0x00000000a5a80000, 0x00000000e0000000)
  object space 92672K, 55% used [0x00000000a0000000,0x00000000a31fab98,0x00000000a5a80000)
 Metaspace       used 88339K, capacity 92266K, committed 92440K, reserved 1130496K
  class space    used 11524K, capacity 12258K, committed 12336K, reserved 1048576K
GC Heap History (10 events):
Event: 14.445 GC heap before
{Heap before GC invocations=15 (full 3):
 PSYoungGen      total 184320K, used 12321K [0x00000000e0000000, 0x00000000ec580000, 0x0000000100000000)
  eden space 169472K, 0% used [0x00000000e0000000,0x00000000e0000000,0x00000000ea580000)
  from space 14848K, 82% used [0x00000000eb700000,0x00000000ec3084d8,0x00000000ec580000)
  to   space 16384K, 0% used [0x00000000ea580000,0x00000000ea580000,0x00000000eb580000)
 ParOldGen       total 56320K, used 28852K [0x00000000a0000000, 0x00000000a3700000, 0x00000000e0000000)
  object space 56320K, 51% used [0x00000000a0000000,0x00000000a1c2d0a8,0x00000000a3700000)
 Metaspace       used 57466K, capacity 59014K, committed 59160K, reserved 1099776K
  class space    used 7753K, capacity 8122K, committed 8240K, reserved 1048576K
Event: 14.730 GC heap after
Heap after GC invocations=15 (full 3):
 PSYoungGen      total 184320K, used 0K [0x00000000e0000000, 0x00000000ec580000, 0x0000000100000000)
  eden space 169472K, 0% used [0x00000000e0000000,0x00000000e0000000,0x00000000ea580000)
  from space 14848K, 0% used [0x00000000eb700000,0x00000000eb700000,0x00000000ec580000)
  to   space 16384K, 0% used [0x00000000ea580000,0x00000000ea580000,0x00000000eb580000)
 ParOldGen       total 92672K, used 34129K [0x00000000a0000000, 0x00000000a5a80000, 0x00000000e0000000)
  object space 92672K, 36% used [0x00000000a0000000,0x00000000a2154780,0x00000000a5a80000)
 Metaspace       used 57466K, capacity 59014K, committed 59160K, reserved 1099776K
  class space    used 7753K, capacity 8122K, committed 8240K, reserved 1048576K
}
Event: 19.518 GC heap before
{Heap before GC invocations=16 (full 3):
 PSYoungGen      total 184320K, used 169472K [0x00000000e0000000, 0x00000000ec580000, 0x0000000100000000)
  eden space 169472K, 100% used [0x00000000e0000000,0x00000000ea580000,0x00000000ea580000)
  from space 14848K, 0% used [0x00000000eb700000,0x00000000eb700000,0x00000000ec580000)
  to   space 16384K, 0% used [0x00000000ea580000,0x00000000ea580000,0x00000000eb580000)
 ParOldGen       total 92672K, used 34129K [0x00000000a0000000, 0x00000000a5a80000, 0x00000000e0000000)
  object space 92672K, 36% used [0x00000000a0000000,0x00000000a2154780,0x00000000a5a80000)
 Metaspace       used 61555K, capacity 63504K, committed 63512K, reserved 1103872K
  class space    used 8306K, capacity 8749K, committed 8752K, reserved 1048576K
Event: 19.539 GC heap after
Heap after GC invocations=16 (full 3):
 PSYoungGen      total 185856K, used 14783K [0x00000000e0000000, 0x00000000ee600000, 0x0000000100000000)
  eden space 169472K, 0% used [0x00000000e0000000,0x00000000e0000000,0x00000000ea580000)
  from space 16384K, 90% used [0x00000000ea580000,0x00000000eb3effc8,0x00000000eb580000)
  to   space 18432K, 0% used [0x00000000ed400000,0x00000000ed400000,0x00000000ee600000)
 ParOldGen       total 92672K, used 34137K [0x00000000a0000000, 0x00000000a5a80000, 0x00000000e0000000)
  object space 92672K, 36% used [0x00000000a0000000,0x00000000a2156780,0x00000000a5a80000)
 Metaspace       used 61555K, capacity 63504K, committed 63512K, reserved 1103872K
  class space    used 8306K, capacity 8749K, committed 8752K, reserved 1048576K
}
Event: 27.364 GC heap before
{Heap before GC invocations=17 (full 3):
 PSYoungGen      total 185856K, used 184255K [0x00000000e0000000, 0x00000000ee600000, 0x0000000100000000)
  eden space 169472K, 100% used [0x00000000e0000000,0x00000000ea580000,0x00000000ea580000)
  from space 16384K, 90% used [0x00000000ea580000,0x00000000eb3effc8,0x00000000eb580000)
  to   space 18432K, 0% used [0x00000000ed400000,0x00000000ed400000,0x00000000ee600000)
 ParOldGen       total 92672K, used 34137K [0x00000000a0000000, 0x00000000a5a80000, 0x00000000e0000000)
  object space 92672K, 36% used [0x00000000a0000000,0x00000000a2156780,0x00000000a5a80000)
 Metaspace       used 68829K, capacity 70832K, committed 71064K, reserved 1110016K
  class space    used 9114K, capacity 9579K, committed 9648K, reserved 1048576K
Event: 27.418 GC heap after
Heap after GC invocations=17 (full 3):
 PSYoungGen      total 211968K, used 18408K [0x00000000e0000000, 0x00000000eee00000, 0x0000000100000000)
  eden space 193536K, 0% used [0x00000000e0000000,0x00000000e0000000,0x00000000ebd00000)
  from space 18432K, 99% used [0x00000000ed400000,0x00000000ee5fa0c0,0x00000000ee600000)
  to   space 23552K, 0% used [0x00000000ebd00000,0x00000000ebd00000,0x00000000ed400000)
 ParOldGen       total 92672K, used 40947K [0x00000000a0000000, 0x00000000a5a80000, 0x00000000e0000000)
  object space 92672K, 44% used [0x00000000a0000000,0x00000000a27fcce8,0x00000000a5a80000)
 Metaspace       used 68829K, capacity 70832K, committed 71064K, reserved 1110016K
  class space    used 9114K, capacity 9579K, committed 9648K, reserved 1048576K
}
Event: 34.132 GC heap before
{Heap before GC invocations=18 (full 3):
 PSYoungGen      total 211968K, used 211944K [0x00000000e0000000, 0x00000000eee00000, 0x0000000100000000)
  eden space 193536K, 100% used [0x00000000e0000000,0x00000000ebd00000,0x00000000ebd00000)
  from space 18432K, 99% used [0x00000000ed400000,0x00000000ee5fa0c0,0x00000000ee600000)
  to   space 23552K, 0% used [0x00000000ebd00000,0x00000000ebd00000,0x00000000ed400000)
 ParOldGen       total 92672K, used 40947K [0x00000000a0000000, 0x00000000a5a80000, 0x00000000e0000000)
  object space 92672K, 44% used [0x00000000a0000000,0x00000000a27fcce8,0x00000000a5a80000)
 Metaspace       used 84262K, capacity 87506K, committed 87832K, reserved 1126400K
  class space    used 11086K, capacity 11740K, committed 11824K, reserved 1048576K
Event: 34.211 GC heap after
Heap after GC invocations=18 (full 3):
 PSYoungGen      total 217088K, used 21936K [0x00000000e0000000, 0x00000000f1080000, 0x0000000100000000)
  eden space 193536K, 0% used [0x00000000e0000000,0x00000000e0000000,0x00000000ebd00000)
  from space 23552K, 93% used [0x00000000ebd00000,0x00000000ed26c300,0x00000000ed400000)
  to   space 26624K, 0% used [0x00000000ef680000,0x00000000ef680000,0x00000000f1080000)
 ParOldGen       total 92672K, used 51170K [0x00000000a0000000, 0x00000000a5a80000, 0x00000000e0000000)
  object space 92672K, 55% used [0x00000000a0000000,0x00000000a31f8b98,0x00000000a5a80000)
 Metaspace       used 84262K, capacity 87506K, committed 87832K, reserved 1126400K
  class space    used 11086K, capacity 11740K, committed 11824K, reserved 1048576K
}
Event: 256.502 GC heap before
{Heap before GC invocations=19 (full 3):
 PSYoungGen      total 217088K, used 215472K [0x00000000e0000000, 0x00000000f1080000, 0x0000000100000000)
  eden space 193536K, 100% used [0x00000000e0000000,0x00000000ebd00000,0x00000000ebd00000)
  from space 23552K, 93% used [0x00000000ebd00000,0x00000000ed26c300,0x00000000ed400000)
  to   space 26624K, 0% used [0x00000000ef680000,0x00000000ef680000,0x00000000f1080000)
 ParOldGen       total 92672K, used 51170K [0x00000000a0000000, 0x00000000a5a80000, 0x00000000e0000000)
  object space 92672K, 55% used [0x00000000a0000000,0x00000000a31f8b98,0x00000000a5a80000)
 Metaspace       used 87961K, capacity 91892K, committed 92184K, reserved 1128448K
  class space    used 11513K, capacity 12249K, committed 12336K, reserved 1048576K
Event: 256.543 GC heap after
Heap after GC invocations=19 (full 3):
 PSYoungGen      total 244224K, used 20969K [0x00000000e0000000, 0x00000000f0e80000, 0x0000000100000000)
  eden space 219648K, 0% used [0x00000000e0000000,0x00000000e0000000,0x00000000ed680000)
  from space 24576K, 85% used [0x00000000ef680000,0x00000000f0afa638,0x00000000f0e80000)
  to   space 28672K, 0% used [0x00000000ed680000,0x00000000ed680000,0x00000000ef280000)
 ParOldGen       total 92672K, used 51178K [0x00000000a0000000, 0x00000000a5a80000, 0x00000000e0000000)
  object space 92672K, 55% used [0x00000000a0000000,0x00000000a31fab98,0x00000000a5a80000)
 Metaspace       used 87961K, capacity 91892K, committed 92184K, reserved 1128448K
  class space    used 11513K, capacity 12249K, committed 12336K, reserved 1048576K
}

