# JRE version: OpenJDK Runtime Environment (8.0_152-b01) (build 1.8.0_152-release-1343-b01)
# Java VM: OpenJDK 64-Bit Server VM (25.152-b01 mixed mode windows-amd64 compressed oops)
Heap:
 PSYoungGen      total 220160K, used 192900K [0x00000000e0000000, 0x00000000ef980000, 0x0000000100000000)
  eden space 194048K, 93% used [0x00000000e0000000,0x00000000eb0d5b48,0x00000000ebd80000)
  from space 26112K, 45% used [0x00000000ebd80000,0x00000000ec90b738,0x00000000ed700000)
  to   space 19456K, 0% used [0x00000000ed700000,0x00000000ed700000,0x00000000eea00000)
 ParOldGen       total 84480K, used 58155K [0x00000000a0000000, 0x00000000a5280000, 0x00000000e0000000)
  object space 84480K, 68% used [0x00000000a0000000,0x00000000a38caf70,0x00000000a5280000)
 Metaspace       used 73450K, capacity 76586K, committed 76952K, reserved 1116160K
  class space    used 9670K, capacity 10289K, committed 10416K, reserved 1048576K
GC Heap History (10 events):
Event: 21.540 GC heap before
{Heap before GC invocations=18 (full 3):
 PSYoungGen      total 162304K, used 5521K [0x00000000e0000000, 0x00000000ed080000, 0x0000000100000000)
  eden space 148480K, 0% used [0x00000000e0000000,0x00000000e0000000,0x00000000e9100000)
  from space 13824K, 39% used [0x00000000e9100000,0x00000000e9664678,0x00000000e9e80000)
  to   space 13312K, 0% used [0x00000000ec380000,0x00000000ec380000,0x00000000ed080000)
 ParOldGen       total 55296K, used 30519K [0x00000000a0000000, 0x00000000a3600000, 0x00000000e0000000)
  object space 55296K, 55% used [0x00000000a0000000,0x00000000a1dcdf48,0x00000000a3600000)
 Metaspace       used 57456K, capacity 59014K, committed 59160K, reserved 1099776K
  class space    used 7748K, capacity 8122K, committed 8240K, reserved 1048576K
Event: 21.777 GC heap after
Heap after GC invocations=18 (full 3):
 PSYoungGen      total 162304K, used 0K [0x00000000e0000000, 0x00000000ed080000, 0x0000000100000000)
  eden space 148480K, 0% used [0x00000000e0000000,0x00000000e0000000,0x00000000e9100000)
  from space 13824K, 0% used [0x00000000e9100000,0x00000000e9100000,0x00000000e9e80000)
  to   space 13312K, 0% used [0x00000000ec380000,0x00000000ec380000,0x00000000ed080000)
 ParOldGen       total 84480K, used 27494K [0x00000000a0000000, 0x00000000a5280000, 0x00000000e0000000)
  object space 84480K, 32% used [0x00000000a0000000,0x00000000a1ad9920,0x00000000a5280000)
 Metaspace       used 57456K, capacity 59014K, committed 59160K, reserved 1099776K
  class space    used 7748K, capacity 8122K, committed 8240K, reserved 1048576K
}
Event: 26.158 GC heap before
{Heap before GC invocations=19 (full 3):
 PSYoungGen      total 162304K, used 148480K [0x00000000e0000000, 0x00000000ed080000, 0x0000000100000000)
  eden space 148480K, 100% used [0x00000000e0000000,0x00000000e9100000,0x00000000e9100000)
  from space 13824K, 0% used [0x00000000e9100000,0x00000000e9100000,0x00000000e9e80000)
  to   space 13312K, 0% used [0x00000000ec380000,0x00000000ec380000,0x00000000ed080000)
 ParOldGen       total 84480K, used 27494K [0x00000000a0000000, 0x00000000a5280000, 0x00000000e0000000)
  object space 84480K, 32% used [0x00000000a0000000,0x00000000a1ad9920,0x00000000a5280000)
 Metaspace       used 61436K, capacity 63416K, committed 63512K, reserved 1103872K
  class space    used 8283K, capacity 8705K, committed 8752K, reserved 1048576K
Event: 26.184 GC heap after
Heap after GC invocations=19 (full 3):
 PSYoungGen      total 191488K, used 12709K [0x00000000e0000000, 0x00000000ed000000, 0x0000000100000000)
  eden space 178688K, 0% used [0x00000000e0000000,0x00000000e0000000,0x00000000eae80000)
  from space 12800K, 99% used [0x00000000ec380000,0x00000000ecfe9590,0x00000000ed000000)
  to   space 14848K, 0% used [0x00000000eb300000,0x00000000eb300000,0x00000000ec180000)
 ParOldGen       total 84480K, used 27502K [0x00000000a0000000, 0x00000000a5280000, 0x00000000e0000000)
  object space 84480K, 32% used [0x00000000a0000000,0x00000000a1adb920,0x00000000a5280000)
 Metaspace       used 61436K, capacity 63416K, committed 63512K, reserved 1103872K
  class space    used 8283K, capacity 8705K, committed 8752K, reserved 1048576K
}
Event: 32.855 GC heap before
{Heap before GC invocations=20 (full 3):
 PSYoungGen      total 191488K, used 191397K [0x00000000e0000000, 0x00000000ed000000, 0x0000000100000000)
  eden space 178688K, 100% used [0x00000000e0000000,0x00000000eae80000,0x00000000eae80000)
  from space 12800K, 99% used [0x00000000ec380000,0x00000000ecfe9590,0x00000000ed000000)
  to   space 14848K, 0% used [0x00000000eb300000,0x00000000eb300000,0x00000000ec180000)
 ParOldGen       total 84480K, used 27502K [0x00000000a0000000, 0x00000000a5280000, 0x00000000e0000000)
  object space 84480K, 32% used [0x00000000a0000000,0x00000000a1adb920,0x00000000a5280000)
 Metaspace       used 63336K, capacity 65428K, committed 65560K, reserved 1105920K
  class space    used 8451K, capacity 8902K, committed 9008K, reserved 1048576K
Event: 32.886 GC heap after
Heap after GC invocations=20 (full 3):
 PSYoungGen      total 198144K, used 14824K [0x00000000e0000000, 0x00000000eea00000, 0x0000000100000000)
  eden space 183296K, 0% used [0x00000000e0000000,0x00000000e0000000,0x00000000eb300000)
  from space 14848K, 99% used [0x00000000eb300000,0x00000000ec17a090,0x00000000ec180000)
  to   space 19456K, 0% used [0x00000000ed700000,0x00000000ed700000,0x00000000eea00000)
 ParOldGen       total 84480K, used 34686K [0x00000000a0000000, 0x00000000a5280000, 0x00000000e0000000)
  object space 84480K, 41% used [0x00000000a0000000,0x00000000a21dfb20,0x00000000a5280000)
 Metaspace       used 63336K, capacity 65428K, committed 65560K, reserved 1105920K
  class space    used 8451K, capacity 8902K, committed 9008K, reserved 1048576K
}
Event: 42.017 GC heap before
{Heap before GC invocations=21 (full 3):
 PSYoungGen      total 198144K, used 198120K [0x00000000e0000000, 0x00000000eea00000, 0x0000000100000000)
  eden space 183296K, 100% used [0x00000000e0000000,0x00000000eb300000,0x00000000eb300000)
  from space 14848K, 99% used [0x00000000eb300000,0x00000000ec17a090,0x00000000ec180000)
  to   space 19456K, 0% used [0x00000000ed700000,0x00000000ed700000,0x00000000eea00000)
 ParOldGen       total 84480K, used 34686K [0x00000000a0000000, 0x00000000a5280000, 0x00000000e0000000)
  object space 84480K, 41% used [0x00000000a0000000,0x00000000a21dfb20,0x00000000a5280000)
 Metaspace       used 72382K, capacity 75414K, committed 75544K, reserved 1114112K
  class space    used 9652K, capacity 10253K, committed 10288K, reserved 1048576K
Event: 42.048 GC heap after
Heap after GC invocations=21 (full 3):
 PSYoungGen      total 213504K, used 19440K [0x00000000e0000000, 0x00000000ef980000, 0x0000000100000000)
  eden space 194048K, 0% used [0x00000000e0000000,0x00000000e0000000,0x00000000ebd80000)
  from space 19456K, 99% used [0x00000000ed700000,0x00000000ee9fc328,0x00000000eea00000)
  to   space 26112K, 0% used [0x00000000ebd80000,0x00000000ebd80000,0x00000000ed700000)
 ParOldGen       total 84480K, used 44123K [0x00000000a0000000, 0x00000000a5280000, 0x00000000e0000000)
  object space 84480K, 52% used [0x00000000a0000000,0x00000000a2b16d60,0x00000000a5280000)
 Metaspace       used 72382K, capacity 75414K, committed 75544K, reserved 1114112K
  class space    used 9652K, capacity 10253K, committed 10288K, reserved 1048576K
}
Event: 43.954 GC heap before
{Heap before GC invocations=22 (full 3):
 PSYoungGen      total 213504K, used 213488K [0x00000000e0000000, 0x00000000ef980000, 0x0000000100000000)
  eden space 194048K, 100% used [0x00000000e0000000,0x00000000ebd80000,0x00000000ebd80000)
  from space 19456K, 99% used [0x00000000ed700000,0x00000000ee9fc328,0x00000000eea00000)
  to   space 26112K, 0% used [0x00000000ebd80000,0x00000000ebd80000,0x00000000ed700000)
 ParOldGen       total 84480K, used 44123K [0x00000000a0000000, 0x00000000a5280000, 0x00000000e0000000)
  object space 84480K, 52% used [0x00000000a0000000,0x00000000a2b16d60,0x00000000a5280000)
 Metaspace       used 73326K, capacity 76412K, committed 76568K, reserved 1116160K
  class space    used 9669K, capacity 10286K, committed 10288K, reserved 1048576K
Event: 43.987 GC heap after
Heap after GC invocations=22 (full 3):
 PSYoungGen      total 220160K, used 11821K [0x00000000e0000000, 0x00000000ef980000, 0x0000000100000000)
  eden space 194048K, 0% used [0x00000000e0000000,0x00000000e0000000,0x00000000ebd80000)
  from space 26112K, 45% used [0x00000000ebd80000,0x00000000ec90b738,0x00000000ed700000)
  to   space 19456K, 0% used [0x00000000ed700000,0x00000000ed700000,0x00000000eea00000)
 ParOldGen       total 84480K, used 58155K [0x00000000a0000000, 0x00000000a5280000, 0x00000000e0000000)
  object space 84480K, 68% used [0x00000000a0000000,0x00000000a38caf70,0x00000000a5280000)
 Metaspace       used 73326K, capacity 76412K, committed 76568K, reserved 1116160K
  class space    used 9669K, capacity 10286K, committed 10288K, reserved 1048576K
}

