# JRE version: OpenJDK Runtime Environment (8.0_152-b01) (build 1.8.0_152-release-1343-b01)
# Java VM: OpenJDK 64-Bit Server VM (25.152-b01 mixed mode windows-amd64 compressed oops)
Heap:
 PSYoungGen      total 37888K, used 8369K [0x00000000e0000000, 0x00000000e2a00000, 0x0000000100000000)
  eden space 32768K, 14% used [0x00000000e0000000,0x00000000e04a5530,0x00000000e2000000)
  from space 5120K, 70% used [0x00000000e2500000,0x00000000e28870a8,0x00000000e2a00000)
  to   space 5120K, 0% used [0x00000000e2000000,0x00000000e2000000,0x00000000e2500000)
 ParOldGen       total 44032K, used 6084K [0x00000000a0000000, 0x00000000a2b00000, 0x00000000e0000000)
  object space 44032K, 13% used [0x00000000a0000000,0x00000000a05f1288,0x00000000a2b00000)
 Metaspace       used 16359K, capacity 16720K, committed 16896K, reserved 1062912K
  class space    used 2332K, capacity 2492K, committed 2560K, reserved 1048576K
GC Heap History (10 events):
Event: 5.609 GC heap before
{Heap before GC invocations=4 (full 0):
 PSYoungGen      total 18944K, used 18912K [0x00000000e0000000, 0x00000000e1500000, 0x0000000100000000)
  eden space 16384K, 100% used [0x00000000e0000000,0x00000000e1000000,0x00000000e1000000)
  from space 2560K, 98% used [0x00000000e1000000,0x00000000e1278020,0x00000000e1280000)
  to   space 2560K, 0% used [0x00000000e1280000,0x00000000e1280000,0x00000000e1500000)
 ParOldGen       total 44032K, used 820K [0x00000000a0000000, 0x00000000a2b00000, 0x00000000e0000000)
  object space 44032K, 1% used [0x00000000a0000000,0x00000000a00cd390,0x00000000a2b00000)
 Metaspace       used 8188K, capacity 8424K, committed 8576K, reserved 1056768K
  class space    used 1036K, capacity 1112K, committed 1152K, reserved 1048576K
Event: 5.616 GC heap after
Heap after GC invocations=4 (full 0):
 PSYoungGen      total 18944K, used 2528K [0x00000000e0000000, 0x00000000e2500000, 0x0000000100000000)
  eden space 16384K, 0% used [0x00000000e0000000,0x00000000e0000000,0x00000000e1000000)
  from space 2560K, 98% used [0x00000000e1280000,0x00000000e14f8020,0x00000000e1500000)
  to   space 2560K, 0% used [0x00000000e1000000,0x00000000e1000000,0x00000000e1280000)
 ParOldGen       total 44032K, used 1906K [0x00000000a0000000, 0x00000000a2b00000, 0x00000000e0000000)
  object space 44032K, 4% used [0x00000000a0000000,0x00000000a01dc958,0x00000000a2b00000)
 Metaspace       used 8188K, capacity 8424K, committed 8576K, reserved 1056768K
  class space    used 1036K, capacity 1112K, committed 1152K, reserved 1048576K
}
Event: 7.209 GC heap before
{Heap before GC invocations=5 (full 0):
 PSYoungGen      total 18944K, used 18912K [0x00000000e0000000, 0x00000000e2500000, 0x0000000100000000)
  eden space 16384K, 100% used [0x00000000e0000000,0x00000000e1000000,0x00000000e1000000)
  from space 2560K, 98% used [0x00000000e1280000,0x00000000e14f8020,0x00000000e1500000)
  to   space 2560K, 0% used [0x00000000e1000000,0x00000000e1000000,0x00000000e1280000)
 ParOldGen       total 44032K, used 1906K [0x00000000a0000000, 0x00000000a2b00000, 0x00000000e0000000)
  object space 44032K, 4% used [0x00000000a0000000,0x00000000a01dc958,0x00000000a2b00000)
 Metaspace       used 11902K, capacity 12320K, committed 12544K, reserved 1060864K
  class space    used 1576K, capacity 1722K, committed 1792K, reserved 1048576K
Event: 7.216 GC heap after
Heap after GC invocations=5 (full 0):
 PSYoungGen      total 18944K, used 2544K [0x00000000e0000000, 0x00000000e1a00000, 0x0000000100000000)
  eden space 16384K, 0% used [0x00000000e0000000,0x00000000e0000000,0x00000000e1000000)
  from space 2560K, 99% used [0x00000000e1000000,0x00000000e127c010,0x00000000e1280000)
  to   space 5120K, 0% used [0x00000000e1500000,0x00000000e1500000,0x00000000e1a00000)
 ParOldGen       total 44032K, used 4223K [0x00000000a0000000, 0x00000000a2b00000, 0x00000000e0000000)
  object space 44032K, 9% used [0x00000000a0000000,0x00000000a041fe00,0x00000000a2b00000)
 Metaspace       used 11902K, capacity 12320K, committed 12544K, reserved 1060864K
  class space    used 1576K, capacity 1722K, committed 1792K, reserved 1048576K
}
Event: 7.423 GC heap before
{Heap before GC invocations=6 (full 0):
 PSYoungGen      total 18944K, used 18926K [0x00000000e0000000, 0x00000000e1a00000, 0x0000000100000000)
  eden space 16384K, 99% used [0x00000000e0000000,0x00000000e0fff950,0x00000000e1000000)
  from space 2560K, 99% used [0x00000000e1000000,0x00000000e127c010,0x00000000e1280000)
  to   space 5120K, 0% used [0x00000000e1500000,0x00000000e1500000,0x00000000e1a00000)
 ParOldGen       total 44032K, used 4223K [0x00000000a0000000, 0x00000000a2b00000, 0x00000000e0000000)
  object space 44032K, 9% used [0x00000000a0000000,0x00000000a041fe00,0x00000000a2b00000)
 Metaspace       used 12920K, capacity 13306K, committed 13440K, reserved 1060864K
  class space    used 1770K, capacity 1903K, committed 1920K, reserved 1048576K
Event: 7.428 GC heap after
Heap after GC invocations=6 (full 0):
 PSYoungGen      total 21504K, used 4119K [0x00000000e0000000, 0x00000000e2a00000, 0x0000000100000000)
  eden space 16384K, 0% used [0x00000000e0000000,0x00000000e0000000,0x00000000e1000000)
  from space 5120K, 80% used [0x00000000e1500000,0x00000000e1905d88,0x00000000e1a00000)
  to   space 5120K, 0% used [0x00000000e1000000,0x00000000e1000000,0x00000000e1500000)
 ParOldGen       total 44032K, used 4231K [0x00000000a0000000, 0x00000000a2b00000, 0x00000000e0000000)
  object space 44032K, 9% used [0x00000000a0000000,0x00000000a0421e00,0x00000000a2b00000)
 Metaspace       used 12920K, capacity 13306K, committed 13440K, reserved 1060864K
  class space    used 1770K, capacity 1903K, committed 1920K, reserved 1048576K
}
Event: 7.732 GC heap before
{Heap before GC invocations=7 (full 0):
 PSYoungGen      total 21504K, used 20503K [0x00000000e0000000, 0x00000000e2a00000, 0x0000000100000000)
  eden space 16384K, 100% used [0x00000000e0000000,0x00000000e1000000,0x00000000e1000000)
  from space 5120K, 80% used [0x00000000e1500000,0x00000000e1905d88,0x00000000e1a00000)
  to   space 5120K, 0% used [0x00000000e1000000,0x00000000e1000000,0x00000000e1500000)
 ParOldGen       total 44032K, used 4231K [0x00000000a0000000, 0x00000000a2b00000, 0x00000000e0000000)
  object space 44032K, 9% used [0x00000000a0000000,0x00000000a0421e00,0x00000000a2b00000)
 Metaspace       used 14423K, capacity 14818K, committed 14976K, reserved 1062912K
  class space    used 2018K, capacity 2131K, committed 2176K, reserved 1048576K
Event: 7.740 GC heap after
Heap after GC invocations=7 (full 0):
 PSYoungGen      total 21504K, used 3906K [0x00000000e0000000, 0x00000000e2a00000, 0x0000000100000000)
  eden space 16384K, 0% used [0x00000000e0000000,0x00000000e0000000,0x00000000e1000000)
  from space 5120K, 76% used [0x00000000e1000000,0x00000000e13d0860,0x00000000e1500000)
  to   space 5120K, 0% used [0x00000000e2500000,0x00000000e2500000,0x00000000e2a00000)
 ParOldGen       total 44032K, used 5396K [0x00000000a0000000, 0x00000000a2b00000, 0x00000000e0000000)
  object space 44032K, 12% used [0x00000000a0000000,0x00000000a0545268,0x00000000a2b00000)
 Metaspace       used 14423K, capacity 14818K, committed 14976K, reserved 1062912K
  class space    used 2018K, capacity 2131K, committed 2176K, reserved 1048576K
}
Event: 8.017 GC heap before
{Heap before GC invocations=8 (full 0):
 PSYoungGen      total 21504K, used 20290K [0x00000000e0000000, 0x00000000e2a00000, 0x0000000100000000)
  eden space 16384K, 100% used [0x00000000e0000000,0x00000000e1000000,0x00000000e1000000)
  from space 5120K, 76% used [0x00000000e1000000,0x00000000e13d0860,0x00000000e1500000)
  to   space 5120K, 0% used [0x00000000e2500000,0x00000000e2500000,0x00000000e2a00000)
 ParOldGen       total 44032K, used 5396K [0x00000000a0000000, 0x00000000a2b00000, 0x00000000e0000000)
  object space 44032K, 12% used [0x00000000a0000000,0x00000000a0545268,0x00000000a2b00000)
 Metaspace       used 15734K, capacity 16112K, committed 16256K, reserved 1062912K
  class space    used 2238K, capacity 2396K, committed 2432K, reserved 1048576K
Event: 8.025 GC heap after
Heap after GC invocations=8 (full 0):
 PSYoungGen      total 37888K, used 3612K [0x00000000e0000000, 0x00000000e2a00000, 0x0000000100000000)
  eden space 32768K, 0% used [0x00000000e0000000,0x00000000e0000000,0x00000000e2000000)
  from space 5120K, 70% used [0x00000000e2500000,0x00000000e28870a8,0x00000000e2a00000)
  to   space 5120K, 0% used [0x00000000e2000000,0x00000000e2000000,0x00000000e2500000)
 ParOldGen       total 44032K, used 6084K [0x00000000a0000000, 0x00000000a2b00000, 0x00000000e0000000)
  object space 44032K, 13% used [0x00000000a0000000,0x00000000a05f1288,0x00000000a2b00000)
 Metaspace       used 15734K, capacity 16112K, committed 16256K, reserved 1062912K
  class space    used 2238K, capacity 2396K, committed 2432K, reserved 1048576K
}

