# JRE version: OpenJDK Runtime Environment (8.0_152-b01) (build 1.8.0_152-release-1343-b01)
# Java VM: OpenJDK 64-Bit Server VM (25.152-b01 mixed mode windows-amd64 compressed oops)
Heap:
 PSYoungGen      total 194560K, used 31767K [0x00000000e0000000, 0x00000000ed800000, 0x0000000100000000)
  eden space 167936K, 10% used [0x00000000e0000000,0x00000000e11f6f20,0x00000000ea400000)
  from space 26624K, 50% used [0x00000000ea400000,0x00000000eb10ecf0,0x00000000ebe00000)
  to   space 23040K, 0% used [0x00000000ec180000,0x00000000ec180000,0x00000000ed800000)
 ParOldGen       total 154112K, used 77322K [0x00000000a0000000, 0x00000000a9680000, 0x00000000e0000000)
  object space 154112K, 50% used [0x00000000a0000000,0x00000000a4b82818,0x00000000a9680000)
 Metaspace       used 89792K, capacity 93314K, committed 93464K, reserved 1130496K
  class space    used 11348K, capacity 12009K, committed 12080K, reserved 1048576K
GC Heap History (10 events):
Event: 89.125 GC heap before
{Heap before GC invocations=33 (full 4):
 PSYoungGen      total 159232K, used 147278K [0x00000000e0000000, 0x00000000ebf80000, 0x0000000100000000)
  eden space 128512K, 100% used [0x00000000e0000000,0x00000000e7d80000,0x00000000e7d80000)
  from space 30720K, 61% used [0x00000000e9c00000,0x00000000eae53be8,0x00000000eba00000)
  to   space 31232K, 0% used [0x00000000e7d80000,0x00000000e7d80000,0x00000000e9c00000)
 ParOldGen       total 154112K, used 72892K [0x00000000a0000000, 0x00000000a9680000, 0x00000000e0000000)
  object space 154112K, 47% used [0x00000000a0000000,0x00000000a472f3d8,0x00000000a9680000)
 Metaspace       used 82179K, capacity 85220K, committed 85528K, reserved 1124352K
  class space    used 10590K, capacity 11190K, committed 11312K, reserved 1048576K
Event: 89.165 GC heap after
Heap after GC invocations=33 (full 4):
 PSYoungGen      total 159744K, used 15721K [0x00000000e0000000, 0x00000000ecb00000, 0x0000000100000000)
  eden space 128512K, 0% used [0x00000000e0000000,0x00000000e0000000,0x00000000e7d80000)
  from space 31232K, 50% used [0x00000000e7d80000,0x00000000e8cda480,0x00000000e9c00000)
  to   space 30208K, 0% used [0x00000000ead80000,0x00000000ead80000,0x00000000ecb00000)
 ParOldGen       total 154112K, used 72900K [0x00000000a0000000, 0x00000000a9680000, 0x00000000e0000000)
  object space 154112K, 47% used [0x00000000a0000000,0x00000000a47313d8,0x00000000a9680000)
 Metaspace       used 82179K, capacity 85220K, committed 85528K, reserved 1124352K
  class space    used 10590K, capacity 11190K, committed 11312K, reserved 1048576K
}
Event: 90.324 GC heap before
{Heap before GC invocations=34 (full 4):
 PSYoungGen      total 159744K, used 144233K [0x00000000e0000000, 0x00000000ecb00000, 0x0000000100000000)
  eden space 128512K, 100% used [0x00000000e0000000,0x00000000e7d80000,0x00000000e7d80000)
  from space 31232K, 50% used [0x00000000e7d80000,0x00000000e8cda480,0x00000000e9c00000)
  to   space 30208K, 0% used [0x00000000ead80000,0x00000000ead80000,0x00000000ecb00000)
 ParOldGen       total 154112K, used 72900K [0x00000000a0000000, 0x00000000a9680000, 0x00000000e0000000)
  object space 154112K, 47% used [0x00000000a0000000,0x00000000a47313d8,0x00000000a9680000)
 Metaspace       used 82312K, capacity 85434K, committed 85784K, reserved 1124352K
  class space    used 10591K, capacity 11191K, committed 11312K, reserved 1048576K
Event: 90.356 GC heap after
Heap after GC invocations=34 (full 4):
 PSYoungGen      total 177664K, used 12710K [0x00000000e0000000, 0x00000000ec980000, 0x0000000100000000)
  eden space 148992K, 0% used [0x00000000e0000000,0x00000000e0000000,0x00000000e9180000)
  from space 28672K, 44% used [0x00000000ead80000,0x00000000eb9e9898,0x00000000ec980000)
  to   space 28672K, 0% used [0x00000000e9180000,0x00000000e9180000,0x00000000ead80000)
 ParOldGen       total 154112K, used 72908K [0x00000000a0000000, 0x00000000a9680000, 0x00000000e0000000)
  object space 154112K, 47% used [0x00000000a0000000,0x00000000a47333d8,0x00000000a9680000)
 Metaspace       used 82312K, capacity 85434K, committed 85784K, reserved 1124352K
  class space    used 10591K, capacity 11191K, committed 11312K, reserved 1048576K
}
Event: 94.985 GC heap before
{Heap before GC invocations=35 (full 4):
 PSYoungGen      total 177664K, used 161697K [0x00000000e0000000, 0x00000000ec980000, 0x0000000100000000)
  eden space 148992K, 99% used [0x00000000e0000000,0x00000000e917edd0,0x00000000e9180000)
  from space 28672K, 44% used [0x00000000ead80000,0x00000000eb9e9898,0x00000000ec980000)
  to   space 28672K, 0% used [0x00000000e9180000,0x00000000e9180000,0x00000000ead80000)
 ParOldGen       total 154112K, used 72908K [0x00000000a0000000, 0x00000000a9680000, 0x00000000e0000000)
  object space 154112K, 47% used [0x00000000a0000000,0x00000000a47333d8,0x00000000a9680000)
 Metaspace       used 83221K, capacity 86300K, committed 86424K, reserved 1124352K
  class space    used 10723K, capacity 11340K, committed 11440K, reserved 1048576K
Event: 95.020 GC heap after
Heap after GC invocations=35 (full 4):
 PSYoungGen      total 177664K, used 10330K [0x00000000e0000000, 0x00000000edc80000, 0x0000000100000000)
  eden space 148992K, 0% used [0x00000000e0000000,0x00000000e0000000,0x00000000e9180000)
  from space 28672K, 36% used [0x00000000e9180000,0x00000000e9b96a28,0x00000000ead80000)
  to   space 27648K, 0% used [0x00000000ec180000,0x00000000ec180000,0x00000000edc80000)
 ParOldGen       total 154112K, used 77306K [0x00000000a0000000, 0x00000000a9680000, 0x00000000e0000000)
  object space 154112K, 50% used [0x00000000a0000000,0x00000000a4b7e818,0x00000000a9680000)
 Metaspace       used 83221K, capacity 86300K, committed 86424K, reserved 1124352K
  class space    used 10723K, capacity 11340K, committed 11440K, reserved 1048576K
}
Event: 102.157 GC heap before
{Heap before GC invocations=36 (full 4):
 PSYoungGen      total 177664K, used 159322K [0x00000000e0000000, 0x00000000edc80000, 0x0000000100000000)
  eden space 148992K, 100% used [0x00000000e0000000,0x00000000e9180000,0x00000000e9180000)
  from space 28672K, 36% used [0x00000000e9180000,0x00000000e9b96a28,0x00000000ead80000)
  to   space 27648K, 0% used [0x00000000ec180000,0x00000000ec180000,0x00000000edc80000)
 ParOldGen       total 154112K, used 77306K [0x00000000a0000000, 0x00000000a9680000, 0x00000000e0000000)
  object space 154112K, 50% used [0x00000000a0000000,0x00000000a4b7e818,0x00000000a9680000)
 Metaspace       used 86652K, capacity 90076K, committed 90264K, reserved 1128448K
  class space    used 11188K, capacity 11846K, committed 11952K, reserved 1048576K
Event: 102.181 GC heap after
Heap after GC invocations=36 (full 4):
 PSYoungGen      total 190976K, used 10090K [0x00000000e0000000, 0x00000000ed800000, 0x0000000100000000)
  eden space 167936K, 0% used [0x00000000e0000000,0x00000000e0000000,0x00000000ea400000)
  from space 23040K, 43% used [0x00000000ec180000,0x00000000ecb5abf0,0x00000000ed800000)
  to   space 26624K, 0% used [0x00000000ea400000,0x00000000ea400000,0x00000000ebe00000)
 ParOldGen       total 154112K, used 77314K [0x00000000a0000000, 0x00000000a9680000, 0x00000000e0000000)
  object space 154112K, 50% used [0x00000000a0000000,0x00000000a4b80818,0x00000000a9680000)
 Metaspace       used 86652K, capacity 90076K, committed 90264K, reserved 1128448K
  class space    used 11188K, capacity 11846K, committed 11952K, reserved 1048576K
}
Event: 648.757 GC heap before
{Heap before GC invocations=37 (full 4):
 PSYoungGen      total 190976K, used 178026K [0x00000000e0000000, 0x00000000ed800000, 0x0000000100000000)
  eden space 167936K, 100% used [0x00000000e0000000,0x00000000ea400000,0x00000000ea400000)
  from space 23040K, 43% used [0x00000000ec180000,0x00000000ecb5abf0,0x00000000ed800000)
  to   space 26624K, 0% used [0x00000000ea400000,0x00000000ea400000,0x00000000ebe00000)
 ParOldGen       total 154112K, used 77314K [0x00000000a0000000, 0x00000000a9680000, 0x00000000e0000000)
  object space 154112K, 50% used [0x00000000a0000000,0x00000000a4b80818,0x00000000a9680000)
 Metaspace       used 89782K, capacity 93314K, committed 93464K, reserved 1130496K
  class space    used 11348K, capacity 12009K, committed 12080K, reserved 1048576K
Event: 648.793 GC heap after
Heap after GC invocations=37 (full 4):
 PSYoungGen      total 194560K, used 13371K [0x00000000e0000000, 0x00000000ed800000, 0x0000000100000000)
  eden space 167936K, 0% used [0x00000000e0000000,0x00000000e0000000,0x00000000ea400000)
  from space 26624K, 50% used [0x00000000ea400000,0x00000000eb10ecf0,0x00000000ebe00000)
  to   space 23040K, 0% used [0x00000000ec180000,0x00000000ec180000,0x00000000ed800000)
 ParOldGen       total 154112K, used 77322K [0x00000000a0000000, 0x00000000a9680000, 0x00000000e0000000)
  object space 154112K, 50% used [0x00000000a0000000,0x00000000a4b82818,0x00000000a9680000)
 Metaspace       used 89782K, capacity 93314K, committed 93464K, reserved 1130496K
  class space    used 11348K, capacity 12009K, committed 12080K, reserved 1048576K
}

