# JRE version: OpenJDK Runtime Environment (8.0_152-b01) (build 1.8.0_152-release-1343-b01)
# Java VM: OpenJDK 64-Bit Server VM (25.152-b01 mixed mode windows-amd64 compressed oops)
Heap:
 PSYoungGen      total 194048K, used 72342K [0x00000000e0000000, 0x00000000ef380000, 0x0000000100000000)
  eden space 177664K, 31% used [0x00000000e0000000,0x00000000e377f808,0x00000000ead80000)
  from space 16384K, 94% used [0x00000000ead80000,0x00000000ebca6078,0x00000000ebd80000)
  to   space 18432K, 0% used [0x00000000ee180000,0x00000000ee180000,0x00000000ef380000)
 ParOldGen       total 90112K, used 34229K [0x00000000a0000000, 0x00000000a5800000, 0x00000000e0000000)
  object space 90112K, 37% used [0x00000000a0000000,0x00000000a216d668,0x00000000a5800000)
 Metaspace       used 65605K, capacity 67478K, committed 67608K, reserved 1107968K
  class space    used 8810K, capacity 9226K, committed 9264K, reserved 1048576K
GC Heap History (10 events):
Event: 6.564 GC heap before
{Heap before GC invocations=12 (full 2):
 PSYoungGen      total 150528K, used 5553K [0x00000000e0000000, 0x00000000ec880000, 0x0000000100000000)
  eden space 138240K, 0% used [0x00000000e0000000,0x00000000e0000000,0x00000000e8700000)
  from space 12288K, 45% used [0x00000000e9280000,0x00000000e97ec530,0x00000000e9e80000)
  to   space 11776K, 0% used [0x00000000e8700000,0x00000000e8700000,0x00000000e9280000)
 ParOldGen       total 38400K, used 15930K [0x00000000a0000000, 0x00000000a2580000, 0x00000000e0000000)
  object space 38400K, 41% used [0x00000000a0000000,0x00000000a0f8e9a8,0x00000000a2580000)
 Metaspace       used 34762K, capacity 35440K, committed 35496K, reserved 1079296K
  class space    used 4792K, capacity 4997K, committed 5040K, reserved 1048576K
Event: 6.667 GC heap after
Heap after GC invocations=12 (full 2):
 PSYoungGen      total 150528K, used 0K [0x00000000e0000000, 0x00000000ec880000, 0x0000000100000000)
  eden space 138240K, 0% used [0x00000000e0000000,0x00000000e0000000,0x00000000e8700000)
  from space 12288K, 0% used [0x00000000e9280000,0x00000000e9280000,0x00000000e9e80000)
  to   space 11776K, 0% used [0x00000000e8700000,0x00000000e8700000,0x00000000e9280000)
 ParOldGen       total 54784K, used 15757K [0x00000000a0000000, 0x00000000a3580000, 0x00000000e0000000)
  object space 54784K, 28% used [0x00000000a0000000,0x00000000a0f63620,0x00000000a3580000)
 Metaspace       used 34758K, capacity 35428K, committed 35496K, reserved 1079296K
  class space    used 4791K, capacity 4995K, committed 5040K, reserved 1048576K
}
Event: 8.664 GC heap before
{Heap before GC invocations=13 (full 2):
 PSYoungGen      total 150528K, used 138240K [0x00000000e0000000, 0x00000000ec880000, 0x0000000100000000)
  eden space 138240K, 100% used [0x00000000e0000000,0x00000000e8700000,0x00000000e8700000)
  from space 12288K, 0% used [0x00000000e9280000,0x00000000e9280000,0x00000000e9e80000)
  to   space 11776K, 0% used [0x00000000e8700000,0x00000000e8700000,0x00000000e9280000)
 ParOldGen       total 54784K, used 15757K [0x00000000a0000000, 0x00000000a3580000, 0x00000000e0000000)
  object space 54784K, 28% used [0x00000000a0000000,0x00000000a0f63620,0x00000000a3580000)
 Metaspace       used 47106K, capacity 48152K, committed 48296K, reserved 1091584K
  class space    used 6411K, capacity 6719K, committed 6832K, reserved 1048576K
Event: 8.693 GC heap after
Heap after GC invocations=13 (full 2):
 PSYoungGen      total 150016K, used 11746K [0x00000000e0000000, 0x00000000ecd80000, 0x0000000100000000)
  eden space 138240K, 0% used [0x00000000e0000000,0x00000000e0000000,0x00000000e8700000)
  from space 11776K, 99% used [0x00000000e8700000,0x00000000e9278910,0x00000000e9280000)
  to   space 15360K, 0% used [0x00000000ebe80000,0x00000000ebe80000,0x00000000ecd80000)
 ParOldGen       total 54784K, used 20730K [0x00000000a0000000, 0x00000000a3580000, 0x00000000e0000000)
  object space 54784K, 37% used [0x00000000a0000000,0x00000000a143e950,0x00000000a3580000)
 Metaspace       used 47106K, capacity 48152K, committed 48296K, reserved 1091584K
  class space    used 6411K, capacity 6719K, committed 6832K, reserved 1048576K
}
Event: 10.145 GC heap before
{Heap before GC invocations=14 (full 2):
 PSYoungGen      total 150016K, used 135990K [0x00000000e0000000, 0x00000000ecd80000, 0x0000000100000000)
  eden space 138240K, 89% used [0x00000000e0000000,0x00000000e7954f40,0x00000000e8700000)
  from space 11776K, 99% used [0x00000000e8700000,0x00000000e9278910,0x00000000e9280000)
  to   space 15360K, 0% used [0x00000000ebe80000,0x00000000ebe80000,0x00000000ecd80000)
 ParOldGen       total 54784K, used 20730K [0x00000000a0000000, 0x00000000a3580000, 0x00000000e0000000)
  object space 54784K, 37% used [0x00000000a0000000,0x00000000a143e950,0x00000000a3580000)
 Metaspace       used 57537K, capacity 59020K, committed 59160K, reserved 1099776K
  class space    used 7757K, capacity 8125K, committed 8240K, reserved 1048576K
Event: 10.168 GC heap after
Heap after GC invocations=14 (full 2):
 PSYoungGen      total 193024K, used 12419K [0x00000000e0000000, 0x00000000ecd80000, 0x0000000100000000)
  eden space 177664K, 0% used [0x00000000e0000000,0x00000000e0000000,0x00000000ead80000)
  from space 15360K, 80% used [0x00000000ebe80000,0x00000000ecaa0e80,0x00000000ecd80000)
  to   space 16384K, 0% used [0x00000000ead80000,0x00000000ead80000,0x00000000ebd80000)
 ParOldGen       total 54784K, used 28698K [0x00000000a0000000, 0x00000000a3580000, 0x00000000e0000000)
  object space 54784K, 52% used [0x00000000a0000000,0x00000000a1c069e8,0x00000000a3580000)
 Metaspace       used 57537K, capacity 59020K, committed 59160K, reserved 1099776K
  class space    used 7757K, capacity 8125K, committed 8240K, reserved 1048576K
}
Event: 10.168 GC heap before
{Heap before GC invocations=15 (full 3):
 PSYoungGen      total 193024K, used 12419K [0x00000000e0000000, 0x00000000ecd80000, 0x0000000100000000)
  eden space 177664K, 0% used [0x00000000e0000000,0x00000000e0000000,0x00000000ead80000)
  from space 15360K, 80% used [0x00000000ebe80000,0x00000000ecaa0e80,0x00000000ecd80000)
  to   space 16384K, 0% used [0x00000000ead80000,0x00000000ead80000,0x00000000ebd80000)
 ParOldGen       total 54784K, used 28698K [0x00000000a0000000, 0x00000000a3580000, 0x00000000e0000000)
  object space 54784K, 52% used [0x00000000a0000000,0x00000000a1c069e8,0x00000000a3580000)
 Metaspace       used 57537K, capacity 59020K, committed 59160K, reserved 1099776K
  class space    used 7757K, capacity 8125K, committed 8240K, reserved 1048576K
Event: 10.418 GC heap after
Heap after GC invocations=15 (full 3):
 PSYoungGen      total 193024K, used 0K [0x00000000e0000000, 0x00000000ecd80000, 0x0000000100000000)
  eden space 177664K, 0% used [0x00000000e0000000,0x00000000e0000000,0x00000000ead80000)
  from space 15360K, 0% used [0x00000000ebe80000,0x00000000ebe80000,0x00000000ecd80000)
  to   space 16384K, 0% used [0x00000000ead80000,0x00000000ead80000,0x00000000ebd80000)
 ParOldGen       total 90112K, used 34221K [0x00000000a0000000, 0x00000000a5800000, 0x00000000e0000000)
  object space 90112K, 37% used [0x00000000a0000000,0x00000000a216b668,0x00000000a5800000)
 Metaspace       used 57537K, capacity 59020K, committed 59160K, reserved 1099776K
  class space    used 7757K, capacity 8125K, committed 8240K, reserved 1048576K
}
Event: 13.100 GC heap before
{Heap before GC invocations=16 (full 3):
 PSYoungGen      total 193024K, used 177664K [0x00000000e0000000, 0x00000000ecd80000, 0x0000000100000000)
  eden space 177664K, 100% used [0x00000000e0000000,0x00000000ead80000,0x00000000ead80000)
  from space 15360K, 0% used [0x00000000ebe80000,0x00000000ebe80000,0x00000000ecd80000)
  to   space 16384K, 0% used [0x00000000ead80000,0x00000000ead80000,0x00000000ebd80000)
 ParOldGen       total 90112K, used 34221K [0x00000000a0000000, 0x00000000a5800000, 0x00000000e0000000)
  object space 90112K, 37% used [0x00000000a0000000,0x00000000a216b668,0x00000000a5800000)
 Metaspace       used 61570K, capacity 63538K, committed 63768K, reserved 1103872K
  class space    used 8300K, capacity 8742K, committed 8752K, reserved 1048576K
Event: 13.122 GC heap after
Heap after GC invocations=16 (full 3):
 PSYoungGen      total 194048K, used 15512K [0x00000000e0000000, 0x00000000ef380000, 0x0000000100000000)
  eden space 177664K, 0% used [0x00000000e0000000,0x00000000e0000000,0x00000000ead80000)
  from space 16384K, 94% used [0x00000000ead80000,0x00000000ebca6078,0x00000000ebd80000)
  to   space 18432K, 0% used [0x00000000ee180000,0x00000000ee180000,0x00000000ef380000)
 ParOldGen       total 90112K, used 34229K [0x00000000a0000000, 0x00000000a5800000, 0x00000000e0000000)
  object space 90112K, 37% used [0x00000000a0000000,0x00000000a216d668,0x00000000a5800000)
 Metaspace       used 61570K, capacity 63538K, committed 63768K, reserved 1103872K
  class space    used 8300K, capacity 8742K, committed 8752K, reserved 1048576K
}

