# JRE version: OpenJDK Runtime Environment (8.0_152-b01) (build 1.8.0_152-release-1343-b01)
# Java VM: OpenJDK 64-Bit Server VM (25.152-b01 mixed mode windows-amd64 compressed oops)
Heap:
 PSYoungGen      total 82944K, used 43530K [0x00000000e0000000, 0x00000000e7480000, 0x0000000100000000)
  eden space 65536K, 39% used [0x00000000e0000000,0x00000000e198a6a0,0x00000000e4000000)
  from space 17408K, 99% used [0x00000000e5800000,0x00000000e68f8198,0x00000000e6900000)
  to   space 24576K, 0% used [0x00000000e4000000,0x00000000e4000000,0x00000000e5800000)
 ParOldGen       total 91136K, used 50177K [0x00000000a0000000, 0x00000000a5900000, 0x00000000e0000000)
  object space 91136K, 55% used [0x00000000a0000000,0x00000000a3100440,0x00000000a5900000)
 Metaspace       used 71354K, capacity 73992K, committed 74264K, reserved 1114112K
  class space    used 9362K, capacity 9912K, committed 10008K, reserved 1048576K
GC Heap History (10 events):
Event: 30.173 GC heap before
{Heap before GC invocations=27 (full 3):
 PSYoungGen      total 78848K, used 73710K [0x00000000e0000000, 0x00000000e5d80000, 0x0000000100000000)
  eden space 68608K, 100% used [0x00000000e0000000,0x00000000e4300000,0x00000000e4300000)
  from space 10240K, 49% used [0x00000000e4300000,0x00000000e47fb9c0,0x00000000e4d00000)
  to   space 9728K, 0% used [0x00000000e5400000,0x00000000e5400000,0x00000000e5d80000)
 ParOldGen       total 91136K, used 30065K [0x00000000a0000000, 0x00000000a5900000, 0x00000000e0000000)
  object space 91136K, 32% used [0x00000000a0000000,0x00000000a1d5c638,0x00000000a5900000)
 Metaspace       used 62247K, capacity 64302K, committed 64536K, reserved 1105920K
  class space    used 8468K, capacity 8935K, committed 8984K, reserved 1048576K
Event: 30.185 GC heap after
Heap after GC invocations=27 (full 3):
 PSYoungGen      total 85504K, used 8459K [0x00000000e0000000, 0x00000000e5e00000, 0x0000000100000000)
  eden space 75776K, 0% used [0x00000000e0000000,0x00000000e0000000,0x00000000e4a00000)
  from space 9728K, 86% used [0x00000000e5400000,0x00000000e5c42e80,0x00000000e5d80000)
  to   space 10240K, 0% used [0x00000000e4a00000,0x00000000e4a00000,0x00000000e5400000)
 ParOldGen       total 91136K, used 30073K [0x00000000a0000000, 0x00000000a5900000, 0x00000000e0000000)
  object space 91136K, 32% used [0x00000000a0000000,0x00000000a1d5e638,0x00000000a5900000)
 Metaspace       used 62247K, capacity 64302K, committed 64536K, reserved 1105920K
  class space    used 8468K, capacity 8935K, committed 8984K, reserved 1048576K
}
Event: 33.467 GC heap before
{Heap before GC invocations=28 (full 3):
 PSYoungGen      total 85504K, used 84235K [0x00000000e0000000, 0x00000000e5e00000, 0x0000000100000000)
  eden space 75776K, 100% used [0x00000000e0000000,0x00000000e4a00000,0x00000000e4a00000)
  from space 9728K, 86% used [0x00000000e5400000,0x00000000e5c42e80,0x00000000e5d80000)
  to   space 10240K, 0% used [0x00000000e4a00000,0x00000000e4a00000,0x00000000e5400000)
 ParOldGen       total 91136K, used 30073K [0x00000000a0000000, 0x00000000a5900000, 0x00000000e0000000)
  object space 91136K, 32% used [0x00000000a0000000,0x00000000a1d5e638,0x00000000a5900000)
 Metaspace       used 64523K, capacity 66896K, committed 67096K, reserved 1107968K
  class space    used 8727K, capacity 9236K, committed 9240K, reserved 1048576K
Event: 33.485 GC heap after
Heap after GC invocations=28 (full 3):
 PSYoungGen      total 86016K, used 10216K [0x00000000e0000000, 0x00000000e6880000, 0x0000000100000000)
  eden space 75776K, 0% used [0x00000000e0000000,0x00000000e0000000,0x00000000e4a00000)
  from space 10240K, 99% used [0x00000000e4a00000,0x00000000e53fa020,0x00000000e5400000)
  to   space 12800K, 0% used [0x00000000e5c00000,0x00000000e5c00000,0x00000000e6880000)
 ParOldGen       total 91136K, used 32666K [0x00000000a0000000, 0x00000000a5900000, 0x00000000e0000000)
  object space 91136K, 35% used [0x00000000a0000000,0x00000000a1fe69c8,0x00000000a5900000)
 Metaspace       used 64523K, capacity 66896K, committed 67096K, reserved 1107968K
  class space    used 8727K, capacity 9236K, committed 9240K, reserved 1048576K
}
Event: 911.320 GC heap before
{Heap before GC invocations=29 (full 3):
 PSYoungGen      total 86016K, used 85992K [0x00000000e0000000, 0x00000000e6880000, 0x0000000100000000)
  eden space 75776K, 100% used [0x00000000e0000000,0x00000000e4a00000,0x00000000e4a00000)
  from space 10240K, 99% used [0x00000000e4a00000,0x00000000e53fa020,0x00000000e5400000)
  to   space 12800K, 0% used [0x00000000e5c00000,0x00000000e5c00000,0x00000000e6880000)
 ParOldGen       total 91136K, used 32666K [0x00000000a0000000, 0x00000000a5900000, 0x00000000e0000000)
  object space 91136K, 35% used [0x00000000a0000000,0x00000000a1fe69c8,0x00000000a5900000)
 Metaspace       used 68526K, capacity 71110K, committed 71320K, reserved 1112064K
  class space    used 9037K, capacity 9587K, committed 9624K, reserved 1048576K
Event: 911.407 GC heap after
Heap after GC invocations=29 (full 3):
 PSYoungGen      total 86528K, used 12780K [0x00000000e0000000, 0x00000000e6880000, 0x0000000100000000)
  eden space 73728K, 0% used [0x00000000e0000000,0x00000000e0000000,0x00000000e4800000)
  from space 12800K, 99% used [0x00000000e5c00000,0x00000000e687b060,0x00000000e6880000)
  to   space 15872K, 0% used [0x00000000e4980000,0x00000000e4980000,0x00000000e5900000)
 ParOldGen       total 91136K, used 36303K [0x00000000a0000000, 0x00000000a5900000, 0x00000000e0000000)
  object space 91136K, 39% used [0x00000000a0000000,0x00000000a2373ed8,0x00000000a5900000)
 Metaspace       used 68526K, capacity 71110K, committed 71320K, reserved 1112064K
  class space    used 9037K, capacity 9587K, committed 9624K, reserved 1048576K
}
Event: 915.245 GC heap before
{Heap before GC invocations=30 (full 3):
 PSYoungGen      total 86528K, used 86508K [0x00000000e0000000, 0x00000000e6880000, 0x0000000100000000)
  eden space 73728K, 100% used [0x00000000e0000000,0x00000000e4800000,0x00000000e4800000)
  from space 12800K, 99% used [0x00000000e5c00000,0x00000000e687b060,0x00000000e6880000)
  to   space 15872K, 0% used [0x00000000e4980000,0x00000000e4980000,0x00000000e5900000)
 ParOldGen       total 91136K, used 36303K [0x00000000a0000000, 0x00000000a5900000, 0x00000000e0000000)
  object space 91136K, 39% used [0x00000000a0000000,0x00000000a2373ed8,0x00000000a5900000)
 Metaspace       used 69409K, capacity 72112K, committed 72216K, reserved 1112064K
  class space    used 9151K, capacity 9736K, committed 9752K, reserved 1048576K
Event: 915.289 GC heap after
Heap after GC invocations=30 (full 3):
 PSYoungGen      total 86528K, used 14541K [0x00000000e0000000, 0x00000000e6900000, 0x0000000100000000)
  eden space 71680K, 0% used [0x00000000e0000000,0x00000000e0000000,0x00000000e4600000)
  from space 14848K, 97% used [0x00000000e4980000,0x00000000e57b3640,0x00000000e5800000)
  to   space 17408K, 0% used [0x00000000e5800000,0x00000000e5800000,0x00000000e6900000)
 ParOldGen       total 91136K, used 39255K [0x00000000a0000000, 0x00000000a5900000, 0x00000000e0000000)
  object space 91136K, 43% used [0x00000000a0000000,0x00000000a2655f08,0x00000000a5900000)
 Metaspace       used 69409K, capacity 72112K, committed 72216K, reserved 1112064K
  class space    used 9151K, capacity 9736K, committed 9752K, reserved 1048576K
}
Event: 919.833 GC heap before
{Heap before GC invocations=31 (full 3):
 PSYoungGen      total 86528K, used 86221K [0x00000000e0000000, 0x00000000e6900000, 0x0000000100000000)
  eden space 71680K, 100% used [0x00000000e0000000,0x00000000e4600000,0x00000000e4600000)
  from space 14848K, 97% used [0x00000000e4980000,0x00000000e57b3640,0x00000000e5800000)
  to   space 17408K, 0% used [0x00000000e5800000,0x00000000e5800000,0x00000000e6900000)
 ParOldGen       total 91136K, used 39255K [0x00000000a0000000, 0x00000000a5900000, 0x00000000e0000000)
  object space 91136K, 43% used [0x00000000a0000000,0x00000000a2655f08,0x00000000a5900000)
 Metaspace       used 71033K, capacity 73658K, committed 74008K, reserved 1114112K
  class space    used 9326K, capacity 9909K, committed 10008K, reserved 1048576K
Event: 919.867 GC heap after
Heap after GC invocations=31 (full 3):
 PSYoungGen      total 82944K, used 17376K [0x00000000e0000000, 0x00000000e7480000, 0x0000000100000000)
  eden space 65536K, 0% used [0x00000000e0000000,0x00000000e0000000,0x00000000e4000000)
  from space 17408K, 99% used [0x00000000e5800000,0x00000000e68f8198,0x00000000e6900000)
  to   space 24576K, 0% used [0x00000000e4000000,0x00000000e4000000,0x00000000e5800000)
 ParOldGen       total 91136K, used 50177K [0x00000000a0000000, 0x00000000a5900000, 0x00000000e0000000)
  object space 91136K, 55% used [0x00000000a0000000,0x00000000a3100440,0x00000000a5900000)
 Metaspace       used 71033K, capacity 73658K, committed 74008K, reserved 1114112K
  class space    used 9326K, capacity 9909K, committed 10008K, reserved 1048576K
}

