# JRE version: OpenJDK Runtime Environment (8.0_152-b01) (build 1.8.0_152-release-1343-b01)
# Java VM: OpenJDK 64-Bit Server VM (25.152-b01 mixed mode windows-amd64 compressed oops)
Heap:
 PSYoungGen      total 273920K, used 105196K [0x00000000e0000000, 0x00000000f3900000, 0x0000000100000000)
  eden space 244224K, 39% used [0x00000000e0000000,0x00000000e5ec67d0,0x00000000eee80000)
  from space 29696K, 27% used [0x00000000eee80000,0x00000000ef674900,0x00000000f0b80000)
  to   space 28672K, 0% used [0x00000000f1d00000,0x00000000f1d00000,0x00000000f3900000)
 ParOldGen       total 151552K, used 77346K [0x00000000a0000000, 0x00000000a9400000, 0x00000000e0000000)
  object space 151552K, 51% used [0x00000000a0000000,0x00000000a4b88b90,0x00000000a9400000)
 Metaspace       used 92365K, capacity 96720K, committed 96792K, reserved 1134592K
  class space    used 11504K, capacity 12274K, committed 12336K, reserved 1048576K
GC Heap History (10 events):
Event: 618.073 GC heap before
{Heap before GC invocations=35 (full 4):
 PSYoungGen      total 227840K, used 209408K [0x00000000e0000000, 0x00000000f1000000, 0x0000000100000000)
  eden space 209408K, 100% used [0x00000000e0000000,0x00000000ecc80000,0x00000000ecc80000)
  from space 18432K, 0% used [0x00000000efe00000,0x00000000efe00000,0x00000000f1000000)
  to   space 33792K, 0% used [0x00000000ece00000,0x00000000ece00000,0x00000000eef00000)
 ParOldGen       total 151552K, used 77314K [0x00000000a0000000, 0x00000000a9400000, 0x00000000e0000000)
  object space 151552K, 51% used [0x00000000a0000000,0x00000000a4b80b90,0x00000000a9400000)
 Metaspace       used 91255K, capacity 94756K, committed 95384K, reserved 1132544K
  class space    used 11392K, capacity 12080K, committed 12208K, reserved 1048576K
Event: 618.090 GC heap after
Heap after GC invocations=35 (full 4):
 PSYoungGen      total 244736K, used 8646K [0x00000000e0000000, 0x00000000f1880000, 0x0000000100000000)
  eden space 210944K, 0% used [0x00000000e0000000,0x00000000e0000000,0x00000000ece00000)
  from space 33792K, 25% used [0x00000000ece00000,0x00000000ed671b20,0x00000000eef00000)
  to   space 32768K, 0% used [0x00000000ef880000,0x00000000ef880000,0x00000000f1880000)
 ParOldGen       total 151552K, used 77322K [0x00000000a0000000, 0x00000000a9400000, 0x00000000e0000000)
  object space 151552K, 51% used [0x00000000a0000000,0x00000000a4b82b90,0x00000000a9400000)
 Metaspace       used 91255K, capacity 94756K, committed 95384K, reserved 1132544K
  class space    used 11392K, capacity 12080K, committed 12208K, reserved 1048576K
}
Event: 619.200 GC heap before
{Heap before GC invocations=36 (full 4):
 PSYoungGen      total 244736K, used 219590K [0x00000000e0000000, 0x00000000f1880000, 0x0000000100000000)
  eden space 210944K, 100% used [0x00000000e0000000,0x00000000ece00000,0x00000000ece00000)
  from space 33792K, 25% used [0x00000000ece00000,0x00000000ed671b20,0x00000000eef00000)
  to   space 32768K, 0% used [0x00000000ef880000,0x00000000ef880000,0x00000000f1880000)
 ParOldGen       total 151552K, used 77322K [0x00000000a0000000, 0x00000000a9400000, 0x00000000e0000000)
  object space 151552K, 51% used [0x00000000a0000000,0x00000000a4b82b90,0x00000000a9400000)
 Metaspace       used 91263K, capacity 94760K, committed 95384K, reserved 1132544K
  class space    used 11392K, capacity 12080K, committed 12208K, reserved 1048576K
Event: 619.234 GC heap after
Heap after GC invocations=36 (full 4):
 PSYoungGen      total 256512K, used 12875K [0x00000000e0000000, 0x00000000f2600000, 0x0000000100000000)
  eden space 223744K, 0% used [0x00000000e0000000,0x00000000e0000000,0x00000000eda80000)
  from space 32768K, 39% used [0x00000000ef880000,0x00000000f0512d40,0x00000000f1880000)
  to   space 30720K, 0% used [0x00000000eda80000,0x00000000eda80000,0x00000000ef880000)
 ParOldGen       total 151552K, used 77330K [0x00000000a0000000, 0x00000000a9400000, 0x00000000e0000000)
  object space 151552K, 51% used [0x00000000a0000000,0x00000000a4b84b90,0x00000000a9400000)
 Metaspace       used 91263K, capacity 94760K, committed 95384K, reserved 1132544K
  class space    used 11392K, capacity 12080K, committed 12208K, reserved 1048576K
}
Event: 621.125 GC heap before
{Heap before GC invocations=37 (full 4):
 PSYoungGen      total 256512K, used 236619K [0x00000000e0000000, 0x00000000f2600000, 0x0000000100000000)
  eden space 223744K, 100% used [0x00000000e0000000,0x00000000eda80000,0x00000000eda80000)
  from space 32768K, 39% used [0x00000000ef880000,0x00000000f0512d40,0x00000000f1880000)
  to   space 30720K, 0% used [0x00000000eda80000,0x00000000eda80000,0x00000000ef880000)
 ParOldGen       total 151552K, used 77330K [0x00000000a0000000, 0x00000000a9400000, 0x00000000e0000000)
  object space 151552K, 51% used [0x00000000a0000000,0x00000000a4b84b90,0x00000000a9400000)
 Metaspace       used 91273K, capacity 94764K, committed 95384K, reserved 1132544K
  class space    used 11392K, capacity 12080K, committed 12208K, reserved 1048576K
Event: 621.139 GC heap after
Heap after GC invocations=37 (full 4):
 PSYoungGen      total 254464K, used 5818K [0x00000000e0000000, 0x00000000f2d80000, 0x0000000100000000)
  eden space 223744K, 0% used [0x00000000e0000000,0x00000000e0000000,0x00000000eda80000)
  from space 30720K, 18% used [0x00000000eda80000,0x00000000ee02ea10,0x00000000ef880000)
  to   space 30208K, 0% used [0x00000000f1000000,0x00000000f1000000,0x00000000f2d80000)
 ParOldGen       total 151552K, used 77330K [0x00000000a0000000, 0x00000000a9400000, 0x00000000e0000000)
  object space 151552K, 51% used [0x00000000a0000000,0x00000000a4b84b90,0x00000000a9400000)
 Metaspace       used 91273K, capacity 94764K, committed 95384K, reserved 1132544K
  class space    used 11392K, capacity 12080K, committed 12208K, reserved 1048576K
}
Event: 810.253 GC heap before
{Heap before GC invocations=38 (full 4):
 PSYoungGen      total 254464K, used 229562K [0x00000000e0000000, 0x00000000f2d80000, 0x0000000100000000)
  eden space 223744K, 100% used [0x00000000e0000000,0x00000000eda80000,0x00000000eda80000)
  from space 30720K, 18% used [0x00000000eda80000,0x00000000ee02ea10,0x00000000ef880000)
  to   space 30208K, 0% used [0x00000000f1000000,0x00000000f1000000,0x00000000f2d80000)
 ParOldGen       total 151552K, used 77330K [0x00000000a0000000, 0x00000000a9400000, 0x00000000e0000000)
  object space 151552K, 51% used [0x00000000a0000000,0x00000000a4b84b90,0x00000000a9400000)
 Metaspace       used 91601K, capacity 95222K, committed 95640K, reserved 1132544K
  class space    used 11400K, capacity 12091K, committed 12208K, reserved 1048576K
Event: 810.280 GC heap after
Heap after GC invocations=38 (full 4):
 PSYoungGen      total 269312K, used 14872K [0x00000000e0000000, 0x00000000f2880000, 0x0000000100000000)
  eden space 244224K, 0% used [0x00000000e0000000,0x00000000e0000000,0x00000000eee80000)
  from space 25088K, 59% used [0x00000000f1000000,0x00000000f1e86300,0x00000000f2880000)
  to   space 29696K, 0% used [0x00000000eee80000,0x00000000eee80000,0x00000000f0b80000)
 ParOldGen       total 151552K, used 77338K [0x00000000a0000000, 0x00000000a9400000, 0x00000000e0000000)
  object space 151552K, 51% used [0x00000000a0000000,0x00000000a4b86b90,0x00000000a9400000)
 Metaspace       used 91601K, capacity 95222K, committed 95640K, reserved 1132544K
  class space    used 11400K, capacity 12091K, committed 12208K, reserved 1048576K
}
Event: 1008.581 GC heap before
{Heap before GC invocations=39 (full 4):
 PSYoungGen      total 269312K, used 259096K [0x00000000e0000000, 0x00000000f2880000, 0x0000000100000000)
  eden space 244224K, 100% used [0x00000000e0000000,0x00000000eee80000,0x00000000eee80000)
  from space 25088K, 59% used [0x00000000f1000000,0x00000000f1e86300,0x00000000f2880000)
  to   space 29696K, 0% used [0x00000000eee80000,0x00000000eee80000,0x00000000f0b80000)
 ParOldGen       total 151552K, used 77338K [0x00000000a0000000, 0x00000000a9400000, 0x00000000e0000000)
  object space 151552K, 51% used [0x00000000a0000000,0x00000000a4b86b90,0x00000000a9400000)
 Metaspace       used 92222K, capacity 96528K, committed 96792K, reserved 1134592K
  class space    used 11499K, capacity 12274K, committed 12336K, reserved 1048576K
Event: 1008.623 GC heap after
Heap after GC invocations=39 (full 4):
 PSYoungGen      total 273920K, used 8146K [0x00000000e0000000, 0x00000000f3900000, 0x0000000100000000)
  eden space 244224K, 0% used [0x00000000e0000000,0x00000000e0000000,0x00000000eee80000)
  from space 29696K, 27% used [0x00000000eee80000,0x00000000ef674900,0x00000000f0b80000)
  to   space 28672K, 0% used [0x00000000f1d00000,0x00000000f1d00000,0x00000000f3900000)
 ParOldGen       total 151552K, used 77346K [0x00000000a0000000, 0x00000000a9400000, 0x00000000e0000000)
  object space 151552K, 51% used [0x00000000a0000000,0x00000000a4b88b90,0x00000000a9400000)
 Metaspace       used 92222K, capacity 96528K, committed 96792K, reserved 1134592K
  class space    used 11499K, capacity 12274K, committed 12336K, reserved 1048576K
}

