# JRE version: OpenJDK Runtime Environment (8.0_152-b01) (build 1.8.0_152-release-1343-b01)
# Java VM: OpenJDK 64-Bit Server VM (25.152-b01 mixed mode windows-amd64 compressed oops)
Heap:
 PSYoungGen      total 226304K, used 32203K [0x00000000e0000000, 0x00000000f1e80000, 0x0000000100000000)
  eden space 201728K, 3% used [0x00000000e0000000,0x00000000e0773570,0x00000000ec500000)
  from space 24576K, 99% used [0x00000000ec500000,0x00000000edcff6b0,0x00000000edd00000)
  to   space 32768K, 0% used [0x00000000efe80000,0x00000000efe80000,0x00000000f1e80000)
 ParOldGen       total 90112K, used 55590K [0x00000000a0000000, 0x00000000a5800000, 0x00000000e0000000)
  object space 90112K, 61% used [0x00000000a0000000,0x00000000a3649988,0x00000000a5800000)
 Metaspace       used 82609K, capacity 85772K, committed 86168K, reserved 1124352K
  class space    used 10954K, capacity 11599K, committed 11696K, reserved 1048576K
GC Heap History (10 events):
Event: 10.297 GC heap before
{Heap before GC invocations=14 (full 2):
 PSYoungGen      total 150528K, used 133862K [0x00000000e0000000, 0x00000000ecc00000, 0x0000000100000000)
  eden space 138752K, 88% used [0x00000000e0000000,0x00000000e773f188,0x00000000e8780000)
  from space 11776K, 99% used [0x00000000e8780000,0x00000000e92fa8f0,0x00000000e9300000)
  to   space 15360K, 0% used [0x00000000ebd00000,0x00000000ebd00000,0x00000000ecc00000)
 ParOldGen       total 54272K, used 20908K [0x00000000a0000000, 0x00000000a3500000, 0x00000000e0000000)
  object space 54272K, 38% used [0x00000000a0000000,0x00000000a146b168,0x00000000a3500000)
 Metaspace       used 57470K, capacity 59014K, committed 59160K, reserved 1099776K
  class space    used 7749K, capacity 8122K, committed 8240K, reserved 1048576K
Event: 10.323 GC heap after
Heap after GC invocations=14 (full 2):
 PSYoungGen      total 192512K, used 12329K [0x00000000e0000000, 0x00000000ecd80000, 0x0000000100000000)
  eden space 177152K, 0% used [0x00000000e0000000,0x00000000e0000000,0x00000000ead00000)
  from space 15360K, 80% used [0x00000000ebd00000,0x00000000ec90a610,0x00000000ecc00000)
  to   space 16384K, 0% used [0x00000000ead00000,0x00000000ead00000,0x00000000ebd00000)
 ParOldGen       total 54272K, used 28881K [0x00000000a0000000, 0x00000000a3500000, 0x00000000e0000000)
  object space 54272K, 53% used [0x00000000a0000000,0x00000000a1c34790,0x00000000a3500000)
 Metaspace       used 57470K, capacity 59014K, committed 59160K, reserved 1099776K
  class space    used 7749K, capacity 8122K, committed 8240K, reserved 1048576K
}
Event: 10.323 GC heap before
{Heap before GC invocations=15 (full 3):
 PSYoungGen      total 192512K, used 12329K [0x00000000e0000000, 0x00000000ecd80000, 0x0000000100000000)
  eden space 177152K, 0% used [0x00000000e0000000,0x00000000e0000000,0x00000000ead00000)
  from space 15360K, 80% used [0x00000000ebd00000,0x00000000ec90a610,0x00000000ecc00000)
  to   space 16384K, 0% used [0x00000000ead00000,0x00000000ead00000,0x00000000ebd00000)
 ParOldGen       total 54272K, used 28881K [0x00000000a0000000, 0x00000000a3500000, 0x00000000e0000000)
  object space 54272K, 53% used [0x00000000a0000000,0x00000000a1c34790,0x00000000a3500000)
 Metaspace       used 57470K, capacity 59014K, committed 59160K, reserved 1099776K
  class space    used 7749K, capacity 8122K, committed 8240K, reserved 1048576K
Event: 10.607 GC heap after
Heap after GC invocations=15 (full 3):
 PSYoungGen      total 192512K, used 0K [0x00000000e0000000, 0x00000000ecd80000, 0x0000000100000000)
  eden space 177152K, 0% used [0x00000000e0000000,0x00000000e0000000,0x00000000ead00000)
  from space 15360K, 0% used [0x00000000ebd00000,0x00000000ebd00000,0x00000000ecc00000)
  to   space 16384K, 0% used [0x00000000ead00000,0x00000000ead00000,0x00000000ebd00000)
 ParOldGen       total 90112K, used 34178K [0x00000000a0000000, 0x00000000a5800000, 0x00000000e0000000)
  object space 90112K, 37% used [0x00000000a0000000,0x00000000a2160b60,0x00000000a5800000)
 Metaspace       used 57470K, capacity 59014K, committed 59160K, reserved 1099776K
  class space    used 7749K, capacity 8122K, committed 8240K, reserved 1048576K
}
Event: 13.463 GC heap before
{Heap before GC invocations=16 (full 3):
 PSYoungGen      total 192512K, used 177152K [0x00000000e0000000, 0x00000000ecd80000, 0x0000000100000000)
  eden space 177152K, 100% used [0x00000000e0000000,0x00000000ead00000,0x00000000ead00000)
  from space 15360K, 0% used [0x00000000ebd00000,0x00000000ebd00000,0x00000000ecc00000)
  to   space 16384K, 0% used [0x00000000ead00000,0x00000000ead00000,0x00000000ebd00000)
 ParOldGen       total 90112K, used 34178K [0x00000000a0000000, 0x00000000a5800000, 0x00000000e0000000)
  object space 90112K, 37% used [0x00000000a0000000,0x00000000a2160b60,0x00000000a5800000)
 Metaspace       used 61561K, capacity 63584K, committed 63896K, reserved 1103872K
  class space    used 8306K, capacity 8753K, committed 8880K, reserved 1048576K
Event: 13.487 GC heap after
Heap after GC invocations=16 (full 3):
 PSYoungGen      total 193536K, used 14940K [0x00000000e0000000, 0x00000000eef00000, 0x0000000100000000)
  eden space 177152K, 0% used [0x00000000e0000000,0x00000000e0000000,0x00000000ead00000)
  from space 16384K, 91% used [0x00000000ead00000,0x00000000ebb971b8,0x00000000ebd00000)
  to   space 18432K, 0% used [0x00000000edd00000,0x00000000edd00000,0x00000000eef00000)
 ParOldGen       total 90112K, used 34186K [0x00000000a0000000, 0x00000000a5800000, 0x00000000e0000000)
  object space 90112K, 37% used [0x00000000a0000000,0x00000000a2162b60,0x00000000a5800000)
 Metaspace       used 61561K, capacity 63584K, committed 63896K, reserved 1103872K
  class space    used 8306K, capacity 8753K, committed 8880K, reserved 1048576K
}
Event: 17.349 GC heap before
{Heap before GC invocations=17 (full 3):
 PSYoungGen      total 193536K, used 192092K [0x00000000e0000000, 0x00000000eef00000, 0x0000000100000000)
  eden space 177152K, 100% used [0x00000000e0000000,0x00000000ead00000,0x00000000ead00000)
  from space 16384K, 91% used [0x00000000ead00000,0x00000000ebb971b8,0x00000000ebd00000)
  to   space 18432K, 0% used [0x00000000edd00000,0x00000000edd00000,0x00000000eef00000)
 ParOldGen       total 90112K, used 34186K [0x00000000a0000000, 0x00000000a5800000, 0x00000000e0000000)
  object space 90112K, 37% used [0x00000000a0000000,0x00000000a2162b60,0x00000000a5800000)
 Metaspace       used 73498K, capacity 76420K, committed 76696K, reserved 1116160K
  class space    used 9998K, capacity 10583K, committed 10672K, reserved 1048576K
Event: 17.387 GC heap after
Heap after GC invocations=17 (full 3):
 PSYoungGen      total 220160K, used 18408K [0x00000000e0000000, 0x00000000ef900000, 0x0000000100000000)
  eden space 201728K, 0% used [0x00000000e0000000,0x00000000e0000000,0x00000000ec500000)
  from space 18432K, 99% used [0x00000000edd00000,0x00000000eeefa0b0,0x00000000eef00000)
  to   space 24576K, 0% used [0x00000000ec500000,0x00000000ec500000,0x00000000edd00000)
 ParOldGen       total 90112K, used 43579K [0x00000000a0000000, 0x00000000a5800000, 0x00000000e0000000)
  object space 90112K, 48% used [0x00000000a0000000,0x00000000a2a8ee30,0x00000000a5800000)
 Metaspace       used 73498K, capacity 76420K, committed 76696K, reserved 1116160K
  class space    used 9998K, capacity 10583K, committed 10672K, reserved 1048576K
}
Event: 1582.518 GC heap before
{Heap before GC invocations=18 (full 3):
 PSYoungGen      total 220160K, used 220136K [0x00000000e0000000, 0x00000000ef900000, 0x0000000100000000)
  eden space 201728K, 100% used [0x00000000e0000000,0x00000000ec500000,0x00000000ec500000)
  from space 18432K, 99% used [0x00000000edd00000,0x00000000eeefa0b0,0x00000000eef00000)
  to   space 24576K, 0% used [0x00000000ec500000,0x00000000ec500000,0x00000000edd00000)
 ParOldGen       total 90112K, used 43579K [0x00000000a0000000, 0x00000000a5800000, 0x00000000e0000000)
  object space 90112K, 48% used [0x00000000a0000000,0x00000000a2a8ee30,0x00000000a5800000)
 Metaspace       used 82553K, capacity 85708K, committed 85912K, reserved 1124352K
  class space    used 10951K, capacity 11599K, committed 11696K, reserved 1048576K
Event: 1582.580 GC heap after
Heap after GC invocations=18 (full 3):
 PSYoungGen      total 226304K, used 24573K [0x00000000e0000000, 0x00000000f1e80000, 0x0000000100000000)
  eden space 201728K, 0% used [0x00000000e0000000,0x00000000e0000000,0x00000000ec500000)
  from space 24576K, 99% used [0x00000000ec500000,0x00000000edcff6b0,0x00000000edd00000)
  to   space 32768K, 0% used [0x00000000efe80000,0x00000000efe80000,0x00000000f1e80000)
 ParOldGen       total 90112K, used 55590K [0x00000000a0000000, 0x00000000a5800000, 0x00000000e0000000)
  object space 90112K, 61% used [0x00000000a0000000,0x00000000a3649988,0x00000000a5800000)
 Metaspace       used 82553K, capacity 85708K, committed 85912K, reserved 1124352K
  class space    used 10951K, capacity 11599K, committed 11696K, reserved 1048576K
}

