# JRE version: OpenJDK Runtime Environment (8.0_152-b01) (build 1.8.0_152-release-1343-b01)
# Java VM: OpenJDK 64-Bit Server VM (25.152-b01 mixed mode windows-amd64 compressed oops)
Heap:
 PSYoungGen      total 288256K, used 78207K [0x00000000e0000000, 0x00000000f5800000, 0x0000000100000000)
  eden space 260608K, 19% used [0x00000000e0000000,0x00000000e31a8300,0x00000000efe80000)
  from space 27648K, 98% used [0x00000000efe80000,0x00000000f1937ab8,0x00000000f1980000)
  to   space 31744K, 0% used [0x00000000f3900000,0x00000000f3900000,0x00000000f5800000)
 ParOldGen       total 95232K, used 71285K [0x00000000a0000000, 0x00000000a5d00000, 0x00000000e0000000)
  object space 95232K, 74% used [0x00000000a0000000,0x00000000a459d480,0x00000000a5d00000)
 Metaspace       used 85713K, capacity 89684K, committed 89816K, reserved 1126400K
  class space    used 11102K, capacity 11888K, committed 11992K, reserved 1048576K
GC Heap History (10 events):
Event: 71.606 GC heap before
{Heap before GC invocations=20 (full 3):
 PSYoungGen      total 225792K, used 225786K [0x00000000e0000000, 0x00000000f0f00000, 0x0000000100000000)
  eden space 201728K, 100% used [0x00000000e0000000,0x00000000ec500000,0x00000000ec500000)
  from space 24064K, 99% used [0x00000000ee280000,0x00000000ef9feaf0,0x00000000efa00000)
  to   space 30208K, 0% used [0x00000000ec500000,0x00000000ec500000,0x00000000ee280000)
 ParOldGen       total 95232K, used 53385K [0x00000000a0000000, 0x00000000a5d00000, 0x00000000e0000000)
  object space 95232K, 56% used [0x00000000a0000000,0x00000000a34227d8,0x00000000a5d00000)
 Metaspace       used 79939K, capacity 83386K, committed 83544K, reserved 1122304K
  class space    used 10358K, capacity 11061K, committed 11096K, reserved 1048576K
Event: 71.661 GC heap after
Heap after GC invocations=20 (full 3):
 PSYoungGen      total 231936K, used 8942K [0x00000000e0000000, 0x00000000f1880000, 0x0000000100000000)
  eden space 201728K, 0% used [0x00000000e0000000,0x00000000e0000000,0x00000000ec500000)
  from space 30208K, 29% used [0x00000000ec500000,0x00000000ecdbb9b8,0x00000000ee280000)
  to   space 28672K, 0% used [0x00000000efc80000,0x00000000efc80000,0x00000000f1880000)
 ParOldGen       total 95232K, used 71253K [0x00000000a0000000, 0x00000000a5d00000, 0x00000000e0000000)
  object space 95232K, 74% used [0x00000000a0000000,0x00000000a4595480,0x00000000a5d00000)
 Metaspace       used 79939K, capacity 83386K, committed 83544K, reserved 1122304K
  class space    used 10358K, capacity 11061K, committed 11096K, reserved 1048576K
}
Event: 73.159 GC heap before
{Heap before GC invocations=21 (full 3):
 PSYoungGen      total 231936K, used 210670K [0x00000000e0000000, 0x00000000f1880000, 0x0000000100000000)
  eden space 201728K, 100% used [0x00000000e0000000,0x00000000ec500000,0x00000000ec500000)
  from space 30208K, 29% used [0x00000000ec500000,0x00000000ecdbb9b8,0x00000000ee280000)
  to   space 28672K, 0% used [0x00000000efc80000,0x00000000efc80000,0x00000000f1880000)
 ParOldGen       total 95232K, used 71253K [0x00000000a0000000, 0x00000000a5d00000, 0x00000000e0000000)
  object space 95232K, 74% used [0x00000000a0000000,0x00000000a4595480,0x00000000a5d00000)
 Metaspace       used 80056K, capacity 83462K, committed 83544K, reserved 1122304K
  class space    used 10358K, capacity 11061K, committed 11096K, reserved 1048576K
Event: 73.188 GC heap after
Heap after GC invocations=21 (full 3):
 PSYoungGen      total 259072K, used 15079K [0x00000000e0000000, 0x00000000f1900000, 0x0000000100000000)
  eden space 230400K, 0% used [0x00000000e0000000,0x00000000e0000000,0x00000000ee100000)
  from space 28672K, 52% used [0x00000000efc80000,0x00000000f0b39ee8,0x00000000f1880000)
  to   space 28160K, 0% used [0x00000000ee100000,0x00000000ee100000,0x00000000efc80000)
 ParOldGen       total 95232K, used 71261K [0x00000000a0000000, 0x00000000a5d00000, 0x00000000e0000000)
  object space 95232K, 74% used [0x00000000a0000000,0x00000000a4597480,0x00000000a5d00000)
 Metaspace       used 80056K, capacity 83462K, committed 83544K, reserved 1122304K
  class space    used 10358K, capacity 11061K, committed 11096K, reserved 1048576K
}
Event: 74.658 GC heap before
{Heap before GC invocations=22 (full 3):
 PSYoungGen      total 259072K, used 245479K [0x00000000e0000000, 0x00000000f1900000, 0x0000000100000000)
  eden space 230400K, 100% used [0x00000000e0000000,0x00000000ee100000,0x00000000ee100000)
  from space 28672K, 52% used [0x00000000efc80000,0x00000000f0b39ee8,0x00000000f1880000)
  to   space 28160K, 0% used [0x00000000ee100000,0x00000000ee100000,0x00000000efc80000)
 ParOldGen       total 95232K, used 71261K [0x00000000a0000000, 0x00000000a5d00000, 0x00000000e0000000)
  object space 95232K, 74% used [0x00000000a0000000,0x00000000a4597480,0x00000000a5d00000)
 Metaspace       used 80115K, capacity 83608K, committed 83800K, reserved 1122304K
  class space    used 10360K, capacity 11064K, committed 11096K, reserved 1048576K
Event: 74.680 GC heap after
Heap after GC invocations=22 (full 3):
 PSYoungGen      total 258560K, used 16832K [0x00000000e0000000, 0x00000000f3980000, 0x0000000100000000)
  eden space 230400K, 0% used [0x00000000e0000000,0x00000000e0000000,0x00000000ee100000)
  from space 28160K, 59% used [0x00000000ee100000,0x00000000ef170128,0x00000000efc80000)
  to   space 28672K, 0% used [0x00000000f1d80000,0x00000000f1d80000,0x00000000f3980000)
 ParOldGen       total 95232K, used 71269K [0x00000000a0000000, 0x00000000a5d00000, 0x00000000e0000000)
  object space 95232K, 74% used [0x00000000a0000000,0x00000000a4599480,0x00000000a5d00000)
 Metaspace       used 80115K, capacity 83608K, committed 83800K, reserved 1122304K
  class space    used 10360K, capacity 11064K, committed 11096K, reserved 1048576K
}
Event: 76.767 GC heap before
{Heap before GC invocations=23 (full 3):
 PSYoungGen      total 258560K, used 247232K [0x00000000e0000000, 0x00000000f3980000, 0x0000000100000000)
  eden space 230400K, 100% used [0x00000000e0000000,0x00000000ee100000,0x00000000ee100000)
  from space 28160K, 59% used [0x00000000ee100000,0x00000000ef170128,0x00000000efc80000)
  to   space 28672K, 0% used [0x00000000f1d80000,0x00000000f1d80000,0x00000000f3980000)
 ParOldGen       total 95232K, used 71269K [0x00000000a0000000, 0x00000000a5d00000, 0x00000000e0000000)
  object space 95232K, 74% used [0x00000000a0000000,0x00000000a4599480,0x00000000a5d00000)
 Metaspace       used 80548K, capacity 83938K, committed 84184K, reserved 1122304K
  class space    used 10398K, capacity 11101K, committed 11224K, reserved 1048576K
Event: 76.783 GC heap after
Heap after GC invocations=23 (full 3):
 PSYoungGen      total 284160K, used 8899K [0x00000000e0000000, 0x00000000f3480000, 0x0000000100000000)
  eden space 260608K, 0% used [0x00000000e0000000,0x00000000e0000000,0x00000000efe80000)
  from space 23552K, 37% used [0x00000000f1d80000,0x00000000f2630d18,0x00000000f3480000)
  to   space 27648K, 0% used [0x00000000efe80000,0x00000000efe80000,0x00000000f1980000)
 ParOldGen       total 95232K, used 71277K [0x00000000a0000000, 0x00000000a5d00000, 0x00000000e0000000)
  object space 95232K, 74% used [0x00000000a0000000,0x00000000a459b480,0x00000000a5d00000)
 Metaspace       used 80548K, capacity 83938K, committed 84184K, reserved 1122304K
  class space    used 10398K, capacity 11101K, committed 11224K, reserved 1048576K
}
Event: 1304.989 GC heap before
{Heap before GC invocations=24 (full 3):
 PSYoungGen      total 284160K, used 269507K [0x00000000e0000000, 0x00000000f3480000, 0x0000000100000000)
  eden space 260608K, 100% used [0x00000000e0000000,0x00000000efe80000,0x00000000efe80000)
  from space 23552K, 37% used [0x00000000f1d80000,0x00000000f2630d18,0x00000000f3480000)
  to   space 27648K, 0% used [0x00000000efe80000,0x00000000efe80000,0x00000000f1980000)
 ParOldGen       total 95232K, used 71277K [0x00000000a0000000, 0x00000000a5d00000, 0x00000000e0000000)
  object space 95232K, 74% used [0x00000000a0000000,0x00000000a459b480,0x00000000a5d00000)
 Metaspace       used 85428K, capacity 89384K, committed 89432K, reserved 1126400K
  class space    used 11074K, capacity 11854K, committed 11864K, reserved 1048576K
Event: 1305.020 GC heap after
Heap after GC invocations=24 (full 3):
 PSYoungGen      total 288256K, used 27358K [0x00000000e0000000, 0x00000000f5800000, 0x0000000100000000)
  eden space 260608K, 0% used [0x00000000e0000000,0x00000000e0000000,0x00000000efe80000)
  from space 27648K, 98% used [0x00000000efe80000,0x00000000f1937ab8,0x00000000f1980000)
  to   space 31744K, 0% used [0x00000000f3900000,0x00000000f3900000,0x00000000f5800000)
 ParOldGen       total 95232K, used 71285K [0x00000000a0000000, 0x00000000a5d00000, 0x00000000e0000000)
  object space 95232K, 74% used [0x00000000a0000000,0x00000000a459d480,0x00000000a5d00000)
 Metaspace       used 85428K, capacity 89384K, committed 89432K, reserved 1126400K
  class space    used 11074K, capacity 11854K, committed 11864K, reserved 1048576K
}

