# JRE version: OpenJDK Runtime Environment (8.0_152-b01) (build 1.8.0_152-release-1343-b01)
# Java VM: OpenJDK 64-Bit Server VM (25.152-b01 mixed mode windows-amd64 compressed oops)
Heap:
 PSYoungGen      total 164864K, used 104769K [0x00000000e0000000, 0x00000000ec080000, 0x0000000100000000)
  eden space 147456K, 59% used [0x00000000e0000000,0x00000000e55566a0,0x00000000e9000000)
  from space 17408K, 99% used [0x00000000e9000000,0x00000000ea0f9e60,0x00000000ea100000)
  to   space 19968K, 0% used [0x00000000ead00000,0x00000000ead00000,0x00000000ec080000)
 ParOldGen       total 86016K, used 48048K [0x00000000a0000000, 0x00000000a5400000, 0x00000000e0000000)
  object space 86016K, 55% used [0x00000000a0000000,0x00000000a2eec3b0,0x00000000a5400000)
 Metaspace       used 90081K, capacity 94086K, committed 94232K, reserved 1130496K
  class space    used 11508K, capacity 12214K, committed 12320K, reserved 1048576K
GC Heap History (10 events):
Event: 64.603 GC heap before
{Heap before GC invocations=24 (full 3):
 PSYoungGen      total 137728K, used 133126K [0x00000000e0000000, 0x00000000e9800000, 0x0000000100000000)
  eden space 123904K, 99% used [0x00000000e0000000,0x00000000e78fcd90,0x00000000e7900000)
  from space 13824K, 66% used [0x00000000e8a80000,0x00000000e9384af8,0x00000000e9800000)
  to   space 15872K, 0% used [0x00000000e7900000,0x00000000e7900000,0x00000000e8880000)
 ParOldGen       total 86016K, used 47837K [0x00000000a0000000, 0x00000000a5400000, 0x00000000e0000000)
  object space 86016K, 55% used [0x00000000a0000000,0x00000000a2eb7758,0x00000000a5400000)
 Metaspace       used 80559K, capacity 83814K, committed 83992K, reserved 1122304K
  class space    used 10543K, capacity 11184K, committed 11296K, reserved 1048576K
Event: 64.626 GC heap after
Heap after GC invocations=24 (full 3):
 PSYoungGen      total 139776K, used 13596K [0x00000000e0000000, 0x00000000ea400000, 0x0000000100000000)
  eden space 123904K, 0% used [0x00000000e0000000,0x00000000e0000000,0x00000000e7900000)
  from space 15872K, 85% used [0x00000000e7900000,0x00000000e8647288,0x00000000e8880000)
  to   space 17408K, 0% used [0x00000000e9300000,0x00000000e9300000,0x00000000ea400000)
 ParOldGen       total 86016K, used 47845K [0x00000000a0000000, 0x00000000a5400000, 0x00000000e0000000)
  object space 86016K, 55% used [0x00000000a0000000,0x00000000a2eb9758,0x00000000a5400000)
 Metaspace       used 80559K, capacity 83814K, committed 83992K, reserved 1122304K
  class space    used 10543K, capacity 11184K, committed 11296K, reserved 1048576K
}
Event: 65.681 GC heap before
{Heap before GC invocations=25 (full 3):
 PSYoungGen      total 139776K, used 137500K [0x00000000e0000000, 0x00000000ea400000, 0x0000000100000000)
  eden space 123904K, 100% used [0x00000000e0000000,0x00000000e7900000,0x00000000e7900000)
  from space 15872K, 85% used [0x00000000e7900000,0x00000000e8647288,0x00000000e8880000)
  to   space 17408K, 0% used [0x00000000e9300000,0x00000000e9300000,0x00000000ea400000)
 ParOldGen       total 86016K, used 47845K [0x00000000a0000000, 0x00000000a5400000, 0x00000000e0000000)
  object space 86016K, 55% used [0x00000000a0000000,0x00000000a2eb9758,0x00000000a5400000)
 Metaspace       used 81189K, capacity 84584K, committed 84760K, reserved 1122304K
  class space    used 10581K, capacity 11225K, committed 11296K, reserved 1048576K
Event: 65.709 GC heap after
Heap after GC invocations=25 (full 3):
 PSYoungGen      total 150528K, used 11197K [0x00000000e0000000, 0x00000000eaa00000, 0x0000000100000000)
  eden space 133120K, 0% used [0x00000000e0000000,0x00000000e0000000,0x00000000e8200000)
  from space 17408K, 64% used [0x00000000e9300000,0x00000000e9def430,0x00000000ea400000)
  to   space 17408K, 0% used [0x00000000e8200000,0x00000000e8200000,0x00000000e9300000)
 ParOldGen       total 86016K, used 47853K [0x00000000a0000000, 0x00000000a5400000, 0x00000000e0000000)
  object space 86016K, 55% used [0x00000000a0000000,0x00000000a2ebb758,0x00000000a5400000)
 Metaspace       used 81189K, capacity 84584K, committed 84760K, reserved 1122304K
  class space    used 10581K, capacity 11225K, committed 11296K, reserved 1048576K
}
Event: 67.322 GC heap before
{Heap before GC invocations=26 (full 3):
 PSYoungGen      total 150528K, used 144317K [0x00000000e0000000, 0x00000000eaa00000, 0x0000000100000000)
  eden space 133120K, 100% used [0x00000000e0000000,0x00000000e8200000,0x00000000e8200000)
  from space 17408K, 64% used [0x00000000e9300000,0x00000000e9def430,0x00000000ea400000)
  to   space 17408K, 0% used [0x00000000e8200000,0x00000000e8200000,0x00000000e9300000)
 ParOldGen       total 86016K, used 47853K [0x00000000a0000000, 0x00000000a5400000, 0x00000000e0000000)
  object space 86016K, 55% used [0x00000000a0000000,0x00000000a2ebb758,0x00000000a5400000)
 Metaspace       used 81613K, capacity 84968K, committed 85016K, reserved 1122304K
  class space    used 10606K, capacity 11257K, committed 11296K, reserved 1048576K
Event: 67.338 GC heap after
Heap after GC invocations=26 (full 3):
 PSYoungGen      total 150528K, used 6066K [0x00000000e0000000, 0x00000000eb300000, 0x0000000100000000)
  eden space 133120K, 0% used [0x00000000e0000000,0x00000000e0000000,0x00000000e8200000)
  from space 17408K, 34% used [0x00000000e8200000,0x00000000e87ec9d0,0x00000000e9300000)
  to   space 16896K, 0% used [0x00000000ea280000,0x00000000ea280000,0x00000000eb300000)
 ParOldGen       total 86016K, used 47861K [0x00000000a0000000, 0x00000000a5400000, 0x00000000e0000000)
  object space 86016K, 55% used [0x00000000a0000000,0x00000000a2ebd758,0x00000000a5400000)
 Metaspace       used 81613K, capacity 84968K, committed 85016K, reserved 1122304K
  class space    used 10606K, capacity 11257K, committed 11296K, reserved 1048576K
}
Event: 71.801 GC heap before
{Heap before GC invocations=27 (full 3):
 PSYoungGen      total 150528K, used 139186K [0x00000000e0000000, 0x00000000eb300000, 0x0000000100000000)
  eden space 133120K, 100% used [0x00000000e0000000,0x00000000e8200000,0x00000000e8200000)
  from space 17408K, 34% used [0x00000000e8200000,0x00000000e87ec9d0,0x00000000e9300000)
  to   space 16896K, 0% used [0x00000000ea280000,0x00000000ea280000,0x00000000eb300000)
 ParOldGen       total 86016K, used 47861K [0x00000000a0000000, 0x00000000a5400000, 0x00000000e0000000)
  object space 86016K, 55% used [0x00000000a0000000,0x00000000a2ebd758,0x00000000a5400000)
 Metaspace       used 86104K, capacity 89910K, committed 90136K, reserved 1128448K
  class space    used 11240K, capacity 11956K, committed 12064K, reserved 1048576K
Event: 71.815 GC heap after
Heap after GC invocations=27 (full 3):
 PSYoungGen      total 163328K, used 11539K [0x00000000e0000000, 0x00000000eb200000, 0x0000000100000000)
  eden space 147456K, 0% used [0x00000000e0000000,0x00000000e0000000,0x00000000e9000000)
  from space 15872K, 72% used [0x00000000ea280000,0x00000000eadc4c60,0x00000000eb200000)
  to   space 17408K, 0% used [0x00000000e9000000,0x00000000e9000000,0x00000000ea100000)
 ParOldGen       total 86016K, used 47869K [0x00000000a0000000, 0x00000000a5400000, 0x00000000e0000000)
  object space 86016K, 55% used [0x00000000a0000000,0x00000000a2ebf758,0x00000000a5400000)
 Metaspace       used 86104K, capacity 89910K, committed 90136K, reserved 1128448K
  class space    used 11240K, capacity 11956K, committed 12064K, reserved 1048576K
}
Event: 295.661 GC heap before
{Heap before GC invocations=28 (full 3):
 PSYoungGen      total 163328K, used 158995K [0x00000000e0000000, 0x00000000eb200000, 0x0000000100000000)
  eden space 147456K, 100% used [0x00000000e0000000,0x00000000e9000000,0x00000000e9000000)
  from space 15872K, 72% used [0x00000000ea280000,0x00000000eadc4c60,0x00000000eb200000)
  to   space 17408K, 0% used [0x00000000e9000000,0x00000000e9000000,0x00000000ea100000)
 ParOldGen       total 86016K, used 47869K [0x00000000a0000000, 0x00000000a5400000, 0x00000000e0000000)
  object space 86016K, 55% used [0x00000000a0000000,0x00000000a2ebf758,0x00000000a5400000)
 Metaspace       used 89340K, capacity 93186K, committed 93336K, reserved 1130496K
  class space    used 11466K, capacity 12172K, committed 12192K, reserved 1048576K
Event: 295.681 GC heap after
Heap after GC invocations=28 (full 3):
 PSYoungGen      total 164864K, used 17383K [0x00000000e0000000, 0x00000000ec080000, 0x0000000100000000)
  eden space 147456K, 0% used [0x00000000e0000000,0x00000000e0000000,0x00000000e9000000)
  from space 17408K, 99% used [0x00000000e9000000,0x00000000ea0f9e60,0x00000000ea100000)
  to   space 19968K, 0% used [0x00000000ead00000,0x00000000ead00000,0x00000000ec080000)
 ParOldGen       total 86016K, used 48048K [0x00000000a0000000, 0x00000000a5400000, 0x00000000e0000000)
  object space 86016K, 55% used [0x00000000a0000000,0x00000000a2eec3b0,0x00000000a5400000)
 Metaspace       used 89340K, capacity 93186K, committed 93336K, reserved 1130496K
  class space    used 11466K, capacity 12172K, committed 12192K, reserved 1048576K
}

