# JRE version: OpenJDK Runtime Environment (8.0_152-b01) (build 1.8.0_152-release-1343-b01)
# Java VM: OpenJDK 64-Bit Server VM (25.152-b01 mixed mode windows-amd64 compressed oops)
Heap:
 PSYoungGen      total 122368K, used 61282K [0x00000000e0000000, 0x00000000eae80000, 0x0000000100000000)
  eden space 100352K, 61% used [0x00000000e0000000,0x00000000e3bd8a08,0x00000000e6200000)
  from space 22016K, 0% used [0x00000000e8280000,0x00000000e8280000,0x00000000e9800000)
  to   space 33280K, 0% used [0x00000000e6200000,0x00000000e6200000,0x00000000e8280000)
 ParOldGen       total 86528K, used 73038K [0x00000000a0000000, 0x00000000a5480000, 0x00000000e0000000)
  object space 86528K, 84% used [0x00000000a0000000,0x00000000a4753b70,0x00000000a5480000)
 Metaspace       used 71801K, capacity 73844K, committed 74136K, reserved 1114112K
  class space    used 9317K, capacity 9761K, committed 9904K, reserved 1048576K
GC Heap History (10 events):
Event: 57.259 GC heap before
{Heap before GC invocations=26 (full 3):
 PSYoungGen      total 107520K, used 107513K [0x00000000e0000000, 0x00000000e7f00000, 0x0000000100000000)
  eden space 96256K, 100% used [0x00000000e0000000,0x00000000e5e00000,0x00000000e5e00000)
  from space 11264K, 99% used [0x00000000e6d00000,0x00000000e77fe4b8,0x00000000e7800000)
  to   space 15360K, 0% used [0x00000000e5e00000,0x00000000e5e00000,0x00000000e6d00000)
 ParOldGen       total 86528K, used 36781K [0x00000000a0000000, 0x00000000a5480000, 0x00000000e0000000)
  object space 86528K, 42% used [0x00000000a0000000,0x00000000a23eb568,0x00000000a5480000)
 Metaspace       used 63216K, capacity 65242K, committed 65560K, reserved 1105920K
  class space    used 8449K, capacity 8892K, committed 9008K, reserved 1048576K
Event: 57.284 GC heap after
Heap after GC invocations=26 (full 3):
 PSYoungGen      total 111616K, used 15330K [0x00000000e0000000, 0x00000000e9100000, 0x0000000100000000)
  eden space 96256K, 0% used [0x00000000e0000000,0x00000000e0000000,0x00000000e5e00000)
  from space 15360K, 99% used [0x00000000e5e00000,0x00000000e6cf8ba8,0x00000000e6d00000)
  to   space 21504K, 0% used [0x00000000e7c00000,0x00000000e7c00000,0x00000000e9100000)
 ParOldGen       total 86528K, used 46592K [0x00000000a0000000, 0x00000000a5480000, 0x00000000e0000000)
  object space 86528K, 53% used [0x00000000a0000000,0x00000000a2d80070,0x00000000a5480000)
 Metaspace       used 63216K, capacity 65242K, committed 65560K, reserved 1105920K
  class space    used 8449K, capacity 8892K, committed 9008K, reserved 1048576K
}
Event: 71.990 GC heap before
{Heap before GC invocations=27 (full 3):
 PSYoungGen      total 111616K, used 111586K [0x00000000e0000000, 0x00000000e9100000, 0x0000000100000000)
  eden space 96256K, 100% used [0x00000000e0000000,0x00000000e5e00000,0x00000000e5e00000)
  from space 15360K, 99% used [0x00000000e5e00000,0x00000000e6cf8ba8,0x00000000e6d00000)
  to   space 21504K, 0% used [0x00000000e7c00000,0x00000000e7c00000,0x00000000e9100000)
 ParOldGen       total 86528K, used 46592K [0x00000000a0000000, 0x00000000a5480000, 0x00000000e0000000)
  object space 86528K, 53% used [0x00000000a0000000,0x00000000a2d80070,0x00000000a5480000)
 Metaspace       used 63832K, capacity 65798K, committed 66072K, reserved 1105920K
  class space    used 8498K, capacity 8926K, committed 9008K, reserved 1048576K
Event: 72.079 GC heap after
Heap after GC invocations=27 (full 3):
 PSYoungGen      total 124928K, used 9383K [0x00000000e0000000, 0x00000000e8f00000, 0x0000000100000000)
  eden space 105472K, 0% used [0x00000000e0000000,0x00000000e0000000,0x00000000e6700000)
  from space 19456K, 48% used [0x00000000e7c00000,0x00000000e8529f48,0x00000000e8f00000)
  to   space 20480K, 0% used [0x00000000e6700000,0x00000000e6700000,0x00000000e7b00000)
 ParOldGen       total 86528K, used 61553K [0x00000000a0000000, 0x00000000a5480000, 0x00000000e0000000)
  object space 86528K, 71% used [0x00000000a0000000,0x00000000a3c1c6d8,0x00000000a5480000)
 Metaspace       used 63832K, capacity 65798K, committed 66072K, reserved 1105920K
  class space    used 8498K, capacity 8926K, committed 9008K, reserved 1048576K
}
Event: 92.155 GC heap before
{Heap before GC invocations=28 (full 3):
 PSYoungGen      total 124928K, used 114855K [0x00000000e0000000, 0x00000000e8f00000, 0x0000000100000000)
  eden space 105472K, 100% used [0x00000000e0000000,0x00000000e6700000,0x00000000e6700000)
  from space 19456K, 48% used [0x00000000e7c00000,0x00000000e8529f48,0x00000000e8f00000)
  to   space 20480K, 0% used [0x00000000e6700000,0x00000000e6700000,0x00000000e7b00000)
 ParOldGen       total 86528K, used 61553K [0x00000000a0000000, 0x00000000a5480000, 0x00000000e0000000)
  object space 86528K, 71% used [0x00000000a0000000,0x00000000a3c1c6d8,0x00000000a5480000)
 Metaspace       used 66030K, capacity 68066K, committed 68376K, reserved 1107968K
  class space    used 8754K, capacity 9202K, committed 9264K, reserved 1048576K
Event: 92.172 GC heap after
Heap after GC invocations=28 (full 3):
 PSYoungGen      total 125952K, used 16870K [0x00000000e0000000, 0x00000000e9800000, 0x0000000100000000)
  eden space 105472K, 0% used [0x00000000e0000000,0x00000000e0000000,0x00000000e6700000)
  from space 20480K, 82% used [0x00000000e6700000,0x00000000e77798d8,0x00000000e7b00000)
  to   space 22016K, 0% used [0x00000000e8280000,0x00000000e8280000,0x00000000e9800000)
 ParOldGen       total 86528K, used 61561K [0x00000000a0000000, 0x00000000a5480000, 0x00000000e0000000)
  object space 86528K, 71% used [0x00000000a0000000,0x00000000a3c1e6d8,0x00000000a5480000)
 Metaspace       used 66030K, capacity 68066K, committed 68376K, reserved 1107968K
  class space    used 8754K, capacity 9202K, committed 9264K, reserved 1048576K
}
Event: 99.778 GC heap before
{Heap before GC invocations=29 (full 3):
 PSYoungGen      total 125952K, used 122342K [0x00000000e0000000, 0x00000000e9800000, 0x0000000100000000)
  eden space 105472K, 100% used [0x00000000e0000000,0x00000000e6700000,0x00000000e6700000)
  from space 20480K, 82% used [0x00000000e6700000,0x00000000e77798d8,0x00000000e7b00000)
  to   space 22016K, 0% used [0x00000000e8280000,0x00000000e8280000,0x00000000e9800000)
 ParOldGen       total 86528K, used 61561K [0x00000000a0000000, 0x00000000a5480000, 0x00000000e0000000)
  object space 86528K, 71% used [0x00000000a0000000,0x00000000a3c1e6d8,0x00000000a5480000)
 Metaspace       used 71293K, capacity 73382K, committed 73624K, reserved 1114112K
  class space    used 9325K, capacity 9782K, committed 9904K, reserved 1048576K
Event: 99.827 GC heap after
Heap after GC invocations=29 (full 3):
 PSYoungGen      total 122368K, used 22009K [0x00000000e0000000, 0x00000000eae80000, 0x0000000100000000)
  eden space 100352K, 0% used [0x00000000e0000000,0x00000000e0000000,0x00000000e6200000)
  from space 22016K, 99% used [0x00000000e8280000,0x00000000e97fe778,0x00000000e9800000)
  to   space 33280K, 0% used [0x00000000e6200000,0x00000000e6200000,0x00000000e8280000)
 ParOldGen       total 86528K, used 82227K [0x00000000a0000000, 0x00000000a5480000, 0x00000000e0000000)
  object space 86528K, 95% used [0x00000000a0000000,0x00000000a504cc88,0x00000000a5480000)
 Metaspace       used 71293K, capacity 73382K, committed 73624K, reserved 1114112K
  class space    used 9325K, capacity 9782K, committed 9904K, reserved 1048576K
}
Event: 99.827 GC heap before
{Heap before GC invocations=30 (full 4):
 PSYoungGen      total 122368K, used 22009K [0x00000000e0000000, 0x00000000eae80000, 0x0000000100000000)
  eden space 100352K, 0% used [0x00000000e0000000,0x00000000e0000000,0x00000000e6200000)
  from space 22016K, 99% used [0x00000000e8280000,0x00000000e97fe778,0x00000000e9800000)
  to   space 33280K, 0% used [0x00000000e6200000,0x00000000e6200000,0x00000000e8280000)
 ParOldGen       total 86528K, used 82227K [0x00000000a0000000, 0x00000000a5480000, 0x00000000e0000000)
  object space 86528K, 95% used [0x00000000a0000000,0x00000000a504cc88,0x00000000a5480000)
 Metaspace       used 71293K, capacity 73382K, committed 73624K, reserved 1114112K
  class space    used 9325K, capacity 9782K, committed 9904K, reserved 1048576K
Event: 100.097 GC heap after
Heap after GC invocations=30 (full 4):
 PSYoungGen      total 122368K, used 0K [0x00000000e0000000, 0x00000000eae80000, 0x0000000100000000)
  eden space 100352K, 0% used [0x00000000e0000000,0x00000000e0000000,0x00000000e6200000)
  from space 22016K, 0% used [0x00000000e8280000,0x00000000e8280000,0x00000000e9800000)
  to   space 33280K, 0% used [0x00000000e6200000,0x00000000e6200000,0x00000000e8280000)
 ParOldGen       total 86528K, used 73038K [0x00000000a0000000, 0x00000000a5480000, 0x00000000e0000000)
  object space 86528K, 84% used [0x00000000a0000000,0x00000000a4753b70,0x00000000a5480000)
 Metaspace       used 71254K, capacity 73268K, committed 73624K, reserved 1114112K
  class space    used 9314K, capacity 9761K, committed 9904K, reserved 1048576K
}

