# JRE version: OpenJDK Runtime Environment (8.0_152-b01) (build 1.8.0_152-release-1343-b01)
# Java VM: OpenJDK 64-Bit Server VM (25.152-b01 mixed mode windows-amd64 compressed oops)
Heap:
 PSYoungGen      total 500224K, used 169767K [0x00000000e0000000, 0x0000000100000000, 0x0000000100000000)
  eden space 477696K, 30% used [0x00000000e0000000,0x00000000e8fcf3b8,0x00000000fd280000)
  from space 22528K, 99% used [0x00000000fd280000,0x00000000fe87aaa0,0x00000000fe880000)
  to   space 24064K, 0% used [0x00000000fe880000,0x00000000fe880000,0x0000000100000000)
 ParOldGen       total 151552K, used 106938K [0x00000000a0000000, 0x00000000a9400000, 0x00000000e0000000)
  object space 151552K, 70% used [0x00000000a0000000,0x00000000a686ebb8,0x00000000a9400000)
 Metaspace       used 90393K, capacity 94234K, committed 94488K, reserved 1132544K
  class space    used 11427K, capacity 12194K, committed 12312K, reserved 1048576K
GC Heap History (10 events):
Event: 248.709 GC heap before
{Heap before GC invocations=33 (full 4):
 PSYoungGen      total 493568K, used 473353K [0x00000000e0000000, 0x00000000ffd00000, 0x0000000100000000)
  eden space 470016K, 100% used [0x00000000e0000000,0x00000000fcb00000,0x00000000fcb00000)
  from space 23552K, 14% used [0x00000000fe600000,0x00000000fe942750,0x00000000ffd00000)
  to   space 25600K, 0% used [0x00000000fcb00000,0x00000000fcb00000,0x00000000fe400000)
 ParOldGen       total 151552K, used 85164K [0x00000000a0000000, 0x00000000a9400000, 0x00000000e0000000)
  object space 151552K, 56% used [0x00000000a0000000,0x00000000a532b308,0x00000000a9400000)
 Metaspace       used 89308K, capacity 93064K, committed 93336K, reserved 1130496K
  class space    used 11349K, capacity 12093K, committed 12184K, reserved 1048576K
Event: 248.720 GC heap after
Heap after GC invocations=33 (full 4):
 PSYoungGen      total 495616K, used 4691K [0x00000000e0000000, 0x0000000100000000, 0x0000000100000000)
  eden space 470016K, 0% used [0x00000000e0000000,0x00000000e0000000,0x00000000fcb00000)
  from space 25600K, 18% used [0x00000000fcb00000,0x00000000fcf94ee0,0x00000000fe400000)
  to   space 24576K, 0% used [0x00000000fe800000,0x00000000fe800000,0x0000000100000000)
 ParOldGen       total 151552K, used 85172K [0x00000000a0000000, 0x00000000a9400000, 0x00000000e0000000)
  object space 151552K, 56% used [0x00000000a0000000,0x00000000a532d308,0x00000000a9400000)
 Metaspace       used 89308K, capacity 93064K, committed 93336K, reserved 1130496K
  class space    used 11349K, capacity 12093K, committed 12184K, reserved 1048576K
}
Event: 250.464 GC heap before
{Heap before GC invocations=34 (full 4):
 PSYoungGen      total 495616K, used 474707K [0x00000000e0000000, 0x0000000100000000, 0x0000000100000000)
  eden space 470016K, 100% used [0x00000000e0000000,0x00000000fcb00000,0x00000000fcb00000)
  from space 25600K, 18% used [0x00000000fcb00000,0x00000000fcf94ee0,0x00000000fe400000)
  to   space 24576K, 0% used [0x00000000fe800000,0x00000000fe800000,0x0000000100000000)
 ParOldGen       total 151552K, used 85172K [0x00000000a0000000, 0x00000000a9400000, 0x00000000e0000000)
  object space 151552K, 56% used [0x00000000a0000000,0x00000000a532d308,0x00000000a9400000)
 Metaspace       used 89353K, capacity 93096K, committed 93336K, reserved 1130496K
  class space    used 11351K, capacity 12125K, committed 12184K, reserved 1048576K
Event: 250.475 GC heap after
Heap after GC invocations=34 (full 4):
 PSYoungGen      total 495616K, used 3996K [0x00000000e0000000, 0x00000000ffd00000, 0x0000000100000000)
  eden space 474112K, 0% used [0x00000000e0000000,0x00000000e0000000,0x00000000fcf00000)
  from space 21504K, 18% used [0x00000000fe800000,0x00000000febe7340,0x00000000ffd00000)
  to   space 23552K, 0% used [0x00000000fcf00000,0x00000000fcf00000,0x00000000fe600000)
 ParOldGen       total 151552K, used 85172K [0x00000000a0000000, 0x00000000a9400000, 0x00000000e0000000)
  object space 151552K, 56% used [0x00000000a0000000,0x00000000a532d308,0x00000000a9400000)
 Metaspace       used 89353K, capacity 93096K, committed 93336K, reserved 1130496K
  class space    used 11351K, capacity 12125K, committed 12184K, reserved 1048576K
}
Event: 253.030 GC heap before
{Heap before GC invocations=35 (full 4):
 PSYoungGen      total 495616K, used 478108K [0x00000000e0000000, 0x00000000ffd00000, 0x0000000100000000)
  eden space 474112K, 100% used [0x00000000e0000000,0x00000000fcf00000,0x00000000fcf00000)
  from space 21504K, 18% used [0x00000000fe800000,0x00000000febe7340,0x00000000ffd00000)
  to   space 23552K, 0% used [0x00000000fcf00000,0x00000000fcf00000,0x00000000fe600000)
 ParOldGen       total 151552K, used 85172K [0x00000000a0000000, 0x00000000a9400000, 0x00000000e0000000)
  object space 151552K, 56% used [0x00000000a0000000,0x00000000a532d308,0x00000000a9400000)
 Metaspace       used 89522K, capacity 93318K, committed 93592K, reserved 1130496K
  class space    used 11355K, capacity 12130K, committed 12184K, reserved 1048576K
Event: 253.037 GC heap after
Heap after GC invocations=35 (full 4):
 PSYoungGen      total 497664K, used 1919K [0x00000000e0000000, 0x0000000100000000, 0x0000000100000000)
  eden space 474112K, 0% used [0x00000000e0000000,0x00000000e0000000,0x00000000fcf00000)
  from space 23552K, 8% used [0x00000000fcf00000,0x00000000fd0dfc10,0x00000000fe600000)
  to   space 23040K, 0% used [0x00000000fe980000,0x00000000fe980000,0x0000000100000000)
 ParOldGen       total 151552K, used 85180K [0x00000000a0000000, 0x00000000a9400000, 0x00000000e0000000)
  object space 151552K, 56% used [0x00000000a0000000,0x00000000a532f308,0x00000000a9400000)
 Metaspace       used 89522K, capacity 93318K, committed 93592K, reserved 1130496K
  class space    used 11355K, capacity 12130K, committed 12184K, reserved 1048576K
}
Event: 260.413 GC heap before
{Heap before GC invocations=36 (full 4):
 PSYoungGen      total 497664K, used 476031K [0x00000000e0000000, 0x0000000100000000, 0x0000000100000000)
  eden space 474112K, 100% used [0x00000000e0000000,0x00000000fcf00000,0x00000000fcf00000)
  from space 23552K, 8% used [0x00000000fcf00000,0x00000000fd0dfc10,0x00000000fe600000)
  to   space 23040K, 0% used [0x00000000fe980000,0x00000000fe980000,0x0000000100000000)
 ParOldGen       total 151552K, used 85180K [0x00000000a0000000, 0x00000000a9400000, 0x00000000e0000000)
  object space 151552K, 56% used [0x00000000a0000000,0x00000000a532f308,0x00000000a9400000)
 Metaspace       used 89651K, capacity 93386K, committed 93592K, reserved 1130496K
  class space    used 11361K, capacity 12130K, committed 12184K, reserved 1048576K
Event: 260.417 GC heap after
Heap after GC invocations=36 (full 4):
 PSYoungGen      total 499200K, used 544K [0x00000000e0000000, 0x00000000ffe80000, 0x0000000100000000)
  eden space 477696K, 0% used [0x00000000e0000000,0x00000000e0000000,0x00000000fd280000)
  from space 21504K, 2% used [0x00000000fe980000,0x00000000fea08000,0x00000000ffe80000)
  to   space 22528K, 0% used [0x00000000fd280000,0x00000000fd280000,0x00000000fe880000)
 ParOldGen       total 151552K, used 85188K [0x00000000a0000000, 0x00000000a9400000, 0x00000000e0000000)
  object space 151552K, 56% used [0x00000000a0000000,0x00000000a5331308,0x00000000a9400000)
 Metaspace       used 89651K, capacity 93386K, committed 93592K, reserved 1130496K
  class space    used 11361K, capacity 12130K, committed 12184K, reserved 1048576K
}
Event: 274.728 GC heap before
{Heap before GC invocations=37 (full 4):
 PSYoungGen      total 499200K, used 478240K [0x00000000e0000000, 0x00000000ffe80000, 0x0000000100000000)
  eden space 477696K, 100% used [0x00000000e0000000,0x00000000fd280000,0x00000000fd280000)
  from space 21504K, 2% used [0x00000000fe980000,0x00000000fea08000,0x00000000ffe80000)
  to   space 22528K, 0% used [0x00000000fd280000,0x00000000fd280000,0x00000000fe880000)
 ParOldGen       total 151552K, used 85188K [0x00000000a0000000, 0x00000000a9400000, 0x00000000e0000000)
  object space 151552K, 56% used [0x00000000a0000000,0x00000000a5331308,0x00000000a9400000)
 Metaspace       used 90386K, capacity 94234K, committed 94488K, reserved 1132544K
  class space    used 11426K, capacity 12194K, committed 12312K, reserved 1048576K
Event: 274.861 GC heap after
Heap after GC invocations=37 (full 4):
 PSYoungGen      total 500224K, used 22506K [0x00000000e0000000, 0x0000000100000000, 0x0000000100000000)
  eden space 477696K, 0% used [0x00000000e0000000,0x00000000e0000000,0x00000000fd280000)
  from space 22528K, 99% used [0x00000000fd280000,0x00000000fe87aaa0,0x00000000fe880000)
  to   space 24064K, 0% used [0x00000000fe880000,0x00000000fe880000,0x0000000100000000)
 ParOldGen       total 151552K, used 106938K [0x00000000a0000000, 0x00000000a9400000, 0x00000000e0000000)
  object space 151552K, 70% used [0x00000000a0000000,0x00000000a686ebb8,0x00000000a9400000)
 Metaspace       used 90386K, capacity 94234K, committed 94488K, reserved 1132544K
  class space    used 11426K, capacity 12194K, committed 12312K, reserved 1048576K
}

