# JRE version: OpenJDK Runtime Environment (8.0_152-b01) (build 1.8.0_152-release-1343-b01)
# Java VM: OpenJDK 64-Bit Server VM (25.152-b01 mixed mode windows-amd64 compressed oops)
Heap:
 PSYoungGen      total 217600K, used 73022K [0x00000000e0000000, 0x00000000efb80000, 0x0000000100000000)
  eden space 194048K, 31% used [0x00000000e0000000,0x00000000e3ad1850,0x00000000ebd80000)
  from space 23552K, 54% used [0x00000000ebd80000,0x00000000ec9fdfb0,0x00000000ed480000)
  to   space 23040K, 0% used [0x00000000ee500000,0x00000000ee500000,0x00000000efb80000)
 ParOldGen       total 90112K, used 58319K [0x00000000a0000000, 0x00000000a5800000, 0x00000000e0000000)
  object space 90112K, 64% used [0x00000000a0000000,0x00000000a38f3ee8,0x00000000a5800000)
 Metaspace       used 78718K, capacity 81806K, committed 82072K, reserved 1120256K
  class space    used 10264K, capacity 10873K, committed 10928K, reserved 1048576K
GC Heap History (10 events):
Event: 13.002 GC heap before
{Heap before GC invocations=18 (full 3):
 PSYoungGen      total 172032K, used 159744K [0x00000000e0000000, 0x00000000ec180000, 0x0000000100000000)
  eden space 159744K, 100% used [0x00000000e0000000,0x00000000e9c00000,0x00000000e9c00000)
  from space 12288K, 0% used [0x00000000ead00000,0x00000000ead00000,0x00000000eb900000)
  to   space 17408K, 0% used [0x00000000e9c00000,0x00000000e9c00000,0x00000000ead00000)
 ParOldGen       total 90112K, used 34476K [0x00000000a0000000, 0x00000000a5800000, 0x00000000e0000000)
  object space 90112K, 38% used [0x00000000a0000000,0x00000000a21ab220,0x00000000a5800000)
 Metaspace       used 61538K, capacity 63492K, committed 63512K, reserved 1103872K
  class space    used 8292K, capacity 8747K, committed 8752K, reserved 1048576K
Event: 13.021 GC heap after
Heap after GC invocations=18 (full 3):
 PSYoungGen      total 177152K, used 14249K [0x00000000e0000000, 0x00000000ed800000, 0x0000000100000000)
  eden space 159744K, 0% used [0x00000000e0000000,0x00000000e0000000,0x00000000e9c00000)
  from space 17408K, 81% used [0x00000000e9c00000,0x00000000ea9ea768,0x00000000ead00000)
  to   space 18944K, 0% used [0x00000000ec580000,0x00000000ec580000,0x00000000ed800000)
 ParOldGen       total 90112K, used 34484K [0x00000000a0000000, 0x00000000a5800000, 0x00000000e0000000)
  object space 90112K, 38% used [0x00000000a0000000,0x00000000a21ad220,0x00000000a5800000)
 Metaspace       used 61538K, capacity 63492K, committed 63512K, reserved 1103872K
  class space    used 8292K, capacity 8747K, committed 8752K, reserved 1048576K
}
Event: 16.211 GC heap before
{Heap before GC invocations=19 (full 3):
 PSYoungGen      total 177152K, used 173993K [0x00000000e0000000, 0x00000000ed800000, 0x0000000100000000)
  eden space 159744K, 100% used [0x00000000e0000000,0x00000000e9c00000,0x00000000e9c00000)
  from space 17408K, 81% used [0x00000000e9c00000,0x00000000ea9ea768,0x00000000ead00000)
  to   space 18944K, 0% used [0x00000000ec580000,0x00000000ec580000,0x00000000ed800000)
 ParOldGen       total 90112K, used 34484K [0x00000000a0000000, 0x00000000a5800000, 0x00000000e0000000)
  object space 90112K, 38% used [0x00000000a0000000,0x00000000a21ad220,0x00000000a5800000)
 Metaspace       used 68336K, capacity 70392K, committed 70552K, reserved 1110016K
  class space    used 9072K, capacity 9543K, committed 9648K, reserved 1048576K
Event: 16.274 GC heap after
Heap after GC invocations=19 (full 3):
 PSYoungGen      total 197120K, used 18936K [0x00000000e0000000, 0x00000000ee300000, 0x0000000100000000)
  eden space 178176K, 0% used [0x00000000e0000000,0x00000000e0000000,0x00000000eae00000)
  from space 18944K, 99% used [0x00000000ec580000,0x00000000ed7fe080,0x00000000ed800000)
  to   space 24064K, 0% used [0x00000000eae00000,0x00000000eae00000,0x00000000ec580000)
 ParOldGen       total 90112K, used 39796K [0x00000000a0000000, 0x00000000a5800000, 0x00000000e0000000)
  object space 90112K, 44% used [0x00000000a0000000,0x00000000a26dd2e8,0x00000000a5800000)
 Metaspace       used 68336K, capacity 70392K, committed 70552K, reserved 1110016K
  class space    used 9072K, capacity 9543K, committed 9648K, reserved 1048576K
}
Event: 22.069 GC heap before
{Heap before GC invocations=20 (full 3):
 PSYoungGen      total 197120K, used 197112K [0x00000000e0000000, 0x00000000ee300000, 0x0000000100000000)
  eden space 178176K, 100% used [0x00000000e0000000,0x00000000eae00000,0x00000000eae00000)
  from space 18944K, 99% used [0x00000000ec580000,0x00000000ed7fe080,0x00000000ed800000)
  to   space 24064K, 0% used [0x00000000eae00000,0x00000000eae00000,0x00000000ec580000)
 ParOldGen       total 90112K, used 39796K [0x00000000a0000000, 0x00000000a5800000, 0x00000000e0000000)
  object space 90112K, 44% used [0x00000000a0000000,0x00000000a26dd2e8,0x00000000a5800000)
 Metaspace       used 69541K, capacity 71676K, committed 71832K, reserved 1112064K
  class space    used 9160K, capacity 9632K, committed 9648K, reserved 1048576K
Event: 22.153 GC heap after
Heap after GC invocations=20 (full 3):
 PSYoungGen      total 202240K, used 8496K [0x00000000e0000000, 0x00000000eeb80000, 0x0000000100000000)
  eden space 178176K, 0% used [0x00000000e0000000,0x00000000e0000000,0x00000000eae00000)
  from space 24064K, 35% used [0x00000000eae00000,0x00000000eb64c358,0x00000000ec580000)
  to   space 22528K, 0% used [0x00000000ed580000,0x00000000ed580000,0x00000000eeb80000)
 ParOldGen       total 90112K, used 58303K [0x00000000a0000000, 0x00000000a5800000, 0x00000000e0000000)
  object space 90112K, 64% used [0x00000000a0000000,0x00000000a38efee8,0x00000000a5800000)
 Metaspace       used 69541K, capacity 71676K, committed 71832K, reserved 1112064K
  class space    used 9160K, capacity 9632K, committed 9648K, reserved 1048576K
}
Event: 27.510 GC heap before
{Heap before GC invocations=21 (full 3):
 PSYoungGen      total 202240K, used 186672K [0x00000000e0000000, 0x00000000eeb80000, 0x0000000100000000)
  eden space 178176K, 100% used [0x00000000e0000000,0x00000000eae00000,0x00000000eae00000)
  from space 24064K, 35% used [0x00000000eae00000,0x00000000eb64c358,0x00000000ec580000)
  to   space 22528K, 0% used [0x00000000ed580000,0x00000000ed580000,0x00000000eeb80000)
 ParOldGen       total 90112K, used 58303K [0x00000000a0000000, 0x00000000a5800000, 0x00000000e0000000)
  object space 90112K, 64% used [0x00000000a0000000,0x00000000a38efee8,0x00000000a5800000)
 Metaspace       used 78311K, capacity 81372K, committed 81560K, reserved 1120256K
  class space    used 10262K, capacity 10870K, committed 10928K, reserved 1048576K
Event: 27.540 GC heap after
Heap after GC invocations=21 (full 3):
 PSYoungGen      total 216576K, used 15155K [0x00000000e0000000, 0x00000000eeb80000, 0x0000000100000000)
  eden space 194048K, 0% used [0x00000000e0000000,0x00000000e0000000,0x00000000ebd80000)
  from space 22528K, 67% used [0x00000000ed580000,0x00000000ee44ce70,0x00000000eeb80000)
  to   space 23552K, 0% used [0x00000000ebd80000,0x00000000ebd80000,0x00000000ed480000)
 ParOldGen       total 90112K, used 58311K [0x00000000a0000000, 0x00000000a5800000, 0x00000000e0000000)
  object space 90112K, 64% used [0x00000000a0000000,0x00000000a38f1ee8,0x00000000a5800000)
 Metaspace       used 78311K, capacity 81372K, committed 81560K, reserved 1120256K
  class space    used 10262K, capacity 10870K, committed 10928K, reserved 1048576K
}
Event: 29.060 GC heap before
{Heap before GC invocations=22 (full 3):
 PSYoungGen      total 216576K, used 209203K [0x00000000e0000000, 0x00000000eeb80000, 0x0000000100000000)
  eden space 194048K, 100% used [0x00000000e0000000,0x00000000ebd80000,0x00000000ebd80000)
  from space 22528K, 67% used [0x00000000ed580000,0x00000000ee44ce70,0x00000000eeb80000)
  to   space 23552K, 0% used [0x00000000ebd80000,0x00000000ebd80000,0x00000000ed480000)
 ParOldGen       total 90112K, used 58311K [0x00000000a0000000, 0x00000000a5800000, 0x00000000e0000000)
  object space 90112K, 64% used [0x00000000a0000000,0x00000000a38f1ee8,0x00000000a5800000)
 Metaspace       used 78656K, capacity 81730K, committed 81816K, reserved 1120256K
  class space    used 10264K, capacity 10873K, committed 10928K, reserved 1048576K
Event: 29.082 GC heap after
Heap after GC invocations=22 (full 3):
 PSYoungGen      total 217600K, used 12791K [0x00000000e0000000, 0x00000000efb80000, 0x0000000100000000)
  eden space 194048K, 0% used [0x00000000e0000000,0x00000000e0000000,0x00000000ebd80000)
  from space 23552K, 54% used [0x00000000ebd80000,0x00000000ec9fdfb0,0x00000000ed480000)
  to   space 23040K, 0% used [0x00000000ee500000,0x00000000ee500000,0x00000000efb80000)
 ParOldGen       total 90112K, used 58319K [0x00000000a0000000, 0x00000000a5800000, 0x00000000e0000000)
  object space 90112K, 64% used [0x00000000a0000000,0x00000000a38f3ee8,0x00000000a5800000)
 Metaspace       used 78656K, capacity 81730K, committed 81816K, reserved 1120256K
  class space    used 10264K, capacity 10873K, committed 10928K, reserved 1048576K
}

