# JRE version: OpenJDK Runtime Environment (8.0_152-b01) (build 1.8.0_152-release-1343-b01)
# Java VM: OpenJDK 64-Bit Server VM (25.152-b01 mixed mode windows-amd64 compressed oops)
Heap:
 PSYoungGen      total 247808K, used 150989K [0x00000000e0000000, 0x00000000f3280000, 0x0000000100000000)
  eden space 216576K, 69% used [0x00000000e0000000,0x00000000e93737d8,0x00000000ed380000)
  from space 31232K, 0% used [0x00000000ed380000,0x00000000ed380000,0x00000000ef200000)
  to   space 30720K, 0% used [0x00000000f1480000,0x00000000f1480000,0x00000000f3280000)
 ParOldGen       total 86528K, used 54037K [0x00000000a0000000, 0x00000000a5480000, 0x00000000e0000000)
  object space 86528K, 62% used [0x00000000a0000000,0x00000000a34c5748,0x00000000a5480000)
 Metaspace       used 80187K, capacity 82908K, committed 83224K, reserved 1122304K
  class space    used 10450K, capacity 11036K, committed 11056K, reserved 1048576K
GC Heap History (10 events):
Event: 19.987 GC heap before
{Heap before GC invocations=15 (full 3):
 PSYoungGen      total 201216K, used 11286K [0x00000000e0000000, 0x00000000ed680000, 0x0000000100000000)
  eden space 186880K, 0% used [0x00000000e0000000,0x00000000e0000000,0x00000000eb680000)
  from space 14336K, 78% used [0x00000000ec880000,0x00000000ed3858a8,0x00000000ed680000)
  to   space 16384K, 0% used [0x00000000eb680000,0x00000000eb680000,0x00000000ec680000)
 ParOldGen       total 52736K, used 29532K [0x00000000a0000000, 0x00000000a3380000, 0x00000000e0000000)
  object space 52736K, 56% used [0x00000000a0000000,0x00000000a1cd7148,0x00000000a3380000)
 Metaspace       used 57479K, capacity 59010K, committed 59160K, reserved 1099776K
  class space    used 7744K, capacity 8122K, committed 8240K, reserved 1048576K
Event: 20.273 GC heap after
Heap after GC invocations=15 (full 3):
 PSYoungGen      total 201216K, used 0K [0x00000000e0000000, 0x00000000ed680000, 0x0000000100000000)
  eden space 186880K, 0% used [0x00000000e0000000,0x00000000e0000000,0x00000000eb680000)
  from space 14336K, 0% used [0x00000000ec880000,0x00000000ec880000,0x00000000ed680000)
  to   space 16384K, 0% used [0x00000000eb680000,0x00000000eb680000,0x00000000ec680000)
 ParOldGen       total 86528K, used 33641K [0x00000000a0000000, 0x00000000a5480000, 0x00000000e0000000)
  object space 86528K, 38% used [0x00000000a0000000,0x00000000a20da718,0x00000000a5480000)
 Metaspace       used 57479K, capacity 59010K, committed 59160K, reserved 1099776K
  class space    used 7744K, capacity 8122K, committed 8240K, reserved 1048576K
}
Event: 25.845 GC heap before
{Heap before GC invocations=16 (full 3):
 PSYoungGen      total 201216K, used 186880K [0x00000000e0000000, 0x00000000ed680000, 0x0000000100000000)
  eden space 186880K, 100% used [0x00000000e0000000,0x00000000eb680000,0x00000000eb680000)
  from space 14336K, 0% used [0x00000000ec880000,0x00000000ec880000,0x00000000ed680000)
  to   space 16384K, 0% used [0x00000000eb680000,0x00000000eb680000,0x00000000ec680000)
 ParOldGen       total 86528K, used 33641K [0x00000000a0000000, 0x00000000a5480000, 0x00000000e0000000)
  object space 86528K, 38% used [0x00000000a0000000,0x00000000a20da718,0x00000000a5480000)
 Metaspace       used 62382K, capacity 64378K, committed 64664K, reserved 1105920K
  class space    used 8397K, capacity 8824K, committed 8880K, reserved 1048576K
Event: 25.876 GC heap after
Heap after GC invocations=16 (full 3):
 PSYoungGen      total 203264K, used 16360K [0x00000000e0000000, 0x00000000f0700000, 0x0000000100000000)
  eden space 186880K, 0% used [0x00000000e0000000,0x00000000e0000000,0x00000000eb680000)
  from space 16384K, 99% used [0x00000000eb680000,0x00000000ec67a178,0x00000000ec680000)
  to   space 21504K, 0% used [0x00000000ef200000,0x00000000ef200000,0x00000000f0700000)
 ParOldGen       total 86528K, used 40486K [0x00000000a0000000, 0x00000000a5480000, 0x00000000e0000000)
  object space 86528K, 46% used [0x00000000a0000000,0x00000000a2789aa0,0x00000000a5480000)
 Metaspace       used 62382K, capacity 64378K, committed 64664K, reserved 1105920K
  class space    used 8397K, capacity 8824K, committed 8880K, reserved 1048576K
}
Event: 67.741 GC heap before
{Heap before GC invocations=17 (full 3):
 PSYoungGen      total 203264K, used 203240K [0x00000000e0000000, 0x00000000f0700000, 0x0000000100000000)
  eden space 186880K, 100% used [0x00000000e0000000,0x00000000eb680000,0x00000000eb680000)
  from space 16384K, 99% used [0x00000000eb680000,0x00000000ec67a178,0x00000000ec680000)
  to   space 21504K, 0% used [0x00000000ef200000,0x00000000ef200000,0x00000000f0700000)
 ParOldGen       total 86528K, used 40486K [0x00000000a0000000, 0x00000000a5480000, 0x00000000e0000000)
  object space 86528K, 46% used [0x00000000a0000000,0x00000000a2789aa0,0x00000000a5480000)
 Metaspace       used 68390K, capacity 70426K, committed 70552K, reserved 1110016K
  class space    used 9088K, capacity 9576K, committed 9648K, reserved 1048576K
Event: 67.809 GC heap after
Heap after GC invocations=17 (full 3):
 PSYoungGen      total 238080K, used 21500K [0x00000000e0000000, 0x00000000f1480000, 0x0000000100000000)
  eden space 216576K, 0% used [0x00000000e0000000,0x00000000e0000000,0x00000000ed380000)
  from space 21504K, 99% used [0x00000000ef200000,0x00000000f06ff1a8,0x00000000f0700000)
  to   space 31232K, 0% used [0x00000000ed380000,0x00000000ed380000,0x00000000ef200000)
 ParOldGen       total 86528K, used 58196K [0x00000000a0000000, 0x00000000a5480000, 0x00000000e0000000)
  object space 86528K, 67% used [0x00000000a0000000,0x00000000a38d52c0,0x00000000a5480000)
 Metaspace       used 68390K, capacity 70426K, committed 70552K, reserved 1110016K
  class space    used 9088K, capacity 9576K, committed 9648K, reserved 1048576K
}
Event: 81.772 GC heap before
{Heap before GC invocations=18 (full 3):
 PSYoungGen      total 238080K, used 238076K [0x00000000e0000000, 0x00000000f1480000, 0x0000000100000000)
  eden space 216576K, 100% used [0x00000000e0000000,0x00000000ed380000,0x00000000ed380000)
  from space 21504K, 99% used [0x00000000ef200000,0x00000000f06ff1a8,0x00000000f0700000)
  to   space 31232K, 0% used [0x00000000ed380000,0x00000000ed380000,0x00000000ef200000)
 ParOldGen       total 86528K, used 58196K [0x00000000a0000000, 0x00000000a5480000, 0x00000000e0000000)
  object space 86528K, 67% used [0x00000000a0000000,0x00000000a38d52c0,0x00000000a5480000)
 Metaspace       used 72813K, capacity 74990K, committed 75288K, reserved 1114112K
  class space    used 9493K, capacity 9968K, committed 10032K, reserved 1048576K
Event: 81.839 GC heap after
Heap after GC invocations=18 (full 3):
 PSYoungGen      total 247808K, used 14837K [0x00000000e0000000, 0x00000000f3280000, 0x0000000100000000)
  eden space 216576K, 0% used [0x00000000e0000000,0x00000000e0000000,0x00000000ed380000)
  from space 31232K, 47% used [0x00000000ed380000,0x00000000ee1fd648,0x00000000ef200000)
  to   space 30720K, 0% used [0x00000000f1480000,0x00000000f1480000,0x00000000f3280000)
 ParOldGen       total 86528K, used 72999K [0x00000000a0000000, 0x00000000a5480000, 0x00000000e0000000)
  object space 86528K, 84% used [0x00000000a0000000,0x00000000a4749cc8,0x00000000a5480000)
 Metaspace       used 72813K, capacity 74990K, committed 75288K, reserved 1114112K
  class space    used 9493K, capacity 9968K, committed 10032K, reserved 1048576K
}
Event: 81.839 GC heap before
{Heap before GC invocations=19 (full 4):
 PSYoungGen      total 247808K, used 14837K [0x00000000e0000000, 0x00000000f3280000, 0x0000000100000000)
  eden space 216576K, 0% used [0x00000000e0000000,0x00000000e0000000,0x00000000ed380000)
  from space 31232K, 47% used [0x00000000ed380000,0x00000000ee1fd648,0x00000000ef200000)
  to   space 30720K, 0% used [0x00000000f1480000,0x00000000f1480000,0x00000000f3280000)
 ParOldGen       total 86528K, used 72999K [0x00000000a0000000, 0x00000000a5480000, 0x00000000e0000000)
  object space 86528K, 84% used [0x00000000a0000000,0x00000000a4749cc8,0x00000000a5480000)
 Metaspace       used 72813K, capacity 74990K, committed 75288K, reserved 1114112K
  class space    used 9493K, capacity 9968K, committed 10032K, reserved 1048576K
Event: 82.102 GC heap after
Heap after GC invocations=19 (full 4):
 PSYoungGen      total 247808K, used 0K [0x00000000e0000000, 0x00000000f3280000, 0x0000000100000000)
  eden space 216576K, 0% used [0x00000000e0000000,0x00000000e0000000,0x00000000ed380000)
  from space 31232K, 0% used [0x00000000ed380000,0x00000000ed380000,0x00000000ef200000)
  to   space 30720K, 0% used [0x00000000f1480000,0x00000000f1480000,0x00000000f3280000)
 ParOldGen       total 86528K, used 54037K [0x00000000a0000000, 0x00000000a5480000, 0x00000000e0000000)
  object space 86528K, 62% used [0x00000000a0000000,0x00000000a34c5748,0x00000000a5480000)
 Metaspace       used 72775K, capacity 74882K, committed 75288K, reserved 1114112K
  class space    used 9482K, capacity 9948K, committed 10032K, reserved 1048576K
}

