# JRE version: OpenJDK Runtime Environment (8.0_152-b01) (build 1.8.0_152-release-1343-b01)
# Java VM: OpenJDK 64-Bit Server VM (25.152-b01 mixed mode windows-amd64 compressed oops)
Heap:
 PSYoungGen      total 304128K, used 152593K [0x00000000e0000000, 0x00000000f8880000, 0x0000000100000000)
  eden space 266240K, 52% used [0x00000000e0000000,0x00000000e89074a8,0x00000000f0400000)
  from space 37888K, 32% used [0x00000000f0400000,0x00000000f0ffcfd0,0x00000000f2900000)
  to   space 36352K, 0% used [0x00000000f6500000,0x00000000f6500000,0x00000000f8880000)
 ParOldGen       total 92160K, used 69144K [0x00000000a0000000, 0x00000000a5a00000, 0x00000000e0000000)
  object space 92160K, 75% used [0x00000000a0000000,0x00000000a4386210,0x00000000a5a00000)
 Metaspace       used 88842K, capacity 92258K, committed 92440K, reserved 1130496K
  class space    used 11358K, capacity 12038K, committed 12064K, reserved 1048576K
GC Heap History (10 events):
Event: 38.993 GC heap before
{Heap before GC invocations=14 (full 3):
 PSYoungGen      total 254464K, used 236032K [0x00000000e0000000, 0x00000000f1680000, 0x0000000100000000)
  eden space 236032K, 100% used [0x00000000e0000000,0x00000000ee680000,0x00000000ee680000)
  from space 18432K, 0% used [0x00000000efb00000,0x00000000efb00000,0x00000000f0d00000)
  to   space 20992K, 0% used [0x00000000ee680000,0x00000000ee680000,0x00000000efb00000)
 ParOldGen       total 92160K, used 31962K [0x00000000a0000000, 0x00000000a5a00000, 0x00000000e0000000)
  object space 92160K, 34% used [0x00000000a0000000,0x00000000a1f36ba0,0x00000000a5a00000)
 Metaspace       used 66398K, capacity 68328K, committed 68632K, reserved 1107968K
  class space    used 8914K, capacity 9393K, committed 9504K, reserved 1048576K
Event: 39.026 GC heap after
Heap after GC invocations=14 (full 3):
 PSYoungGen      total 257024K, used 20961K [0x00000000e0000000, 0x00000000f4200000, 0x0000000100000000)
  eden space 236032K, 0% used [0x00000000e0000000,0x00000000e0000000,0x00000000ee680000)
  from space 20992K, 99% used [0x00000000ee680000,0x00000000efaf85b8,0x00000000efb00000)
  to   space 25600K, 0% used [0x00000000f2900000,0x00000000f2900000,0x00000000f4200000)
 ParOldGen       total 92160K, used 35872K [0x00000000a0000000, 0x00000000a5a00000, 0x00000000e0000000)
  object space 92160K, 38% used [0x00000000a0000000,0x00000000a2308180,0x00000000a5a00000)
 Metaspace       used 66398K, capacity 68328K, committed 68632K, reserved 1107968K
  class space    used 8914K, capacity 9393K, committed 9504K, reserved 1048576K
}
Event: 52.310 GC heap before
{Heap before GC invocations=15 (full 3):
 PSYoungGen      total 257024K, used 256993K [0x00000000e0000000, 0x00000000f4200000, 0x0000000100000000)
  eden space 236032K, 100% used [0x00000000e0000000,0x00000000ee680000,0x00000000ee680000)
  from space 20992K, 99% used [0x00000000ee680000,0x00000000efaf85b8,0x00000000efb00000)
  to   space 25600K, 0% used [0x00000000f2900000,0x00000000f2900000,0x00000000f4200000)
 ParOldGen       total 92160K, used 35872K [0x00000000a0000000, 0x00000000a5a00000, 0x00000000e0000000)
  object space 92160K, 38% used [0x00000000a0000000,0x00000000a2308180,0x00000000a5a00000)
 Metaspace       used 79890K, capacity 82764K, committed 82968K, reserved 1120256K
  class space    used 10596K, capacity 11179K, committed 11296K, reserved 1048576K
Event: 52.347 GC heap after
Heap after GC invocations=15 (full 3):
 PSYoungGen      total 296960K, used 25570K [0x00000000e0000000, 0x00000000f4b00000, 0x0000000100000000)
  eden space 271360K, 0% used [0x00000000e0000000,0x00000000e0000000,0x00000000f0900000)
  from space 25600K, 99% used [0x00000000f2900000,0x00000000f41f8a90,0x00000000f4200000)
  to   space 32768K, 0% used [0x00000000f0900000,0x00000000f0900000,0x00000000f2900000)
 ParOldGen       total 92160K, used 44286K [0x00000000a0000000, 0x00000000a5a00000, 0x00000000e0000000)
  object space 92160K, 48% used [0x00000000a0000000,0x00000000a2b3f968,0x00000000a5a00000)
 Metaspace       used 79890K, capacity 82764K, committed 82968K, reserved 1120256K
  class space    used 10596K, capacity 11179K, committed 11296K, reserved 1048576K
}
Event: 1071.242 GC heap before
{Heap before GC invocations=16 (full 3):
 PSYoungGen      total 296960K, used 296930K [0x00000000e0000000, 0x00000000f4b00000, 0x0000000100000000)
  eden space 271360K, 100% used [0x00000000e0000000,0x00000000f0900000,0x00000000f0900000)
  from space 25600K, 99% used [0x00000000f2900000,0x00000000f41f8a90,0x00000000f4200000)
  to   space 32768K, 0% used [0x00000000f0900000,0x00000000f0900000,0x00000000f2900000)
 ParOldGen       total 92160K, used 44286K [0x00000000a0000000, 0x00000000a5a00000, 0x00000000e0000000)
  object space 92160K, 48% used [0x00000000a0000000,0x00000000a2b3f968,0x00000000a5a00000)
 Metaspace       used 87156K, capacity 90506K, committed 90648K, reserved 1128448K
  class space    used 11303K, capacity 11984K, committed 12064K, reserved 1048576K
Event: 1071.347 GC heap after
Heap after GC invocations=16 (full 3):
 PSYoungGen      total 292864K, used 32765K [0x00000000e0000000, 0x00000000f4c00000, 0x0000000100000000)
  eden space 260096K, 0% used [0x00000000e0000000,0x00000000e0000000,0x00000000efe00000)
  from space 32768K, 99% used [0x00000000f0900000,0x00000000f28ff778,0x00000000f2900000)
  to   space 35840K, 0% used [0x00000000f2900000,0x00000000f2900000,0x00000000f4c00000)
 ParOldGen       total 92160K, used 49275K [0x00000000a0000000, 0x00000000a5a00000, 0x00000000e0000000)
  object space 92160K, 53% used [0x00000000a0000000,0x00000000a301ee70,0x00000000a5a00000)
 Metaspace       used 87156K, capacity 90506K, committed 90648K, reserved 1128448K
  class space    used 11303K, capacity 11984K, committed 12064K, reserved 1048576K
}
Event: 1074.353 GC heap before
{Heap before GC invocations=17 (full 3):
 PSYoungGen      total 292864K, used 292861K [0x00000000e0000000, 0x00000000f4c00000, 0x0000000100000000)
  eden space 260096K, 100% used [0x00000000e0000000,0x00000000efe00000,0x00000000efe00000)
  from space 32768K, 99% used [0x00000000f0900000,0x00000000f28ff778,0x00000000f2900000)
  to   space 35840K, 0% used [0x00000000f2900000,0x00000000f2900000,0x00000000f4c00000)
 ParOldGen       total 92160K, used 49275K [0x00000000a0000000, 0x00000000a5a00000, 0x00000000e0000000)
  object space 92160K, 53% used [0x00000000a0000000,0x00000000a301ee70,0x00000000a5a00000)
 Metaspace       used 88450K, capacity 91910K, committed 92184K, reserved 1130496K
  class space    used 11352K, capacity 12036K, committed 12064K, reserved 1048576K
Event: 1074.460 GC heap after
Heap after GC invocations=17 (full 3):
 PSYoungGen      total 302080K, used 12958K [0x00000000e0000000, 0x00000000f7c80000, 0x0000000100000000)
  eden space 266240K, 0% used [0x00000000e0000000,0x00000000e0000000,0x00000000f0400000)
  from space 35840K, 36% used [0x00000000f2900000,0x00000000f35a7a60,0x00000000f4c00000)
  to   space 37888K, 0% used [0x00000000f0400000,0x00000000f0400000,0x00000000f2900000)
 ParOldGen       total 92160K, used 69136K [0x00000000a0000000, 0x00000000a5a00000, 0x00000000e0000000)
  object space 92160K, 75% used [0x00000000a0000000,0x00000000a4384210,0x00000000a5a00000)
 Metaspace       used 88450K, capacity 91910K, committed 92184K, reserved 1130496K
  class space    used 11352K, capacity 12036K, committed 12064K, reserved 1048576K
}
Event: 1076.544 GC heap before
{Heap before GC invocations=18 (full 3):
 PSYoungGen      total 302080K, used 279198K [0x00000000e0000000, 0x00000000f7c80000, 0x0000000100000000)
  eden space 266240K, 100% used [0x00000000e0000000,0x00000000f0400000,0x00000000f0400000)
  from space 35840K, 36% used [0x00000000f2900000,0x00000000f35a7a60,0x00000000f4c00000)
  to   space 37888K, 0% used [0x00000000f0400000,0x00000000f0400000,0x00000000f2900000)
 ParOldGen       total 92160K, used 69136K [0x00000000a0000000, 0x00000000a5a00000, 0x00000000e0000000)
  object space 92160K, 75% used [0x00000000a0000000,0x00000000a4384210,0x00000000a5a00000)
 Metaspace       used 88677K, capacity 92106K, committed 92184K, reserved 1130496K
  class space    used 11353K, capacity 12036K, committed 12064K, reserved 1048576K
Event: 1076.582 GC heap after
Heap after GC invocations=18 (full 3):
 PSYoungGen      total 304128K, used 12275K [0x00000000e0000000, 0x00000000f8880000, 0x0000000100000000)
  eden space 266240K, 0% used [0x00000000e0000000,0x00000000e0000000,0x00000000f0400000)
  from space 37888K, 32% used [0x00000000f0400000,0x00000000f0ffcfd0,0x00000000f2900000)
  to   space 36352K, 0% used [0x00000000f6500000,0x00000000f6500000,0x00000000f8880000)
 ParOldGen       total 92160K, used 69144K [0x00000000a0000000, 0x00000000a5a00000, 0x00000000e0000000)
  object space 92160K, 75% used [0x00000000a0000000,0x00000000a4386210,0x00000000a5a00000)
 Metaspace       used 88677K, capacity 92106K, committed 92184K, reserved 1130496K
  class space    used 11353K, capacity 12036K, committed 12064K, reserved 1048576K
}

