# JRE version: OpenJDK Runtime Environment (8.0_152-b01) (build 1.8.0_152-release-1343-b01)
# Java VM: OpenJDK 64-Bit Server VM (25.152-b01 mixed mode windows-amd64 compressed oops)
Heap:
 PSYoungGen      total 116736K, used 48000K [0x00000000e0000000, 0x00000000e8f00000, 0x0000000100000000)
  eden space 109056K, 44% used [0x00000000e0000000,0x00000000e2ee00f0,0x00000000e6a80000)
  from space 7680K, 0% used [0x00000000e8780000,0x00000000e8780000,0x00000000e8f00000)
  to   space 10240K, 0% used [0x00000000e7b00000,0x00000000e7b00000,0x00000000e8500000)
 ParOldGen       total 35328K, used 16014K [0x00000000a0000000, 0x00000000a2280000, 0x00000000e0000000)
  object space 35328K, 45% used [0x00000000a0000000,0x00000000a0fa3860,0x00000000a2280000)
 Metaspace       used 41490K, capacity 42534K, committed 42880K, reserved 1085440K
  class space    used 5647K, capacity 5936K, committed 6016K, reserved 1048576K
GC Heap History (10 events):
Event: 26.850 GC heap before
{Heap before GC invocations=8 (full 1):
 PSYoungGen      total 71680K, used 7138K [0x00000000e0000000, 0x00000000e9100000, 0x0000000100000000)
  eden space 64512K, 0% used [0x00000000e0000000,0x00000000e0000000,0x00000000e3f00000)
  from space 7168K, 99% used [0x00000000e3f00000,0x00000000e45f89c8,0x00000000e4600000)
  to   space 9728K, 0% used [0x00000000e8780000,0x00000000e8780000,0x00000000e9100000)
 ParOldGen       total 44032K, used 8391K [0x00000000a0000000, 0x00000000a2b00000, 0x00000000e0000000)
  object space 44032K, 19% used [0x00000000a0000000,0x00000000a0831f50,0x00000000a2b00000)
 Metaspace       used 20603K, capacity 21120K, committed 21296K, reserved 1067008K
  class space    used 2914K, capacity 3129K, committed 3200K, reserved 1048576K
Event: 26.997 GC heap after
Heap after GC invocations=8 (full 1):
 PSYoungGen      total 71680K, used 0K [0x00000000e0000000, 0x00000000e9100000, 0x0000000100000000)
  eden space 64512K, 0% used [0x00000000e0000000,0x00000000e0000000,0x00000000e3f00000)
  from space 7168K, 0% used [0x00000000e3f00000,0x00000000e3f00000,0x00000000e4600000)
  to   space 9728K, 0% used [0x00000000e8780000,0x00000000e8780000,0x00000000e9100000)
 ParOldGen       total 35328K, used 10755K [0x00000000a0000000, 0x00000000a2280000, 0x00000000e0000000)
  object space 35328K, 30% used [0x00000000a0000000,0x00000000a0a80d48,0x00000000a2280000)
 Metaspace       used 20603K, capacity 21120K, committed 21296K, reserved 1067008K
  class space    used 2914K, capacity 3129K, committed 3200K, reserved 1048576K
}
Event: 34.810 GC heap before
{Heap before GC invocations=9 (full 1):
 PSYoungGen      total 71680K, used 64512K [0x00000000e0000000, 0x00000000e9100000, 0x0000000100000000)
  eden space 64512K, 100% used [0x00000000e0000000,0x00000000e3f00000,0x00000000e3f00000)
  from space 7168K, 0% used [0x00000000e3f00000,0x00000000e3f00000,0x00000000e4600000)
  to   space 9728K, 0% used [0x00000000e8780000,0x00000000e8780000,0x00000000e9100000)
 ParOldGen       total 35328K, used 10755K [0x00000000a0000000, 0x00000000a2280000, 0x00000000e0000000)
  object space 35328K, 30% used [0x00000000a0000000,0x00000000a0a80d48,0x00000000a2280000)
 Metaspace       used 27951K, capacity 28486K, committed 28672K, reserved 1073152K
  class space    used 3815K, capacity 4001K, committed 4096K, reserved 1048576K
Event: 34.819 GC heap after
Heap after GC invocations=9 (full 1):
 PSYoungGen      total 116736K, used 7425K [0x00000000e0000000, 0x00000000e8f00000, 0x0000000100000000)
  eden space 109056K, 0% used [0x00000000e0000000,0x00000000e0000000,0x00000000e6a80000)
  from space 7680K, 96% used [0x00000000e8780000,0x00000000e8ec0530,0x00000000e8f00000)
  to   space 10240K, 0% used [0x00000000e7b00000,0x00000000e7b00000,0x00000000e8500000)
 ParOldGen       total 35328K, used 10763K [0x00000000a0000000, 0x00000000a2280000, 0x00000000e0000000)
  object space 35328K, 30% used [0x00000000a0000000,0x00000000a0a82d48,0x00000000a2280000)
 Metaspace       used 27951K, capacity 28486K, committed 28672K, reserved 1073152K
  class space    used 3815K, capacity 4001K, committed 4096K, reserved 1048576K
}
Event: 47.113 GC heap before
{Heap before GC invocations=10 (full 1):
 PSYoungGen      total 116736K, used 116481K [0x00000000e0000000, 0x00000000e8f00000, 0x0000000100000000)
  eden space 109056K, 100% used [0x00000000e0000000,0x00000000e6a80000,0x00000000e6a80000)
  from space 7680K, 96% used [0x00000000e8780000,0x00000000e8ec0530,0x00000000e8f00000)
  to   space 10240K, 0% used [0x00000000e7b00000,0x00000000e7b00000,0x00000000e8500000)
 ParOldGen       total 35328K, used 10763K [0x00000000a0000000, 0x00000000a2280000, 0x00000000e0000000)
  object space 35328K, 30% used [0x00000000a0000000,0x00000000a0a82d48,0x00000000a2280000)
 Metaspace       used 34180K, capacity 35032K, committed 35200K, reserved 1079296K
  class space    used 4708K, capacity 4912K, committed 4992K, reserved 1048576K
Event: 47.136 GC heap after
Heap after GC invocations=10 (full 1):
 PSYoungGen      total 119296K, used 10225K [0x00000000e0000000, 0x00000000e8f00000, 0x0000000100000000)
  eden space 109056K, 0% used [0x00000000e0000000,0x00000000e0000000,0x00000000e6a80000)
  from space 10240K, 99% used [0x00000000e7b00000,0x00000000e84fc578,0x00000000e8500000)
  to   space 7680K, 0% used [0x00000000e8780000,0x00000000e8780000,0x00000000e8f00000)
 ParOldGen       total 35328K, used 13588K [0x00000000a0000000, 0x00000000a2280000, 0x00000000e0000000)
  object space 35328K, 38% used [0x00000000a0000000,0x00000000a0d453a8,0x00000000a2280000)
 Metaspace       used 34180K, capacity 35032K, committed 35200K, reserved 1079296K
  class space    used 4708K, capacity 4912K, committed 4992K, reserved 1048576K
}
Event: 52.133 GC heap before
{Heap before GC invocations=11 (full 1):
 PSYoungGen      total 119296K, used 20366K [0x00000000e0000000, 0x00000000e8f00000, 0x0000000100000000)
  eden space 109056K, 9% used [0x00000000e0000000,0x00000000e09e7398,0x00000000e6a80000)
  from space 10240K, 99% used [0x00000000e7b00000,0x00000000e84fc578,0x00000000e8500000)
  to   space 7680K, 0% used [0x00000000e8780000,0x00000000e8780000,0x00000000e8f00000)
 ParOldGen       total 35328K, used 13588K [0x00000000a0000000, 0x00000000a2280000, 0x00000000e0000000)
  object space 35328K, 38% used [0x00000000a0000000,0x00000000a0d453a8,0x00000000a2280000)
 Metaspace       used 34462K, capacity 35360K, committed 35456K, reserved 1079296K
  class space    used 4753K, capacity 4953K, committed 4992K, reserved 1048576K
Event: 52.143 GC heap after
Heap after GC invocations=11 (full 1):
 PSYoungGen      total 116736K, used 6060K [0x00000000e0000000, 0x00000000e8f00000, 0x0000000100000000)
  eden space 109056K, 0% used [0x00000000e0000000,0x00000000e0000000,0x00000000e6a80000)
  from space 7680K, 78% used [0x00000000e8780000,0x00000000e8d6b380,0x00000000e8f00000)
  to   space 10240K, 0% used [0x00000000e7b00000,0x00000000e7b00000,0x00000000e8500000)
 ParOldGen       total 35328K, used 16609K [0x00000000a0000000, 0x00000000a2280000, 0x00000000e0000000)
  object space 35328K, 47% used [0x00000000a0000000,0x00000000a10386a0,0x00000000a2280000)
 Metaspace       used 34462K, capacity 35360K, committed 35456K, reserved 1079296K
  class space    used 4753K, capacity 4953K, committed 4992K, reserved 1048576K
}
Event: 52.143 GC heap before
{Heap before GC invocations=12 (full 2):
 PSYoungGen      total 116736K, used 6060K [0x00000000e0000000, 0x00000000e8f00000, 0x0000000100000000)
  eden space 109056K, 0% used [0x00000000e0000000,0x00000000e0000000,0x00000000e6a80000)
  from space 7680K, 78% used [0x00000000e8780000,0x00000000e8d6b380,0x00000000e8f00000)
  to   space 10240K, 0% used [0x00000000e7b00000,0x00000000e7b00000,0x00000000e8500000)
 ParOldGen       total 35328K, used 16609K [0x00000000a0000000, 0x00000000a2280000, 0x00000000e0000000)
  object space 35328K, 47% used [0x00000000a0000000,0x00000000a10386a0,0x00000000a2280000)
 Metaspace       used 34462K, capacity 35360K, committed 35456K, reserved 1079296K
  class space    used 4753K, capacity 4953K, committed 4992K, reserved 1048576K
Event: 52.232 GC heap after
Heap after GC invocations=12 (full 2):
 PSYoungGen      total 116736K, used 0K [0x00000000e0000000, 0x00000000e8f00000, 0x0000000100000000)
  eden space 109056K, 0% used [0x00000000e0000000,0x00000000e0000000,0x00000000e6a80000)
  from space 7680K, 0% used [0x00000000e8780000,0x00000000e8780000,0x00000000e8f00000)
  to   space 10240K, 0% used [0x00000000e7b00000,0x00000000e7b00000,0x00000000e8500000)
 ParOldGen       total 35328K, used 16014K [0x00000000a0000000, 0x00000000a2280000, 0x00000000e0000000)
  object space 35328K, 45% used [0x00000000a0000000,0x00000000a0fa3860,0x00000000a2280000)
 Metaspace       used 34455K, capacity 35336K, committed 35456K, reserved 1079296K
  class space    used 4751K, capacity 4949K, committed 4992K, reserved 1048576K
}

