# JRE version: OpenJDK Runtime Environment (8.0_152-b01) (build 1.8.0_152-release-1343-b01)
# Java VM: OpenJDK 64-Bit Server VM (25.152-b01 mixed mode windows-amd64 compressed oops)
Heap:
 PSYoungGen      total 185856K, used 7242K [0x00000000e0000000, 0x00000000f0280000, 0x0000000100000000)
  eden space 163328K, 4% used [0x00000000e0000000,0x00000000e0712ab0,0x00000000e9f80000)
  from space 22528K, 0% used [0x00000000e9f80000,0x00000000e9f80000,0x00000000eb580000)
  to   space 38400K, 0% used [0x00000000edd00000,0x00000000edd00000,0x00000000f0280000)
 ParOldGen       total 96256K, used 89272K [0x00000000a0000000, 0x00000000a5e00000, 0x00000000e0000000)
  object space 96256K, 92% used [0x00000000a0000000,0x00000000a572e3e8,0x00000000a5e00000)
 Metaspace       used 71842K, capacity 74332K, committed 74904K, reserved 1114112K
  class space    used 9465K, capacity 9985K, committed 10144K, reserved 1048576K
GC Heap History (10 events):
Event: 23.030 GC heap before
{Heap before GC invocations=19 (full 3):
 PSYoungGen      total 137728K, used 122880K [0x00000000e0000000, 0x00000000eb080000, 0x0000000100000000)
  eden space 122880K, 100% used [0x00000000e0000000,0x00000000e7800000,0x00000000e7800000)
  from space 14848K, 0% used [0x00000000e7800000,0x00000000e7800000,0x00000000e8680000)
  to   space 13824K, 0% used [0x00000000ea300000,0x00000000ea300000,0x00000000eb080000)
 ParOldGen       total 96256K, used 30704K [0x00000000a0000000, 0x00000000a5e00000, 0x00000000e0000000)
  object space 96256K, 31% used [0x00000000a0000000,0x00000000a1dfc160,0x00000000a5e00000)
 Metaspace       used 60771K, capacity 62574K, committed 62616K, reserved 1103872K
  class space    used 8183K, capacity 8580K, committed 8608K, reserved 1048576K
Event: 23.064 GC heap after
Heap after GC invocations=19 (full 3):
 PSYoungGen      total 157696K, used 11027K [0x00000000e0000000, 0x00000000eae00000, 0x0000000100000000)
  eden space 146432K, 0% used [0x00000000e0000000,0x00000000e0000000,0x00000000e8f00000)
  from space 11264K, 97% used [0x00000000ea300000,0x00000000eadc4e28,0x00000000eae00000)
  to   space 14848K, 0% used [0x00000000e9100000,0x00000000e9100000,0x00000000e9f80000)
 ParOldGen       total 96256K, used 30712K [0x00000000a0000000, 0x00000000a5e00000, 0x00000000e0000000)
  object space 96256K, 31% used [0x00000000a0000000,0x00000000a1dfe160,0x00000000a5e00000)
 Metaspace       used 60771K, capacity 62574K, committed 62616K, reserved 1103872K
  class space    used 8183K, capacity 8580K, committed 8608K, reserved 1048576K
}
Event: 26.716 GC heap before
{Heap before GC invocations=20 (full 3):
 PSYoungGen      total 157696K, used 157459K [0x00000000e0000000, 0x00000000eae00000, 0x0000000100000000)
  eden space 146432K, 100% used [0x00000000e0000000,0x00000000e8f00000,0x00000000e8f00000)
  from space 11264K, 97% used [0x00000000ea300000,0x00000000eadc4e28,0x00000000eae00000)
  to   space 14848K, 0% used [0x00000000e9100000,0x00000000e9100000,0x00000000e9f80000)
 ParOldGen       total 96256K, used 30712K [0x00000000a0000000, 0x00000000a5e00000, 0x00000000e0000000)
  object space 96256K, 31% used [0x00000000a0000000,0x00000000a1dfe160,0x00000000a5e00000)
 Metaspace       used 68275K, capacity 70574K, committed 70808K, reserved 1110016K
  class space    used 9148K, capacity 9630K, committed 9632K, reserved 1048576K
Event: 26.748 GC heap after
Heap after GC invocations=20 (full 3):
 PSYoungGen      total 163328K, used 14829K [0x00000000e0000000, 0x00000000eca80000, 0x0000000100000000)
  eden space 148480K, 0% used [0x00000000e0000000,0x00000000e0000000,0x00000000e9100000)
  from space 14848K, 99% used [0x00000000e9100000,0x00000000e9f7b730,0x00000000e9f80000)
  to   space 21504K, 0% used [0x00000000eb580000,0x00000000eb580000,0x00000000eca80000)
 ParOldGen       total 96256K, used 42339K [0x00000000a0000000, 0x00000000a5e00000, 0x00000000e0000000)
  object space 96256K, 43% used [0x00000000a0000000,0x00000000a2958e78,0x00000000a5e00000)
 Metaspace       used 68275K, capacity 70574K, committed 70808K, reserved 1110016K
  class space    used 9148K, capacity 9630K, committed 9632K, reserved 1048576K
}
Event: 28.697 GC heap before
{Heap before GC invocations=21 (full 3):
 PSYoungGen      total 163328K, used 163060K [0x00000000e0000000, 0x00000000eca80000, 0x0000000100000000)
  eden space 148480K, 99% used [0x00000000e0000000,0x00000000e90c1c38,0x00000000e9100000)
  from space 14848K, 99% used [0x00000000e9100000,0x00000000e9f7b730,0x00000000e9f80000)
  to   space 21504K, 0% used [0x00000000eb580000,0x00000000eb580000,0x00000000eca80000)
 ParOldGen       total 96256K, used 42339K [0x00000000a0000000, 0x00000000a5e00000, 0x00000000e0000000)
  object space 96256K, 43% used [0x00000000a0000000,0x00000000a2958e78,0x00000000a5e00000)
 Metaspace       used 70718K, capacity 73344K, committed 73368K, reserved 1112064K
  class space    used 9342K, capacity 9877K, committed 9888K, reserved 1048576K
Event: 28.725 GC heap after
Heap after GC invocations=21 (full 3):
 PSYoungGen      total 184832K, used 15034K [0x00000000e0000000, 0x00000000ecf00000, 0x0000000100000000)
  eden space 163328K, 0% used [0x00000000e0000000,0x00000000e0000000,0x00000000e9f80000)
  from space 21504K, 69% used [0x00000000eb580000,0x00000000ec42e818,0x00000000eca80000)
  to   space 22528K, 0% used [0x00000000e9f80000,0x00000000e9f80000,0x00000000eb580000)
 ParOldGen       total 96256K, used 48486K [0x00000000a0000000, 0x00000000a5e00000, 0x00000000e0000000)
  object space 96256K, 50% used [0x00000000a0000000,0x00000000a2f59b78,0x00000000a5e00000)
 Metaspace       used 70718K, capacity 73344K, committed 73368K, reserved 1112064K
  class space    used 9342K, capacity 9877K, committed 9888K, reserved 1048576K
}
Event: 31.363 GC heap before
{Heap before GC invocations=22 (full 3):
 PSYoungGen      total 184832K, used 178362K [0x00000000e0000000, 0x00000000ecf00000, 0x0000000100000000)
  eden space 163328K, 100% used [0x00000000e0000000,0x00000000e9f80000,0x00000000e9f80000)
  from space 21504K, 69% used [0x00000000eb580000,0x00000000ec42e818,0x00000000eca80000)
  to   space 22528K, 0% used [0x00000000e9f80000,0x00000000e9f80000,0x00000000eb580000)
 ParOldGen       total 96256K, used 48486K [0x00000000a0000000, 0x00000000a5e00000, 0x00000000e0000000)
  object space 96256K, 50% used [0x00000000a0000000,0x00000000a2f59b78,0x00000000a5e00000)
 Metaspace       used 71987K, capacity 74720K, committed 74904K, reserved 1114112K
  class space    used 9514K, capacity 10071K, committed 10144K, reserved 1048576K
Event: 31.441 GC heap after
Heap after GC invocations=22 (full 3):
 PSYoungGen      total 185856K, used 22523K [0x00000000e0000000, 0x00000000f0280000, 0x0000000100000000)
  eden space 163328K, 0% used [0x00000000e0000000,0x00000000e0000000,0x00000000e9f80000)
  from space 22528K, 99% used [0x00000000e9f80000,0x00000000eb57ee88,0x00000000eb580000)
  to   space 38400K, 0% used [0x00000000edd00000,0x00000000edd00000,0x00000000f0280000)
 ParOldGen       total 96256K, used 82892K [0x00000000a0000000, 0x00000000a5e00000, 0x00000000e0000000)
  object space 96256K, 86% used [0x00000000a0000000,0x00000000a50f33e0,0x00000000a5e00000)
 Metaspace       used 71987K, capacity 74720K, committed 74904K, reserved 1114112K
  class space    used 9514K, capacity 10071K, committed 10144K, reserved 1048576K
}
Event: 31.441 GC heap before
{Heap before GC invocations=23 (full 4):
 PSYoungGen      total 185856K, used 22523K [0x00000000e0000000, 0x00000000f0280000, 0x0000000100000000)
  eden space 163328K, 0% used [0x00000000e0000000,0x00000000e0000000,0x00000000e9f80000)
  from space 22528K, 99% used [0x00000000e9f80000,0x00000000eb57ee88,0x00000000eb580000)
  to   space 38400K, 0% used [0x00000000edd00000,0x00000000edd00000,0x00000000f0280000)
 ParOldGen       total 96256K, used 82892K [0x00000000a0000000, 0x00000000a5e00000, 0x00000000e0000000)
  object space 96256K, 86% used [0x00000000a0000000,0x00000000a50f33e0,0x00000000a5e00000)
 Metaspace       used 71987K, capacity 74720K, committed 74904K, reserved 1114112K
  class space    used 9514K, capacity 10071K, committed 10144K, reserved 1048576K
Event: 31.844 GC heap after
Heap after GC invocations=23 (full 4):
 PSYoungGen      total 185856K, used 0K [0x00000000e0000000, 0x00000000f0280000, 0x0000000100000000)
  eden space 163328K, 0% used [0x00000000e0000000,0x00000000e0000000,0x00000000e9f80000)
  from space 22528K, 0% used [0x00000000e9f80000,0x00000000e9f80000,0x00000000eb580000)
  to   space 38400K, 0% used [0x00000000edd00000,0x00000000edd00000,0x00000000f0280000)
 ParOldGen       total 96256K, used 89272K [0x00000000a0000000, 0x00000000a5e00000, 0x00000000e0000000)
  object space 96256K, 92% used [0x00000000a0000000,0x00000000a572e3e8,0x00000000a5e00000)
 Metaspace       used 71842K, capacity 74332K, committed 74904K, reserved 1114112K
  class space    used 9465K, capacity 9985K, committed 10144K, reserved 1048576K
}

