# JRE version: OpenJDK Runtime Environment (8.0_152-b01) (build 1.8.0_152-release-1343-b01)
# Java VM: OpenJDK 64-Bit Server VM (25.152-b01 mixed mode windows-amd64 compressed oops)
Heap:
 PSYoungGen      total 200704K, used 82853K [0x00000000e0000000, 0x00000000ef900000, 0x0000000100000000)
  eden space 182784K, 35% used [0x00000000e0000000,0x00000000e3f696a0,0x00000000eb280000)
  from space 17920K, 99% used [0x00000000ed000000,0x00000000ee17fd90,0x00000000ee180000)
  to   space 30208K, 0% used [0x00000000eb280000,0x00000000eb280000,0x00000000ed000000)
 ParOldGen       total 93184K, used 58988K [0x00000000a0000000, 0x00000000a5b00000, 0x00000000e0000000)
  object space 93184K, 63% used [0x00000000a0000000,0x00000000a399b270,0x00000000a5b00000)
 Metaspace       used 68052K, capacity 69994K, committed 70168K, reserved 1110016K
  class space    used 8945K, capacity 9396K, committed 9520K, reserved 1048576K
GC Heap History (10 events):
Event: 9.560 GC heap before
{Heap before GC invocations=13 (full 2):
 PSYoungGen      total 146944K, used 134656K [0x00000000e0000000, 0x00000000ebe80000, 0x0000000100000000)
  eden space 134656K, 100% used [0x00000000e0000000,0x00000000e8380000,0x00000000e8380000)
  from space 12288K, 0% used [0x00000000e8f00000,0x00000000e8f00000,0x00000000e9b00000)
  to   space 11776K, 0% used [0x00000000e8380000,0x00000000e8380000,0x00000000e8f00000)
 ParOldGen       total 56320K, used 15839K [0x00000000a0000000, 0x00000000a3700000, 0x00000000e0000000)
  object space 56320K, 28% used [0x00000000a0000000,0x00000000a0f77ea0,0x00000000a3700000)
 Metaspace       used 47074K, capacity 48108K, committed 48168K, reserved 1091584K
  class space    used 6395K, capacity 6685K, committed 6704K, reserved 1048576K
Event: 9.575 GC heap after
Heap after GC invocations=13 (full 2):
 PSYoungGen      total 146432K, used 11746K [0x00000000e0000000, 0x00000000ec300000, 0x0000000100000000)
  eden space 134656K, 0% used [0x00000000e0000000,0x00000000e0000000,0x00000000e8380000)
  from space 11776K, 99% used [0x00000000e8380000,0x00000000e8ef88d0,0x00000000e8f00000)
  to   space 15360K, 0% used [0x00000000eb400000,0x00000000eb400000,0x00000000ec300000)
 ParOldGen       total 56320K, used 20920K [0x00000000a0000000, 0x00000000a3700000, 0x00000000e0000000)
  object space 56320K, 37% used [0x00000000a0000000,0x00000000a146e3b0,0x00000000a3700000)
 Metaspace       used 47074K, capacity 48108K, committed 48168K, reserved 1091584K
  class space    used 6395K, capacity 6685K, committed 6704K, reserved 1048576K
}
Event: 11.189 GC heap before
{Heap before GC invocations=14 (full 2):
 PSYoungGen      total 146432K, used 138437K [0x00000000e0000000, 0x00000000ec300000, 0x0000000100000000)
  eden space 134656K, 94% used [0x00000000e0000000,0x00000000e7bb8b70,0x00000000e8380000)
  from space 11776K, 99% used [0x00000000e8380000,0x00000000e8ef88d0,0x00000000e8f00000)
  to   space 15360K, 0% used [0x00000000eb400000,0x00000000eb400000,0x00000000ec300000)
 ParOldGen       total 56320K, used 20920K [0x00000000a0000000, 0x00000000a3700000, 0x00000000e0000000)
  object space 56320K, 37% used [0x00000000a0000000,0x00000000a146e3b0,0x00000000a3700000)
 Metaspace       used 57460K, capacity 59010K, committed 59160K, reserved 1099776K
  class space    used 7744K, capacity 8122K, committed 8240K, reserved 1048576K
Event: 11.215 GC heap after
Heap after GC invocations=14 (full 2):
 PSYoungGen      total 183296K, used 12321K [0x00000000e0000000, 0x00000000ec500000, 0x0000000100000000)
  eden space 167936K, 0% used [0x00000000e0000000,0x00000000e0000000,0x00000000ea400000)
  from space 15360K, 80% used [0x00000000eb400000,0x00000000ec008440,0x00000000ec300000)
  to   space 16384K, 0% used [0x00000000ea400000,0x00000000ea400000,0x00000000eb400000)
 ParOldGen       total 56320K, used 28866K [0x00000000a0000000, 0x00000000a3700000, 0x00000000e0000000)
  object space 56320K, 51% used [0x00000000a0000000,0x00000000a1c30a28,0x00000000a3700000)
 Metaspace       used 57460K, capacity 59010K, committed 59160K, reserved 1099776K
  class space    used 7744K, capacity 8122K, committed 8240K, reserved 1048576K
}
Event: 11.215 GC heap before
{Heap before GC invocations=15 (full 3):
 PSYoungGen      total 183296K, used 12321K [0x00000000e0000000, 0x00000000ec500000, 0x0000000100000000)
  eden space 167936K, 0% used [0x00000000e0000000,0x00000000e0000000,0x00000000ea400000)
  from space 15360K, 80% used [0x00000000eb400000,0x00000000ec008440,0x00000000ec300000)
  to   space 16384K, 0% used [0x00000000ea400000,0x00000000ea400000,0x00000000eb400000)
 ParOldGen       total 56320K, used 28866K [0x00000000a0000000, 0x00000000a3700000, 0x00000000e0000000)
  object space 56320K, 51% used [0x00000000a0000000,0x00000000a1c30a28,0x00000000a3700000)
 Metaspace       used 57460K, capacity 59010K, committed 59160K, reserved 1099776K
  class space    used 7744K, capacity 8122K, committed 8240K, reserved 1048576K
Event: 11.475 GC heap after
Heap after GC invocations=15 (full 3):
 PSYoungGen      total 183296K, used 0K [0x00000000e0000000, 0x00000000ec500000, 0x0000000100000000)
  eden space 167936K, 0% used [0x00000000e0000000,0x00000000e0000000,0x00000000ea400000)
  from space 15360K, 0% used [0x00000000eb400000,0x00000000eb400000,0x00000000ec300000)
  to   space 16384K, 0% used [0x00000000ea400000,0x00000000ea400000,0x00000000eb400000)
 ParOldGen       total 93184K, used 34108K [0x00000000a0000000, 0x00000000a5b00000, 0x00000000e0000000)
  object space 93184K, 36% used [0x00000000a0000000,0x00000000a214f050,0x00000000a5b00000)
 Metaspace       used 57460K, capacity 59010K, committed 59160K, reserved 1099776K
  class space    used 7744K, capacity 8122K, committed 8240K, reserved 1048576K
}
Event: 13.996 GC heap before
{Heap before GC invocations=16 (full 3):
 PSYoungGen      total 183296K, used 167936K [0x00000000e0000000, 0x00000000ec500000, 0x0000000100000000)
  eden space 167936K, 100% used [0x00000000e0000000,0x00000000ea400000,0x00000000ea400000)
  from space 15360K, 0% used [0x00000000eb400000,0x00000000eb400000,0x00000000ec300000)
  to   space 16384K, 0% used [0x00000000ea400000,0x00000000ea400000,0x00000000eb400000)
 ParOldGen       total 93184K, used 34108K [0x00000000a0000000, 0x00000000a5b00000, 0x00000000e0000000)
  object space 93184K, 36% used [0x00000000a0000000,0x00000000a214f050,0x00000000a5b00000)
 Metaspace       used 61557K, capacity 63586K, committed 63768K, reserved 1103872K
  class space    used 8299K, capacity 8752K, committed 8752K, reserved 1048576K
Event: 14.019 GC heap after
Heap after GC invocations=16 (full 3):
 PSYoungGen      total 184320K, used 14840K [0x00000000e0000000, 0x00000000ee180000, 0x0000000100000000)
  eden space 167936K, 0% used [0x00000000e0000000,0x00000000e0000000,0x00000000ea400000)
  from space 16384K, 90% used [0x00000000ea400000,0x00000000eb27e1b8,0x00000000eb400000)
  to   space 17920K, 0% used [0x00000000ed000000,0x00000000ed000000,0x00000000ee180000)
 ParOldGen       total 93184K, used 34116K [0x00000000a0000000, 0x00000000a5b00000, 0x00000000e0000000)
  object space 93184K, 36% used [0x00000000a0000000,0x00000000a2151050,0x00000000a5b00000)
 Metaspace       used 61557K, capacity 63586K, committed 63768K, reserved 1103872K
  class space    used 8299K, capacity 8752K, committed 8752K, reserved 1048576K
}
Event: 19.333 GC heap before
{Heap before GC invocations=17 (full 3):
 PSYoungGen      total 184320K, used 182776K [0x00000000e0000000, 0x00000000ee180000, 0x0000000100000000)
  eden space 167936K, 100% used [0x00000000e0000000,0x00000000ea400000,0x00000000ea400000)
  from space 16384K, 90% used [0x00000000ea400000,0x00000000eb27e1b8,0x00000000eb400000)
  to   space 17920K, 0% used [0x00000000ed000000,0x00000000ed000000,0x00000000ee180000)
 ParOldGen       total 93184K, used 34116K [0x00000000a0000000, 0x00000000a5b00000, 0x00000000e0000000)
  object space 93184K, 36% used [0x00000000a0000000,0x00000000a2151050,0x00000000a5b00000)
 Metaspace       used 67555K, capacity 69578K, committed 69784K, reserved 1110016K
  class space    used 8920K, capacity 9364K, committed 9392K, reserved 1048576K
Event: 19.399 GC heap after
Heap after GC invocations=17 (full 3):
 PSYoungGen      total 200704K, used 17919K [0x00000000e0000000, 0x00000000ef900000, 0x0000000100000000)
  eden space 182784K, 0% used [0x00000000e0000000,0x00000000e0000000,0x00000000eb280000)
  from space 17920K, 99% used [0x00000000ed000000,0x00000000ee17fd90,0x00000000ee180000)
  to   space 30208K, 0% used [0x00000000eb280000,0x00000000eb280000,0x00000000ed000000)
 ParOldGen       total 93184K, used 58988K [0x00000000a0000000, 0x00000000a5b00000, 0x00000000e0000000)
  object space 93184K, 63% used [0x00000000a0000000,0x00000000a399b270,0x00000000a5b00000)
 Metaspace       used 67555K, capacity 69578K, committed 69784K, reserved 1110016K
  class space    used 8920K, capacity 9364K, committed 9392K, reserved 1048576K
}

