# JRE version: OpenJDK Runtime Environment (8.0_152-b01) (build 1.8.0_152-release-1343-b01)
# Java VM: OpenJDK 64-Bit Server VM (25.152-b01 mixed mode windows-amd64 compressed oops)
Heap:
 PSYoungGen      total 165376K, used 83178K [0x00000000e0000000, 0x00000000ec400000, 0x0000000100000000)
  eden space 153088K, 46% used [0x00000000e0000000,0x00000000e45428a0,0x00000000e9580000)
  from space 12288K, 99% used [0x00000000eac80000,0x00000000eb878070,0x00000000eb880000)
  to   space 11776K, 0% used [0x00000000eb880000,0x00000000eb880000,0x00000000ec400000)
 ParOldGen       total 89088K, used 49885K [0x00000000a0000000, 0x00000000a5700000, 0x00000000e0000000)
  object space 89088K, 55% used [0x00000000a0000000,0x00000000a30b77b8,0x00000000a5700000)
 Metaspace       used 72012K, capacity 75172K, committed 75480K, reserved 1114112K
  class space    used 9401K, capacity 10080K, committed 10200K, reserved 1048576K
GC Heap History (10 events):
Event: 42.785 GC heap before
{Heap before GC invocations=18 (full 3):
 PSYoungGen      total 147968K, used 8168K [0x00000000e0000000, 0x00000000ebf00000, 0x0000000100000000)
  eden space 134656K, 0% used [0x00000000e0000000,0x00000000e0000000,0x00000000e8380000)
  from space 13312K, 61% used [0x00000000e8380000,0x00000000e8b7a308,0x00000000e9080000)
  to   space 13312K, 0% used [0x00000000eb200000,0x00000000eb200000,0x00000000ebf00000)
 ParOldGen       total 58368K, used 29491K [0x00000000a0000000, 0x00000000a3900000, 0x00000000e0000000)
  object space 58368K, 50% used [0x00000000a0000000,0x00000000a1ccccd0,0x00000000a3900000)
 Metaspace       used 57331K, capacity 59040K, committed 59096K, reserved 1099776K
  class space    used 7719K, capacity 8136K, committed 8152K, reserved 1048576K
Event: 43.147 GC heap after
Heap after GC invocations=18 (full 3):
 PSYoungGen      total 147968K, used 0K [0x00000000e0000000, 0x00000000ebf00000, 0x0000000100000000)
  eden space 134656K, 0% used [0x00000000e0000000,0x00000000e0000000,0x00000000e8380000)
  from space 13312K, 0% used [0x00000000e8380000,0x00000000e8380000,0x00000000e9080000)
  to   space 13312K, 0% used [0x00000000eb200000,0x00000000eb200000,0x00000000ebf00000)
 ParOldGen       total 89088K, used 30755K [0x00000000a0000000, 0x00000000a5700000, 0x00000000e0000000)
  object space 89088K, 34% used [0x00000000a0000000,0x00000000a1e08d08,0x00000000a5700000)
 Metaspace       used 57331K, capacity 59040K, committed 59096K, reserved 1099776K
  class space    used 7719K, capacity 8136K, committed 8152K, reserved 1048576K
}
Event: 49.372 GC heap before
{Heap before GC invocations=19 (full 3):
 PSYoungGen      total 147968K, used 134656K [0x00000000e0000000, 0x00000000ebf00000, 0x0000000100000000)
  eden space 134656K, 100% used [0x00000000e0000000,0x00000000e8380000,0x00000000e8380000)
  from space 13312K, 0% used [0x00000000e8380000,0x00000000e8380000,0x00000000e9080000)
  to   space 13312K, 0% used [0x00000000eb200000,0x00000000eb200000,0x00000000ebf00000)
 ParOldGen       total 89088K, used 30755K [0x00000000a0000000, 0x00000000a5700000, 0x00000000e0000000)
  object space 89088K, 34% used [0x00000000a0000000,0x00000000a1e08d08,0x00000000a5700000)
 Metaspace       used 62148K, capacity 64308K, committed 64600K, reserved 1105920K
  class space    used 8458K, capacity 8938K, committed 9048K, reserved 1048576K
Event: 49.415 GC heap after
Heap after GC invocations=19 (full 3):
 PSYoungGen      total 173568K, used 9773K [0x00000000e0000000, 0x00000000ebc00000, 0x0000000100000000)
  eden space 163328K, 0% used [0x00000000e0000000,0x00000000e0000000,0x00000000e9f80000)
  from space 10240K, 95% used [0x00000000eb200000,0x00000000ebb8b498,0x00000000ebc00000)
  to   space 13824K, 0% used [0x00000000ea100000,0x00000000ea100000,0x00000000eae80000)
 ParOldGen       total 89088K, used 30763K [0x00000000a0000000, 0x00000000a5700000, 0x00000000e0000000)
  object space 89088K, 34% used [0x00000000a0000000,0x00000000a1e0ad08,0x00000000a5700000)
 Metaspace       used 62148K, capacity 64308K, committed 64600K, reserved 1105920K
  class space    used 8458K, capacity 8938K, committed 9048K, reserved 1048576K
}
Event: 482.996 GC heap before
{Heap before GC invocations=20 (full 3):
 PSYoungGen      total 173568K, used 173101K [0x00000000e0000000, 0x00000000ebc00000, 0x0000000100000000)
  eden space 163328K, 100% used [0x00000000e0000000,0x00000000e9f80000,0x00000000e9f80000)
  from space 10240K, 95% used [0x00000000eb200000,0x00000000ebb8b498,0x00000000ebc00000)
  to   space 13824K, 0% used [0x00000000ea100000,0x00000000ea100000,0x00000000eae80000)
 ParOldGen       total 89088K, used 30763K [0x00000000a0000000, 0x00000000a5700000, 0x00000000e0000000)
  object space 89088K, 34% used [0x00000000a0000000,0x00000000a1e0ad08,0x00000000a5700000)
 Metaspace       used 67920K, capacity 70484K, committed 70744K, reserved 1110016K
  class space    used 8962K, capacity 9479K, committed 9560K, reserved 1048576K
Event: 483.032 GC heap after
Heap after GC invocations=20 (full 3):
 PSYoungGen      total 178688K, used 13814K [0x00000000e0000000, 0x00000000ed480000, 0x0000000100000000)
  eden space 164864K, 0% used [0x00000000e0000000,0x00000000e0000000,0x00000000ea100000)
  from space 13824K, 99% used [0x00000000ea100000,0x00000000eae7dad0,0x00000000eae80000)
  to   space 17408K, 0% used [0x00000000ec380000,0x00000000ec380000,0x00000000ed480000)
 ParOldGen       total 89088K, used 35201K [0x00000000a0000000, 0x00000000a5700000, 0x00000000e0000000)
  object space 89088K, 39% used [0x00000000a0000000,0x00000000a2260410,0x00000000a5700000)
 Metaspace       used 67920K, capacity 70484K, committed 70744K, reserved 1110016K
  class space    used 8962K, capacity 9479K, committed 9560K, reserved 1048576K
}
Event: 1444.315 GC heap before
{Heap before GC invocations=21 (full 3):
 PSYoungGen      total 178688K, used 178678K [0x00000000e0000000, 0x00000000ed480000, 0x0000000100000000)
  eden space 164864K, 100% used [0x00000000e0000000,0x00000000ea100000,0x00000000ea100000)
  from space 13824K, 99% used [0x00000000ea100000,0x00000000eae7dad0,0x00000000eae80000)
  to   space 17408K, 0% used [0x00000000ec380000,0x00000000ec380000,0x00000000ed480000)
 ParOldGen       total 89088K, used 35201K [0x00000000a0000000, 0x00000000a5700000, 0x00000000e0000000)
  object space 89088K, 39% used [0x00000000a0000000,0x00000000a2260410,0x00000000a5700000)
 Metaspace       used 69797K, capacity 72424K, committed 72664K, reserved 1112064K
  class space    used 9100K, capacity 9669K, committed 9688K, reserved 1048576K
Event: 1444.381 GC heap after
Heap after GC invocations=21 (full 3):
 PSYoungGen      total 176128K, used 17396K [0x00000000e0000000, 0x00000000ed480000, 0x0000000100000000)
  eden space 158720K, 0% used [0x00000000e0000000,0x00000000e0000000,0x00000000e9b00000)
  from space 17408K, 99% used [0x00000000ec380000,0x00000000ed47d040,0x00000000ed480000)
  to   space 20480K, 0% used [0x00000000eac80000,0x00000000eac80000,0x00000000ec080000)
 ParOldGen       total 89088K, used 36578K [0x00000000a0000000, 0x00000000a5700000, 0x00000000e0000000)
  object space 89088K, 41% used [0x00000000a0000000,0x00000000a23b8b08,0x00000000a5700000)
 Metaspace       used 69797K, capacity 72424K, committed 72664K, reserved 1112064K
  class space    used 9100K, capacity 9669K, committed 9688K, reserved 1048576K
}
Event: 1449.873 GC heap before
{Heap before GC invocations=22 (full 3):
 PSYoungGen      total 176128K, used 176116K [0x00000000e0000000, 0x00000000ed480000, 0x0000000100000000)
  eden space 158720K, 100% used [0x00000000e0000000,0x00000000e9b00000,0x00000000e9b00000)
  from space 17408K, 99% used [0x00000000ec380000,0x00000000ed47d040,0x00000000ed480000)
  to   space 20480K, 0% used [0x00000000eac80000,0x00000000eac80000,0x00000000ec080000)
 ParOldGen       total 89088K, used 36578K [0x00000000a0000000, 0x00000000a5700000, 0x00000000e0000000)
  object space 89088K, 41% used [0x00000000a0000000,0x00000000a23b8b08,0x00000000a5700000)
 Metaspace       used 71123K, capacity 74062K, committed 74200K, reserved 1114112K
  class space    used 9275K, capacity 9899K, committed 9944K, reserved 1048576K
Event: 1449.928 GC heap after
Heap after GC invocations=22 (full 3):
 PSYoungGen      total 165376K, used 12256K [0x00000000e0000000, 0x00000000ec400000, 0x0000000100000000)
  eden space 153088K, 0% used [0x00000000e0000000,0x00000000e0000000,0x00000000e9580000)
  from space 12288K, 99% used [0x00000000eac80000,0x00000000eb878070,0x00000000eb880000)
  to   space 11776K, 0% used [0x00000000eb880000,0x00000000eb880000,0x00000000ec400000)
 ParOldGen       total 89088K, used 49885K [0x00000000a0000000, 0x00000000a5700000, 0x00000000e0000000)
  object space 89088K, 55% used [0x00000000a0000000,0x00000000a30b77b8,0x00000000a5700000)
 Metaspace       used 71123K, capacity 74062K, committed 74200K, reserved 1114112K
  class space    used 9275K, capacity 9899K, committed 9944K, reserved 1048576K
}

