# JRE version: OpenJDK Runtime Environment (8.0_152-b01) (build 1.8.0_152-release-1343-b01)
# Java VM: OpenJDK 64-Bit Server VM (25.152-b01 mixed mode windows-amd64 compressed oops)
Heap:
 PSYoungGen      total 198656K, used 46534K [0x00000000e0000000, 0x00000000ef680000, 0x0000000100000000)
  eden space 176640K, 13% used [0x00000000e0000000,0x00000000e17f65a8,0x00000000eac80000)
  from space 22016K, 99% used [0x00000000eac80000,0x00000000ec1fb278,0x00000000ec200000)
  to   space 30720K, 0% used [0x00000000ed880000,0x00000000ed880000,0x00000000ef680000)
 ParOldGen       total 89600K, used 51102K [0x00000000a0000000, 0x00000000a5780000, 0x00000000e0000000)
  object space 89600K, 57% used [0x00000000a0000000,0x00000000a31e7910,0x00000000a5780000)
 Metaspace       used 76840K, capacity 79342K, committed 79640K, reserved 1118208K
  class space    used 9956K, capacity 10494K, committed 10544K, reserved 1048576K
GC Heap History (10 events):
Event: 23.989 GC heap before
{Heap before GC invocations=18 (full 3):
 PSYoungGen      total 153600K, used 6347K [0x00000000e0000000, 0x00000000ebd00000, 0x0000000100000000)
  eden space 140288K, 0% used [0x00000000e0000000,0x00000000e0000000,0x00000000e8900000)
  from space 13312K, 47% used [0x00000000e8900000,0x00000000e8f32f28,0x00000000e9600000)
  to   space 12800K, 0% used [0x00000000eb080000,0x00000000eb080000,0x00000000ebd00000)
 ParOldGen       total 57856K, used 30150K [0x00000000a0000000, 0x00000000a3880000, 0x00000000e0000000)
  object space 57856K, 52% used [0x00000000a0000000,0x00000000a1d71b00,0x00000000a3880000)
 Metaspace       used 57456K, capacity 58998K, committed 59160K, reserved 1099776K
  class space    used 7749K, capacity 8122K, committed 8240K, reserved 1048576K
Event: 24.245 GC heap after
Heap after GC invocations=18 (full 3):
 PSYoungGen      total 153600K, used 0K [0x00000000e0000000, 0x00000000ebd00000, 0x0000000100000000)
  eden space 140288K, 0% used [0x00000000e0000000,0x00000000e0000000,0x00000000e8900000)
  from space 13312K, 0% used [0x00000000e8900000,0x00000000e8900000,0x00000000e9600000)
  to   space 12800K, 0% used [0x00000000eb080000,0x00000000eb080000,0x00000000ebd00000)
 ParOldGen       total 89600K, used 28128K [0x00000000a0000000, 0x00000000a5780000, 0x00000000e0000000)
  object space 89600K, 31% used [0x00000000a0000000,0x00000000a1b78310,0x00000000a5780000)
 Metaspace       used 57456K, capacity 58998K, committed 59160K, reserved 1099776K
  class space    used 7749K, capacity 8122K, committed 8240K, reserved 1048576K
}
Event: 28.324 GC heap before
{Heap before GC invocations=19 (full 3):
 PSYoungGen      total 153600K, used 140288K [0x00000000e0000000, 0x00000000ebd00000, 0x0000000100000000)
  eden space 140288K, 100% used [0x00000000e0000000,0x00000000e8900000,0x00000000e8900000)
  from space 13312K, 0% used [0x00000000e8900000,0x00000000e8900000,0x00000000e9600000)
  to   space 12800K, 0% used [0x00000000eb080000,0x00000000eb080000,0x00000000ebd00000)
 ParOldGen       total 89600K, used 28128K [0x00000000a0000000, 0x00000000a5780000, 0x00000000e0000000)
  object space 89600K, 31% used [0x00000000a0000000,0x00000000a1b78310,0x00000000a5780000)
 Metaspace       used 61408K, capacity 63420K, committed 63512K, reserved 1103872K
  class space    used 8283K, capacity 8709K, committed 8752K, reserved 1048576K
Event: 28.346 GC heap after
Heap after GC invocations=19 (full 3):
 PSYoungGen      total 177664K, used 11961K [0x00000000e0000000, 0x00000000ebd00000, 0x0000000100000000)
  eden space 164864K, 0% used [0x00000000e0000000,0x00000000e0000000,0x00000000ea100000)
  from space 12800K, 93% used [0x00000000eb080000,0x00000000ebc2e5e8,0x00000000ebd00000)
  to   space 14336K, 0% used [0x00000000ea100000,0x00000000ea100000,0x00000000eaf00000)
 ParOldGen       total 89600K, used 28136K [0x00000000a0000000, 0x00000000a5780000, 0x00000000e0000000)
  object space 89600K, 31% used [0x00000000a0000000,0x00000000a1b7a310,0x00000000a5780000)
 Metaspace       used 61408K, capacity 63420K, committed 63512K, reserved 1103872K
  class space    used 8283K, capacity 8709K, committed 8752K, reserved 1048576K
}
Event: 47.491 GC heap before
{Heap before GC invocations=20 (full 3):
 PSYoungGen      total 177664K, used 176825K [0x00000000e0000000, 0x00000000ebd00000, 0x0000000100000000)
  eden space 164864K, 100% used [0x00000000e0000000,0x00000000ea100000,0x00000000ea100000)
  from space 12800K, 93% used [0x00000000eb080000,0x00000000ebc2e5e8,0x00000000ebd00000)
  to   space 14336K, 0% used [0x00000000ea100000,0x00000000ea100000,0x00000000eaf00000)
 ParOldGen       total 89600K, used 28136K [0x00000000a0000000, 0x00000000a5780000, 0x00000000e0000000)
  object space 89600K, 31% used [0x00000000a0000000,0x00000000a1b7a310,0x00000000a5780000)
 Metaspace       used 64833K, capacity 67008K, committed 67224K, reserved 1107968K
  class space    used 8675K, capacity 9123K, committed 9136K, reserved 1048576K
Event: 47.513 GC heap after
Heap after GC invocations=20 (full 3):
 PSYoungGen      total 179200K, used 14320K [0x00000000e0000000, 0x00000000ed380000, 0x0000000100000000)
  eden space 164864K, 0% used [0x00000000e0000000,0x00000000e0000000,0x00000000ea100000)
  from space 14336K, 99% used [0x00000000ea100000,0x00000000eaefc2f8,0x00000000eaf00000)
  to   space 17920K, 0% used [0x00000000ec200000,0x00000000ec200000,0x00000000ed380000)
 ParOldGen       total 89600K, used 31960K [0x00000000a0000000, 0x00000000a5780000, 0x00000000e0000000)
  object space 89600K, 35% used [0x00000000a0000000,0x00000000a1f36080,0x00000000a5780000)
 Metaspace       used 64833K, capacity 67008K, committed 67224K, reserved 1107968K
  class space    used 8675K, capacity 9123K, committed 9136K, reserved 1048576K
}
Event: 172.784 GC heap before
{Heap before GC invocations=21 (full 3):
 PSYoungGen      total 179200K, used 179184K [0x00000000e0000000, 0x00000000ed380000, 0x0000000100000000)
  eden space 164864K, 100% used [0x00000000e0000000,0x00000000ea100000,0x00000000ea100000)
  from space 14336K, 99% used [0x00000000ea100000,0x00000000eaefc2f8,0x00000000eaf00000)
  to   space 17920K, 0% used [0x00000000ec200000,0x00000000ec200000,0x00000000ed380000)
 ParOldGen       total 89600K, used 31960K [0x00000000a0000000, 0x00000000a5780000, 0x00000000e0000000)
  object space 89600K, 35% used [0x00000000a0000000,0x00000000a1f36080,0x00000000a5780000)
 Metaspace       used 70470K, capacity 72932K, committed 72984K, reserved 1112064K
  class space    used 9298K, capacity 9775K, committed 9776K, reserved 1048576K
Event: 172.815 GC heap after
Heap after GC invocations=21 (full 3):
 PSYoungGen      total 194560K, used 17916K [0x00000000e0000000, 0x00000000ed880000, 0x0000000100000000)
  eden space 176640K, 0% used [0x00000000e0000000,0x00000000e0000000,0x00000000eac80000)
  from space 17920K, 99% used [0x00000000ec200000,0x00000000ed37f0b0,0x00000000ed380000)
  to   space 22016K, 0% used [0x00000000eac80000,0x00000000eac80000,0x00000000ec200000)
 ParOldGen       total 89600K, used 35989K [0x00000000a0000000, 0x00000000a5780000, 0x00000000e0000000)
  object space 89600K, 40% used [0x00000000a0000000,0x00000000a2325730,0x00000000a5780000)
 Metaspace       used 70470K, capacity 72932K, committed 72984K, reserved 1112064K
  class space    used 9298K, capacity 9775K, committed 9776K, reserved 1048576K
}
Event: 183.343 GC heap before
{Heap before GC invocations=22 (full 3):
 PSYoungGen      total 194560K, used 194556K [0x00000000e0000000, 0x00000000ed880000, 0x0000000100000000)
  eden space 176640K, 100% used [0x00000000e0000000,0x00000000eac80000,0x00000000eac80000)
  from space 17920K, 99% used [0x00000000ec200000,0x00000000ed37f0b0,0x00000000ed380000)
  to   space 22016K, 0% used [0x00000000eac80000,0x00000000eac80000,0x00000000ec200000)
 ParOldGen       total 89600K, used 35989K [0x00000000a0000000, 0x00000000a5780000, 0x00000000e0000000)
  object space 89600K, 40% used [0x00000000a0000000,0x00000000a2325730,0x00000000a5780000)
 Metaspace       used 75656K, capacity 78190K, committed 78360K, reserved 1118208K
  class space    used 9872K, capacity 10430K, committed 10544K, reserved 1048576K
Event: 183.432 GC heap after
Heap after GC invocations=22 (full 3):
 PSYoungGen      total 198656K, used 21996K [0x00000000e0000000, 0x00000000ef680000, 0x0000000100000000)
  eden space 176640K, 0% used [0x00000000e0000000,0x00000000e0000000,0x00000000eac80000)
  from space 22016K, 99% used [0x00000000eac80000,0x00000000ec1fb278,0x00000000ec200000)
  to   space 30720K, 0% used [0x00000000ed880000,0x00000000ed880000,0x00000000ef680000)
 ParOldGen       total 89600K, used 51102K [0x00000000a0000000, 0x00000000a5780000, 0x00000000e0000000)
  object space 89600K, 57% used [0x00000000a0000000,0x00000000a31e7910,0x00000000a5780000)
 Metaspace       used 75656K, capacity 78190K, committed 78360K, reserved 1118208K
  class space    used 9872K, capacity 10430K, committed 10544K, reserved 1048576K
}

