# JRE version: OpenJDK Runtime Environment (8.0_152-b01) (build 1.8.0_152-release-1343-b01)
# Java VM: OpenJDK 64-Bit Server VM (25.152-b01 mixed mode windows-amd64 compressed oops)
Heap:
 PSYoungGen      total 220160K, used 141441K [0x00000000e0000000, 0x00000000ef000000, 0x0000000100000000)
  eden space 202752K, 61% used [0x00000000e0000000,0x00000000e7923c50,0x00000000ec600000)
  from space 17408K, 99% used [0x00000000edc80000,0x00000000eed7ca08,0x00000000eed80000)
  to   space 21504K, 0% used [0x00000000ec600000,0x00000000ec600000,0x00000000edb00000)
 ParOldGen       total 91136K, used 38364K [0x00000000a0000000, 0x00000000a5900000, 0x00000000e0000000)
  object space 91136K, 42% used [0x00000000a0000000,0x00000000a2577150,0x00000000a5900000)
 Metaspace       used 70233K, capacity 73042K, committed 73240K, reserved 1112064K
  class space    used 9140K, capacity 9738K, committed 9752K, reserved 1048576K
GC Heap History (10 events):
Event: 14.577 GC heap before
{Heap before GC invocations=13 (full 2):
 PSYoungGen      total 152576K, used 140288K [0x00000000e0000000, 0x00000000eb800000, 0x0000000100000000)
  eden space 140288K, 100% used [0x00000000e0000000,0x00000000e8900000,0x00000000e8900000)
  from space 12288K, 0% used [0x00000000e9500000,0x00000000e9500000,0x00000000ea100000)
  to   space 12288K, 0% used [0x00000000e8900000,0x00000000e8900000,0x00000000e9500000)
 ParOldGen       total 54784K, used 16486K [0x00000000a0000000, 0x00000000a3580000, 0x00000000e0000000)
  object space 54784K, 30% used [0x00000000a0000000,0x00000000a1019b80,0x00000000a3580000)
 Metaspace       used 47451K, capacity 48656K, committed 48808K, reserved 1091584K
  class space    used 6438K, capacity 6750K, committed 6824K, reserved 1048576K
Event: 14.603 GC heap after
Heap after GC invocations=13 (full 2):
 PSYoungGen      total 152576K, used 12271K [0x00000000e0000000, 0x00000000ece80000, 0x0000000100000000)
  eden space 140288K, 0% used [0x00000000e0000000,0x00000000e0000000,0x00000000e8900000)
  from space 12288K, 99% used [0x00000000e8900000,0x00000000e94fbdf8,0x00000000e9500000)
  to   space 15872K, 0% used [0x00000000ebf00000,0x00000000ebf00000,0x00000000ece80000)
 ParOldGen       total 54784K, used 21649K [0x00000000a0000000, 0x00000000a3580000, 0x00000000e0000000)
  object space 54784K, 39% used [0x00000000a0000000,0x00000000a1524728,0x00000000a3580000)
 Metaspace       used 47451K, capacity 48656K, committed 48808K, reserved 1091584K
  class space    used 6438K, capacity 6750K, committed 6824K, reserved 1048576K
}
Event: 17.006 GC heap before
{Heap before GC invocations=14 (full 2):
 PSYoungGen      total 152576K, used 133509K [0x00000000e0000000, 0x00000000ece80000, 0x0000000100000000)
  eden space 140288K, 86% used [0x00000000e0000000,0x00000000e76656a8,0x00000000e8900000)
  from space 12288K, 99% used [0x00000000e8900000,0x00000000e94fbdf8,0x00000000e9500000)
  to   space 15872K, 0% used [0x00000000ebf00000,0x00000000ebf00000,0x00000000ece80000)
 ParOldGen       total 54784K, used 21649K [0x00000000a0000000, 0x00000000a3580000, 0x00000000e0000000)
  object space 54784K, 39% used [0x00000000a0000000,0x00000000a1524728,0x00000000a3580000)
 Metaspace       used 57360K, capacity 59052K, committed 59160K, reserved 1099776K
  class space    used 7728K, capacity 8136K, committed 8216K, reserved 1048576K
Event: 17.045 GC heap after
Heap after GC invocations=14 (full 2):
 PSYoungGen      total 194560K, used 11865K [0x00000000e0000000, 0x00000000ed280000, 0x0000000100000000)
  eden space 178688K, 0% used [0x00000000e0000000,0x00000000e0000000,0x00000000eae80000)
  from space 15872K, 74% used [0x00000000ebf00000,0x00000000eca96500,0x00000000ece80000)
  to   space 16896K, 0% used [0x00000000eae80000,0x00000000eae80000,0x00000000ebf00000)
 ParOldGen       total 54784K, used 29799K [0x00000000a0000000, 0x00000000a3580000, 0x00000000e0000000)
  object space 54784K, 54% used [0x00000000a0000000,0x00000000a1d19fe0,0x00000000a3580000)
 Metaspace       used 57360K, capacity 59052K, committed 59160K, reserved 1099776K
  class space    used 7728K, capacity 8136K, committed 8216K, reserved 1048576K
}
Event: 17.045 GC heap before
{Heap before GC invocations=15 (full 3):
 PSYoungGen      total 194560K, used 11865K [0x00000000e0000000, 0x00000000ed280000, 0x0000000100000000)
  eden space 178688K, 0% used [0x00000000e0000000,0x00000000e0000000,0x00000000eae80000)
  from space 15872K, 74% used [0x00000000ebf00000,0x00000000eca96500,0x00000000ece80000)
  to   space 16896K, 0% used [0x00000000eae80000,0x00000000eae80000,0x00000000ebf00000)
 ParOldGen       total 54784K, used 29799K [0x00000000a0000000, 0x00000000a3580000, 0x00000000e0000000)
  object space 54784K, 54% used [0x00000000a0000000,0x00000000a1d19fe0,0x00000000a3580000)
 Metaspace       used 57360K, capacity 59052K, committed 59160K, reserved 1099776K
  class space    used 7728K, capacity 8136K, committed 8216K, reserved 1048576K
Event: 17.383 GC heap after
Heap after GC invocations=15 (full 3):
 PSYoungGen      total 194560K, used 0K [0x00000000e0000000, 0x00000000ed280000, 0x0000000100000000)
  eden space 178688K, 0% used [0x00000000e0000000,0x00000000e0000000,0x00000000eae80000)
  from space 15872K, 0% used [0x00000000ebf00000,0x00000000ebf00000,0x00000000ece80000)
  to   space 16896K, 0% used [0x00000000eae80000,0x00000000eae80000,0x00000000ebf00000)
 ParOldGen       total 91136K, used 34794K [0x00000000a0000000, 0x00000000a5900000, 0x00000000e0000000)
  object space 91136K, 38% used [0x00000000a0000000,0x00000000a21faab0,0x00000000a5900000)
 Metaspace       used 57360K, capacity 59052K, committed 59160K, reserved 1099776K
  class space    used 7728K, capacity 8136K, committed 8216K, reserved 1048576K
}
Event: 23.256 GC heap before
{Heap before GC invocations=16 (full 3):
 PSYoungGen      total 194560K, used 178688K [0x00000000e0000000, 0x00000000ed280000, 0x0000000100000000)
  eden space 178688K, 100% used [0x00000000e0000000,0x00000000eae80000,0x00000000eae80000)
  from space 15872K, 0% used [0x00000000ebf00000,0x00000000ebf00000,0x00000000ece80000)
  to   space 16896K, 0% used [0x00000000eae80000,0x00000000eae80000,0x00000000ebf00000)
 ParOldGen       total 91136K, used 34794K [0x00000000a0000000, 0x00000000a5900000, 0x00000000e0000000)
  object space 91136K, 38% used [0x00000000a0000000,0x00000000a21faab0,0x00000000a5900000)
 Metaspace       used 63376K, capacity 65562K, committed 65688K, reserved 1105920K
  class space    used 8567K, capacity 9051K, committed 9112K, reserved 1048576K
Event: 23.278 GC heap after
Heap after GC invocations=16 (full 3):
 PSYoungGen      total 195584K, used 12262K [0x00000000e0000000, 0x00000000eed80000, 0x0000000100000000)
  eden space 178688K, 0% used [0x00000000e0000000,0x00000000e0000000,0x00000000eae80000)
  from space 16896K, 72% used [0x00000000eae80000,0x00000000eba79870,0x00000000ebf00000)
  to   space 17408K, 0% used [0x00000000edc80000,0x00000000edc80000,0x00000000eed80000)
 ParOldGen       total 91136K, used 34802K [0x00000000a0000000, 0x00000000a5900000, 0x00000000e0000000)
  object space 91136K, 38% used [0x00000000a0000000,0x00000000a21fcab0,0x00000000a5900000)
 Metaspace       used 63376K, capacity 65562K, committed 65688K, reserved 1105920K
  class space    used 8567K, capacity 9051K, committed 9112K, reserved 1048576K
}
Event: 348.086 GC heap before
{Heap before GC invocations=17 (full 3):
 PSYoungGen      total 195584K, used 190950K [0x00000000e0000000, 0x00000000eed80000, 0x0000000100000000)
  eden space 178688K, 100% used [0x00000000e0000000,0x00000000eae80000,0x00000000eae80000)
  from space 16896K, 72% used [0x00000000eae80000,0x00000000eba79870,0x00000000ebf00000)
  to   space 17408K, 0% used [0x00000000edc80000,0x00000000edc80000,0x00000000eed80000)
 ParOldGen       total 91136K, used 34802K [0x00000000a0000000, 0x00000000a5900000, 0x00000000e0000000)
  object space 91136K, 38% used [0x00000000a0000000,0x00000000a21fcab0,0x00000000a5900000)
 Metaspace       used 69367K, capacity 72080K, committed 72216K, reserved 1112064K
  class space    used 9100K, capacity 9677K, committed 9752K, reserved 1048576K
Event: 348.145 GC heap after
Heap after GC invocations=17 (full 3):
 PSYoungGen      total 220160K, used 17394K [0x00000000e0000000, 0x00000000ef000000, 0x0000000100000000)
  eden space 202752K, 0% used [0x00000000e0000000,0x00000000e0000000,0x00000000ec600000)
  from space 17408K, 99% used [0x00000000edc80000,0x00000000eed7ca08,0x00000000eed80000)
  to   space 21504K, 0% used [0x00000000ec600000,0x00000000ec600000,0x00000000edb00000)
 ParOldGen       total 91136K, used 38364K [0x00000000a0000000, 0x00000000a5900000, 0x00000000e0000000)
  object space 91136K, 42% used [0x00000000a0000000,0x00000000a2577150,0x00000000a5900000)
 Metaspace       used 69367K, capacity 72080K, committed 72216K, reserved 1112064K
  class space    used 9100K, capacity 9677K, committed 9752K, reserved 1048576K
}

