# JRE version: OpenJDK Runtime Environment (8.0_152-b01) (build 1.8.0_152-release-1343-b01)
# Java VM: OpenJDK 64-Bit Server VM (25.152-b01 mixed mode windows-amd64 compressed oops)
Heap:
 PSYoungGen      total 222720K, used 14853K [0x00000000e0000000, 0x00000000f3e00000, 0x0000000100000000)
  eden space 188416K, 7% used [0x00000000e0000000,0x00000000e0e814a0,0x00000000eb800000)
  from space 34304K, 0% used [0x00000000eb800000,0x00000000eb800000,0x00000000ed980000)
  to   space 46592K, 0% used [0x00000000f1080000,0x00000000f1080000,0x00000000f3e00000)
 ParOldGen       total 90624K, used 60311K [0x00000000a0000000, 0x00000000a5880000, 0x00000000e0000000)
  object space 90624K, 66% used [0x00000000a0000000,0x00000000a3ae5d88,0x00000000a5880000)
 Metaspace       used 67784K, capacity 70098K, committed 70296K, reserved 1110016K
  class space    used 9100K, capacity 9600K, committed 9648K, reserved 1048576K
GC Heap History (10 events):
Event: 10.599 GC heap before
{Heap before GC invocations=15 (full 3):
 PSYoungGen      total 186368K, used 12422K [0x00000000e0000000, 0x00000000ec700000, 0x0000000100000000)
  eden space 171008K, 0% used [0x00000000e0000000,0x00000000e0000000,0x00000000ea700000)
  from space 15360K, 80% used [0x00000000eb700000,0x00000000ec321a18,0x00000000ec600000)
  to   space 16384K, 0% used [0x00000000ea700000,0x00000000ea700000,0x00000000eb700000)
 ParOldGen       total 55296K, used 28735K [0x00000000a0000000, 0x00000000a3600000, 0x00000000e0000000)
  object space 55296K, 51% used [0x00000000a0000000,0x00000000a1c0fd30,0x00000000a3600000)
 Metaspace       used 57531K, capacity 59024K, committed 59160K, reserved 1099776K
  class space    used 7757K, capacity 8125K, committed 8240K, reserved 1048576K
Event: 10.827 GC heap after
Heap after GC invocations=15 (full 3):
 PSYoungGen      total 186368K, used 0K [0x00000000e0000000, 0x00000000ec700000, 0x0000000100000000)
  eden space 171008K, 0% used [0x00000000e0000000,0x00000000e0000000,0x00000000ea700000)
  from space 15360K, 0% used [0x00000000eb700000,0x00000000eb700000,0x00000000ec600000)
  to   space 16384K, 0% used [0x00000000ea700000,0x00000000ea700000,0x00000000eb700000)
 ParOldGen       total 90624K, used 34253K [0x00000000a0000000, 0x00000000a5880000, 0x00000000e0000000)
  object space 90624K, 37% used [0x00000000a0000000,0x00000000a21735b8,0x00000000a5880000)
 Metaspace       used 57531K, capacity 59024K, committed 59160K, reserved 1099776K
  class space    used 7757K, capacity 8125K, committed 8240K, reserved 1048576K
}
Event: 13.443 GC heap before
{Heap before GC invocations=16 (full 3):
 PSYoungGen      total 186368K, used 171008K [0x00000000e0000000, 0x00000000ec700000, 0x0000000100000000)
  eden space 171008K, 100% used [0x00000000e0000000,0x00000000ea700000,0x00000000ea700000)
  from space 15360K, 0% used [0x00000000eb700000,0x00000000eb700000,0x00000000ec600000)
  to   space 16384K, 0% used [0x00000000ea700000,0x00000000ea700000,0x00000000eb700000)
 ParOldGen       total 90624K, used 34253K [0x00000000a0000000, 0x00000000a5880000, 0x00000000e0000000)
  object space 90624K, 37% used [0x00000000a0000000,0x00000000a21735b8,0x00000000a5880000)
 Metaspace       used 61498K, capacity 63504K, committed 63512K, reserved 1103872K
  class space    used 8295K, capacity 8747K, committed 8752K, reserved 1048576K
Event: 13.462 GC heap after
Heap after GC invocations=16 (full 3):
 PSYoungGen      total 187392K, used 15005K [0x00000000e0000000, 0x00000000eeb80000, 0x0000000100000000)
  eden space 171008K, 0% used [0x00000000e0000000,0x00000000e0000000,0x00000000ea700000)
  from space 16384K, 91% used [0x00000000ea700000,0x00000000eb5a7730,0x00000000eb700000)
  to   space 18432K, 0% used [0x00000000ed980000,0x00000000ed980000,0x00000000eeb80000)
 ParOldGen       total 90624K, used 34261K [0x00000000a0000000, 0x00000000a5880000, 0x00000000e0000000)
  object space 90624K, 37% used [0x00000000a0000000,0x00000000a21755b8,0x00000000a5880000)
 Metaspace       used 61498K, capacity 63504K, committed 63512K, reserved 1103872K
  class space    used 8295K, capacity 8747K, committed 8752K, reserved 1048576K
}
Event: 15.385 GC heap before
{Heap before GC invocations=17 (full 3):
 PSYoungGen      total 187392K, used 186013K [0x00000000e0000000, 0x00000000eeb80000, 0x0000000100000000)
  eden space 171008K, 100% used [0x00000000e0000000,0x00000000ea700000,0x00000000ea700000)
  from space 16384K, 91% used [0x00000000ea700000,0x00000000eb5a7730,0x00000000eb700000)
  to   space 18432K, 0% used [0x00000000ed980000,0x00000000ed980000,0x00000000eeb80000)
 ParOldGen       total 90624K, used 34261K [0x00000000a0000000, 0x00000000a5880000, 0x00000000e0000000)
  object space 90624K, 37% used [0x00000000a0000000,0x00000000a21755b8,0x00000000a5880000)
 Metaspace       used 65445K, capacity 67574K, committed 67736K, reserved 1107968K
  class space    used 8860K, capacity 9312K, committed 9392K, reserved 1048576K
Event: 15.432 GC heap after
Heap after GC invocations=17 (full 3):
 PSYoungGen      total 206848K, used 18409K [0x00000000e0000000, 0x00000000f0c00000, 0x0000000100000000)
  eden space 188416K, 0% used [0x00000000e0000000,0x00000000e0000000,0x00000000eb800000)
  from space 18432K, 99% used [0x00000000ed980000,0x00000000eeb7a430,0x00000000eeb80000)
  to   space 34304K, 0% used [0x00000000eb800000,0x00000000eb800000,0x00000000ed980000)
 ParOldGen       total 90624K, used 70717K [0x00000000a0000000, 0x00000000a5880000, 0x00000000e0000000)
  object space 90624K, 78% used [0x00000000a0000000,0x00000000a450f498,0x00000000a5880000)
 Metaspace       used 65445K, capacity 67574K, committed 67736K, reserved 1107968K
  class space    used 8860K, capacity 9312K, committed 9392K, reserved 1048576K
}
Event: 18.471 GC heap before
{Heap before GC invocations=18 (full 3):
 PSYoungGen      total 206848K, used 206825K [0x00000000e0000000, 0x00000000f0c00000, 0x0000000100000000)
  eden space 188416K, 100% used [0x00000000e0000000,0x00000000eb800000,0x00000000eb800000)
  from space 18432K, 99% used [0x00000000ed980000,0x00000000eeb7a430,0x00000000eeb80000)
  to   space 34304K, 0% used [0x00000000eb800000,0x00000000eb800000,0x00000000ed980000)
 ParOldGen       total 90624K, used 70717K [0x00000000a0000000, 0x00000000a5880000, 0x00000000e0000000)
  object space 90624K, 78% used [0x00000000a0000000,0x00000000a450f498,0x00000000a5880000)
 Metaspace       used 67824K, capacity 70222K, committed 70296K, reserved 1110016K
  class space    used 9114K, capacity 9626K, committed 9648K, reserved 1048576K
Event: 18.598 GC heap after
Heap after GC invocations=18 (full 3):
 PSYoungGen      total 222720K, used 34291K [0x00000000e0000000, 0x00000000f3e00000, 0x0000000100000000)
  eden space 188416K, 0% used [0x00000000e0000000,0x00000000e0000000,0x00000000eb800000)
  from space 34304K, 99% used [0x00000000eb800000,0x00000000ed97cc60,0x00000000ed980000)
  to   space 46592K, 0% used [0x00000000f1080000,0x00000000f1080000,0x00000000f3e00000)
 ParOldGen       total 90624K, used 87045K [0x00000000a0000000, 0x00000000a5880000, 0x00000000e0000000)
  object space 90624K, 96% used [0x00000000a0000000,0x00000000a5501670,0x00000000a5880000)
 Metaspace       used 67824K, capacity 70222K, committed 70296K, reserved 1110016K
  class space    used 9114K, capacity 9626K, committed 9648K, reserved 1048576K
}
Event: 18.598 GC heap before
{Heap before GC invocations=19 (full 4):
 PSYoungGen      total 222720K, used 34291K [0x00000000e0000000, 0x00000000f3e00000, 0x0000000100000000)
  eden space 188416K, 0% used [0x00000000e0000000,0x00000000e0000000,0x00000000eb800000)
  from space 34304K, 99% used [0x00000000eb800000,0x00000000ed97cc60,0x00000000ed980000)
  to   space 46592K, 0% used [0x00000000f1080000,0x00000000f1080000,0x00000000f3e00000)
 ParOldGen       total 90624K, used 87045K [0x00000000a0000000, 0x00000000a5880000, 0x00000000e0000000)
  object space 90624K, 96% used [0x00000000a0000000,0x00000000a5501670,0x00000000a5880000)
 Metaspace       used 67824K, capacity 70222K, committed 70296K, reserved 1110016K
  class space    used 9114K, capacity 9626K, committed 9648K, reserved 1048576K
Event: 18.769 GC heap after
Heap after GC invocations=19 (full 4):
 PSYoungGen      total 222720K, used 0K [0x00000000e0000000, 0x00000000f3e00000, 0x0000000100000000)
  eden space 188416K, 0% used [0x00000000e0000000,0x00000000e0000000,0x00000000eb800000)
  from space 34304K, 0% used [0x00000000eb800000,0x00000000eb800000,0x00000000ed980000)
  to   space 46592K, 0% used [0x00000000f1080000,0x00000000f1080000,0x00000000f3e00000)
 ParOldGen       total 90624K, used 60311K [0x00000000a0000000, 0x00000000a5880000, 0x00000000e0000000)
  object space 90624K, 66% used [0x00000000a0000000,0x00000000a3ae5d88,0x00000000a5880000)
 Metaspace       used 67778K, capacity 70094K, committed 70296K, reserved 1110016K
  class space    used 9100K, capacity 9600K, committed 9648K, reserved 1048576K
}

