# JRE version: OpenJDK Runtime Environment (8.0_152-b01) (build 1.8.0_152-release-1343-b01)
# Java VM: OpenJDK 64-Bit Server VM (25.152-b01 mixed mode windows-amd64 compressed oops)
Heap:
 PSYoungGen      total 210432K, used 86406K [0x00000000e0000000, 0x00000000f0f00000, 0x0000000100000000)
  eden space 194048K, 36% used [0x00000000e0000000,0x00000000e4473538,0x00000000ebd80000)
  from space 16384K, 99% used [0x00000000ebd80000,0x00000000ecd6e3d8,0x00000000ecd80000)
  to   space 18944K, 0% used [0x00000000efc80000,0x00000000efc80000,0x00000000f0f00000)
 ParOldGen       total 83456K, used 33778K [0x00000000a0000000, 0x00000000a5180000, 0x00000000e0000000)
  object space 83456K, 40% used [0x00000000a0000000,0x00000000a20fca50,0x00000000a5180000)
 Metaspace       used 65998K, capacity 67942K, committed 68248K, reserved 1107968K
  class space    used 8834K, capacity 9268K, committed 9392K, reserved 1048576K
GC Heap History (10 events):
Event: 6.791 GC heap before
{Heap before GC invocations=12 (full 2):
 PSYoungGen      total 158720K, used 5309K [0x00000000e0000000, 0x00000000ecc80000, 0x0000000100000000)
  eden space 145920K, 0% used [0x00000000e0000000,0x00000000e0000000,0x00000000e8e80000)
  from space 12800K, 41% used [0x00000000e9a80000,0x00000000e9faf758,0x00000000ea700000)
  to   space 12288K, 0% used [0x00000000e8e80000,0x00000000e8e80000,0x00000000e9a80000)
 ParOldGen       total 37376K, used 16300K [0x00000000a0000000, 0x00000000a2480000, 0x00000000e0000000)
  object space 37376K, 43% used [0x00000000a0000000,0x00000000a0feb248,0x00000000a2480000)
 Metaspace       used 34745K, capacity 35456K, committed 35496K, reserved 1079296K
  class space    used 4793K, capacity 5001K, committed 5040K, reserved 1048576K
Event: 6.882 GC heap after
Heap after GC invocations=12 (full 2):
 PSYoungGen      total 158720K, used 0K [0x00000000e0000000, 0x00000000ecc80000, 0x0000000100000000)
  eden space 145920K, 0% used [0x00000000e0000000,0x00000000e0000000,0x00000000e8e80000)
  from space 12800K, 0% used [0x00000000e9a80000,0x00000000e9a80000,0x00000000ea700000)
  to   space 12288K, 0% used [0x00000000e8e80000,0x00000000e8e80000,0x00000000e9a80000)
 ParOldGen       total 51200K, used 15532K [0x00000000a0000000, 0x00000000a3200000, 0x00000000e0000000)
  object space 51200K, 30% used [0x00000000a0000000,0x00000000a0f2b080,0x00000000a3200000)
 Metaspace       used 34736K, capacity 35426K, committed 35496K, reserved 1079296K
  class space    used 4790K, capacity 4996K, committed 5040K, reserved 1048576K
}
Event: 8.985 GC heap before
{Heap before GC invocations=13 (full 2):
 PSYoungGen      total 158720K, used 145920K [0x00000000e0000000, 0x00000000ecc80000, 0x0000000100000000)
  eden space 145920K, 100% used [0x00000000e0000000,0x00000000e8e80000,0x00000000e8e80000)
  from space 12800K, 0% used [0x00000000e9a80000,0x00000000e9a80000,0x00000000ea700000)
  to   space 12288K, 0% used [0x00000000e8e80000,0x00000000e8e80000,0x00000000e9a80000)
 ParOldGen       total 51200K, used 15532K [0x00000000a0000000, 0x00000000a3200000, 0x00000000e0000000)
  object space 51200K, 30% used [0x00000000a0000000,0x00000000a0f2b080,0x00000000a3200000)
 Metaspace       used 50021K, capacity 51070K, committed 51368K, reserved 1093632K
  class space    used 6728K, capacity 7010K, committed 7088K, reserved 1048576K
Event: 9.016 GC heap after
Heap after GC invocations=13 (full 2):
 PSYoungGen      total 158208K, used 12263K [0x00000000e0000000, 0x00000000ee000000, 0x0000000100000000)
  eden space 145920K, 0% used [0x00000000e0000000,0x00000000e0000000,0x00000000e8e80000)
  from space 12288K, 99% used [0x00000000e8e80000,0x00000000e9a79fe8,0x00000000e9a80000)
  to   space 15872K, 0% used [0x00000000ed080000,0x00000000ed080000,0x00000000ee000000)
 ParOldGen       total 51200K, used 20996K [0x00000000a0000000, 0x00000000a3200000, 0x00000000e0000000)
  object space 51200K, 41% used [0x00000000a0000000,0x00000000a14813d8,0x00000000a3200000)
 Metaspace       used 50021K, capacity 51070K, committed 51368K, reserved 1093632K
  class space    used 6728K, capacity 7010K, committed 7088K, reserved 1048576K
}
Event: 10.414 GC heap before
{Heap before GC invocations=14 (full 2):
 PSYoungGen      total 158208K, used 128047K [0x00000000e0000000, 0x00000000ee000000, 0x0000000100000000)
  eden space 145920K, 79% used [0x00000000e0000000,0x00000000e7111e20,0x00000000e8e80000)
  from space 12288K, 99% used [0x00000000e8e80000,0x00000000e9a79fe8,0x00000000e9a80000)
  to   space 15872K, 0% used [0x00000000ed080000,0x00000000ed080000,0x00000000ee000000)
 ParOldGen       total 51200K, used 20996K [0x00000000a0000000, 0x00000000a3200000, 0x00000000e0000000)
  object space 51200K, 41% used [0x00000000a0000000,0x00000000a14813d8,0x00000000a3200000)
 Metaspace       used 57503K, capacity 59020K, committed 59160K, reserved 1099776K
  class space    used 7756K, capacity 8125K, committed 8240K, reserved 1048576K
Event: 10.432 GC heap after
Heap after GC invocations=14 (full 2):
 PSYoungGen      total 207360K, used 11474K [0x00000000e0000000, 0x00000000edd80000, 0x0000000100000000)
  eden space 194048K, 0% used [0x00000000e0000000,0x00000000e0000000,0x00000000ebd80000)
  from space 13312K, 86% used [0x00000000ed080000,0x00000000edbb4840,0x00000000edd80000)
  to   space 16384K, 0% used [0x00000000ebd80000,0x00000000ebd80000,0x00000000ecd80000)
 ParOldGen       total 51200K, used 29448K [0x00000000a0000000, 0x00000000a3200000, 0x00000000e0000000)
  object space 51200K, 57% used [0x00000000a0000000,0x00000000a1cc21b8,0x00000000a3200000)
 Metaspace       used 57503K, capacity 59020K, committed 59160K, reserved 1099776K
  class space    used 7756K, capacity 8125K, committed 8240K, reserved 1048576K
}
Event: 10.433 GC heap before
{Heap before GC invocations=15 (full 3):
 PSYoungGen      total 207360K, used 11474K [0x00000000e0000000, 0x00000000edd80000, 0x0000000100000000)
  eden space 194048K, 0% used [0x00000000e0000000,0x00000000e0000000,0x00000000ebd80000)
  from space 13312K, 86% used [0x00000000ed080000,0x00000000edbb4840,0x00000000edd80000)
  to   space 16384K, 0% used [0x00000000ebd80000,0x00000000ebd80000,0x00000000ecd80000)
 ParOldGen       total 51200K, used 29448K [0x00000000a0000000, 0x00000000a3200000, 0x00000000e0000000)
  object space 51200K, 57% used [0x00000000a0000000,0x00000000a1cc21b8,0x00000000a3200000)
 Metaspace       used 57503K, capacity 59020K, committed 59160K, reserved 1099776K
  class space    used 7756K, capacity 8125K, committed 8240K, reserved 1048576K
Event: 10.669 GC heap after
Heap after GC invocations=15 (full 3):
 PSYoungGen      total 207360K, used 0K [0x00000000e0000000, 0x00000000edd80000, 0x0000000100000000)
  eden space 194048K, 0% used [0x00000000e0000000,0x00000000e0000000,0x00000000ebd80000)
  from space 13312K, 0% used [0x00000000ed080000,0x00000000ed080000,0x00000000edd80000)
  to   space 16384K, 0% used [0x00000000ebd80000,0x00000000ebd80000,0x00000000ecd80000)
 ParOldGen       total 83456K, used 33770K [0x00000000a0000000, 0x00000000a5180000, 0x00000000e0000000)
  object space 83456K, 40% used [0x00000000a0000000,0x00000000a20faa50,0x00000000a5180000)
 Metaspace       used 57503K, capacity 59020K, committed 59160K, reserved 1099776K
  class space    used 7756K, capacity 8125K, committed 8240K, reserved 1048576K
}
Event: 13.680 GC heap before
{Heap before GC invocations=16 (full 3):
 PSYoungGen      total 207360K, used 194048K [0x00000000e0000000, 0x00000000edd80000, 0x0000000100000000)
  eden space 194048K, 100% used [0x00000000e0000000,0x00000000ebd80000,0x00000000ebd80000)
  from space 13312K, 0% used [0x00000000ed080000,0x00000000ed080000,0x00000000edd80000)
  to   space 16384K, 0% used [0x00000000ebd80000,0x00000000ebd80000,0x00000000ecd80000)
 ParOldGen       total 83456K, used 33770K [0x00000000a0000000, 0x00000000a5180000, 0x00000000e0000000)
  object space 83456K, 40% used [0x00000000a0000000,0x00000000a20faa50,0x00000000a5180000)
 Metaspace       used 62996K, capacity 64934K, committed 65048K, reserved 1105920K
  class space    used 8509K, capacity 8948K, committed 9008K, reserved 1048576K
Event: 13.704 GC heap after
Heap after GC invocations=16 (full 3):
 PSYoungGen      total 210432K, used 16312K [0x00000000e0000000, 0x00000000f0f00000, 0x0000000100000000)
  eden space 194048K, 0% used [0x00000000e0000000,0x00000000e0000000,0x00000000ebd80000)
  from space 16384K, 99% used [0x00000000ebd80000,0x00000000ecd6e3d8,0x00000000ecd80000)
  to   space 18944K, 0% used [0x00000000efc80000,0x00000000efc80000,0x00000000f0f00000)
 ParOldGen       total 83456K, used 33778K [0x00000000a0000000, 0x00000000a5180000, 0x00000000e0000000)
  object space 83456K, 40% used [0x00000000a0000000,0x00000000a20fca50,0x00000000a5180000)
 Metaspace       used 62996K, capacity 64934K, committed 65048K, reserved 1105920K
  class space    used 8509K, capacity 8948K, committed 9008K, reserved 1048576K
}

