# JRE version: OpenJDK Runtime Environment (8.0_152-b01) (build 1.8.0_152-release-1343-b01)
# Java VM: OpenJDK 64-Bit Server VM (25.152-b01 mixed mode windows-amd64 compressed oops)
Heap:
 PSYoungGen      total 170496K, used 24236K [0x00000000e0000000, 0x00000000ecd00000, 0x0000000100000000)
  eden space 155648K, 6% used [0x00000000e0000000,0x00000000e092ee20,0x00000000e9800000)
  from space 14848K, 99% used [0x00000000eaf00000,0x00000000ebd7c3a8,0x00000000ebd80000)
  to   space 23552K, 0% used [0x00000000e9800000,0x00000000e9800000,0x00000000eaf00000)
 ParOldGen       total 72704K, used 47470K [0x00000000a0000000, 0x00000000a4700000, 0x00000000e0000000)
  object space 72704K, 65% used [0x00000000a0000000,0x00000000a2e5bb28,0x00000000a4700000)
 Metaspace       used 63024K, capacity 65018K, committed 65176K, reserved 1105920K
  class space    used 8433K, capacity 8864K, committed 8864K, reserved 1048576K
GC Heap History (10 events):
Event: 19.653 GC heap before
{Heap before GC invocations=17 (full 2):
 PSYoungGen      total 114688K, used 114684K [0x00000000e0000000, 0x00000000e8280000, 0x0000000100000000)
  eden space 107008K, 100% used [0x00000000e0000000,0x00000000e6880000,0x00000000e6880000)
  from space 7680K, 99% used [0x00000000e7b00000,0x00000000e827f270,0x00000000e8280000)
  to   space 10240K, 0% used [0x00000000e6e80000,0x00000000e6e80000,0x00000000e7880000)
 ParOldGen       total 48128K, used 22377K [0x00000000a0000000, 0x00000000a2f00000, 0x00000000e0000000)
  object space 48128K, 46% used [0x00000000a0000000,0x00000000a15da488,0x00000000a2f00000)
 Metaspace       used 53375K, capacity 54626K, committed 54952K, reserved 1097728K
  class space    used 7178K, capacity 7528K, committed 7600K, reserved 1048576K
Event: 19.668 GC heap after
Heap after GC invocations=17 (full 2):
 PSYoungGen      total 123392K, used 10239K [0x00000000e0000000, 0x00000000ea580000, 0x0000000100000000)
  eden space 113152K, 0% used [0x00000000e0000000,0x00000000e0000000,0x00000000e6e80000)
  from space 10240K, 99% used [0x00000000e6e80000,0x00000000e787ffa0,0x00000000e7880000)
  to   space 13824K, 0% used [0x00000000e9800000,0x00000000e9800000,0x00000000ea580000)
 ParOldGen       total 48128K, used 28209K [0x00000000a0000000, 0x00000000a2f00000, 0x00000000e0000000)
  object space 48128K, 58% used [0x00000000a0000000,0x00000000a1b8c438,0x00000000a2f00000)
 Metaspace       used 53375K, capacity 54626K, committed 54952K, reserved 1097728K
  class space    used 7178K, capacity 7528K, committed 7600K, reserved 1048576K
}
Event: 20.323 GC heap before
{Heap before GC invocations=18 (full 2):
 PSYoungGen      total 123392K, used 65189K [0x00000000e0000000, 0x00000000ea580000, 0x0000000100000000)
  eden space 113152K, 48% used [0x00000000e0000000,0x00000000e35a9568,0x00000000e6e80000)
  from space 10240K, 99% used [0x00000000e6e80000,0x00000000e787ffa0,0x00000000e7880000)
  to   space 13824K, 0% used [0x00000000e9800000,0x00000000e9800000,0x00000000ea580000)
 ParOldGen       total 48128K, used 28209K [0x00000000a0000000, 0x00000000a2f00000, 0x00000000e0000000)
  object space 48128K, 58% used [0x00000000a0000000,0x00000000a1b8c438,0x00000000a2f00000)
 Metaspace       used 57458K, capacity 59026K, committed 59160K, reserved 1099776K
  class space    used 7762K, capacity 8140K, committed 8224K, reserved 1048576K
Event: 20.338 GC heap after
Heap after GC invocations=18 (full 2):
 PSYoungGen      total 156160K, used 6138K [0x00000000e0000000, 0x00000000eae00000, 0x0000000100000000)
  eden space 142336K, 0% used [0x00000000e0000000,0x00000000e0000000,0x00000000e8b00000)
  from space 13824K, 44% used [0x00000000e9800000,0x00000000e9dfeb18,0x00000000ea580000)
  to   space 13312K, 0% used [0x00000000e8b00000,0x00000000e8b00000,0x00000000e9800000)
 ParOldGen       total 48128K, used 33320K [0x00000000a0000000, 0x00000000a2f00000, 0x00000000e0000000)
  object space 48128K, 69% used [0x00000000a0000000,0x00000000a208a148,0x00000000a2f00000)
 Metaspace       used 57458K, capacity 59026K, committed 59160K, reserved 1099776K
  class space    used 7762K, capacity 8140K, committed 8224K, reserved 1048576K
}
Event: 20.338 GC heap before
{Heap before GC invocations=19 (full 3):
 PSYoungGen      total 156160K, used 6138K [0x00000000e0000000, 0x00000000eae00000, 0x0000000100000000)
  eden space 142336K, 0% used [0x00000000e0000000,0x00000000e0000000,0x00000000e8b00000)
  from space 13824K, 44% used [0x00000000e9800000,0x00000000e9dfeb18,0x00000000ea580000)
  to   space 13312K, 0% used [0x00000000e8b00000,0x00000000e8b00000,0x00000000e9800000)
 ParOldGen       total 48128K, used 33320K [0x00000000a0000000, 0x00000000a2f00000, 0x00000000e0000000)
  object space 48128K, 69% used [0x00000000a0000000,0x00000000a208a148,0x00000000a2f00000)
 Metaspace       used 57458K, capacity 59026K, committed 59160K, reserved 1099776K
  class space    used 7762K, capacity 8140K, committed 8224K, reserved 1048576K
Event: 20.557 GC heap after
Heap after GC invocations=19 (full 3):
 PSYoungGen      total 156160K, used 0K [0x00000000e0000000, 0x00000000eae00000, 0x0000000100000000)
  eden space 142336K, 0% used [0x00000000e0000000,0x00000000e0000000,0x00000000e8b00000)
  from space 13824K, 0% used [0x00000000e9800000,0x00000000e9800000,0x00000000ea580000)
  to   space 13312K, 0% used [0x00000000e8b00000,0x00000000e8b00000,0x00000000e9800000)
 ParOldGen       total 72704K, used 30067K [0x00000000a0000000, 0x00000000a4700000, 0x00000000e0000000)
  object space 72704K, 41% used [0x00000000a0000000,0x00000000a1d5ce40,0x00000000a4700000)
 Metaspace       used 57458K, capacity 59026K, committed 59160K, reserved 1099776K
  class space    used 7762K, capacity 8140K, committed 8224K, reserved 1048576K
}
Event: 22.891 GC heap before
{Heap before GC invocations=20 (full 3):
 PSYoungGen      total 156160K, used 142336K [0x00000000e0000000, 0x00000000eae00000, 0x0000000100000000)
  eden space 142336K, 100% used [0x00000000e0000000,0x00000000e8b00000,0x00000000e8b00000)
  from space 13824K, 0% used [0x00000000e9800000,0x00000000e9800000,0x00000000ea580000)
  to   space 13312K, 0% used [0x00000000e8b00000,0x00000000e8b00000,0x00000000e9800000)
 ParOldGen       total 72704K, used 30067K [0x00000000a0000000, 0x00000000a4700000, 0x00000000e0000000)
  object space 72704K, 41% used [0x00000000a0000000,0x00000000a1d5ce40,0x00000000a4700000)
 Metaspace       used 61196K, capacity 63194K, committed 63256K, reserved 1103872K
  class space    used 8274K, capacity 8726K, committed 8736K, reserved 1048576K
Event: 22.913 GC heap after
Heap after GC invocations=20 (full 3):
 PSYoungGen      total 155648K, used 12461K [0x00000000e0000000, 0x00000000ebd80000, 0x0000000100000000)
  eden space 142336K, 0% used [0x00000000e0000000,0x00000000e0000000,0x00000000e8b00000)
  from space 13312K, 93% used [0x00000000e8b00000,0x00000000e972b738,0x00000000e9800000)
  to   space 14848K, 0% used [0x00000000eaf00000,0x00000000eaf00000,0x00000000ebd80000)
 ParOldGen       total 72704K, used 30075K [0x00000000a0000000, 0x00000000a4700000, 0x00000000e0000000)
  object space 72704K, 41% used [0x00000000a0000000,0x00000000a1d5ee40,0x00000000a4700000)
 Metaspace       used 61196K, capacity 63194K, committed 63256K, reserved 1103872K
  class space    used 8274K, capacity 8726K, committed 8736K, reserved 1048576K
}
Event: 29.303 GC heap before
{Heap before GC invocations=21 (full 3):
 PSYoungGen      total 155648K, used 153877K [0x00000000e0000000, 0x00000000ebd80000, 0x0000000100000000)
  eden space 142336K, 99% used [0x00000000e0000000,0x00000000e8a19dd8,0x00000000e8b00000)
  from space 13312K, 93% used [0x00000000e8b00000,0x00000000e972b738,0x00000000e9800000)
  to   space 14848K, 0% used [0x00000000eaf00000,0x00000000eaf00000,0x00000000ebd80000)
 ParOldGen       total 72704K, used 30075K [0x00000000a0000000, 0x00000000a4700000, 0x00000000e0000000)
  object space 72704K, 41% used [0x00000000a0000000,0x00000000a1d5ee40,0x00000000a4700000)
 Metaspace       used 62863K, capacity 64858K, committed 64920K, reserved 1105920K
  class space    used 8410K, capacity 8832K, committed 8864K, reserved 1048576K
Event: 29.347 GC heap after
Heap after GC invocations=21 (full 3):
 PSYoungGen      total 170496K, used 14832K [0x00000000e0000000, 0x00000000ecd00000, 0x0000000100000000)
  eden space 155648K, 0% used [0x00000000e0000000,0x00000000e0000000,0x00000000e9800000)
  from space 14848K, 99% used [0x00000000eaf00000,0x00000000ebd7c3a8,0x00000000ebd80000)
  to   space 23552K, 0% used [0x00000000e9800000,0x00000000e9800000,0x00000000eaf00000)
 ParOldGen       total 72704K, used 47470K [0x00000000a0000000, 0x00000000a4700000, 0x00000000e0000000)
  object space 72704K, 65% used [0x00000000a0000000,0x00000000a2e5bb28,0x00000000a4700000)
 Metaspace       used 62863K, capacity 64858K, committed 64920K, reserved 1105920K
  class space    used 8410K, capacity 8832K, committed 8864K, reserved 1048576K
}

