# JRE version: OpenJDK Runtime Environment (8.0_152-b01) (build 1.8.0_152-release-1343-b01)
# Java VM: OpenJDK 64-Bit Server VM (25.152-b01 mixed mode windows-amd64 compressed oops)
Heap:
 PSYoungGen      total 284672K, used 184211K [0x00000000e0000000, 0x00000000f4480000, 0x0000000100000000)
  eden space 245760K, 64% used [0x00000000e0000000,0x00000000e9badf50,0x00000000ef000000)
  from space 38912K, 63% used [0x00000000f1600000,0x00000000f2e36f30,0x00000000f3c00000)
  to   space 38912K, 0% used [0x00000000ef000000,0x00000000ef000000,0x00000000f1600000)
 ParOldGen       total 168448K, used 75552K [0x00000000a0000000, 0x00000000aa480000, 0x00000000e0000000)
  object space 168448K, 44% used [0x00000000a0000000,0x00000000a49c8208,0x00000000aa480000)
 Metaspace       used 94506K, capacity 98698K, committed 98904K, reserved 1136640K
  class space    used 11863K, capacity 12657K, committed 12672K, reserved 1048576K
GC Heap History (10 events):
Event: 1527.586 GC heap before
{Heap before GC invocations=28 (full 4):
 PSYoungGen      total 230400K, used 209092K [0x00000000e0000000, 0x00000000f1c80000, 0x0000000100000000)
  eden space 185856K, 100% used [0x00000000e0000000,0x00000000eb580000,0x00000000eb580000)
  from space 44544K, 52% used [0x00000000eb580000,0x00000000ecc311a0,0x00000000ee100000)
  to   space 43520K, 0% used [0x00000000ef200000,0x00000000ef200000,0x00000000f1c80000)
 ParOldGen       total 168448K, used 75520K [0x00000000a0000000, 0x00000000aa480000, 0x00000000e0000000)
  object space 168448K, 44% used [0x00000000a0000000,0x00000000a49c0208,0x00000000aa480000)
 Metaspace       used 93513K, capacity 97544K, committed 97624K, reserved 1134592K
  class space    used 11841K, capacity 12623K, committed 12672K, reserved 1048576K
Event: 1527.621 GC heap after
Heap after GC invocations=28 (full 4):
 PSYoungGen      total 249344K, used 23181K [0x00000000e0000000, 0x00000000f2500000, 0x0000000100000000)
  eden space 205824K, 0% used [0x00000000e0000000,0x00000000e0000000,0x00000000ec900000)
  from space 43520K, 53% used [0x00000000ef200000,0x00000000f08a3588,0x00000000f1c80000)
  to   space 41984K, 0% used [0x00000000ec900000,0x00000000ec900000,0x00000000ef200000)
 ParOldGen       total 168448K, used 75528K [0x00000000a0000000, 0x00000000aa480000, 0x00000000e0000000)
  object space 168448K, 44% used [0x00000000a0000000,0x00000000a49c2208,0x00000000aa480000)
 Metaspace       used 93513K, capacity 97544K, committed 97624K, reserved 1134592K
  class space    used 11841K, capacity 12623K, committed 12672K, reserved 1048576K
}
Event: 1536.134 GC heap before
{Heap before GC invocations=29 (full 4):
 PSYoungGen      total 249344K, used 228777K [0x00000000e0000000, 0x00000000f2500000, 0x0000000100000000)
  eden space 205824K, 99% used [0x00000000e0000000,0x00000000ec8c7220,0x00000000ec900000)
  from space 43520K, 53% used [0x00000000ef200000,0x00000000f08a3588,0x00000000f1c80000)
  to   space 41984K, 0% used [0x00000000ec900000,0x00000000ec900000,0x00000000ef200000)
 ParOldGen       total 168448K, used 75528K [0x00000000a0000000, 0x00000000aa480000, 0x00000000e0000000)
  object space 168448K, 44% used [0x00000000a0000000,0x00000000a49c2208,0x00000000aa480000)
 Metaspace       used 93830K, capacity 97848K, committed 98136K, reserved 1134592K
  class space    used 11843K, capacity 12625K, committed 12672K, reserved 1048576K
Event: 1536.173 GC heap after
Heap after GC invocations=29 (full 4):
 PSYoungGen      total 247808K, used 24951K [0x00000000e0000000, 0x00000000f3080000, 0x0000000100000000)
  eden space 205824K, 0% used [0x00000000e0000000,0x00000000e0000000,0x00000000ec900000)
  from space 41984K, 59% used [0x00000000ec900000,0x00000000ee15dca8,0x00000000ef200000)
  to   space 41472K, 0% used [0x00000000f0800000,0x00000000f0800000,0x00000000f3080000)
 ParOldGen       total 168448K, used 75528K [0x00000000a0000000, 0x00000000aa480000, 0x00000000e0000000)
  object space 168448K, 44% used [0x00000000a0000000,0x00000000a49c2208,0x00000000aa480000)
 Metaspace       used 93830K, capacity 97848K, committed 98136K, reserved 1134592K
  class space    used 11843K, capacity 12625K, committed 12672K, reserved 1048576K
}
Event: 1998.388 GC heap before
{Heap before GC invocations=30 (full 4):
 PSYoungGen      total 247808K, used 230775K [0x00000000e0000000, 0x00000000f3080000, 0x0000000100000000)
  eden space 205824K, 100% used [0x00000000e0000000,0x00000000ec900000,0x00000000ec900000)
  from space 41984K, 59% used [0x00000000ec900000,0x00000000ee15dca8,0x00000000ef200000)
  to   space 41472K, 0% used [0x00000000f0800000,0x00000000f0800000,0x00000000f3080000)
 ParOldGen       total 168448K, used 75528K [0x00000000a0000000, 0x00000000aa480000, 0x00000000e0000000)
  object space 168448K, 44% used [0x00000000a0000000,0x00000000a49c2208,0x00000000aa480000)
 Metaspace       used 94221K, capacity 98416K, committed 98648K, reserved 1134592K
  class space    used 11861K, capacity 12655K, committed 12672K, reserved 1048576K
Event: 1998.468 GC heap after
Heap after GC invocations=30 (full 4):
 PSYoungGen      total 260096K, used 14448K [0x00000000e0000000, 0x00000000f2a80000, 0x0000000100000000)
  eden space 224768K, 0% used [0x00000000e0000000,0x00000000e0000000,0x00000000edb80000)
  from space 35328K, 40% used [0x00000000f0800000,0x00000000f161c1b8,0x00000000f2a80000)
  to   space 40448K, 0% used [0x00000000edb80000,0x00000000edb80000,0x00000000f0300000)
 ParOldGen       total 168448K, used 75536K [0x00000000a0000000, 0x00000000aa480000, 0x00000000e0000000)
  object space 168448K, 44% used [0x00000000a0000000,0x00000000a49c4208,0x00000000aa480000)
 Metaspace       used 94221K, capacity 98416K, committed 98648K, reserved 1134592K
  class space    used 11861K, capacity 12655K, committed 12672K, reserved 1048576K
}
Event: 2008.446 GC heap before
{Heap before GC invocations=31 (full 4):
 PSYoungGen      total 260096K, used 239216K [0x00000000e0000000, 0x00000000f2a80000, 0x0000000100000000)
  eden space 224768K, 100% used [0x00000000e0000000,0x00000000edb80000,0x00000000edb80000)
  from space 35328K, 40% used [0x00000000f0800000,0x00000000f161c1b8,0x00000000f2a80000)
  to   space 40448K, 0% used [0x00000000edb80000,0x00000000edb80000,0x00000000f0300000)
 ParOldGen       total 168448K, used 75536K [0x00000000a0000000, 0x00000000aa480000, 0x00000000e0000000)
  object space 168448K, 44% used [0x00000000a0000000,0x00000000a49c4208,0x00000000aa480000)
 Metaspace       used 94288K, capacity 98480K, committed 98648K, reserved 1134592K
  class space    used 11861K, capacity 12655K, committed 12672K, reserved 1048576K
Event: 2008.520 GC heap after
Heap after GC invocations=31 (full 4):
 PSYoungGen      total 265216K, used 19055K [0x00000000e0000000, 0x00000000f3c00000, 0x0000000100000000)
  eden space 224768K, 0% used [0x00000000e0000000,0x00000000e0000000,0x00000000edb80000)
  from space 40448K, 47% used [0x00000000edb80000,0x00000000eee1bf40,0x00000000f0300000)
  to   space 38912K, 0% used [0x00000000f1600000,0x00000000f1600000,0x00000000f3c00000)
 ParOldGen       total 168448K, used 75544K [0x00000000a0000000, 0x00000000aa480000, 0x00000000e0000000)
  object space 168448K, 44% used [0x00000000a0000000,0x00000000a49c6208,0x00000000aa480000)
 Metaspace       used 94288K, capacity 98480K, committed 98648K, reserved 1134592K
  class space    used 11861K, capacity 12655K, committed 12672K, reserved 1048576K
}
Event: 2010.789 GC heap before
{Heap before GC invocations=32 (full 4):
 PSYoungGen      total 265216K, used 243823K [0x00000000e0000000, 0x00000000f3c00000, 0x0000000100000000)
  eden space 224768K, 100% used [0x00000000e0000000,0x00000000edb80000,0x00000000edb80000)
  from space 40448K, 47% used [0x00000000edb80000,0x00000000eee1bf40,0x00000000f0300000)
  to   space 38912K, 0% used [0x00000000f1600000,0x00000000f1600000,0x00000000f3c00000)
 ParOldGen       total 168448K, used 75544K [0x00000000a0000000, 0x00000000aa480000, 0x00000000e0000000)
  object space 168448K, 44% used [0x00000000a0000000,0x00000000a49c6208,0x00000000aa480000)
 Metaspace       used 94458K, capacity 98634K, committed 98904K, reserved 1136640K
  class space    used 11863K, capacity 12657K, committed 12672K, reserved 1048576K
Event: 2010.852 GC heap after
Heap after GC invocations=32 (full 4):
 PSYoungGen      total 284672K, used 24795K [0x00000000e0000000, 0x00000000f4480000, 0x0000000100000000)
  eden space 245760K, 0% used [0x00000000e0000000,0x00000000e0000000,0x00000000ef000000)
  from space 38912K, 63% used [0x00000000f1600000,0x00000000f2e36f30,0x00000000f3c00000)
  to   space 38912K, 0% used [0x00000000ef000000,0x00000000ef000000,0x00000000f1600000)
 ParOldGen       total 168448K, used 75552K [0x00000000a0000000, 0x00000000aa480000, 0x00000000e0000000)
  object space 168448K, 44% used [0x00000000a0000000,0x00000000a49c8208,0x00000000aa480000)
 Metaspace       used 94458K, capacity 98634K, committed 98904K, reserved 1136640K
  class space    used 11863K, capacity 12657K, committed 12672K, reserved 1048576K
}

