# JRE version: OpenJDK Runtime Environment (8.0_152-b01) (build 1.8.0_152-release-1343-b01)
# Java VM: OpenJDK 64-Bit Server VM (25.152-b01 mixed mode windows-amd64 compressed oops)
Heap:
 PSYoungGen      total 284672K, used 172686K [0x00000000e0000000, 0x00000000f2f00000, 0x0000000100000000)
  eden space 259072K, 61% used [0x00000000e0000000,0x00000000e9b15cd0,0x00000000efd00000)
  from space 25600K, 54% used [0x00000000efd00000,0x00000000f0a8dd58,0x00000000f1600000)
  to   space 22016K, 0% used [0x00000000f1980000,0x00000000f1980000,0x00000000f2f00000)
 ParOldGen       total 86528K, used 48729K [0x00000000a0000000, 0x00000000a5480000, 0x00000000e0000000)
  object space 86528K, 56% used [0x00000000a0000000,0x00000000a2f965e8,0x00000000a5480000)
 Metaspace       used 82108K, capacity 85320K, committed 85528K, reserved 1124352K
  class space    used 10568K, capacity 11224K, committed 11312K, reserved 1048576K
GC Heap History (10 events):
Event: 36.025 GC heap before
{Heap before GC invocations=16 (full 3):
 PSYoungGen      total 197632K, used 183296K [0x00000000e0000000, 0x00000000ed400000, 0x0000000100000000)
  eden space 183296K, 100% used [0x00000000e0000000,0x00000000eb300000,0x00000000eb300000)
  from space 14336K, 0% used [0x00000000ec600000,0x00000000ec600000,0x00000000ed400000)
  to   space 16896K, 0% used [0x00000000eb300000,0x00000000eb300000,0x00000000ec380000)
 ParOldGen       total 86528K, used 33747K [0x00000000a0000000, 0x00000000a5480000, 0x00000000e0000000)
  object space 86528K, 39% used [0x00000000a0000000,0x00000000a20f4d90,0x00000000a5480000)
 Metaspace       used 61721K, capacity 63652K, committed 63768K, reserved 1103872K
  class space    used 8331K, capacity 8743K, committed 8752K, reserved 1048576K
Event: 36.075 GC heap after
Heap after GC invocations=16 (full 3):
 PSYoungGen      total 200192K, used 15496K [0x00000000e0000000, 0x00000000f0300000, 0x0000000100000000)
  eden space 183296K, 0% used [0x00000000e0000000,0x00000000e0000000,0x00000000eb300000)
  from space 16896K, 91% used [0x00000000eb300000,0x00000000ec2220c0,0x00000000ec380000)
  to   space 18944K, 0% used [0x00000000ef080000,0x00000000ef080000,0x00000000f0300000)
 ParOldGen       total 86528K, used 33755K [0x00000000a0000000, 0x00000000a5480000, 0x00000000e0000000)
  object space 86528K, 39% used [0x00000000a0000000,0x00000000a20f6d90,0x00000000a5480000)
 Metaspace       used 61721K, capacity 63652K, committed 63768K, reserved 1103872K
  class space    used 8331K, capacity 8743K, committed 8752K, reserved 1048576K
}
Event: 53.402 GC heap before
{Heap before GC invocations=17 (full 3):
 PSYoungGen      total 200192K, used 198792K [0x00000000e0000000, 0x00000000f0300000, 0x0000000100000000)
  eden space 183296K, 100% used [0x00000000e0000000,0x00000000eb300000,0x00000000eb300000)
  from space 16896K, 91% used [0x00000000eb300000,0x00000000ec2220c0,0x00000000ec380000)
  to   space 18944K, 0% used [0x00000000ef080000,0x00000000ef080000,0x00000000f0300000)
 ParOldGen       total 86528K, used 33755K [0x00000000a0000000, 0x00000000a5480000, 0x00000000e0000000)
  object space 86528K, 39% used [0x00000000a0000000,0x00000000a20f6d90,0x00000000a5480000)
 Metaspace       used 68312K, capacity 70376K, committed 70680K, reserved 1110016K
  class space    used 8993K, capacity 9491K, committed 9520K, reserved 1048576K
Event: 53.445 GC heap after
Heap after GC invocations=17 (full 3):
 PSYoungGen      total 241152K, used 18920K [0x00000000e0000000, 0x00000000f0500000, 0x0000000100000000)
  eden space 222208K, 0% used [0x00000000e0000000,0x00000000e0000000,0x00000000ed900000)
  from space 18944K, 99% used [0x00000000ef080000,0x00000000f02fa0b0,0x00000000f0300000)
  to   space 22528K, 0% used [0x00000000ed900000,0x00000000ed900000,0x00000000eef00000)
 ParOldGen       total 86528K, used 36126K [0x00000000a0000000, 0x00000000a5480000, 0x00000000e0000000)
  object space 86528K, 41% used [0x00000000a0000000,0x00000000a2347aa8,0x00000000a5480000)
 Metaspace       used 68312K, capacity 70376K, committed 70680K, reserved 1110016K
  class space    used 8993K, capacity 9491K, committed 9520K, reserved 1048576K
}
Event: 68.715 GC heap before
{Heap before GC invocations=18 (full 3):
 PSYoungGen      total 241152K, used 241128K [0x00000000e0000000, 0x00000000f0500000, 0x0000000100000000)
  eden space 222208K, 100% used [0x00000000e0000000,0x00000000ed900000,0x00000000ed900000)
  from space 18944K, 99% used [0x00000000ef080000,0x00000000f02fa0b0,0x00000000f0300000)
  to   space 22528K, 0% used [0x00000000ed900000,0x00000000ed900000,0x00000000eef00000)
 ParOldGen       total 86528K, used 36126K [0x00000000a0000000, 0x00000000a5480000, 0x00000000e0000000)
  object space 86528K, 41% used [0x00000000a0000000,0x00000000a2347aa8,0x00000000a5480000)
 Metaspace       used 71529K, capacity 73880K, committed 74136K, reserved 1114112K
  class space    used 9329K, capacity 9870K, committed 9904K, reserved 1048576K
Event: 68.772 GC heap after
Heap after GC invocations=18 (full 3):
 PSYoungGen      total 244736K, used 15736K [0x00000000e0000000, 0x00000000f3080000, 0x0000000100000000)
  eden space 222208K, 0% used [0x00000000e0000000,0x00000000e0000000,0x00000000ed900000)
  from space 22528K, 69% used [0x00000000ed900000,0x00000000ee85e390,0x00000000eef00000)
  to   space 23552K, 0% used [0x00000000f1980000,0x00000000f1980000,0x00000000f3080000)
 ParOldGen       total 86528K, used 48713K [0x00000000a0000000, 0x00000000a5480000, 0x00000000e0000000)
  object space 86528K, 56% used [0x00000000a0000000,0x00000000a2f925e8,0x00000000a5480000)
 Metaspace       used 71529K, capacity 73880K, committed 74136K, reserved 1114112K
  class space    used 9329K, capacity 9870K, committed 9904K, reserved 1048576K
}
Event: 85.763 GC heap before
{Heap before GC invocations=19 (full 3):
 PSYoungGen      total 244736K, used 237944K [0x00000000e0000000, 0x00000000f3080000, 0x0000000100000000)
  eden space 222208K, 100% used [0x00000000e0000000,0x00000000ed900000,0x00000000ed900000)
  from space 22528K, 69% used [0x00000000ed900000,0x00000000ee85e390,0x00000000eef00000)
  to   space 23552K, 0% used [0x00000000f1980000,0x00000000f1980000,0x00000000f3080000)
 ParOldGen       total 86528K, used 48713K [0x00000000a0000000, 0x00000000a5480000, 0x00000000e0000000)
  object space 86528K, 56% used [0x00000000a0000000,0x00000000a2f925e8,0x00000000a5480000)
 Metaspace       used 81484K, capacity 84666K, committed 84888K, reserved 1122304K
  class space    used 10526K, capacity 11179K, committed 11184K, reserved 1048576K
Event: 85.801 GC heap after
Heap after GC invocations=19 (full 3):
 PSYoungGen      total 281088K, used 19276K [0x00000000e0000000, 0x00000000f2f00000, 0x0000000100000000)
  eden space 259072K, 0% used [0x00000000e0000000,0x00000000e0000000,0x00000000efd00000)
  from space 22016K, 87% used [0x00000000f1980000,0x00000000f2c531f0,0x00000000f2f00000)
  to   space 25600K, 0% used [0x00000000efd00000,0x00000000efd00000,0x00000000f1600000)
 ParOldGen       total 86528K, used 48721K [0x00000000a0000000, 0x00000000a5480000, 0x00000000e0000000)
  object space 86528K, 56% used [0x00000000a0000000,0x00000000a2f945e8,0x00000000a5480000)
 Metaspace       used 81484K, capacity 84666K, committed 84888K, reserved 1122304K
  class space    used 10526K, capacity 11179K, committed 11184K, reserved 1048576K
}
Event: 89.554 GC heap before
{Heap before GC invocations=20 (full 3):
 PSYoungGen      total 281088K, used 278348K [0x00000000e0000000, 0x00000000f2f00000, 0x0000000100000000)
  eden space 259072K, 100% used [0x00000000e0000000,0x00000000efd00000,0x00000000efd00000)
  from space 22016K, 87% used [0x00000000f1980000,0x00000000f2c531f0,0x00000000f2f00000)
  to   space 25600K, 0% used [0x00000000efd00000,0x00000000efd00000,0x00000000f1600000)
 ParOldGen       total 86528K, used 48721K [0x00000000a0000000, 0x00000000a5480000, 0x00000000e0000000)
  object space 86528K, 56% used [0x00000000a0000000,0x00000000a2f945e8,0x00000000a5480000)
 Metaspace       used 82063K, capacity 85304K, committed 85528K, reserved 1124352K
  class space    used 10568K, capacity 11224K, committed 11312K, reserved 1048576K
Event: 89.584 GC heap after
Heap after GC invocations=20 (full 3):
 PSYoungGen      total 284672K, used 13879K [0x00000000e0000000, 0x00000000f2f00000, 0x0000000100000000)
  eden space 259072K, 0% used [0x00000000e0000000,0x00000000e0000000,0x00000000efd00000)
  from space 25600K, 54% used [0x00000000efd00000,0x00000000f0a8dd58,0x00000000f1600000)
  to   space 22016K, 0% used [0x00000000f1980000,0x00000000f1980000,0x00000000f2f00000)
 ParOldGen       total 86528K, used 48729K [0x00000000a0000000, 0x00000000a5480000, 0x00000000e0000000)
  object space 86528K, 56% used [0x00000000a0000000,0x00000000a2f965e8,0x00000000a5480000)
 Metaspace       used 82063K, capacity 85304K, committed 85528K, reserved 1124352K
  class space    used 10568K, capacity 11224K, committed 11312K, reserved 1048576K
}

