# JRE version: OpenJDK Runtime Environment (8.0_152-b01) (build 1.8.0_152-release-1343-b01)
# Java VM: OpenJDK 64-Bit Server VM (25.152-b01 mixed mode windows-amd64 compressed oops)
Heap:
 PSYoungGen      total 154624K, used 98306K [0x00000000e0000000, 0x00000000ebc00000, 0x0000000100000000)
  eden space 141312K, 60% used [0x00000000e0000000,0x00000000e53f22c8,0x00000000e8a00000)
  from space 13312K, 92% used [0x00000000e8a00000,0x00000000e960e920,0x00000000e9700000)
  to   space 14848K, 0% used [0x00000000ead80000,0x00000000ead80000,0x00000000ebc00000)
 ParOldGen       total 74240K, used 30330K [0x00000000a0000000, 0x00000000a4880000, 0x00000000e0000000)
  object space 74240K, 40% used [0x00000000a0000000,0x00000000a1d9e9d8,0x00000000a4880000)
 Metaspace       used 63888K, capacity 65886K, committed 66200K, reserved 1105920K
  class space    used 8587K, capacity 9010K, committed 9136K, reserved 1048576K
GC Heap History (10 events):
Event: 23.071 GC heap before
{Heap before GC invocations=16 (full 2):
 PSYoungGen      total 84992K, used 77824K [0x00000000e0000000, 0x00000000e7d80000, 0x0000000100000000)
  eden space 77824K, 100% used [0x00000000e0000000,0x00000000e4c00000,0x00000000e4c00000)
  from space 7168K, 0% used [0x00000000e4c00000,0x00000000e4c00000,0x00000000e5300000)
  to   space 7680K, 0% used [0x00000000e7600000,0x00000000e7600000,0x00000000e7d80000)
 ParOldGen       total 48128K, used 17966K [0x00000000a0000000, 0x00000000a2f00000, 0x00000000e0000000)
  object space 48128K, 37% used [0x00000000a0000000,0x00000000a118bb28,0x00000000a2f00000)
 Metaspace       used 43513K, capacity 44474K, committed 44840K, reserved 1087488K
  class space    used 5858K, capacity 6101K, committed 6192K, reserved 1048576K
Event: 23.082 GC heap after
Heap after GC invocations=16 (full 2):
 PSYoungGen      total 113152K, used 7661K [0x00000000e0000000, 0x00000000e7d80000, 0x0000000100000000)
  eden space 105472K, 0% used [0x00000000e0000000,0x00000000e0000000,0x00000000e6700000)
  from space 7680K, 99% used [0x00000000e7600000,0x00000000e7d7b600,0x00000000e7d80000)
  to   space 10240K, 0% used [0x00000000e6980000,0x00000000e6980000,0x00000000e7380000)
 ParOldGen       total 48128K, used 22173K [0x00000000a0000000, 0x00000000a2f00000, 0x00000000e0000000)
  object space 48128K, 46% used [0x00000000a0000000,0x00000000a15a7598,0x00000000a2f00000)
 Metaspace       used 43513K, capacity 44474K, committed 44840K, reserved 1087488K
  class space    used 5858K, capacity 6101K, committed 6192K, reserved 1048576K
}
Event: 26.821 GC heap before
{Heap before GC invocations=17 (full 2):
 PSYoungGen      total 113152K, used 113133K [0x00000000e0000000, 0x00000000e7d80000, 0x0000000100000000)
  eden space 105472K, 100% used [0x00000000e0000000,0x00000000e6700000,0x00000000e6700000)
  from space 7680K, 99% used [0x00000000e7600000,0x00000000e7d7b600,0x00000000e7d80000)
  to   space 10240K, 0% used [0x00000000e6980000,0x00000000e6980000,0x00000000e7380000)
 ParOldGen       total 48128K, used 22173K [0x00000000a0000000, 0x00000000a2f00000, 0x00000000e0000000)
  object space 48128K, 46% used [0x00000000a0000000,0x00000000a15a7598,0x00000000a2f00000)
 Metaspace       used 53249K, capacity 54628K, committed 54952K, reserved 1097728K
  class space    used 7154K, capacity 7509K, committed 7600K, reserved 1048576K
Event: 26.841 GC heap after
Heap after GC invocations=17 (full 2):
 PSYoungGen      total 118272K, used 10230K [0x00000000e0000000, 0x00000000ea480000, 0x0000000100000000)
  eden space 108032K, 0% used [0x00000000e0000000,0x00000000e0000000,0x00000000e6980000)
  from space 10240K, 99% used [0x00000000e6980000,0x00000000e737d968,0x00000000e7380000)
  to   space 13824K, 0% used [0x00000000e9700000,0x00000000e9700000,0x00000000ea480000)
 ParOldGen       total 48128K, used 28020K [0x00000000a0000000, 0x00000000a2f00000, 0x00000000e0000000)
  object space 48128K, 58% used [0x00000000a0000000,0x00000000a1b5d3e8,0x00000000a2f00000)
 Metaspace       used 53249K, capacity 54628K, committed 54952K, reserved 1097728K
  class space    used 7154K, capacity 7509K, committed 7600K, reserved 1048576K
}
Event: 28.211 GC heap before
{Heap before GC invocations=18 (full 2):
 PSYoungGen      total 118272K, used 66757K [0x00000000e0000000, 0x00000000ea480000, 0x0000000100000000)
  eden space 108032K, 52% used [0x00000000e0000000,0x00000000e3733ab0,0x00000000e6980000)
  from space 10240K, 99% used [0x00000000e6980000,0x00000000e737d968,0x00000000e7380000)
  to   space 13824K, 0% used [0x00000000e9700000,0x00000000e9700000,0x00000000ea480000)
 ParOldGen       total 48128K, used 28020K [0x00000000a0000000, 0x00000000a2f00000, 0x00000000e0000000)
  object space 48128K, 58% used [0x00000000a0000000,0x00000000a1b5d3e8,0x00000000a2f00000)
 Metaspace       used 57501K, capacity 59026K, committed 59160K, reserved 1099776K
  class space    used 7767K, capacity 8118K, committed 8240K, reserved 1048576K
Event: 28.224 GC heap after
Heap after GC invocations=18 (full 2):
 PSYoungGen      total 155136K, used 6527K [0x00000000e0000000, 0x00000000ea700000, 0x0000000100000000)
  eden space 141312K, 0% used [0x00000000e0000000,0x00000000e0000000,0x00000000e8a00000)
  from space 13824K, 47% used [0x00000000e9700000,0x00000000e9d5fc98,0x00000000ea480000)
  to   space 13312K, 0% used [0x00000000e8a00000,0x00000000e8a00000,0x00000000e9700000)
 ParOldGen       total 48128K, used 33077K [0x00000000a0000000, 0x00000000a2f00000, 0x00000000e0000000)
  object space 48128K, 68% used [0x00000000a0000000,0x00000000a204d560,0x00000000a2f00000)
 Metaspace       used 57501K, capacity 59026K, committed 59160K, reserved 1099776K
  class space    used 7767K, capacity 8118K, committed 8240K, reserved 1048576K
}
Event: 28.224 GC heap before
{Heap before GC invocations=19 (full 3):
 PSYoungGen      total 155136K, used 6527K [0x00000000e0000000, 0x00000000ea700000, 0x0000000100000000)
  eden space 141312K, 0% used [0x00000000e0000000,0x00000000e0000000,0x00000000e8a00000)
  from space 13824K, 47% used [0x00000000e9700000,0x00000000e9d5fc98,0x00000000ea480000)
  to   space 13312K, 0% used [0x00000000e8a00000,0x00000000e8a00000,0x00000000e9700000)
 ParOldGen       total 48128K, used 33077K [0x00000000a0000000, 0x00000000a2f00000, 0x00000000e0000000)
  object space 48128K, 68% used [0x00000000a0000000,0x00000000a204d560,0x00000000a2f00000)
 Metaspace       used 57501K, capacity 59026K, committed 59160K, reserved 1099776K
  class space    used 7767K, capacity 8118K, committed 8240K, reserved 1048576K
Event: 28.435 GC heap after
Heap after GC invocations=19 (full 3):
 PSYoungGen      total 155136K, used 0K [0x00000000e0000000, 0x00000000ea700000, 0x0000000100000000)
  eden space 141312K, 0% used [0x00000000e0000000,0x00000000e0000000,0x00000000e8a00000)
  from space 13824K, 0% used [0x00000000e9700000,0x00000000e9700000,0x00000000ea480000)
  to   space 13312K, 0% used [0x00000000e8a00000,0x00000000e8a00000,0x00000000e9700000)
 ParOldGen       total 74240K, used 30322K [0x00000000a0000000, 0x00000000a4880000, 0x00000000e0000000)
  object space 74240K, 40% used [0x00000000a0000000,0x00000000a1d9c9d8,0x00000000a4880000)
 Metaspace       used 57501K, capacity 59026K, committed 59160K, reserved 1099776K
  class space    used 7767K, capacity 8118K, committed 8240K, reserved 1048576K
}
Event: 36.132 GC heap before
{Heap before GC invocations=20 (full 3):
 PSYoungGen      total 155136K, used 141312K [0x00000000e0000000, 0x00000000ea700000, 0x0000000100000000)
  eden space 141312K, 100% used [0x00000000e0000000,0x00000000e8a00000,0x00000000e8a00000)
  from space 13824K, 0% used [0x00000000e9700000,0x00000000e9700000,0x00000000ea480000)
  to   space 13312K, 0% used [0x00000000e8a00000,0x00000000e8a00000,0x00000000e9700000)
 ParOldGen       total 74240K, used 30322K [0x00000000a0000000, 0x00000000a4880000, 0x00000000e0000000)
  object space 74240K, 40% used [0x00000000a0000000,0x00000000a1d9c9d8,0x00000000a4880000)
 Metaspace       used 61341K, capacity 63370K, committed 63640K, reserved 1103872K
  class space    used 8294K, capacity 8756K, committed 8880K, reserved 1048576K
Event: 36.167 GC heap after
Heap after GC invocations=20 (full 3):
 PSYoungGen      total 154624K, used 12346K [0x00000000e0000000, 0x00000000ebc00000, 0x0000000100000000)
  eden space 141312K, 0% used [0x00000000e0000000,0x00000000e0000000,0x00000000e8a00000)
  from space 13312K, 92% used [0x00000000e8a00000,0x00000000e960e920,0x00000000e9700000)
  to   space 14848K, 0% used [0x00000000ead80000,0x00000000ead80000,0x00000000ebc00000)
 ParOldGen       total 74240K, used 30330K [0x00000000a0000000, 0x00000000a4880000, 0x00000000e0000000)
  object space 74240K, 40% used [0x00000000a0000000,0x00000000a1d9e9d8,0x00000000a4880000)
 Metaspace       used 61341K, capacity 63370K, committed 63640K, reserved 1103872K
  class space    used 8294K, capacity 8756K, committed 8880K, reserved 1048576K
}

