# JRE version: OpenJDK Runtime Environment (8.0_152-b01) (build 1.8.0_152-release-1343-b01)
# Java VM: OpenJDK 64-Bit Server VM (25.152-b01 mixed mode windows-amd64 compressed oops)
Heap:
 PSYoungGen      total 210944K, used 20507K [0x00000000e0000000, 0x00000000f0e80000, 0x0000000100000000)
  eden space 192000K, 0% used [0x00000000e0000000,0x00000000e018c968,0x00000000ebb80000)
  from space 18944K, 99% used [0x00000000ebb80000,0x00000000ecdfa4b8,0x00000000ece00000)
  to   space 29696K, 0% used [0x00000000ef180000,0x00000000ef180000,0x00000000f0e80000)
 ParOldGen       total 93184K, used 56557K [0x00000000a0000000, 0x00000000a5b00000, 0x00000000e0000000)
  object space 93184K, 60% used [0x00000000a0000000,0x00000000a373b4a0,0x00000000a5b00000)
 Metaspace       used 69853K, capacity 71672K, committed 71700K, reserved 1112064K
  class space    used 9098K, capacity 9525K, committed 9532K, reserved 1048576K
GC Heap History (10 events):
Event: 11.626 GC heap before
{Heap before GC invocations=14 (full 2):
 PSYoungGen      total 145408K, used 144648K [0x00000000e0000000, 0x00000000ec180000, 0x0000000100000000)
  eden space 133632K, 99% used [0x00000000e0000000,0x00000000e81c2a58,0x00000000e8280000)
  from space 11776K, 99% used [0x00000000e8280000,0x00000000e8dff620,0x00000000e8e00000)
  to   space 14848K, 0% used [0x00000000eb300000,0x00000000eb300000,0x00000000ec180000)
 ParOldGen       total 56320K, used 20751K [0x00000000a0000000, 0x00000000a3700000, 0x00000000e0000000)
  object space 56320K, 36% used [0x00000000a0000000,0x00000000a1443e10,0x00000000a3700000)
 Metaspace       used 57551K, capacity 58982K, committed 59028K, reserved 1099776K
  class space    used 7766K, capacity 8096K, committed 8124K, reserved 1048576K
Event: 11.657 GC heap after
Heap after GC invocations=14 (full 2):
 PSYoungGen      total 181760K, used 13199K [0x00000000e0000000, 0x00000000ec380000, 0x0000000100000000)
  eden space 166912K, 0% used [0x00000000e0000000,0x00000000e0000000,0x00000000ea300000)
  from space 14848K, 88% used [0x00000000eb300000,0x00000000ebfe3e58,0x00000000ec180000)
  to   space 16384K, 0% used [0x00000000ea300000,0x00000000ea300000,0x00000000eb300000)
 ParOldGen       total 56320K, used 28629K [0x00000000a0000000, 0x00000000a3700000, 0x00000000e0000000)
  object space 56320K, 50% used [0x00000000a0000000,0x00000000a1bf56b8,0x00000000a3700000)
 Metaspace       used 57551K, capacity 58982K, committed 59028K, reserved 1099776K
  class space    used 7766K, capacity 8096K, committed 8124K, reserved 1048576K
}
Event: 11.657 GC heap before
{Heap before GC invocations=15 (full 3):
 PSYoungGen      total 181760K, used 13199K [0x00000000e0000000, 0x00000000ec380000, 0x0000000100000000)
  eden space 166912K, 0% used [0x00000000e0000000,0x00000000e0000000,0x00000000ea300000)
  from space 14848K, 88% used [0x00000000eb300000,0x00000000ebfe3e58,0x00000000ec180000)
  to   space 16384K, 0% used [0x00000000ea300000,0x00000000ea300000,0x00000000eb300000)
 ParOldGen       total 56320K, used 28629K [0x00000000a0000000, 0x00000000a3700000, 0x00000000e0000000)
  object space 56320K, 50% used [0x00000000a0000000,0x00000000a1bf56b8,0x00000000a3700000)
 Metaspace       used 57551K, capacity 58982K, committed 59028K, reserved 1099776K
  class space    used 7766K, capacity 8096K, committed 8124K, reserved 1048576K
Event: 11.896 GC heap after
Heap after GC invocations=15 (full 3):
 PSYoungGen      total 181760K, used 0K [0x00000000e0000000, 0x00000000ec380000, 0x0000000100000000)
  eden space 166912K, 0% used [0x00000000e0000000,0x00000000e0000000,0x00000000ea300000)
  from space 14848K, 0% used [0x00000000eb300000,0x00000000eb300000,0x00000000ec180000)
  to   space 16384K, 0% used [0x00000000ea300000,0x00000000ea300000,0x00000000eb300000)
 ParOldGen       total 93184K, used 34830K [0x00000000a0000000, 0x00000000a5b00000, 0x00000000e0000000)
  object space 93184K, 37% used [0x00000000a0000000,0x00000000a2203858,0x00000000a5b00000)
 Metaspace       used 57551K, capacity 58982K, committed 59028K, reserved 1099776K
  class space    used 7766K, capacity 8096K, committed 8124K, reserved 1048576K
}
Event: 17.854 GC heap before
{Heap before GC invocations=16 (full 3):
 PSYoungGen      total 181760K, used 166912K [0x00000000e0000000, 0x00000000ec380000, 0x0000000100000000)
  eden space 166912K, 100% used [0x00000000e0000000,0x00000000ea300000,0x00000000ea300000)
  from space 14848K, 0% used [0x00000000eb300000,0x00000000eb300000,0x00000000ec180000)
  to   space 16384K, 0% used [0x00000000ea300000,0x00000000ea300000,0x00000000eb300000)
 ParOldGen       total 93184K, used 34830K [0x00000000a0000000, 0x00000000a5b00000, 0x00000000e0000000)
  object space 93184K, 37% used [0x00000000a0000000,0x00000000a2203858,0x00000000a5b00000)
 Metaspace       used 61785K, capacity 63608K, committed 63764K, reserved 1103872K
  class space    used 8295K, capacity 8701K, committed 8764K, reserved 1048576K
Event: 17.881 GC heap after
Heap after GC invocations=16 (full 3):
 PSYoungGen      total 183296K, used 14552K [0x00000000e0000000, 0x00000000ee400000, 0x0000000100000000)
  eden space 166912K, 0% used [0x00000000e0000000,0x00000000e0000000,0x00000000ea300000)
  from space 16384K, 88% used [0x00000000ea300000,0x00000000eb136318,0x00000000eb300000)
  to   space 18432K, 0% used [0x00000000ed200000,0x00000000ed200000,0x00000000ee400000)
 ParOldGen       total 93184K, used 34838K [0x00000000a0000000, 0x00000000a5b00000, 0x00000000e0000000)
  object space 93184K, 37% used [0x00000000a0000000,0x00000000a2205858,0x00000000a5b00000)
 Metaspace       used 61785K, capacity 63608K, committed 63764K, reserved 1103872K
  class space    used 8295K, capacity 8701K, committed 8764K, reserved 1048576K
}
Event: 27.386 GC heap before
{Heap before GC invocations=17 (full 3):
 PSYoungGen      total 183296K, used 181464K [0x00000000e0000000, 0x00000000ee400000, 0x0000000100000000)
  eden space 166912K, 100% used [0x00000000e0000000,0x00000000ea300000,0x00000000ea300000)
  from space 16384K, 88% used [0x00000000ea300000,0x00000000eb136318,0x00000000eb300000)
  to   space 18432K, 0% used [0x00000000ed200000,0x00000000ed200000,0x00000000ee400000)
 ParOldGen       total 93184K, used 34838K [0x00000000a0000000, 0x00000000a5b00000, 0x00000000e0000000)
  object space 93184K, 37% used [0x00000000a0000000,0x00000000a2205858,0x00000000a5b00000)
 Metaspace       used 62729K, capacity 64546K, committed 64788K, reserved 1105920K
  class space    used 8348K, capacity 8734K, committed 8764K, reserved 1048576K
Event: 27.414 GC heap after
Heap after GC invocations=17 (full 3):
 PSYoungGen      total 206848K, used 13144K [0x00000000e0000000, 0x00000000ee080000, 0x0000000100000000)
  eden space 192000K, 0% used [0x00000000e0000000,0x00000000e0000000,0x00000000ebb80000)
  from space 14848K, 88% used [0x00000000ed200000,0x00000000eded6298,0x00000000ee080000)
  to   space 18944K, 0% used [0x00000000ebb80000,0x00000000ebb80000,0x00000000ece00000)
 ParOldGen       total 93184K, used 34846K [0x00000000a0000000, 0x00000000a5b00000, 0x00000000e0000000)
  object space 93184K, 37% used [0x00000000a0000000,0x00000000a2207858,0x00000000a5b00000)
 Metaspace       used 62729K, capacity 64546K, committed 64788K, reserved 1105920K
  class space    used 8348K, capacity 8734K, committed 8764K, reserved 1048576K
}
Event: 37.854 GC heap before
{Heap before GC invocations=18 (full 3):
 PSYoungGen      total 206848K, used 205144K [0x00000000e0000000, 0x00000000ee080000, 0x0000000100000000)
  eden space 192000K, 100% used [0x00000000e0000000,0x00000000ebb80000,0x00000000ebb80000)
  from space 14848K, 88% used [0x00000000ed200000,0x00000000eded6298,0x00000000ee080000)
  to   space 18944K, 0% used [0x00000000ebb80000,0x00000000ebb80000,0x00000000ece00000)
 ParOldGen       total 93184K, used 34846K [0x00000000a0000000, 0x00000000a5b00000, 0x00000000e0000000)
  object space 93184K, 37% used [0x00000000a0000000,0x00000000a2207858,0x00000000a5b00000)
 Metaspace       used 69847K, capacity 71672K, committed 71700K, reserved 1112064K
  class space    used 9098K, capacity 9525K, committed 9532K, reserved 1048576K
Event: 37.914 GC heap after
Heap after GC invocations=18 (full 3):
 PSYoungGen      total 210944K, used 18921K [0x00000000e0000000, 0x00000000f0e80000, 0x0000000100000000)
  eden space 192000K, 0% used [0x00000000e0000000,0x00000000e0000000,0x00000000ebb80000)
  from space 18944K, 99% used [0x00000000ebb80000,0x00000000ecdfa4b8,0x00000000ece00000)
  to   space 29696K, 0% used [0x00000000ef180000,0x00000000ef180000,0x00000000f0e80000)
 ParOldGen       total 93184K, used 56557K [0x00000000a0000000, 0x00000000a5b00000, 0x00000000e0000000)
  object space 93184K, 60% used [0x00000000a0000000,0x00000000a373b4a0,0x00000000a5b00000)
 Metaspace       used 69847K, capacity 71672K, committed 71700K, reserved 1112064K
  class space    used 9098K, capacity 9525K, committed 9532K, reserved 1048576K
}

