# JRE version: OpenJDK Runtime Environment (8.0_152-b01) (build 1.8.0_152-release-1343-b01)
# Java VM: OpenJDK 64-Bit Server VM (25.152-b01 mixed mode windows-amd64 compressed oops)
Heap:
 PSYoungGen      total 235008K, used 27256K [0x00000000e0000000, 0x00000000ef880000, 0x0000000100000000)
  eden space 215552K, 3% used [0x00000000e0000000,0x00000000e07a3e80,0x00000000ed280000)
  from space 19456K, 99% used [0x00000000ed280000,0x00000000ee57a2e8,0x00000000ee580000)
  to   space 14848K, 0% used [0x00000000eea00000,0x00000000eea00000,0x00000000ef880000)
 ParOldGen       total 87040K, used 36855K [0x00000000a0000000, 0x00000000a5500000, 0x00000000e0000000)
  object space 87040K, 42% used [0x00000000a0000000,0x00000000a23fdeb0,0x00000000a5500000)
 Metaspace       used 70363K, capacity 72190K, committed 72596K, reserved 1112064K
  class space    used 9124K, capacity 9552K, committed 9660K, reserved 1048576K
GC Heap History (10 events):
Event: 10.358 GC heap before
{Heap before GC invocations=14 (full 2):
 PSYoungGen      total 152576K, used 139319K [0x00000000e0000000, 0x00000000ed300000, 0x0000000100000000)
  eden space 140800K, 90% used [0x00000000e0000000,0x00000000e7c93510,0x00000000e8980000)
  from space 11776K, 99% used [0x00000000e8980000,0x00000000e94fa720,0x00000000e9500000)
  to   space 15360K, 0% used [0x00000000ec400000,0x00000000ec400000,0x00000000ed300000)
 ParOldGen       total 52736K, used 21647K [0x00000000a0000000, 0x00000000a3380000, 0x00000000e0000000)
  object space 52736K, 41% used [0x00000000a0000000,0x00000000a1523cd0,0x00000000a3380000)
 Metaspace       used 57503K, capacity 58956K, committed 59028K, reserved 1099776K
  class space    used 7757K, capacity 8103K, committed 8124K, reserved 1048576K
Event: 10.386 GC heap after
Heap after GC invocations=14 (full 2):
 PSYoungGen      total 199168K, used 12292K [0x00000000e0000000, 0x00000000ed380000, 0x0000000100000000)
  eden space 183808K, 0% used [0x00000000e0000000,0x00000000e0000000,0x00000000eb380000)
  from space 15360K, 80% used [0x00000000ec400000,0x00000000ed0010c0,0x00000000ed300000)
  to   space 16384K, 0% used [0x00000000eb380000,0x00000000eb380000,0x00000000ec380000)
 ParOldGen       total 52736K, used 29984K [0x00000000a0000000, 0x00000000a3380000, 0x00000000e0000000)
  object space 52736K, 56% used [0x00000000a0000000,0x00000000a1d48348,0x00000000a3380000)
 Metaspace       used 57503K, capacity 58956K, committed 59028K, reserved 1099776K
  class space    used 7757K, capacity 8103K, committed 8124K, reserved 1048576K
}
Event: 10.386 GC heap before
{Heap before GC invocations=15 (full 3):
 PSYoungGen      total 199168K, used 12292K [0x00000000e0000000, 0x00000000ed380000, 0x0000000100000000)
  eden space 183808K, 0% used [0x00000000e0000000,0x00000000e0000000,0x00000000eb380000)
  from space 15360K, 80% used [0x00000000ec400000,0x00000000ed0010c0,0x00000000ed300000)
  to   space 16384K, 0% used [0x00000000eb380000,0x00000000eb380000,0x00000000ec380000)
 ParOldGen       total 52736K, used 29984K [0x00000000a0000000, 0x00000000a3380000, 0x00000000e0000000)
  object space 52736K, 56% used [0x00000000a0000000,0x00000000a1d48348,0x00000000a3380000)
 Metaspace       used 57503K, capacity 58956K, committed 59028K, reserved 1099776K
  class space    used 7757K, capacity 8103K, committed 8124K, reserved 1048576K
Event: 10.625 GC heap after
Heap after GC invocations=15 (full 3):
 PSYoungGen      total 199168K, used 0K [0x00000000e0000000, 0x00000000ed380000, 0x0000000100000000)
  eden space 183808K, 0% used [0x00000000e0000000,0x00000000e0000000,0x00000000eb380000)
  from space 15360K, 0% used [0x00000000ec400000,0x00000000ec400000,0x00000000ed300000)
  to   space 16384K, 0% used [0x00000000eb380000,0x00000000eb380000,0x00000000ec380000)
 ParOldGen       total 87040K, used 34467K [0x00000000a0000000, 0x00000000a5500000, 0x00000000e0000000)
  object space 87040K, 39% used [0x00000000a0000000,0x00000000a21a8d88,0x00000000a5500000)
 Metaspace       used 57503K, capacity 58956K, committed 59028K, reserved 1099776K
  class space    used 7757K, capacity 8103K, committed 8124K, reserved 1048576K
}
Event: 22.097 GC heap before
{Heap before GC invocations=16 (full 3):
 PSYoungGen      total 199168K, used 183808K [0x00000000e0000000, 0x00000000ed380000, 0x0000000100000000)
  eden space 183808K, 100% used [0x00000000e0000000,0x00000000eb380000,0x00000000eb380000)
  from space 15360K, 0% used [0x00000000ec400000,0x00000000ec400000,0x00000000ed300000)
  to   space 16384K, 0% used [0x00000000eb380000,0x00000000eb380000,0x00000000ec380000)
 ParOldGen       total 87040K, used 34467K [0x00000000a0000000, 0x00000000a5500000, 0x00000000e0000000)
  object space 87040K, 39% used [0x00000000a0000000,0x00000000a21a8d88,0x00000000a5500000)
 Metaspace       used 61956K, capacity 63710K, committed 64020K, reserved 1103872K
  class space    used 8301K, capacity 8696K, committed 8764K, reserved 1048576K
Event: 22.122 GC heap after
Heap after GC invocations=16 (full 3):
 PSYoungGen      total 200192K, used 15350K [0x00000000e0000000, 0x00000000efc00000, 0x0000000100000000)
  eden space 183808K, 0% used [0x00000000e0000000,0x00000000e0000000,0x00000000eb380000)
  from space 16384K, 93% used [0x00000000eb380000,0x00000000ec27db70,0x00000000ec380000)
  to   space 18432K, 0% used [0x00000000eea00000,0x00000000eea00000,0x00000000efc00000)
 ParOldGen       total 87040K, used 34475K [0x00000000a0000000, 0x00000000a5500000, 0x00000000e0000000)
  object space 87040K, 39% used [0x00000000a0000000,0x00000000a21aad88,0x00000000a5500000)
 Metaspace       used 61956K, capacity 63710K, committed 64020K, reserved 1103872K
  class space    used 8301K, capacity 8696K, committed 8764K, reserved 1048576K
}
Event: 39.501 GC heap before
{Heap before GC invocations=17 (full 3):
 PSYoungGen      total 200192K, used 199158K [0x00000000e0000000, 0x00000000efc00000, 0x0000000100000000)
  eden space 183808K, 100% used [0x00000000e0000000,0x00000000eb380000,0x00000000eb380000)
  from space 16384K, 93% used [0x00000000eb380000,0x00000000ec27db70,0x00000000ec380000)
  to   space 18432K, 0% used [0x00000000eea00000,0x00000000eea00000,0x00000000efc00000)
 ParOldGen       total 87040K, used 34475K [0x00000000a0000000, 0x00000000a5500000, 0x00000000e0000000)
  object space 87040K, 39% used [0x00000000a0000000,0x00000000a21aad88,0x00000000a5500000)
 Metaspace       used 63560K, capacity 65344K, committed 65684K, reserved 1105920K
  class space    used 8438K, capacity 8833K, committed 8892K, reserved 1048576K
Event: 39.537 GC heap after
Heap after GC invocations=17 (full 3):
 PSYoungGen      total 230400K, used 14141K [0x00000000e0000000, 0x00000000ef880000, 0x0000000100000000)
  eden space 215552K, 0% used [0x00000000e0000000,0x00000000e0000000,0x00000000ed280000)
  from space 14848K, 95% used [0x00000000eea00000,0x00000000ef7cf780,0x00000000ef880000)
  to   space 19456K, 0% used [0x00000000ed280000,0x00000000ed280000,0x00000000ee580000)
 ParOldGen       total 87040K, used 34483K [0x00000000a0000000, 0x00000000a5500000, 0x00000000e0000000)
  object space 87040K, 39% used [0x00000000a0000000,0x00000000a21acd88,0x00000000a5500000)
 Metaspace       used 63560K, capacity 65344K, committed 65684K, reserved 1105920K
  class space    used 8438K, capacity 8833K, committed 8892K, reserved 1048576K
}
Event: 58.891 GC heap before
{Heap before GC invocations=18 (full 3):
 PSYoungGen      total 230400K, used 229693K [0x00000000e0000000, 0x00000000ef880000, 0x0000000100000000)
  eden space 215552K, 100% used [0x00000000e0000000,0x00000000ed280000,0x00000000ed280000)
  from space 14848K, 95% used [0x00000000eea00000,0x00000000ef7cf780,0x00000000ef880000)
  to   space 19456K, 0% used [0x00000000ed280000,0x00000000ed280000,0x00000000ee580000)
 ParOldGen       total 87040K, used 34483K [0x00000000a0000000, 0x00000000a5500000, 0x00000000e0000000)
  object space 87040K, 39% used [0x00000000a0000000,0x00000000a21acd88,0x00000000a5500000)
 Metaspace       used 70334K, capacity 72126K, committed 72340K, reserved 1112064K
  class space    used 9122K, capacity 9552K, committed 9660K, reserved 1048576K
Event: 58.937 GC heap after
Heap after GC invocations=18 (full 3):
 PSYoungGen      total 235008K, used 19432K [0x00000000e0000000, 0x00000000ef880000, 0x0000000100000000)
  eden space 215552K, 0% used [0x00000000e0000000,0x00000000e0000000,0x00000000ed280000)
  from space 19456K, 99% used [0x00000000ed280000,0x00000000ee57a2e8,0x00000000ee580000)
  to   space 14848K, 0% used [0x00000000eea00000,0x00000000eea00000,0x00000000ef880000)
 ParOldGen       total 87040K, used 36855K [0x00000000a0000000, 0x00000000a5500000, 0x00000000e0000000)
  object space 87040K, 42% used [0x00000000a0000000,0x00000000a23fdeb0,0x00000000a5500000)
 Metaspace       used 70334K, capacity 72126K, committed 72340K, reserved 1112064K
  class space    used 9122K, capacity 9552K, committed 9660K, reserved 1048576K
}

