# JRE version: OpenJDK Runtime Environment (8.0_152-b01) (build 1.8.0_152-release-1343-b01)
# Java VM: OpenJDK 64-Bit Server VM (25.152-b01 mixed mode windows-amd64 compressed oops)
Heap:
 PSYoungGen      total 326144K, used 71113K [0x00000000e0000000, 0x00000000f6e00000, 0x0000000100000000)
  eden space 290816K, 16% used [0x00000000e0000000,0x00000000e2fc6430,0x00000000f1c00000)
  from space 35328K, 62% used [0x00000000f4b80000,0x00000000f612c070,0x00000000f6e00000)
  to   space 41984K, 0% used [0x00000000f1c00000,0x00000000f1c00000,0x00000000f4500000)
 ParOldGen       total 165376K, used 89790K [0x00000000a0000000, 0x00000000aa180000, 0x00000000e0000000)
  object space 165376K, 54% used [0x00000000a0000000,0x00000000a57af8a8,0x00000000aa180000)
 Metaspace       used 91498K, capacity 95732K, committed 96024K, reserved 1132544K
  class space    used 11666K, capacity 12453K, committed 12576K, reserved 1048576K
GC Heap History (10 events):
Event: 500.008 GC heap before
{Heap before GC invocations=22 (full 4):
 PSYoungGen      total 270336K, used 39925K [0x00000000e0000000, 0x00000000f7200000, 0x0000000100000000)
  eden space 230400K, 0% used [0x00000000e0000000,0x00000000e0000000,0x00000000ee100000)
  from space 39936K, 99% used [0x00000000f1180000,0x00000000f387d718,0x00000000f3880000)
  to   space 49664K, 0% used [0x00000000ee100000,0x00000000ee100000,0x00000000f1180000)
 ParOldGen       total 87552K, used 77916K [0x00000000a0000000, 0x00000000a5580000, 0x00000000e0000000)
  object space 87552K, 88% used [0x00000000a0000000,0x00000000a4c170c0,0x00000000a5580000)
 Metaspace       used 82247K, capacity 85316K, committed 85528K, reserved 1124352K
  class space    used 10463K, capacity 11033K, committed 11040K, reserved 1048576K
Event: 500.587 GC heap after
Heap after GC invocations=22 (full 4):
 PSYoungGen      total 270336K, used 2447K [0x00000000e0000000, 0x00000000f7200000, 0x0000000100000000)
  eden space 230400K, 0% used [0x00000000e0000000,0x00000000e0000000,0x00000000ee100000)
  from space 39936K, 6% used [0x00000000f1180000,0x00000000f13e3d50,0x00000000f3880000)
  to   space 49664K, 0% used [0x00000000ee100000,0x00000000ee100000,0x00000000f1180000)
 ParOldGen       total 165376K, used 87293K [0x00000000a0000000, 0x00000000aa180000, 0x00000000e0000000)
  object space 165376K, 52% used [0x00000000a0000000,0x00000000a553f7a8,0x00000000aa180000)
 Metaspace       used 82017K, capacity 84662K, committed 85528K, reserved 1124352K
  class space    used 10386K, capacity 10898K, committed 11040K, reserved 1048576K
}
Event: 505.283 GC heap before
{Heap before GC invocations=23 (full 4):
 PSYoungGen      total 270336K, used 232847K [0x00000000e0000000, 0x00000000f7200000, 0x0000000100000000)
  eden space 230400K, 100% used [0x00000000e0000000,0x00000000ee100000,0x00000000ee100000)
  from space 39936K, 6% used [0x00000000f1180000,0x00000000f13e3d50,0x00000000f3880000)
  to   space 49664K, 0% used [0x00000000ee100000,0x00000000ee100000,0x00000000f1180000)
 ParOldGen       total 165376K, used 87293K [0x00000000a0000000, 0x00000000aa180000, 0x00000000e0000000)
  object space 165376K, 52% used [0x00000000a0000000,0x00000000a553f7a8,0x00000000aa180000)
 Metaspace       used 83373K, capacity 86178K, committed 86808K, reserved 1124352K
  class space    used 10580K, capacity 11132K, committed 11296K, reserved 1048576K
Event: 505.313 GC heap after
Heap after GC invocations=23 (full 4):
 PSYoungGen      total 280064K, used 12155K [0x00000000e0000000, 0x00000000f6500000, 0x0000000100000000)
  eden space 230400K, 0% used [0x00000000e0000000,0x00000000e0000000,0x00000000ee100000)
  from space 49664K, 24% used [0x00000000ee100000,0x00000000eecdef58,0x00000000f1180000)
  to   space 47616K, 0% used [0x00000000f3680000,0x00000000f3680000,0x00000000f6500000)
 ParOldGen       total 165376K, used 89766K [0x00000000a0000000, 0x00000000aa180000, 0x00000000e0000000)
  object space 165376K, 54% used [0x00000000a0000000,0x00000000a57a98a8,0x00000000aa180000)
 Metaspace       used 83373K, capacity 86178K, committed 86808K, reserved 1124352K
  class space    used 10580K, capacity 11132K, committed 11296K, reserved 1048576K
}
Event: 1102.482 GC heap before
{Heap before GC invocations=24 (full 4):
 PSYoungGen      total 280064K, used 242555K [0x00000000e0000000, 0x00000000f6500000, 0x0000000100000000)
  eden space 230400K, 100% used [0x00000000e0000000,0x00000000ee100000,0x00000000ee100000)
  from space 49664K, 24% used [0x00000000ee100000,0x00000000eecdef58,0x00000000f1180000)
  to   space 47616K, 0% used [0x00000000f3680000,0x00000000f3680000,0x00000000f6500000)
 ParOldGen       total 165376K, used 89766K [0x00000000a0000000, 0x00000000aa180000, 0x00000000e0000000)
  object space 165376K, 54% used [0x00000000a0000000,0x00000000a57a98a8,0x00000000aa180000)
 Metaspace       used 86606K, capacity 89902K, committed 90008K, reserved 1128448K
  class space    used 11056K, capacity 11670K, committed 11680K, reserved 1048576K
Event: 1102.505 GC heap after
Heap after GC invocations=24 (full 4):
 PSYoungGen      total 299520K, used 17213K [0x00000000e0000000, 0x00000000f5900000, 0x0000000100000000)
  eden space 264192K, 0% used [0x00000000e0000000,0x00000000e0000000,0x00000000f0200000)
  from space 35328K, 48% used [0x00000000f3680000,0x00000000f474f4f8,0x00000000f5900000)
  to   space 44544K, 0% used [0x00000000f0200000,0x00000000f0200000,0x00000000f2d80000)
 ParOldGen       total 165376K, used 89774K [0x00000000a0000000, 0x00000000aa180000, 0x00000000e0000000)
  object space 165376K, 54% used [0x00000000a0000000,0x00000000a57ab8a8,0x00000000aa180000)
 Metaspace       used 86606K, capacity 89902K, committed 90008K, reserved 1128448K
  class space    used 11056K, capacity 11670K, committed 11680K, reserved 1048576K
}
Event: 2005.447 GC heap before
{Heap before GC invocations=25 (full 4):
 PSYoungGen      total 299520K, used 281405K [0x00000000e0000000, 0x00000000f5900000, 0x0000000100000000)
  eden space 264192K, 100% used [0x00000000e0000000,0x00000000f0200000,0x00000000f0200000)
  from space 35328K, 48% used [0x00000000f3680000,0x00000000f474f4f8,0x00000000f5900000)
  to   space 44544K, 0% used [0x00000000f0200000,0x00000000f0200000,0x00000000f2d80000)
 ParOldGen       total 165376K, used 89774K [0x00000000a0000000, 0x00000000aa180000, 0x00000000e0000000)
  object space 165376K, 54% used [0x00000000a0000000,0x00000000a57ab8a8,0x00000000aa180000)
 Metaspace       used 89785K, capacity 93374K, committed 93720K, reserved 1130496K
  class space    used 11471K, capacity 12197K, committed 12320K, reserved 1048576K
Event: 2005.775 GC heap after
Heap after GC invocations=25 (full 4):
 PSYoungGen      total 308736K, used 20988K [0x00000000e0000000, 0x00000000f7580000, 0x0000000100000000)
  eden space 264192K, 0% used [0x00000000e0000000,0x00000000e0000000,0x00000000f0200000)
  from space 44544K, 47% used [0x00000000f0200000,0x00000000f167f398,0x00000000f2d80000)
  to   space 43008K, 0% used [0x00000000f4b80000,0x00000000f4b80000,0x00000000f7580000)
 ParOldGen       total 165376K, used 89782K [0x00000000a0000000, 0x00000000aa180000, 0x00000000e0000000)
  object space 165376K, 54% used [0x00000000a0000000,0x00000000a57ad8a8,0x00000000aa180000)
 Metaspace       used 89785K, capacity 93374K, committed 93720K, reserved 1130496K
  class space    used 11471K, capacity 12197K, committed 12320K, reserved 1048576K
}
Event: 2368.118 GC heap before
{Heap before GC invocations=26 (full 4):
 PSYoungGen      total 308736K, used 285180K [0x00000000e0000000, 0x00000000f7580000, 0x0000000100000000)
  eden space 264192K, 100% used [0x00000000e0000000,0x00000000f0200000,0x00000000f0200000)
  from space 44544K, 47% used [0x00000000f0200000,0x00000000f167f398,0x00000000f2d80000)
  to   space 43008K, 0% used [0x00000000f4b80000,0x00000000f4b80000,0x00000000f7580000)
 ParOldGen       total 165376K, used 89782K [0x00000000a0000000, 0x00000000aa180000, 0x00000000e0000000)
  object space 165376K, 54% used [0x00000000a0000000,0x00000000a57ad8a8,0x00000000aa180000)
 Metaspace       used 91435K, capacity 95668K, committed 96024K, reserved 1132544K
  class space    used 11666K, capacity 12453K, committed 12576K, reserved 1048576K
Event: 2368.336 GC heap after
Heap after GC invocations=26 (full 4):
 PSYoungGen      total 326144K, used 22192K [0x00000000e0000000, 0x00000000f6e00000, 0x0000000100000000)
  eden space 290816K, 0% used [0x00000000e0000000,0x00000000e0000000,0x00000000f1c00000)
  from space 35328K, 62% used [0x00000000f4b80000,0x00000000f612c070,0x00000000f6e00000)
  to   space 41984K, 0% used [0x00000000f1c00000,0x00000000f1c00000,0x00000000f4500000)
 ParOldGen       total 165376K, used 89790K [0x00000000a0000000, 0x00000000aa180000, 0x00000000e0000000)
  object space 165376K, 54% used [0x00000000a0000000,0x00000000a57af8a8,0x00000000aa180000)
 Metaspace       used 91435K, capacity 95668K, committed 96024K, reserved 1132544K
  class space    used 11666K, capacity 12453K, committed 12576K, reserved 1048576K
}

