# JRE version: OpenJDK Runtime Environment (8.0_152-b01) (build 1.8.0_152-release-1343-b01)
# Java VM: OpenJDK 64-Bit Server VM (25.152-b01 mixed mode windows-amd64 compressed oops)
Heap:
 PSYoungGen      total 208384K, used 89035K [0x00000000e0000000, 0x00000000f0a80000, 0x0000000100000000)
  eden space 191488K, 38% used [0x00000000e0000000,0x00000000e472ba00,0x00000000ebb00000)
  from space 16896K, 95% used [0x00000000ebb00000,0x00000000ecac73b8,0x00000000ecb80000)
  to   space 18944K, 0% used [0x00000000ef800000,0x00000000ef800000,0x00000000f0a80000)
 ParOldGen       total 86016K, used 33610K [0x00000000a0000000, 0x00000000a5400000, 0x00000000e0000000)
  object space 86016K, 39% used [0x00000000a0000000,0x00000000a20d2ac8,0x00000000a5400000)
 Metaspace       used 65885K, capacity 67888K, committed 68248K, reserved 1110016K
  class space    used 8830K, capacity 9269K, committed 9392K, reserved 1048576K
GC Heap History (10 events):
Event: 6.546 GC heap before
{Heap before GC invocations=12 (full 2):
 PSYoungGen      total 160256K, used 5345K [0x00000000e0000000, 0x00000000ec980000, 0x0000000100000000)
  eden space 147456K, 0% used [0x00000000e0000000,0x00000000e0000000,0x00000000e9000000)
  from space 12800K, 41% used [0x00000000e9c00000,0x00000000ea138520,0x00000000ea880000)
  to   space 12288K, 0% used [0x00000000e9000000,0x00000000e9000000,0x00000000e9c00000)
 ParOldGen       total 37376K, used 16301K [0x00000000a0000000, 0x00000000a2480000, 0x00000000e0000000)
  object space 37376K, 43% used [0x00000000a0000000,0x00000000a0feb610,0x00000000a2480000)
 Metaspace       used 34777K, capacity 35454K, committed 35496K, reserved 1079296K
  class space    used 4793K, capacity 5000K, committed 5040K, reserved 1048576K
Event: 6.638 GC heap after
Heap after GC invocations=12 (full 2):
 PSYoungGen      total 160256K, used 0K [0x00000000e0000000, 0x00000000ec980000, 0x0000000100000000)
  eden space 147456K, 0% used [0x00000000e0000000,0x00000000e0000000,0x00000000e9000000)
  from space 12800K, 0% used [0x00000000e9c00000,0x00000000e9c00000,0x00000000ea880000)
  to   space 12288K, 0% used [0x00000000e9000000,0x00000000e9000000,0x00000000e9c00000)
 ParOldGen       total 52736K, used 15521K [0x00000000a0000000, 0x00000000a3380000, 0x00000000e0000000)
  object space 52736K, 29% used [0x00000000a0000000,0x00000000a0f28738,0x00000000a3380000)
 Metaspace       used 34770K, capacity 35430K, committed 35496K, reserved 1079296K
  class space    used 4791K, capacity 4996K, committed 5040K, reserved 1048576K
}
Event: 8.798 GC heap before
{Heap before GC invocations=13 (full 2):
 PSYoungGen      total 160256K, used 147456K [0x00000000e0000000, 0x00000000ec980000, 0x0000000100000000)
  eden space 147456K, 100% used [0x00000000e0000000,0x00000000e9000000,0x00000000e9000000)
  from space 12800K, 0% used [0x00000000e9c00000,0x00000000e9c00000,0x00000000ea880000)
  to   space 12288K, 0% used [0x00000000e9000000,0x00000000e9000000,0x00000000e9c00000)
 ParOldGen       total 52736K, used 15521K [0x00000000a0000000, 0x00000000a3380000, 0x00000000e0000000)
  object space 52736K, 29% used [0x00000000a0000000,0x00000000a0f28738,0x00000000a3380000)
 Metaspace       used 50099K, capacity 51208K, committed 51368K, reserved 1093632K
  class space    used 6727K, capacity 7011K, committed 7088K, reserved 1048576K
Event: 8.814 GC heap after
Heap after GC invocations=13 (full 2):
 PSYoungGen      total 159744K, used 12269K [0x00000000e0000000, 0x00000000edb00000, 0x0000000100000000)
  eden space 147456K, 0% used [0x00000000e0000000,0x00000000e0000000,0x00000000e9000000)
  from space 12288K, 99% used [0x00000000e9000000,0x00000000e9bfb7b8,0x00000000e9c00000)
  to   space 15872K, 0% used [0x00000000ecb80000,0x00000000ecb80000,0x00000000edb00000)
 ParOldGen       total 52736K, used 21420K [0x00000000a0000000, 0x00000000a3380000, 0x00000000e0000000)
  object space 52736K, 40% used [0x00000000a0000000,0x00000000a14eb158,0x00000000a3380000)
 Metaspace       used 50099K, capacity 51208K, committed 51368K, reserved 1093632K
  class space    used 6727K, capacity 7011K, committed 7088K, reserved 1048576K
}
Event: 10.171 GC heap before
{Heap before GC invocations=14 (full 2):
 PSYoungGen      total 159744K, used 123224K [0x00000000e0000000, 0x00000000edb00000, 0x0000000100000000)
  eden space 147456K, 75% used [0x00000000e0000000,0x00000000e6c5a938,0x00000000e9000000)
  from space 12288K, 99% used [0x00000000e9000000,0x00000000e9bfb7b8,0x00000000e9c00000)
  to   space 15872K, 0% used [0x00000000ecb80000,0x00000000ecb80000,0x00000000edb00000)
 ParOldGen       total 52736K, used 21420K [0x00000000a0000000, 0x00000000a3380000, 0x00000000e0000000)
  object space 52736K, 40% used [0x00000000a0000000,0x00000000a14eb158,0x00000000a3380000)
 Metaspace       used 57444K, capacity 59014K, committed 59160K, reserved 1099776K
  class space    used 7742K, capacity 8122K, committed 8240K, reserved 1048576K
Event: 10.220 GC heap after
Heap after GC invocations=14 (full 2):
 PSYoungGen      total 207360K, used 11283K [0x00000000e0000000, 0x00000000ee000000, 0x0000000100000000)
  eden space 191488K, 0% used [0x00000000e0000000,0x00000000e0000000,0x00000000ebb00000)
  from space 15872K, 71% used [0x00000000ecb80000,0x00000000ed684d38,0x00000000edb00000)
  to   space 16896K, 0% used [0x00000000ebb00000,0x00000000ebb00000,0x00000000ecb80000)
 ParOldGen       total 52736K, used 29891K [0x00000000a0000000, 0x00000000a3380000, 0x00000000e0000000)
  object space 52736K, 56% used [0x00000000a0000000,0x00000000a1d30c48,0x00000000a3380000)
 Metaspace       used 57444K, capacity 59014K, committed 59160K, reserved 1099776K
  class space    used 7742K, capacity 8122K, committed 8240K, reserved 1048576K
}
Event: 10.220 GC heap before
{Heap before GC invocations=15 (full 3):
 PSYoungGen      total 207360K, used 11283K [0x00000000e0000000, 0x00000000ee000000, 0x0000000100000000)
  eden space 191488K, 0% used [0x00000000e0000000,0x00000000e0000000,0x00000000ebb00000)
  from space 15872K, 71% used [0x00000000ecb80000,0x00000000ed684d38,0x00000000edb00000)
  to   space 16896K, 0% used [0x00000000ebb00000,0x00000000ebb00000,0x00000000ecb80000)
 ParOldGen       total 52736K, used 29891K [0x00000000a0000000, 0x00000000a3380000, 0x00000000e0000000)
  object space 52736K, 56% used [0x00000000a0000000,0x00000000a1d30c48,0x00000000a3380000)
 Metaspace       used 57444K, capacity 59014K, committed 59160K, reserved 1099776K
  class space    used 7742K, capacity 8122K, committed 8240K, reserved 1048576K
Event: 10.460 GC heap after
Heap after GC invocations=15 (full 3):
 PSYoungGen      total 207360K, used 0K [0x00000000e0000000, 0x00000000ee000000, 0x0000000100000000)
  eden space 191488K, 0% used [0x00000000e0000000,0x00000000e0000000,0x00000000ebb00000)
  from space 15872K, 0% used [0x00000000ecb80000,0x00000000ecb80000,0x00000000edb00000)
  to   space 16896K, 0% used [0x00000000ebb00000,0x00000000ebb00000,0x00000000ecb80000)
 ParOldGen       total 86016K, used 33602K [0x00000000a0000000, 0x00000000a5400000, 0x00000000e0000000)
  object space 86016K, 39% used [0x00000000a0000000,0x00000000a20d0ac8,0x00000000a5400000)
 Metaspace       used 57444K, capacity 59014K, committed 59160K, reserved 1099776K
  class space    used 7742K, capacity 8122K, committed 8240K, reserved 1048576K
}
Event: 13.833 GC heap before
{Heap before GC invocations=16 (full 3):
 PSYoungGen      total 207360K, used 191488K [0x00000000e0000000, 0x00000000ee000000, 0x0000000100000000)
  eden space 191488K, 100% used [0x00000000e0000000,0x00000000ebb00000,0x00000000ebb00000)
  from space 15872K, 0% used [0x00000000ecb80000,0x00000000ecb80000,0x00000000edb00000)
  to   space 16896K, 0% used [0x00000000ebb00000,0x00000000ebb00000,0x00000000ecb80000)
 ParOldGen       total 86016K, used 33602K [0x00000000a0000000, 0x00000000a5400000, 0x00000000e0000000)
  object space 86016K, 39% used [0x00000000a0000000,0x00000000a20d0ac8,0x00000000a5400000)
 Metaspace       used 61676K, capacity 63660K, committed 63896K, reserved 1103872K
  class space    used 8318K, capacity 8753K, committed 8880K, reserved 1048576K
Event: 13.863 GC heap after
Heap after GC invocations=16 (full 3):
 PSYoungGen      total 208384K, used 16156K [0x00000000e0000000, 0x00000000f0a80000, 0x0000000100000000)
  eden space 191488K, 0% used [0x00000000e0000000,0x00000000e0000000,0x00000000ebb00000)
  from space 16896K, 95% used [0x00000000ebb00000,0x00000000ecac73b8,0x00000000ecb80000)
  to   space 18944K, 0% used [0x00000000ef800000,0x00000000ef800000,0x00000000f0a80000)
 ParOldGen       total 86016K, used 33610K [0x00000000a0000000, 0x00000000a5400000, 0x00000000e0000000)
  object space 86016K, 39% used [0x00000000a0000000,0x00000000a20d2ac8,0x00000000a5400000)
 Metaspace       used 61676K, capacity 63660K, committed 63896K, reserved 1103872K
  class space    used 8318K, capacity 8753K, committed 8880K, reserved 1048576K
}

