# JRE version: OpenJDK Runtime Environment (8.0_152-b01) (build 1.8.0_152-release-1343-b01)
# Java VM: OpenJDK 64-Bit Server VM (25.152-b01 mixed mode windows-amd64 compressed oops)
Heap:
 PSYoungGen      total 178688K, used 89931K [0x00000000e0000000, 0x00000000eca80000, 0x0000000100000000)
  eden space 165376K, 46% used [0x00000000e0000000,0x00000000e4b4e3d8,0x00000000ea180000)
  from space 13312K, 96% used [0x00000000ea800000,0x00000000eb484bd8,0x00000000eb500000)
  to   space 20992K, 0% used [0x00000000eb600000,0x00000000eb600000,0x00000000eca80000)
 ParOldGen       total 74752K, used 51817K [0x00000000a0000000, 0x00000000a4900000, 0x00000000e0000000)
  object space 74752K, 69% used [0x00000000a0000000,0x00000000a329a720,0x00000000a4900000)
 Metaspace       used 88125K, capacity 91652K, committed 91800K, reserved 1128448K
  class space    used 11252K, capacity 11925K, committed 11936K, reserved 1048576K
GC Heap History (10 events):
Event: 196.486 GC heap before
{Heap before GC invocations=24 (full 3):
 PSYoungGen      total 193536K, used 189715K [0x00000000e0000000, 0x00000000ed480000, 0x0000000100000000)
  eden space 173568K, 100% used [0x00000000e0000000,0x00000000ea980000,0x00000000ea980000)
  from space 19968K, 80% used [0x00000000ec100000,0x00000000ed0c4db8,0x00000000ed480000)
  to   space 22016K, 0% used [0x00000000ea980000,0x00000000ea980000,0x00000000ebf00000)
 ParOldGen       total 74752K, used 51777K [0x00000000a0000000, 0x00000000a4900000, 0x00000000e0000000)
  object space 74752K, 69% used [0x00000000a0000000,0x00000000a3290720,0x00000000a4900000)
 Metaspace       used 85175K, capacity 88434K, committed 88600K, reserved 1126400K
  class space    used 11079K, capacity 11740K, committed 11808K, reserved 1048576K
Event: 196.505 GC heap after
Heap after GC invocations=24 (full 3):
 PSYoungGen      total 195584K, used 13219K [0x00000000e0000000, 0x00000000ee480000, 0x0000000100000000)
  eden space 173568K, 0% used [0x00000000e0000000,0x00000000e0000000,0x00000000ea980000)
  from space 22016K, 60% used [0x00000000ea980000,0x00000000eb668e08,0x00000000ebf00000)
  to   space 22016K, 0% used [0x00000000ecf00000,0x00000000ecf00000,0x00000000ee480000)
 ParOldGen       total 74752K, used 51785K [0x00000000a0000000, 0x00000000a4900000, 0x00000000e0000000)
  object space 74752K, 69% used [0x00000000a0000000,0x00000000a3292720,0x00000000a4900000)
 Metaspace       used 85175K, capacity 88434K, committed 88600K, reserved 1126400K
  class space    used 11079K, capacity 11740K, committed 11808K, reserved 1048576K
}
Event: 284.518 GC heap before
{Heap before GC invocations=25 (full 3):
 PSYoungGen      total 195584K, used 185953K [0x00000000e0000000, 0x00000000ee480000, 0x0000000100000000)
  eden space 173568K, 99% used [0x00000000e0000000,0x00000000ea8af9e0,0x00000000ea980000)
  from space 22016K, 60% used [0x00000000ea980000,0x00000000eb668e08,0x00000000ebf00000)
  to   space 22016K, 0% used [0x00000000ecf00000,0x00000000ecf00000,0x00000000ee480000)
 ParOldGen       total 74752K, used 51785K [0x00000000a0000000, 0x00000000a4900000, 0x00000000e0000000)
  object space 74752K, 69% used [0x00000000a0000000,0x00000000a3292720,0x00000000a4900000)
 Metaspace       used 85612K, capacity 88876K, committed 89112K, reserved 1126400K
  class space    used 11089K, capacity 11757K, committed 11808K, reserved 1048576K
Event: 284.534 GC heap after
Heap after GC invocations=25 (full 3):
 PSYoungGen      total 203776K, used 10571K [0x00000000e0000000, 0x00000000edf80000, 0x0000000100000000)
  eden space 186880K, 0% used [0x00000000e0000000,0x00000000e0000000,0x00000000eb680000)
  from space 16896K, 62% used [0x00000000ecf00000,0x00000000ed952e70,0x00000000edf80000)
  to   space 20992K, 0% used [0x00000000eb680000,0x00000000eb680000,0x00000000ecb00000)
 ParOldGen       total 74752K, used 51793K [0x00000000a0000000, 0x00000000a4900000, 0x00000000e0000000)
  object space 74752K, 69% used [0x00000000a0000000,0x00000000a3294720,0x00000000a4900000)
 Metaspace       used 85612K, capacity 88876K, committed 89112K, reserved 1126400K
  class space    used 11089K, capacity 11757K, committed 11808K, reserved 1048576K
}
Event: 378.384 GC heap before
{Heap before GC invocations=26 (full 3):
 PSYoungGen      total 203776K, used 197451K [0x00000000e0000000, 0x00000000edf80000, 0x0000000100000000)
  eden space 186880K, 100% used [0x00000000e0000000,0x00000000eb680000,0x00000000eb680000)
  from space 16896K, 62% used [0x00000000ecf00000,0x00000000ed952e70,0x00000000edf80000)
  to   space 20992K, 0% used [0x00000000eb680000,0x00000000eb680000,0x00000000ecb00000)
 ParOldGen       total 74752K, used 51793K [0x00000000a0000000, 0x00000000a4900000, 0x00000000e0000000)
  object space 74752K, 69% used [0x00000000a0000000,0x00000000a3294720,0x00000000a4900000)
 Metaspace       used 86071K, capacity 89356K, committed 89624K, reserved 1126400K
  class space    used 11098K, capacity 11771K, committed 11808K, reserved 1048576K
Event: 378.409 GC heap after
Heap after GC invocations=26 (full 3):
 PSYoungGen      total 192512K, used 13067K [0x00000000e0000000, 0x00000000ed800000, 0x0000000100000000)
  eden space 179200K, 0% used [0x00000000e0000000,0x00000000e0000000,0x00000000eaf00000)
  from space 13312K, 98% used [0x00000000eb680000,0x00000000ec342ec0,0x00000000ec380000)
  to   space 20992K, 0% used [0x00000000ec380000,0x00000000ec380000,0x00000000ed800000)
 ParOldGen       total 74752K, used 51801K [0x00000000a0000000, 0x00000000a4900000, 0x00000000e0000000)
  object space 74752K, 69% used [0x00000000a0000000,0x00000000a3296720,0x00000000a4900000)
 Metaspace       used 86071K, capacity 89356K, committed 89624K, reserved 1126400K
  class space    used 11098K, capacity 11771K, committed 11808K, reserved 1048576K
}
Event: 445.239 GC heap before
{Heap before GC invocations=27 (full 3):
 PSYoungGen      total 192512K, used 192267K [0x00000000e0000000, 0x00000000ed800000, 0x0000000100000000)
  eden space 179200K, 100% used [0x00000000e0000000,0x00000000eaf00000,0x00000000eaf00000)
  from space 13312K, 98% used [0x00000000eb680000,0x00000000ec342ec0,0x00000000ec380000)
  to   space 20992K, 0% used [0x00000000ec380000,0x00000000ec380000,0x00000000ed800000)
 ParOldGen       total 74752K, used 51801K [0x00000000a0000000, 0x00000000a4900000, 0x00000000e0000000)
  object space 74752K, 69% used [0x00000000a0000000,0x00000000a3296720,0x00000000a4900000)
 Metaspace       used 86656K, capacity 90206K, committed 90520K, reserved 1128448K
  class space    used 11122K, capacity 11814K, committed 11936K, reserved 1048576K
Event: 445.258 GC heap after
Heap after GC invocations=27 (full 3):
 PSYoungGen      total 185856K, used 12918K [0x00000000e0000000, 0x00000000ed100000, 0x0000000100000000)
  eden space 172032K, 0% used [0x00000000e0000000,0x00000000e0000000,0x00000000ea800000)
  from space 13824K, 93% used [0x00000000ec380000,0x00000000ed01d860,0x00000000ed100000)
  to   space 20992K, 0% used [0x00000000ea800000,0x00000000ea800000,0x00000000ebc80000)
 ParOldGen       total 74752K, used 51809K [0x00000000a0000000, 0x00000000a4900000, 0x00000000e0000000)
  object space 74752K, 69% used [0x00000000a0000000,0x00000000a3298720,0x00000000a4900000)
 Metaspace       used 86656K, capacity 90206K, committed 90520K, reserved 1128448K
  class space    used 11122K, capacity 11814K, committed 11936K, reserved 1048576K
}
Event: 561.012 GC heap before
{Heap before GC invocations=28 (full 3):
 PSYoungGen      total 185856K, used 184950K [0x00000000e0000000, 0x00000000ed100000, 0x0000000100000000)
  eden space 172032K, 100% used [0x00000000e0000000,0x00000000ea800000,0x00000000ea800000)
  from space 13824K, 93% used [0x00000000ec380000,0x00000000ed01d860,0x00000000ed100000)
  to   space 20992K, 0% used [0x00000000ea800000,0x00000000ea800000,0x00000000ebc80000)
 ParOldGen       total 74752K, used 51809K [0x00000000a0000000, 0x00000000a4900000, 0x00000000e0000000)
  object space 74752K, 69% used [0x00000000a0000000,0x00000000a3298720,0x00000000a4900000)
 Metaspace       used 86935K, capacity 90494K, committed 90776K, reserved 1128448K
  class space    used 11124K, capacity 11818K, committed 11936K, reserved 1048576K
Event: 561.029 GC heap after
Heap after GC invocations=28 (full 3):
 PSYoungGen      total 178688K, used 12818K [0x00000000e0000000, 0x00000000eca80000, 0x0000000100000000)
  eden space 165376K, 0% used [0x00000000e0000000,0x00000000e0000000,0x00000000ea180000)
  from space 13312K, 96% used [0x00000000ea800000,0x00000000eb484bd8,0x00000000eb500000)
  to   space 20992K, 0% used [0x00000000eb600000,0x00000000eb600000,0x00000000eca80000)
 ParOldGen       total 74752K, used 51817K [0x00000000a0000000, 0x00000000a4900000, 0x00000000e0000000)
  object space 74752K, 69% used [0x00000000a0000000,0x00000000a329a720,0x00000000a4900000)
 Metaspace       used 86935K, capacity 90494K, committed 90776K, reserved 1128448K
  class space    used 11124K, capacity 11818K, committed 11936K, reserved 1048576K
}

