# JRE version: OpenJDK Runtime Environment (8.0_152-b01) (build 1.8.0_152-release-1343-b01)
# Java VM: OpenJDK 64-Bit Server VM (25.152-b01 mixed mode windows-amd64 compressed oops)
Heap:
 PSYoungGen      total 199680K, used 115162K [0x00000000e0000000, 0x00000000ed400000, 0x0000000100000000)
  eden space 186368K, 61% used [0x00000000e0000000,0x00000000e7076820,0x00000000eb600000)
  from space 13312K, 0% used [0x00000000ec400000,0x00000000ec400000,0x00000000ed100000)
  to   space 14336K, 0% used [0x00000000eb600000,0x00000000eb600000,0x00000000ec400000)
 ParOldGen       total 80896K, used 33049K [0x00000000a0000000, 0x00000000a4f00000, 0x00000000e0000000)
  object space 80896K, 40% used [0x00000000a0000000,0x00000000a2046760,0x00000000a4f00000)
 Metaspace       used 61076K, capacity 63012K, committed 63256K, reserved 1105920K
  class space    used 8264K, capacity 8661K, committed 8736K, reserved 1048576K
GC Heap History (10 events):
Event: 8.325 GC heap before
{Heap before GC invocations=13 (full 1):
 PSYoungGen      total 110592K, used 28148K [0x00000000e0000000, 0x00000000e9d80000, 0x0000000100000000)
  eden space 102400K, 19% used [0x00000000e0000000,0x00000000e13da7b0,0x00000000e6400000)
  from space 8192K, 95% used [0x00000000e6400000,0x00000000e6ba2c00,0x00000000e6c00000)
  to   space 9216K, 0% used [0x00000000e9480000,0x00000000e9480000,0x00000000e9d80000)
 ParOldGen       total 30208K, used 12210K [0x00000000a0000000, 0x00000000a1d80000, 0x00000000e0000000)
  object space 30208K, 40% used [0x00000000a0000000,0x00000000a0bec9b8,0x00000000a1d80000)
 Metaspace       used 34739K, capacity 35416K, committed 35496K, reserved 1079296K
  class space    used 4790K, capacity 4995K, committed 5040K, reserved 1048576K
Event: 8.333 GC heap after
Heap after GC invocations=13 (full 1):
 PSYoungGen      total 152064K, used 2405K [0x00000000e0000000, 0x00000000ea580000, 0x0000000100000000)
  eden space 142848K, 0% used [0x00000000e0000000,0x00000000e0000000,0x00000000e8b80000)
  from space 9216K, 26% used [0x00000000e9480000,0x00000000e96d9658,0x00000000e9d80000)
  to   space 9216K, 0% used [0x00000000e8b80000,0x00000000e8b80000,0x00000000e9480000)
 ParOldGen       total 30208K, used 15337K [0x00000000a0000000, 0x00000000a1d80000, 0x00000000e0000000)
  object space 30208K, 50% used [0x00000000a0000000,0x00000000a0efa530,0x00000000a1d80000)
 Metaspace       used 34739K, capacity 35416K, committed 35496K, reserved 1079296K
  class space    used 4790K, capacity 4995K, committed 5040K, reserved 1048576K
}
Event: 8.333 GC heap before
{Heap before GC invocations=14 (full 2):
 PSYoungGen      total 152064K, used 2405K [0x00000000e0000000, 0x00000000ea580000, 0x0000000100000000)
  eden space 142848K, 0% used [0x00000000e0000000,0x00000000e0000000,0x00000000e8b80000)
  from space 9216K, 26% used [0x00000000e9480000,0x00000000e96d9658,0x00000000e9d80000)
  to   space 9216K, 0% used [0x00000000e8b80000,0x00000000e8b80000,0x00000000e9480000)
 ParOldGen       total 30208K, used 15337K [0x00000000a0000000, 0x00000000a1d80000, 0x00000000e0000000)
  object space 30208K, 50% used [0x00000000a0000000,0x00000000a0efa530,0x00000000a1d80000)
 Metaspace       used 34739K, capacity 35416K, committed 35496K, reserved 1079296K
  class space    used 4790K, capacity 4995K, committed 5040K, reserved 1048576K
Event: 8.410 GC heap after
Heap after GC invocations=14 (full 2):
 PSYoungGen      total 152064K, used 0K [0x00000000e0000000, 0x00000000ea580000, 0x0000000100000000)
  eden space 142848K, 0% used [0x00000000e0000000,0x00000000e0000000,0x00000000e8b80000)
  from space 9216K, 0% used [0x00000000e9480000,0x00000000e9480000,0x00000000e9d80000)
  to   space 9216K, 0% used [0x00000000e8b80000,0x00000000e8b80000,0x00000000e9480000)
 ParOldGen       total 48128K, used 15749K [0x00000000a0000000, 0x00000000a2f00000, 0x00000000e0000000)
  object space 48128K, 32% used [0x00000000a0000000,0x00000000a0f61728,0x00000000a2f00000)
 Metaspace       used 34736K, capacity 35404K, committed 35496K, reserved 1079296K
  class space    used 4789K, capacity 4993K, committed 5040K, reserved 1048576K
}
Event: 10.248 GC heap before
{Heap before GC invocations=15 (full 2):
 PSYoungGen      total 152064K, used 142848K [0x00000000e0000000, 0x00000000ea580000, 0x0000000100000000)
  eden space 142848K, 100% used [0x00000000e0000000,0x00000000e8b80000,0x00000000e8b80000)
  from space 9216K, 0% used [0x00000000e9480000,0x00000000e9480000,0x00000000e9d80000)
  to   space 9216K, 0% used [0x00000000e8b80000,0x00000000e8b80000,0x00000000e9480000)
 ParOldGen       total 48128K, used 15749K [0x00000000a0000000, 0x00000000a2f00000, 0x00000000e0000000)
  object space 48128K, 32% used [0x00000000a0000000,0x00000000a0f61728,0x00000000a2f00000)
 Metaspace       used 49886K, capacity 50998K, committed 51112K, reserved 1093632K
  class space    used 6717K, capacity 7010K, committed 7088K, reserved 1048576K
Event: 10.269 GC heap after
Heap after GC invocations=15 (full 2):
 PSYoungGen      total 152064K, used 9201K [0x00000000e0000000, 0x00000000ed100000, 0x0000000100000000)
  eden space 142848K, 0% used [0x00000000e0000000,0x00000000e0000000,0x00000000e8b80000)
  from space 9216K, 99% used [0x00000000e8b80000,0x00000000e947c728,0x00000000e9480000)
  to   space 13312K, 0% used [0x00000000ec400000,0x00000000ec400000,0x00000000ed100000)
 ParOldGen       total 48128K, used 24152K [0x00000000a0000000, 0x00000000a2f00000, 0x00000000e0000000)
  object space 48128K, 50% used [0x00000000a0000000,0x00000000a17963d0,0x00000000a2f00000)
 Metaspace       used 49886K, capacity 50998K, committed 51112K, reserved 1093632K
  class space    used 6717K, capacity 7010K, committed 7088K, reserved 1048576K
}
Event: 11.413 GC heap before
{Heap before GC invocations=16 (full 2):
 PSYoungGen      total 152064K, used 108958K [0x00000000e0000000, 0x00000000ed100000, 0x0000000100000000)
  eden space 142848K, 69% used [0x00000000e0000000,0x00000000e616b390,0x00000000e8b80000)
  from space 9216K, 99% used [0x00000000e8b80000,0x00000000e947c728,0x00000000e9480000)
  to   space 13312K, 0% used [0x00000000ec400000,0x00000000ec400000,0x00000000ed100000)
 ParOldGen       total 48128K, used 24152K [0x00000000a0000000, 0x00000000a2f00000, 0x00000000e0000000)
  object space 48128K, 50% used [0x00000000a0000000,0x00000000a17963d0,0x00000000a2f00000)
 Metaspace       used 57463K, capacity 59034K, committed 59160K, reserved 1099776K
  class space    used 7766K, capacity 8140K, committed 8224K, reserved 1048576K
Event: 11.442 GC heap after
Heap after GC invocations=16 (full 2):
 PSYoungGen      total 199680K, used 10910K [0x00000000e0000000, 0x00000000ed400000, 0x0000000100000000)
  eden space 186368K, 0% used [0x00000000e0000000,0x00000000e0000000,0x00000000eb600000)
  from space 13312K, 81% used [0x00000000ec400000,0x00000000ecea7a18,0x00000000ed100000)
  to   space 14336K, 0% used [0x00000000eb600000,0x00000000eb600000,0x00000000ec400000)
 ParOldGen       total 48128K, used 32538K [0x00000000a0000000, 0x00000000a2f00000, 0x00000000e0000000)
  object space 48128K, 67% used [0x00000000a0000000,0x00000000a1fc6a28,0x00000000a2f00000)
 Metaspace       used 57463K, capacity 59034K, committed 59160K, reserved 1099776K
  class space    used 7766K, capacity 8140K, committed 8224K, reserved 1048576K
}
Event: 11.442 GC heap before
{Heap before GC invocations=17 (full 3):
 PSYoungGen      total 199680K, used 10910K [0x00000000e0000000, 0x00000000ed400000, 0x0000000100000000)
  eden space 186368K, 0% used [0x00000000e0000000,0x00000000e0000000,0x00000000eb600000)
  from space 13312K, 81% used [0x00000000ec400000,0x00000000ecea7a18,0x00000000ed100000)
  to   space 14336K, 0% used [0x00000000eb600000,0x00000000eb600000,0x00000000ec400000)
 ParOldGen       total 48128K, used 32538K [0x00000000a0000000, 0x00000000a2f00000, 0x00000000e0000000)
  object space 48128K, 67% used [0x00000000a0000000,0x00000000a1fc6a28,0x00000000a2f00000)
 Metaspace       used 57463K, capacity 59034K, committed 59160K, reserved 1099776K
  class space    used 7766K, capacity 8140K, committed 8224K, reserved 1048576K
Event: 11.696 GC heap after
Heap after GC invocations=17 (full 3):
 PSYoungGen      total 199680K, used 0K [0x00000000e0000000, 0x00000000ed400000, 0x0000000100000000)
  eden space 186368K, 0% used [0x00000000e0000000,0x00000000e0000000,0x00000000eb600000)
  from space 13312K, 0% used [0x00000000ec400000,0x00000000ec400000,0x00000000ed100000)
  to   space 14336K, 0% used [0x00000000eb600000,0x00000000eb600000,0x00000000ec400000)
 ParOldGen       total 80896K, used 33049K [0x00000000a0000000, 0x00000000a4f00000, 0x00000000e0000000)
  object space 80896K, 40% used [0x00000000a0000000,0x00000000a2046760,0x00000000a4f00000)
 Metaspace       used 57463K, capacity 59034K, committed 59160K, reserved 1099776K
  class space    used 7766K, capacity 8140K, committed 8224K, reserved 1048576K
}

