# JRE version: OpenJDK Runtime Environment (8.0_152-b01) (build 1.8.0_152-release-1343-b01)
# Java VM: OpenJDK 64-Bit Server VM (25.152-b01 mixed mode windows-amd64 compressed oops)
Heap:
 PSYoungGen      total 194560K, used 48068K [0x00000000e0000000, 0x00000000eef00000, 0x0000000100000000)
  eden space 176128K, 16% used [0x00000000e0000000,0x00000000e1cf5de8,0x00000000eac00000)
  from space 18432K, 99% used [0x00000000edd00000,0x00000000eeefb3f0,0x00000000eef00000)
  to   space 16384K, 0% used [0x00000000eac00000,0x00000000eac00000,0x00000000ebc00000)
 ParOldGen       total 91136K, used 58711K [0x00000000a0000000, 0x00000000a5900000, 0x00000000e0000000)
  object space 91136K, 64% used [0x00000000a0000000,0x00000000a3955db8,0x00000000a5900000)
 Metaspace       used 68019K, capacity 70004K, committed 70168K, reserved 1110016K
  class space    used 8946K, capacity 9397K, committed 9520K, reserved 1048576K
GC Heap History (10 events):
Event: 8.745 GC heap before
{Heap before GC invocations=13 (full 2):
 PSYoungGen      total 151552K, used 139264K [0x00000000e0000000, 0x00000000ec400000, 0x0000000100000000)
  eden space 139264K, 100% used [0x00000000e0000000,0x00000000e8800000,0x00000000e8800000)
  from space 12288K, 0% used [0x00000000e9380000,0x00000000e9380000,0x00000000e9f80000)
  to   space 11776K, 0% used [0x00000000e8800000,0x00000000e8800000,0x00000000e9380000)
 ParOldGen       total 55296K, used 15787K [0x00000000a0000000, 0x00000000a3600000, 0x00000000e0000000)
  object space 55296K, 28% used [0x00000000a0000000,0x00000000a0f6ad98,0x00000000a3600000)
 Metaspace       used 48680K, capacity 49784K, committed 49960K, reserved 1091584K
  class space    used 6583K, capacity 6879K, committed 6960K, reserved 1048576K
Event: 8.764 GC heap after
Heap after GC invocations=13 (full 2):
 PSYoungGen      total 151040K, used 11763K [0x00000000e0000000, 0x00000000ecb00000, 0x0000000100000000)
  eden space 139264K, 0% used [0x00000000e0000000,0x00000000e0000000,0x00000000e8800000)
  from space 11776K, 99% used [0x00000000e8800000,0x00000000e937cd50,0x00000000e9380000)
  to   space 15360K, 0% used [0x00000000ebc00000,0x00000000ebc00000,0x00000000ecb00000)
 ParOldGen       total 55296K, used 21330K [0x00000000a0000000, 0x00000000a3600000, 0x00000000e0000000)
  object space 55296K, 38% used [0x00000000a0000000,0x00000000a14d4930,0x00000000a3600000)
 Metaspace       used 48680K, capacity 49784K, committed 49960K, reserved 1091584K
  class space    used 6583K, capacity 6879K, committed 6960K, reserved 1048576K
}
Event: 10.201 GC heap before
{Heap before GC invocations=14 (full 2):
 PSYoungGen      total 151040K, used 133102K [0x00000000e0000000, 0x00000000ecb00000, 0x0000000100000000)
  eden space 139264K, 87% used [0x00000000e0000000,0x00000000e767eb20,0x00000000e8800000)
  from space 11776K, 99% used [0x00000000e8800000,0x00000000e937cd50,0x00000000e9380000)
  to   space 15360K, 0% used [0x00000000ebc00000,0x00000000ebc00000,0x00000000ecb00000)
 ParOldGen       total 55296K, used 21330K [0x00000000a0000000, 0x00000000a3600000, 0x00000000e0000000)
  object space 55296K, 38% used [0x00000000a0000000,0x00000000a14d4930,0x00000000a3600000)
 Metaspace       used 57518K, capacity 59024K, committed 59160K, reserved 1099776K
  class space    used 7755K, capacity 8125K, committed 8240K, reserved 1048576K
Event: 10.224 GC heap after
Heap after GC invocations=14 (full 2):
 PSYoungGen      total 191488K, used 12072K [0x00000000e0000000, 0x00000000ecc00000, 0x0000000100000000)
  eden space 176128K, 0% used [0x00000000e0000000,0x00000000e0000000,0x00000000eac00000)
  from space 15360K, 78% used [0x00000000ebc00000,0x00000000ec7ca1b8,0x00000000ecb00000)
  to   space 16384K, 0% used [0x00000000eac00000,0x00000000eac00000,0x00000000ebc00000)
 ParOldGen       total 55296K, used 29488K [0x00000000a0000000, 0x00000000a3600000, 0x00000000e0000000)
  object space 55296K, 53% used [0x00000000a0000000,0x00000000a1ccc038,0x00000000a3600000)
 Metaspace       used 57518K, capacity 59024K, committed 59160K, reserved 1099776K
  class space    used 7755K, capacity 8125K, committed 8240K, reserved 1048576K
}
Event: 10.224 GC heap before
{Heap before GC invocations=15 (full 3):
 PSYoungGen      total 191488K, used 12072K [0x00000000e0000000, 0x00000000ecc00000, 0x0000000100000000)
  eden space 176128K, 0% used [0x00000000e0000000,0x00000000e0000000,0x00000000eac00000)
  from space 15360K, 78% used [0x00000000ebc00000,0x00000000ec7ca1b8,0x00000000ecb00000)
  to   space 16384K, 0% used [0x00000000eac00000,0x00000000eac00000,0x00000000ebc00000)
 ParOldGen       total 55296K, used 29488K [0x00000000a0000000, 0x00000000a3600000, 0x00000000e0000000)
  object space 55296K, 53% used [0x00000000a0000000,0x00000000a1ccc038,0x00000000a3600000)
 Metaspace       used 57518K, capacity 59024K, committed 59160K, reserved 1099776K
  class space    used 7755K, capacity 8125K, committed 8240K, reserved 1048576K
Event: 10.454 GC heap after
Heap after GC invocations=15 (full 3):
 PSYoungGen      total 191488K, used 0K [0x00000000e0000000, 0x00000000ecc00000, 0x0000000100000000)
  eden space 176128K, 0% used [0x00000000e0000000,0x00000000e0000000,0x00000000eac00000)
  from space 15360K, 0% used [0x00000000ebc00000,0x00000000ebc00000,0x00000000ecb00000)
  to   space 16384K, 0% used [0x00000000eac00000,0x00000000eac00000,0x00000000ebc00000)
 ParOldGen       total 91136K, used 34090K [0x00000000a0000000, 0x00000000a5900000, 0x00000000e0000000)
  object space 91136K, 37% used [0x00000000a0000000,0x00000000a214a8b8,0x00000000a5900000)
 Metaspace       used 57518K, capacity 59024K, committed 59160K, reserved 1099776K
  class space    used 7755K, capacity 8125K, committed 8240K, reserved 1048576K
}
Event: 13.133 GC heap before
{Heap before GC invocations=16 (full 3):
 PSYoungGen      total 191488K, used 176128K [0x00000000e0000000, 0x00000000ecc00000, 0x0000000100000000)
  eden space 176128K, 100% used [0x00000000e0000000,0x00000000eac00000,0x00000000eac00000)
  from space 15360K, 0% used [0x00000000ebc00000,0x00000000ebc00000,0x00000000ecb00000)
  to   space 16384K, 0% used [0x00000000eac00000,0x00000000eac00000,0x00000000ebc00000)
 ParOldGen       total 91136K, used 34090K [0x00000000a0000000, 0x00000000a5900000, 0x00000000e0000000)
  object space 91136K, 37% used [0x00000000a0000000,0x00000000a214a8b8,0x00000000a5900000)
 Metaspace       used 61671K, capacity 63664K, committed 63896K, reserved 1103872K
  class space    used 8321K, capacity 8753K, committed 8880K, reserved 1048576K
Event: 13.153 GC heap after
Heap after GC invocations=16 (full 3):
 PSYoungGen      total 192512K, used 15505K [0x00000000e0000000, 0x00000000eef00000, 0x0000000100000000)
  eden space 176128K, 0% used [0x00000000e0000000,0x00000000e0000000,0x00000000eac00000)
  from space 16384K, 94% used [0x00000000eac00000,0x00000000ebb24530,0x00000000ebc00000)
  to   space 18432K, 0% used [0x00000000edd00000,0x00000000edd00000,0x00000000eef00000)
 ParOldGen       total 91136K, used 34098K [0x00000000a0000000, 0x00000000a5900000, 0x00000000e0000000)
  object space 91136K, 37% used [0x00000000a0000000,0x00000000a214c8b8,0x00000000a5900000)
 Metaspace       used 61671K, capacity 63664K, committed 63896K, reserved 1103872K
  class space    used 8321K, capacity 8753K, committed 8880K, reserved 1048576K
}
Event: 17.297 GC heap before
{Heap before GC invocations=17 (full 3):
 PSYoungGen      total 192512K, used 191633K [0x00000000e0000000, 0x00000000eef00000, 0x0000000100000000)
  eden space 176128K, 100% used [0x00000000e0000000,0x00000000eac00000,0x00000000eac00000)
  from space 16384K, 94% used [0x00000000eac00000,0x00000000ebb24530,0x00000000ebc00000)
  to   space 18432K, 0% used [0x00000000edd00000,0x00000000edd00000,0x00000000eef00000)
 ParOldGen       total 91136K, used 34098K [0x00000000a0000000, 0x00000000a5900000, 0x00000000e0000000)
  object space 91136K, 37% used [0x00000000a0000000,0x00000000a214c8b8,0x00000000a5900000)
 Metaspace       used 67738K, capacity 69652K, committed 69784K, reserved 1110016K
  class space    used 8924K, capacity 9365K, committed 9392K, reserved 1048576K
Event: 17.390 GC heap after
Heap after GC invocations=17 (full 3):
 PSYoungGen      total 194560K, used 18412K [0x00000000e0000000, 0x00000000eef00000, 0x0000000100000000)
  eden space 176128K, 0% used [0x00000000e0000000,0x00000000e0000000,0x00000000eac00000)
  from space 18432K, 99% used [0x00000000edd00000,0x00000000eeefb3f0,0x00000000eef00000)
  to   space 16384K, 0% used [0x00000000eac00000,0x00000000eac00000,0x00000000ebc00000)
 ParOldGen       total 91136K, used 58711K [0x00000000a0000000, 0x00000000a5900000, 0x00000000e0000000)
  object space 91136K, 64% used [0x00000000a0000000,0x00000000a3955db8,0x00000000a5900000)
 Metaspace       used 67738K, capacity 69652K, committed 69784K, reserved 1110016K
  class space    used 8924K, capacity 9365K, committed 9392K, reserved 1048576K
}

