# JRE version: OpenJDK Runtime Environment (8.0_152-b01) (build 1.8.0_152-release-1343-b01)
# Java VM: OpenJDK 64-Bit Server VM (25.152-b01 mixed mode windows-amd64 compressed oops)
Heap:
 PSYoungGen      total 88064K, used 8324K [0x00000000e0000000, 0x00000000e6580000, 0x0000000100000000)
  eden space 77312K, 10% used [0x00000000e0000000,0x00000000e08210e8,0x00000000e4b80000)
  from space 10752K, 0% used [0x00000000e5780000,0x00000000e5780000,0x00000000e6200000)
  to   space 12288K, 0% used [0x00000000e4b80000,0x00000000e4b80000,0x00000000e5780000)
 ParOldGen       total 39424K, used 17103K [0x00000000a0000000, 0x00000000a2680000, 0x00000000e0000000)
  object space 39424K, 43% used [0x00000000a0000000,0x00000000a10b3ca0,0x00000000a2680000)
 Metaspace       used 36657K, capacity 37368K, committed 37544K, reserved 1081344K
  class space    used 5058K, capacity 5280K, committed 5296K, reserved 1048576K
GC Heap History (10 events):
Event: 2.787 GC heap before
{Heap before GC invocations=8 (full 1):
 PSYoungGen      total 71680K, used 7160K [0x00000000e0000000, 0x00000000e4e00000, 0x0000000100000000)
  eden space 64512K, 0% used [0x00000000e0000000,0x00000000e0000000,0x00000000e3f00000)
  from space 7168K, 99% used [0x00000000e3f00000,0x00000000e45fe2c0,0x00000000e4600000)
  to   space 6144K, 0% used [0x00000000e4600000,0x00000000e4600000,0x00000000e4c00000)
 ParOldGen       total 44032K, used 8530K [0x00000000a0000000, 0x00000000a2b00000, 0x00000000e0000000)
  object space 44032K, 19% used [0x00000000a0000000,0x00000000a0854b60,0x00000000a2b00000)
 Metaspace       used 20791K, capacity 21254K, committed 21296K, reserved 1067008K
  class space    used 2905K, capacity 3091K, committed 3120K, reserved 1048576K
Event: 2.836 GC heap after
Heap after GC invocations=8 (full 1):
 PSYoungGen      total 71680K, used 0K [0x00000000e0000000, 0x00000000e4e00000, 0x0000000100000000)
  eden space 64512K, 0% used [0x00000000e0000000,0x00000000e0000000,0x00000000e3f00000)
  from space 7168K, 0% used [0x00000000e3f00000,0x00000000e3f00000,0x00000000e4600000)
  to   space 6144K, 0% used [0x00000000e4600000,0x00000000e4600000,0x00000000e4c00000)
 ParOldGen       total 39424K, used 11078K [0x00000000a0000000, 0x00000000a2680000, 0x00000000e0000000)
  object space 39424K, 28% used [0x00000000a0000000,0x00000000a0ad19c8,0x00000000a2680000)
 Metaspace       used 20791K, capacity 21254K, committed 21296K, reserved 1067008K
  class space    used 2905K, capacity 3091K, committed 3120K, reserved 1048576K
}
Event: 6.693 GC heap before
{Heap before GC invocations=9 (full 1):
 PSYoungGen      total 71680K, used 64512K [0x00000000e0000000, 0x00000000e4e00000, 0x0000000100000000)
  eden space 64512K, 100% used [0x00000000e0000000,0x00000000e3f00000,0x00000000e3f00000)
  from space 7168K, 0% used [0x00000000e3f00000,0x00000000e3f00000,0x00000000e4600000)
  to   space 6144K, 0% used [0x00000000e4600000,0x00000000e4600000,0x00000000e4c00000)
 ParOldGen       total 39424K, used 11078K [0x00000000a0000000, 0x00000000a2680000, 0x00000000e0000000)
  object space 39424K, 28% used [0x00000000a0000000,0x00000000a0ad19c8,0x00000000a2680000)
 Metaspace       used 28661K, capacity 29178K, committed 29488K, reserved 1075200K
  class space    used 3857K, capacity 4038K, committed 4144K, reserved 1048576K
Event: 6.706 GC heap after
Heap after GC invocations=9 (full 1):
 PSYoungGen      total 67584K, used 6117K [0x00000000e0000000, 0x00000000e7100000, 0x0000000100000000)
  eden space 61440K, 0% used [0x00000000e0000000,0x00000000e0000000,0x00000000e3c00000)
  from space 6144K, 99% used [0x00000000e4600000,0x00000000e4bf94d0,0x00000000e4c00000)
  to   space 10240K, 0% used [0x00000000e3c00000,0x00000000e3c00000,0x00000000e4600000)
 ParOldGen       total 39424K, used 12630K [0x00000000a0000000, 0x00000000a2680000, 0x00000000e0000000)
  object space 39424K, 32% used [0x00000000a0000000,0x00000000a0c55be8,0x00000000a2680000)
 Metaspace       used 28661K, capacity 29178K, committed 29488K, reserved 1075200K
  class space    used 3857K, capacity 4038K, committed 4144K, reserved 1048576K
}
Event: 7.273 GC heap before
{Heap before GC invocations=10 (full 1):
 PSYoungGen      total 67584K, used 67557K [0x00000000e0000000, 0x00000000e7100000, 0x0000000100000000)
  eden space 61440K, 100% used [0x00000000e0000000,0x00000000e3c00000,0x00000000e3c00000)
  from space 6144K, 99% used [0x00000000e4600000,0x00000000e4bf94d0,0x00000000e4c00000)
  to   space 10240K, 0% used [0x00000000e3c00000,0x00000000e3c00000,0x00000000e4600000)
 ParOldGen       total 39424K, used 12630K [0x00000000a0000000, 0x00000000a2680000, 0x00000000e0000000)
  object space 39424K, 32% used [0x00000000a0000000,0x00000000a0c55be8,0x00000000a2680000)
 Metaspace       used 31677K, capacity 32220K, committed 32560K, reserved 1077248K
  class space    used 4359K, capacity 4558K, committed 4656K, reserved 1048576K
Event: 7.282 GC heap after
Heap after GC invocations=10 (full 1):
 PSYoungGen      total 71680K, used 8080K [0x00000000e0000000, 0x00000000e6200000, 0x0000000100000000)
  eden space 61440K, 0% used [0x00000000e0000000,0x00000000e0000000,0x00000000e3c00000)
  from space 10240K, 78% used [0x00000000e3c00000,0x00000000e43e43a8,0x00000000e4600000)
  to   space 10752K, 0% used [0x00000000e5780000,0x00000000e5780000,0x00000000e6200000)
 ParOldGen       total 39424K, used 12638K [0x00000000a0000000, 0x00000000a2680000, 0x00000000e0000000)
  object space 39424K, 32% used [0x00000000a0000000,0x00000000a0c57be8,0x00000000a2680000)
 Metaspace       used 31677K, capacity 32220K, committed 32560K, reserved 1077248K
  class space    used 4359K, capacity 4558K, committed 4656K, reserved 1048576K
}
Event: 8.039 GC heap before
{Heap before GC invocations=11 (full 1):
 PSYoungGen      total 71680K, used 61822K [0x00000000e0000000, 0x00000000e6200000, 0x0000000100000000)
  eden space 61440K, 87% used [0x00000000e0000000,0x00000000e347b800,0x00000000e3c00000)
  from space 10240K, 78% used [0x00000000e3c00000,0x00000000e43e43a8,0x00000000e4600000)
  to   space 10752K, 0% used [0x00000000e5780000,0x00000000e5780000,0x00000000e6200000)
 ParOldGen       total 39424K, used 12638K [0x00000000a0000000, 0x00000000a2680000, 0x00000000e0000000)
  object space 39424K, 32% used [0x00000000a0000000,0x00000000a0c57be8,0x00000000a2680000)
 Metaspace       used 34751K, capacity 35448K, committed 35496K, reserved 1079296K
  class space    used 4793K, capacity 4999K, committed 5040K, reserved 1048576K
Event: 8.053 GC heap after
Heap after GC invocations=11 (full 1):
 PSYoungGen      total 88064K, used 10189K [0x00000000e0000000, 0x00000000e6580000, 0x0000000100000000)
  eden space 77312K, 0% used [0x00000000e0000000,0x00000000e0000000,0x00000000e4b80000)
  from space 10752K, 94% used [0x00000000e5780000,0x00000000e6173428,0x00000000e6200000)
  to   space 12288K, 0% used [0x00000000e4b80000,0x00000000e4b80000,0x00000000e5780000)
 ParOldGen       total 39424K, used 12646K [0x00000000a0000000, 0x00000000a2680000, 0x00000000e0000000)
  object space 39424K, 32% used [0x00000000a0000000,0x00000000a0c59be8,0x00000000a2680000)
 Metaspace       used 34751K, capacity 35448K, committed 35496K, reserved 1079296K
  class space    used 4793K, capacity 4999K, committed 5040K, reserved 1048576K
}
Event: 8.053 GC heap before
{Heap before GC invocations=12 (full 2):
 PSYoungGen      total 88064K, used 10189K [0x00000000e0000000, 0x00000000e6580000, 0x0000000100000000)
  eden space 77312K, 0% used [0x00000000e0000000,0x00000000e0000000,0x00000000e4b80000)
  from space 10752K, 94% used [0x00000000e5780000,0x00000000e6173428,0x00000000e6200000)
  to   space 12288K, 0% used [0x00000000e4b80000,0x00000000e4b80000,0x00000000e5780000)
 ParOldGen       total 39424K, used 12646K [0x00000000a0000000, 0x00000000a2680000, 0x00000000e0000000)
  object space 39424K, 32% used [0x00000000a0000000,0x00000000a0c59be8,0x00000000a2680000)
 Metaspace       used 34751K, capacity 35448K, committed 35496K, reserved 1079296K
  class space    used 4793K, capacity 4999K, committed 5040K, reserved 1048576K
Event: 8.145 GC heap after
Heap after GC invocations=12 (full 2):
 PSYoungGen      total 88064K, used 0K [0x00000000e0000000, 0x00000000e6580000, 0x0000000100000000)
  eden space 77312K, 0% used [0x00000000e0000000,0x00000000e0000000,0x00000000e4b80000)
  from space 10752K, 0% used [0x00000000e5780000,0x00000000e5780000,0x00000000e6200000)
  to   space 12288K, 0% used [0x00000000e4b80000,0x00000000e4b80000,0x00000000e5780000)
 ParOldGen       total 39424K, used 17103K [0x00000000a0000000, 0x00000000a2680000, 0x00000000e0000000)
  object space 39424K, 43% used [0x00000000a0000000,0x00000000a10b3ca0,0x00000000a2680000)
 Metaspace       used 34746K, capacity 35430K, committed 35496K, reserved 1079296K
  class space    used 4791K, capacity 4996K, committed 5040K, reserved 1048576K
}

