# JRE version: OpenJDK Runtime Environment (8.0_152-b01) (build 1.8.0_152-release-1343-b01)
# Java VM: OpenJDK 64-Bit Server VM (25.152-b01 mixed mode windows-amd64 compressed oops)
Heap:
 PSYoungGen      total 222720K, used 88248K [0x00000000e0000000, 0x00000000f0080000, 0x0000000100000000)
  eden space 193536K, 45% used [0x00000000e0000000,0x00000000e562e2f0,0x00000000ebd00000)
  from space 29184K, 0% used [0x00000000ebd00000,0x00000000ebd00000,0x00000000ed980000)
  to   space 16896K, 0% used [0x00000000ed980000,0x00000000ed980000,0x00000000eea00000)
 ParOldGen       total 84480K, used 59195K [0x00000000a0000000, 0x00000000a5280000, 0x00000000e0000000)
  object space 84480K, 70% used [0x00000000a0000000,0x00000000a39ced10,0x00000000a5280000)
 Metaspace       used 80834K, capacity 83672K, committed 83736K, reserved 1122304K
  class space    used 10714K, capacity 11253K, committed 11312K, reserved 1048576K
GC Heap History (10 events):
Event: 22.431 GC heap before
{Heap before GC invocations=17 (full 3):
 PSYoungGen      total 183808K, used 12365K [0x00000000e0000000, 0x00000000ec400000, 0x0000000100000000)
  eden space 171008K, 0% used [0x00000000e0000000,0x00000000e0000000,0x00000000ea700000)
  from space 12800K, 96% used [0x00000000eb780000,0x00000000ec3936f8,0x00000000ec400000)
  to   space 14848K, 0% used [0x00000000ea700000,0x00000000ea700000,0x00000000eb580000)
 ParOldGen       total 50688K, used 31368K [0x00000000a0000000, 0x00000000a3180000, 0x00000000e0000000)
  object space 50688K, 61% used [0x00000000a0000000,0x00000000a1ea21b8,0x00000000a3180000)
 Metaspace       used 57480K, capacity 59014K, committed 59160K, reserved 1099776K
  class space    used 7748K, capacity 8122K, committed 8240K, reserved 1048576K
Event: 22.676 GC heap after
Heap after GC invocations=17 (full 3):
 PSYoungGen      total 183808K, used 0K [0x00000000e0000000, 0x00000000ec400000, 0x0000000100000000)
  eden space 171008K, 0% used [0x00000000e0000000,0x00000000e0000000,0x00000000ea700000)
  from space 12800K, 0% used [0x00000000eb780000,0x00000000eb780000,0x00000000ec400000)
  to   space 14848K, 0% used [0x00000000ea700000,0x00000000ea700000,0x00000000eb580000)
 ParOldGen       total 84480K, used 34127K [0x00000000a0000000, 0x00000000a5280000, 0x00000000e0000000)
  object space 84480K, 40% used [0x00000000a0000000,0x00000000a2153d10,0x00000000a5280000)
 Metaspace       used 57480K, capacity 59014K, committed 59160K, reserved 1099776K
  class space    used 7748K, capacity 8122K, committed 8240K, reserved 1048576K
}
Event: 26.975 GC heap before
{Heap before GC invocations=18 (full 3):
 PSYoungGen      total 183808K, used 171008K [0x00000000e0000000, 0x00000000ec400000, 0x0000000100000000)
  eden space 171008K, 100% used [0x00000000e0000000,0x00000000ea700000,0x00000000ea700000)
  from space 12800K, 0% used [0x00000000eb780000,0x00000000eb780000,0x00000000ec400000)
  to   space 14848K, 0% used [0x00000000ea700000,0x00000000ea700000,0x00000000eb580000)
 ParOldGen       total 84480K, used 34127K [0x00000000a0000000, 0x00000000a5280000, 0x00000000e0000000)
  object space 84480K, 40% used [0x00000000a0000000,0x00000000a2153d10,0x00000000a5280000)
 Metaspace       used 61557K, capacity 63532K, committed 63768K, reserved 1103872K
  class space    used 8296K, capacity 8715K, committed 8752K, reserved 1048576K
Event: 27.001 GC heap after
Heap after GC invocations=18 (full 3):
 PSYoungGen      total 185856K, used 14817K [0x00000000e0000000, 0x00000000eea00000, 0x0000000100000000)
  eden space 171008K, 0% used [0x00000000e0000000,0x00000000e0000000,0x00000000ea700000)
  from space 14848K, 99% used [0x00000000ea700000,0x00000000eb578480,0x00000000eb580000)
  to   space 16896K, 0% used [0x00000000ed980000,0x00000000ed980000,0x00000000eea00000)
 ParOldGen       total 84480K, used 34452K [0x00000000a0000000, 0x00000000a5280000, 0x00000000e0000000)
  object space 84480K, 40% used [0x00000000a0000000,0x00000000a21a5210,0x00000000a5280000)
 Metaspace       used 61557K, capacity 63532K, committed 63768K, reserved 1103872K
  class space    used 8296K, capacity 8715K, committed 8752K, reserved 1048576K
}
Event: 34.703 GC heap before
{Heap before GC invocations=19 (full 3):
 PSYoungGen      total 185856K, used 185825K [0x00000000e0000000, 0x00000000eea00000, 0x0000000100000000)
  eden space 171008K, 100% used [0x00000000e0000000,0x00000000ea700000,0x00000000ea700000)
  from space 14848K, 99% used [0x00000000ea700000,0x00000000eb578480,0x00000000eb580000)
  to   space 16896K, 0% used [0x00000000ed980000,0x00000000ed980000,0x00000000eea00000)
 ParOldGen       total 84480K, used 34452K [0x00000000a0000000, 0x00000000a5280000, 0x00000000e0000000)
  object space 84480K, 40% used [0x00000000a0000000,0x00000000a21a5210,0x00000000a5280000)
 Metaspace       used 67640K, capacity 69520K, committed 69784K, reserved 1110016K
  class space    used 8916K, capacity 9327K, committed 9392K, reserved 1048576K
Event: 34.774 GC heap after
Heap after GC invocations=19 (full 3):
 PSYoungGen      total 210432K, used 16875K [0x00000000e0000000, 0x00000000f0080000, 0x0000000100000000)
  eden space 193536K, 0% used [0x00000000e0000000,0x00000000e0000000,0x00000000ebd00000)
  from space 16896K, 99% used [0x00000000ed980000,0x00000000ee9faca8,0x00000000eea00000)
  to   space 29184K, 0% used [0x00000000ebd00000,0x00000000ebd00000,0x00000000ed980000)
 ParOldGen       total 84480K, used 60431K [0x00000000a0000000, 0x00000000a5280000, 0x00000000e0000000)
  object space 84480K, 71% used [0x00000000a0000000,0x00000000a3b03c48,0x00000000a5280000)
 Metaspace       used 67640K, capacity 69520K, committed 69784K, reserved 1110016K
  class space    used 8916K, capacity 9327K, committed 9392K, reserved 1048576K
}
Event: 44.961 GC heap before
{Heap before GC invocations=20 (full 3):
 PSYoungGen      total 210432K, used 210411K [0x00000000e0000000, 0x00000000f0080000, 0x0000000100000000)
  eden space 193536K, 100% used [0x00000000e0000000,0x00000000ebd00000,0x00000000ebd00000)
  from space 16896K, 99% used [0x00000000ed980000,0x00000000ee9faca8,0x00000000eea00000)
  to   space 29184K, 0% used [0x00000000ebd00000,0x00000000ebd00000,0x00000000ed980000)
 ParOldGen       total 84480K, used 60431K [0x00000000a0000000, 0x00000000a5280000, 0x00000000e0000000)
  object space 84480K, 71% used [0x00000000a0000000,0x00000000a3b03c48,0x00000000a5280000)
 Metaspace       used 76819K, capacity 79452K, committed 79512K, reserved 1118208K
  class space    used 10094K, capacity 10649K, committed 10672K, reserved 1048576K
Event: 45.008 GC heap after
Heap after GC invocations=20 (full 3):
 PSYoungGen      total 222720K, used 17822K [0x00000000e0000000, 0x00000000f0080000, 0x0000000100000000)
  eden space 193536K, 0% used [0x00000000e0000000,0x00000000e0000000,0x00000000ebd00000)
  from space 29184K, 61% used [0x00000000ebd00000,0x00000000ece67a18,0x00000000ed980000)
  to   space 16896K, 0% used [0x00000000ed980000,0x00000000ed980000,0x00000000eea00000)
 ParOldGen       total 84480K, used 69651K [0x00000000a0000000, 0x00000000a5280000, 0x00000000e0000000)
  object space 84480K, 82% used [0x00000000a0000000,0x00000000a4404ed8,0x00000000a5280000)
 Metaspace       used 76819K, capacity 79452K, committed 79512K, reserved 1118208K
  class space    used 10094K, capacity 10649K, committed 10672K, reserved 1048576K
}
Event: 45.008 GC heap before
{Heap before GC invocations=21 (full 4):
 PSYoungGen      total 222720K, used 17822K [0x00000000e0000000, 0x00000000f0080000, 0x0000000100000000)
  eden space 193536K, 0% used [0x00000000e0000000,0x00000000e0000000,0x00000000ebd00000)
  from space 29184K, 61% used [0x00000000ebd00000,0x00000000ece67a18,0x00000000ed980000)
  to   space 16896K, 0% used [0x00000000ed980000,0x00000000ed980000,0x00000000eea00000)
 ParOldGen       total 84480K, used 69651K [0x00000000a0000000, 0x00000000a5280000, 0x00000000e0000000)
  object space 84480K, 82% used [0x00000000a0000000,0x00000000a4404ed8,0x00000000a5280000)
 Metaspace       used 76819K, capacity 79452K, committed 79512K, reserved 1118208K
  class space    used 10094K, capacity 10649K, committed 10672K, reserved 1048576K
Event: 45.231 GC heap after
Heap after GC invocations=21 (full 4):
 PSYoungGen      total 222720K, used 0K [0x00000000e0000000, 0x00000000f0080000, 0x0000000100000000)
  eden space 193536K, 0% used [0x00000000e0000000,0x00000000e0000000,0x00000000ebd00000)
  from space 29184K, 0% used [0x00000000ebd00000,0x00000000ebd00000,0x00000000ed980000)
  to   space 16896K, 0% used [0x00000000ed980000,0x00000000ed980000,0x00000000eea00000)
 ParOldGen       total 84480K, used 59195K [0x00000000a0000000, 0x00000000a5280000, 0x00000000e0000000)
  object space 84480K, 70% used [0x00000000a0000000,0x00000000a39ced10,0x00000000a5280000)
 Metaspace       used 76756K, capacity 79266K, committed 79512K, reserved 1118208K
  class space    used 10073K, capacity 10612K, committed 10672K, reserved 1048576K
}

