# JRE version: OpenJDK Runtime Environment (8.0_152-b01) (build 1.8.0_152-release-1343-b01)
# Java VM: OpenJDK 64-Bit Server VM (25.152-b01 mixed mode windows-amd64 compressed oops)
Heap:
 PSYoungGen      total 342016K, used 94089K [0x00000000e0000000, 0x00000000f7400000, 0x0000000100000000)
  eden space 303104K, 23% used [0x00000000e0000000,0x00000000e46802e8,0x00000000f2800000)
  from space 38912K, 56% used [0x00000000f2800000,0x00000000f3d62440,0x00000000f4e00000)
  to   space 31232K, 0% used [0x00000000f5580000,0x00000000f5580000,0x00000000f7400000)
 ParOldGen       total 185344K, used 96347K [0x00000000a0000000, 0x00000000ab500000, 0x00000000e0000000)
  object space 185344K, 51% used [0x00000000a0000000,0x00000000a5e16f20,0x00000000ab500000)
 Metaspace       used 91316K, capacity 95054K, committed 95128K, reserved 1132544K
  class space    used 11443K, capacity 12142K, committed 12192K, reserved 1048576K
GC Heap History (10 events):
Event: 506.133 GC heap before
{Heap before GC invocations=23 (full 4):
 PSYoungGen      total 307712K, used 289117K [0x00000000e0000000, 0x00000000f5800000, 0x0000000100000000)
  eden space 272384K, 100% used [0x00000000e0000000,0x00000000f0a00000,0x00000000f0a00000)
  from space 35328K, 47% used [0x00000000f3580000,0x00000000f45d77a8,0x00000000f5800000)
  to   space 39936K, 0% used [0x00000000f0a00000,0x00000000f0a00000,0x00000000f3100000)
 ParOldGen       total 185344K, used 96315K [0x00000000a0000000, 0x00000000ab500000, 0x00000000e0000000)
  object space 185344K, 51% used [0x00000000a0000000,0x00000000a5e0ef20,0x00000000ab500000)
 Metaspace       used 89000K, capacity 92296K, committed 92440K, reserved 1130496K
  class space    used 11299K, capacity 11943K, committed 12064K, reserved 1048576K
Event: 506.165 GC heap after
Heap after GC invocations=23 (full 4):
 PSYoungGen      total 312320K, used 18417K [0x00000000e0000000, 0x00000000f7380000, 0x0000000100000000)
  eden space 272384K, 0% used [0x00000000e0000000,0x00000000e0000000,0x00000000f0a00000)
  from space 39936K, 46% used [0x00000000f0a00000,0x00000000f1bfc6f8,0x00000000f3100000)
  to   space 38400K, 0% used [0x00000000f4e00000,0x00000000f4e00000,0x00000000f7380000)
 ParOldGen       total 185344K, used 96315K [0x00000000a0000000, 0x00000000ab500000, 0x00000000e0000000)
  object space 185344K, 51% used [0x00000000a0000000,0x00000000a5e0ef20,0x00000000ab500000)
 Metaspace       used 89000K, capacity 92296K, committed 92440K, reserved 1130496K
  class space    used 11299K, capacity 11943K, committed 12064K, reserved 1048576K
}
Event: 508.403 GC heap before
{Heap before GC invocations=24 (full 4):
 PSYoungGen      total 312320K, used 290801K [0x00000000e0000000, 0x00000000f7380000, 0x0000000100000000)
  eden space 272384K, 100% used [0x00000000e0000000,0x00000000f0a00000,0x00000000f0a00000)
  from space 39936K, 46% used [0x00000000f0a00000,0x00000000f1bfc6f8,0x00000000f3100000)
  to   space 38400K, 0% used [0x00000000f4e00000,0x00000000f4e00000,0x00000000f7380000)
 ParOldGen       total 185344K, used 96315K [0x00000000a0000000, 0x00000000ab500000, 0x00000000e0000000)
  object space 185344K, 51% used [0x00000000a0000000,0x00000000a5e0ef20,0x00000000ab500000)
 Metaspace       used 89124K, capacity 92402K, committed 92696K, reserved 1130496K
  class space    used 11308K, capacity 11954K, committed 12064K, reserved 1048576K
Event: 508.488 GC heap after
Heap after GC invocations=24 (full 4):
 PSYoungGen      total 310784K, used 33907K [0x00000000e0000000, 0x00000000f7380000, 0x0000000100000000)
  eden space 272384K, 0% used [0x00000000e0000000,0x00000000e0000000,0x00000000f0a00000)
  from space 38400K, 88% used [0x00000000f4e00000,0x00000000f6f1ce30,0x00000000f7380000)
  to   space 39936K, 0% used [0x00000000f0a00000,0x00000000f0a00000,0x00000000f3100000)
 ParOldGen       total 185344K, used 96323K [0x00000000a0000000, 0x00000000ab500000, 0x00000000e0000000)
  object space 185344K, 51% used [0x00000000a0000000,0x00000000a5e10f20,0x00000000ab500000)
 Metaspace       used 89124K, capacity 92402K, committed 92696K, reserved 1130496K
  class space    used 11308K, capacity 11954K, committed 12064K, reserved 1048576K
}
Event: 620.818 GC heap before
{Heap before GC invocations=25 (full 4):
 PSYoungGen      total 310784K, used 306291K [0x00000000e0000000, 0x00000000f7380000, 0x0000000100000000)
  eden space 272384K, 100% used [0x00000000e0000000,0x00000000f0a00000,0x00000000f0a00000)
  from space 38400K, 88% used [0x00000000f4e00000,0x00000000f6f1ce30,0x00000000f7380000)
  to   space 39936K, 0% used [0x00000000f0a00000,0x00000000f0a00000,0x00000000f3100000)
 ParOldGen       total 185344K, used 96323K [0x00000000a0000000, 0x00000000ab500000, 0x00000000e0000000)
  object space 185344K, 51% used [0x00000000a0000000,0x00000000a5e10f20,0x00000000ab500000)
 Metaspace       used 89806K, capacity 93222K, committed 93464K, reserved 1130496K
  class space    used 11354K, capacity 12002K, committed 12064K, reserved 1048576K
Event: 620.839 GC heap after
Heap after GC invocations=25 (full 4):
 PSYoungGen      total 312320K, used 14039K [0x00000000e0000000, 0x00000000f7d80000, 0x0000000100000000)
  eden space 272384K, 0% used [0x00000000e0000000,0x00000000e0000000,0x00000000f0a00000)
  from space 39936K, 35% used [0x00000000f0a00000,0x00000000f17b5f30,0x00000000f3100000)
  to   space 40960K, 0% used [0x00000000f5580000,0x00000000f5580000,0x00000000f7d80000)
 ParOldGen       total 185344K, used 96331K [0x00000000a0000000, 0x00000000ab500000, 0x00000000e0000000)
  object space 185344K, 51% used [0x00000000a0000000,0x00000000a5e12f20,0x00000000ab500000)
 Metaspace       used 89806K, capacity 93222K, committed 93464K, reserved 1130496K
  class space    used 11354K, capacity 12002K, committed 12064K, reserved 1048576K
}
Event: 627.960 GC heap before
{Heap before GC invocations=26 (full 4):
 PSYoungGen      total 312320K, used 286359K [0x00000000e0000000, 0x00000000f7d80000, 0x0000000100000000)
  eden space 272384K, 99% used [0x00000000e0000000,0x00000000f09eff00,0x00000000f0a00000)
  from space 39936K, 35% used [0x00000000f0a00000,0x00000000f17b5f30,0x00000000f3100000)
  to   space 40960K, 0% used [0x00000000f5580000,0x00000000f5580000,0x00000000f7d80000)
 ParOldGen       total 185344K, used 96331K [0x00000000a0000000, 0x00000000ab500000, 0x00000000e0000000)
  object space 185344K, 51% used [0x00000000a0000000,0x00000000a5e12f20,0x00000000ab500000)
 Metaspace       used 90246K, capacity 93712K, committed 93976K, reserved 1130496K
  class space    used 11392K, capacity 12051K, committed 12064K, reserved 1048576K
Event: 627.975 GC heap after
Heap after GC invocations=26 (full 4):
 PSYoungGen      total 334336K, used 16069K [0x00000000e0000000, 0x00000000f7400000, 0x0000000100000000)
  eden space 303104K, 0% used [0x00000000e0000000,0x00000000e0000000,0x00000000f2800000)
  from space 31232K, 51% used [0x00000000f5580000,0x00000000f65316b8,0x00000000f7400000)
  to   space 38912K, 0% used [0x00000000f2800000,0x00000000f2800000,0x00000000f4e00000)
 ParOldGen       total 185344K, used 96339K [0x00000000a0000000, 0x00000000ab500000, 0x00000000e0000000)
  object space 185344K, 51% used [0x00000000a0000000,0x00000000a5e14f20,0x00000000ab500000)
 Metaspace       used 90246K, capacity 93712K, committed 93976K, reserved 1130496K
  class space    used 11392K, capacity 12051K, committed 12064K, reserved 1048576K
}
Event: 806.556 GC heap before
{Heap before GC invocations=27 (full 4):
 PSYoungGen      total 334336K, used 319173K [0x00000000e0000000, 0x00000000f7400000, 0x0000000100000000)
  eden space 303104K, 100% used [0x00000000e0000000,0x00000000f2800000,0x00000000f2800000)
  from space 31232K, 51% used [0x00000000f5580000,0x00000000f65316b8,0x00000000f7400000)
  to   space 38912K, 0% used [0x00000000f2800000,0x00000000f2800000,0x00000000f4e00000)
 ParOldGen       total 185344K, used 96339K [0x00000000a0000000, 0x00000000ab500000, 0x00000000e0000000)
  object space 185344K, 51% used [0x00000000a0000000,0x00000000a5e14f20,0x00000000ab500000)
 Metaspace       used 91095K, capacity 94688K, committed 94872K, reserved 1132544K
  class space    used 11427K, capacity 12113K, committed 12192K, reserved 1048576K
Event: 806.597 GC heap after
Heap after GC invocations=27 (full 4):
 PSYoungGen      total 342016K, used 21897K [0x00000000e0000000, 0x00000000f7400000, 0x0000000100000000)
  eden space 303104K, 0% used [0x00000000e0000000,0x00000000e0000000,0x00000000f2800000)
  from space 38912K, 56% used [0x00000000f2800000,0x00000000f3d62440,0x00000000f4e00000)
  to   space 31232K, 0% used [0x00000000f5580000,0x00000000f5580000,0x00000000f7400000)
 ParOldGen       total 185344K, used 96347K [0x00000000a0000000, 0x00000000ab500000, 0x00000000e0000000)
  object space 185344K, 51% used [0x00000000a0000000,0x00000000a5e16f20,0x00000000ab500000)
 Metaspace       used 91095K, capacity 94688K, committed 94872K, reserved 1132544K
  class space    used 11427K, capacity 12113K, committed 12192K, reserved 1048576K
}

