# JRE version: OpenJDK Runtime Environment (8.0_152-b01) (build 1.8.0_152-release-1343-b01)
# Java VM: OpenJDK 64-Bit Server VM (25.152-b01 mixed mode windows-amd64 compressed oops)
Heap:
 PSYoungGen      total 189952K, used 117138K [0x00000000e0000000, 0x00000000ee880000, 0x0000000100000000)
  eden space 171520K, 68% used [0x00000000e0000000,0x00000000e7264b00,0x00000000ea780000)
  from space 18432K, 0% used [0x00000000ed680000,0x00000000ed680000,0x00000000ee880000)
  to   space 16384K, 0% used [0x00000000ea780000,0x00000000ea780000,0x00000000eb780000)
 ParOldGen       total 93184K, used 61364K [0x00000000a0000000, 0x00000000a5b00000, 0x00000000e0000000)
  object space 93184K, 65% used [0x00000000a0000000,0x00000000a3bed328,0x00000000a5b00000)
 Metaspace       used 84633K, capacity 87624K, committed 88088K, reserved 1126400K
  class space    used 11036K, capacity 11657K, committed 11824K, reserved 1048576K
GC Heap History (10 events):
Event: 12.819 GC heap before
{Heap before GC invocations=16 (full 3):
 PSYoungGen      total 186880K, used 171520K [0x00000000e0000000, 0x00000000ec780000, 0x0000000100000000)
  eden space 171520K, 100% used [0x00000000e0000000,0x00000000ea780000,0x00000000ea780000)
  from space 15360K, 0% used [0x00000000eb880000,0x00000000eb880000,0x00000000ec780000)
  to   space 16384K, 0% used [0x00000000ea780000,0x00000000ea780000,0x00000000eb780000)
 ParOldGen       total 93184K, used 34299K [0x00000000a0000000, 0x00000000a5b00000, 0x00000000e0000000)
  object space 93184K, 36% used [0x00000000a0000000,0x00000000a217ec28,0x00000000a5b00000)
 Metaspace       used 61549K, capacity 63558K, committed 63768K, reserved 1103872K
  class space    used 8300K, capacity 8746K, committed 8752K, reserved 1048576K
Event: 12.839 GC heap after
Heap after GC invocations=16 (full 3):
 PSYoungGen      total 187904K, used 15030K [0x00000000e0000000, 0x00000000ee880000, 0x0000000100000000)
  eden space 171520K, 0% used [0x00000000e0000000,0x00000000e0000000,0x00000000ea780000)
  from space 16384K, 91% used [0x00000000ea780000,0x00000000eb62db40,0x00000000eb780000)
  to   space 18432K, 0% used [0x00000000ed680000,0x00000000ed680000,0x00000000ee880000)
 ParOldGen       total 93184K, used 34307K [0x00000000a0000000, 0x00000000a5b00000, 0x00000000e0000000)
  object space 93184K, 36% used [0x00000000a0000000,0x00000000a2180c28,0x00000000a5b00000)
 Metaspace       used 61549K, capacity 63558K, committed 63768K, reserved 1103872K
  class space    used 8300K, capacity 8746K, committed 8752K, reserved 1048576K
}
Event: 18.217 GC heap before
{Heap before GC invocations=17 (full 3):
 PSYoungGen      total 187904K, used 186550K [0x00000000e0000000, 0x00000000ee880000, 0x0000000100000000)
  eden space 171520K, 100% used [0x00000000e0000000,0x00000000ea780000,0x00000000ea780000)
  from space 16384K, 91% used [0x00000000ea780000,0x00000000eb62db40,0x00000000eb780000)
  to   space 18432K, 0% used [0x00000000ed680000,0x00000000ed680000,0x00000000ee880000)
 ParOldGen       total 93184K, used 34307K [0x00000000a0000000, 0x00000000a5b00000, 0x00000000e0000000)
  object space 93184K, 36% used [0x00000000a0000000,0x00000000a2180c28,0x00000000a5b00000)
 Metaspace       used 67550K, capacity 69546K, committed 69784K, reserved 1110016K
  class space    used 8920K, capacity 9358K, committed 9392K, reserved 1048576K
Event: 18.304 GC heap after
Heap after GC invocations=17 (full 3):
 PSYoungGen      total 189952K, used 18407K [0x00000000e0000000, 0x00000000ee880000, 0x0000000100000000)
  eden space 171520K, 0% used [0x00000000e0000000,0x00000000e0000000,0x00000000ea780000)
  from space 18432K, 99% used [0x00000000ed680000,0x00000000ee879e80,0x00000000ee880000)
  to   space 16384K, 0% used [0x00000000ea780000,0x00000000ea780000,0x00000000eb780000)
 ParOldGen       total 93184K, used 58599K [0x00000000a0000000, 0x00000000a5b00000, 0x00000000e0000000)
  object space 93184K, 62% used [0x00000000a0000000,0x00000000a3939e10,0x00000000a5b00000)
 Metaspace       used 67550K, capacity 69546K, committed 69784K, reserved 1110016K
  class space    used 8920K, capacity 9358K, committed 9392K, reserved 1048576K
}
Event: 26.666 GC heap before
{Heap before GC invocations=18 (full 3):
 PSYoungGen      total 189952K, used 189927K [0x00000000e0000000, 0x00000000ee880000, 0x0000000100000000)
  eden space 171520K, 100% used [0x00000000e0000000,0x00000000ea780000,0x00000000ea780000)
  from space 18432K, 99% used [0x00000000ed680000,0x00000000ee879e80,0x00000000ee880000)
  to   space 16384K, 0% used [0x00000000ea780000,0x00000000ea780000,0x00000000eb780000)
 ParOldGen       total 93184K, used 58599K [0x00000000a0000000, 0x00000000a5b00000, 0x00000000e0000000)
  object space 93184K, 62% used [0x00000000a0000000,0x00000000a3939e10,0x00000000a5b00000)
 Metaspace       used 70388K, capacity 72582K, committed 72728K, reserved 1112064K
  class space    used 9241K, capacity 9726K, committed 9776K, reserved 1048576K
Event: 26.721 GC heap after
Heap after GC invocations=18 (full 3):
 PSYoungGen      total 187904K, used 16366K [0x00000000e0000000, 0x00000000ee880000, 0x0000000100000000)
  eden space 171520K, 0% used [0x00000000e0000000,0x00000000e0000000,0x00000000ea780000)
  from space 16384K, 99% used [0x00000000ea780000,0x00000000eb77b908,0x00000000eb780000)
  to   space 18432K, 0% used [0x00000000ed680000,0x00000000ed680000,0x00000000ee880000)
 ParOldGen       total 93184K, used 72519K [0x00000000a0000000, 0x00000000a5b00000, 0x00000000e0000000)
  object space 93184K, 77% used [0x00000000a0000000,0x00000000a46d1c40,0x00000000a5b00000)
 Metaspace       used 70388K, capacity 72582K, committed 72728K, reserved 1112064K
  class space    used 9241K, capacity 9726K, committed 9776K, reserved 1048576K
}
Event: 230.072 GC heap before
{Heap before GC invocations=19 (full 3):
 PSYoungGen      total 187904K, used 187886K [0x00000000e0000000, 0x00000000ee880000, 0x0000000100000000)
  eden space 171520K, 100% used [0x00000000e0000000,0x00000000ea780000,0x00000000ea780000)
  from space 16384K, 99% used [0x00000000ea780000,0x00000000eb77b908,0x00000000eb780000)
  to   space 18432K, 0% used [0x00000000ed680000,0x00000000ed680000,0x00000000ee880000)
 ParOldGen       total 93184K, used 72519K [0x00000000a0000000, 0x00000000a5b00000, 0x00000000e0000000)
  object space 93184K, 77% used [0x00000000a0000000,0x00000000a46d1c40,0x00000000a5b00000)
 Metaspace       used 84369K, capacity 87526K, committed 87704K, reserved 1126400K
  class space    used 11022K, capacity 11642K, committed 11696K, reserved 1048576K
Event: 230.118 GC heap after
Heap after GC invocations=19 (full 3):
 PSYoungGen      total 189952K, used 16478K [0x00000000e0000000, 0x00000000ee880000, 0x0000000100000000)
  eden space 171520K, 0% used [0x00000000e0000000,0x00000000e0000000,0x00000000ea780000)
  from space 18432K, 89% used [0x00000000ed680000,0x00000000ee697938,0x00000000ee880000)
  to   space 16384K, 0% used [0x00000000ea780000,0x00000000ea780000,0x00000000eb780000)
 ParOldGen       total 93184K, used 87417K [0x00000000a0000000, 0x00000000a5b00000, 0x00000000e0000000)
  object space 93184K, 93% used [0x00000000a0000000,0x00000000a555e738,0x00000000a5b00000)
 Metaspace       used 84369K, capacity 87526K, committed 87704K, reserved 1126400K
  class space    used 11022K, capacity 11642K, committed 11696K, reserved 1048576K
}
Event: 230.118 GC heap before
{Heap before GC invocations=20 (full 4):
 PSYoungGen      total 189952K, used 16478K [0x00000000e0000000, 0x00000000ee880000, 0x0000000100000000)
  eden space 171520K, 0% used [0x00000000e0000000,0x00000000e0000000,0x00000000ea780000)
  from space 18432K, 89% used [0x00000000ed680000,0x00000000ee697938,0x00000000ee880000)
  to   space 16384K, 0% used [0x00000000ea780000,0x00000000ea780000,0x00000000eb780000)
 ParOldGen       total 93184K, used 87417K [0x00000000a0000000, 0x00000000a5b00000, 0x00000000e0000000)
  object space 93184K, 93% used [0x00000000a0000000,0x00000000a555e738,0x00000000a5b00000)
 Metaspace       used 84369K, capacity 87526K, committed 87704K, reserved 1126400K
  class space    used 11022K, capacity 11642K, committed 11696K, reserved 1048576K
Event: 230.341 GC heap after
Heap after GC invocations=20 (full 4):
 PSYoungGen      total 189952K, used 0K [0x00000000e0000000, 0x00000000ee880000, 0x0000000100000000)
  eden space 171520K, 0% used [0x00000000e0000000,0x00000000e0000000,0x00000000ea780000)
  from space 18432K, 0% used [0x00000000ed680000,0x00000000ed680000,0x00000000ee880000)
  to   space 16384K, 0% used [0x00000000ea780000,0x00000000ea780000,0x00000000eb780000)
 ParOldGen       total 93184K, used 61364K [0x00000000a0000000, 0x00000000a5b00000, 0x00000000e0000000)
  object space 93184K, 65% used [0x00000000a0000000,0x00000000a3bed328,0x00000000a5b00000)
 Metaspace       used 84282K, capacity 87282K, committed 87704K, reserved 1126400K
  class space    used 10993K, capacity 11590K, committed 11696K, reserved 1048576K
}

