# JRE version: OpenJDK Runtime Environment (8.0_152-b01) (build 1.8.0_152-release-1343-b01)
# Java VM: OpenJDK 64-Bit Server VM (25.152-b01 mixed mode windows-amd64 compressed oops)
Heap:
 PSYoungGen      total 37888K, used 7243K [0x00000000e0000000, 0x00000000e2a00000, 0x0000000100000000)
  eden space 32768K, 6% used [0x00000000e0000000,0x00000000e02264f0,0x00000000e2000000)
  from space 5120K, 98% used [0x00000000e2000000,0x00000000e24ec7d0,0x00000000e2500000)
  to   space 5120K, 0% used [0x00000000e2500000,0x00000000e2500000,0x00000000e2a00000)
 ParOldGen       total 44032K, used 7027K [0x00000000a0000000, 0x00000000a2b00000, 0x00000000e0000000)
  object space 44032K, 15% used [0x00000000a0000000,0x00000000a06dcea8,0x00000000a2b00000)
 Metaspace       used 19170K, capacity 19674K, committed 19840K, reserved 1067008K
  class space    used 2761K, capacity 2931K, committed 2944K, reserved 1048576K
GC Heap History (10 events):
Event: 9.491 GC heap before
{Heap before GC invocations=5 (full 0):
 PSYoungGen      total 18944K, used 18912K [0x00000000e0000000, 0x00000000e1500000, 0x0000000100000000)
  eden space 16384K, 100% used [0x00000000e0000000,0x00000000e1000000,0x00000000e1000000)
  from space 2560K, 98% used [0x00000000e1280000,0x00000000e14f8020,0x00000000e1500000)
  to   space 2560K, 0% used [0x00000000e1000000,0x00000000e1000000,0x00000000e1280000)
 ParOldGen       total 44032K, used 1905K [0x00000000a0000000, 0x00000000a2b00000, 0x00000000e0000000)
  object space 44032K, 4% used [0x00000000a0000000,0x00000000a01dc720,0x00000000a2b00000)
 Metaspace       used 11887K, capacity 12316K, committed 12544K, reserved 1060864K
  class space    used 1576K, capacity 1722K, committed 1792K, reserved 1048576K
Event: 9.496 GC heap after
Heap after GC invocations=5 (full 0):
 PSYoungGen      total 18944K, used 2560K [0x00000000e0000000, 0x00000000e1a00000, 0x0000000100000000)
  eden space 16384K, 0% used [0x00000000e0000000,0x00000000e0000000,0x00000000e1000000)
  from space 2560K, 100% used [0x00000000e1000000,0x00000000e1280000,0x00000000e1280000)
  to   space 5120K, 0% used [0x00000000e1500000,0x00000000e1500000,0x00000000e1a00000)
 ParOldGen       total 44032K, used 4218K [0x00000000a0000000, 0x00000000a2b00000, 0x00000000e0000000)
  object space 44032K, 9% used [0x00000000a0000000,0x00000000a041e9d0,0x00000000a2b00000)
 Metaspace       used 11887K, capacity 12316K, committed 12544K, reserved 1060864K
  class space    used 1576K, capacity 1722K, committed 1792K, reserved 1048576K
}
Event: 9.609 GC heap before
{Heap before GC invocations=6 (full 0):
 PSYoungGen      total 18944K, used 18936K [0x00000000e0000000, 0x00000000e1a00000, 0x0000000100000000)
  eden space 16384K, 99% used [0x00000000e0000000,0x00000000e0ffe030,0x00000000e1000000)
  from space 2560K, 100% used [0x00000000e1000000,0x00000000e1280000,0x00000000e1280000)
  to   space 5120K, 0% used [0x00000000e1500000,0x00000000e1500000,0x00000000e1a00000)
 ParOldGen       total 44032K, used 4218K [0x00000000a0000000, 0x00000000a2b00000, 0x00000000e0000000)
  object space 44032K, 9% used [0x00000000a0000000,0x00000000a041e9d0,0x00000000a2b00000)
 Metaspace       used 12907K, capacity 13238K, committed 13440K, reserved 1060864K
  class space    used 1770K, capacity 1903K, committed 1920K, reserved 1048576K
Event: 9.614 GC heap after
Heap after GC invocations=6 (full 0):
 PSYoungGen      total 21504K, used 4103K [0x00000000e0000000, 0x00000000e2a00000, 0x0000000100000000)
  eden space 16384K, 0% used [0x00000000e0000000,0x00000000e0000000,0x00000000e1000000)
  from space 5120K, 80% used [0x00000000e1500000,0x00000000e1901e88,0x00000000e1a00000)
  to   space 5120K, 0% used [0x00000000e1000000,0x00000000e1000000,0x00000000e1500000)
 ParOldGen       total 44032K, used 4218K [0x00000000a0000000, 0x00000000a2b00000, 0x00000000e0000000)
  object space 44032K, 9% used [0x00000000a0000000,0x00000000a041e9d0,0x00000000a2b00000)
 Metaspace       used 12907K, capacity 13238K, committed 13440K, reserved 1060864K
  class space    used 1770K, capacity 1903K, committed 1920K, reserved 1048576K
}
Event: 9.760 GC heap before
{Heap before GC invocations=7 (full 0):
 PSYoungGen      total 21504K, used 20487K [0x00000000e0000000, 0x00000000e2a00000, 0x0000000100000000)
  eden space 16384K, 100% used [0x00000000e0000000,0x00000000e1000000,0x00000000e1000000)
  from space 5120K, 80% used [0x00000000e1500000,0x00000000e1901e88,0x00000000e1a00000)
  to   space 5120K, 0% used [0x00000000e1000000,0x00000000e1000000,0x00000000e1500000)
 ParOldGen       total 44032K, used 4218K [0x00000000a0000000, 0x00000000a2b00000, 0x00000000e0000000)
  object space 44032K, 9% used [0x00000000a0000000,0x00000000a041e9d0,0x00000000a2b00000)
 Metaspace       used 14419K, capacity 14814K, committed 14976K, reserved 1062912K
  class space    used 2018K, capacity 2131K, committed 2176K, reserved 1048576K
Event: 9.765 GC heap after
Heap after GC invocations=7 (full 0):
 PSYoungGen      total 21504K, used 3914K [0x00000000e0000000, 0x00000000e2a00000, 0x0000000100000000)
  eden space 16384K, 0% used [0x00000000e0000000,0x00000000e0000000,0x00000000e1000000)
  from space 5120K, 76% used [0x00000000e1000000,0x00000000e13d2a70,0x00000000e1500000)
  to   space 5120K, 0% used [0x00000000e2500000,0x00000000e2500000,0x00000000e2a00000)
 ParOldGen       total 44032K, used 5291K [0x00000000a0000000, 0x00000000a2b00000, 0x00000000e0000000)
  object space 44032K, 12% used [0x00000000a0000000,0x00000000a052ae38,0x00000000a2b00000)
 Metaspace       used 14419K, capacity 14814K, committed 14976K, reserved 1062912K
  class space    used 2018K, capacity 2131K, committed 2176K, reserved 1048576K
}
Event: 9.925 GC heap before
{Heap before GC invocations=8 (full 0):
 PSYoungGen      total 21504K, used 20298K [0x00000000e0000000, 0x00000000e2a00000, 0x0000000100000000)
  eden space 16384K, 100% used [0x00000000e0000000,0x00000000e1000000,0x00000000e1000000)
  from space 5120K, 76% used [0x00000000e1000000,0x00000000e13d2a70,0x00000000e1500000)
  to   space 5120K, 0% used [0x00000000e2500000,0x00000000e2500000,0x00000000e2a00000)
 ParOldGen       total 44032K, used 5291K [0x00000000a0000000, 0x00000000a2b00000, 0x00000000e0000000)
  object space 44032K, 12% used [0x00000000a0000000,0x00000000a052ae38,0x00000000a2b00000)
 Metaspace       used 15704K, capacity 16108K, committed 16256K, reserved 1062912K
  class space    used 2237K, capacity 2396K, committed 2432K, reserved 1048576K
Event: 9.932 GC heap after
Heap after GC invocations=8 (full 0):
 PSYoungGen      total 37888K, used 3439K [0x00000000e0000000, 0x00000000e2a00000, 0x0000000100000000)
  eden space 32768K, 0% used [0x00000000e0000000,0x00000000e0000000,0x00000000e2000000)
  from space 5120K, 67% used [0x00000000e2500000,0x00000000e285bda0,0x00000000e2a00000)
  to   space 5120K, 0% used [0x00000000e2000000,0x00000000e2000000,0x00000000e2500000)
 ParOldGen       total 44032K, used 6139K [0x00000000a0000000, 0x00000000a2b00000, 0x00000000e0000000)
  object space 44032K, 13% used [0x00000000a0000000,0x00000000a05fee58,0x00000000a2b00000)
 Metaspace       used 15704K, capacity 16108K, committed 16256K, reserved 1062912K
  class space    used 2237K, capacity 2396K, committed 2432K, reserved 1048576K
}
Event: 10.377 GC heap before
{Heap before GC invocations=9 (full 0):
 PSYoungGen      total 37888K, used 36207K [0x00000000e0000000, 0x00000000e2a00000, 0x0000000100000000)
  eden space 32768K, 100% used [0x00000000e0000000,0x00000000e2000000,0x00000000e2000000)
  from space 5120K, 67% used [0x00000000e2500000,0x00000000e285bda0,0x00000000e2a00000)
  to   space 5120K, 0% used [0x00000000e2000000,0x00000000e2000000,0x00000000e2500000)
 ParOldGen       total 44032K, used 6139K [0x00000000a0000000, 0x00000000a2b00000, 0x00000000e0000000)
  object space 44032K, 13% used [0x00000000a0000000,0x00000000a05fee58,0x00000000a2b00000)
 Metaspace       used 18929K, capacity 19450K, committed 19584K, reserved 1067008K
  class space    used 2726K, capacity 2899K, committed 2944K, reserved 1048576K
Event: 10.390 GC heap after
Heap after GC invocations=9 (full 0):
 PSYoungGen      total 37888K, used 5041K [0x00000000e0000000, 0x00000000e2a00000, 0x0000000100000000)
  eden space 32768K, 0% used [0x00000000e0000000,0x00000000e0000000,0x00000000e2000000)
  from space 5120K, 98% used [0x00000000e2000000,0x00000000e24ec7d0,0x00000000e2500000)
  to   space 5120K, 0% used [0x00000000e2500000,0x00000000e2500000,0x00000000e2a00000)
 ParOldGen       total 44032K, used 7027K [0x00000000a0000000, 0x00000000a2b00000, 0x00000000e0000000)
  object space 44032K, 15% used [0x00000000a0000000,0x00000000a06dcea8,0x00000000a2b00000)
 Metaspace       used 18929K, capacity 19450K, committed 19584K, reserved 1067008K
  class space    used 2726K, capacity 2899K, committed 2944K, reserved 1048576K
}

