# JRE version: OpenJDK Runtime Environment (8.0_152-b01) (build 1.8.0_152-release-1343-b01)
# Java VM: OpenJDK 64-Bit Server VM (25.152-b01 mixed mode windows-amd64 compressed oops)
Heap:
 PSYoungGen      total 208896K, used 73680K [0x00000000e0000000, 0x00000000f0400000, 0x0000000100000000)
  eden space 192000K, 37% used [0x00000000e0000000,0x00000000e45bd270,0x00000000ebb80000)
  from space 16896K, 13% used [0x00000000ed680000,0x00000000ed8b6e60,0x00000000ee700000)
  to   space 27648K, 0% used [0x00000000ebb80000,0x00000000ebb80000,0x00000000ed680000)
 ParOldGen       total 85504K, used 54069K [0x00000000a0000000, 0x00000000a5380000, 0x00000000e0000000)
  object space 85504K, 63% used [0x00000000a0000000,0x00000000a34cd618,0x00000000a5380000)
 Metaspace       used 72221K, capacity 74554K, committed 74776K, reserved 1114112K
  class space    used 9433K, capacity 9939K, committed 10032K, reserved 1048576K
GC Heap History (10 events):
Event: 14.261 GC heap before
{Heap before GC invocations=18 (full 3):
 PSYoungGen      total 182272K, used 169472K [0x00000000e0000000, 0x00000000ec300000, 0x0000000100000000)
  eden space 169472K, 100% used [0x00000000e0000000,0x00000000ea580000,0x00000000ea580000)
  from space 12800K, 0% used [0x00000000eb380000,0x00000000eb380000,0x00000000ec000000)
  to   space 14336K, 0% used [0x00000000ea580000,0x00000000ea580000,0x00000000eb380000)
 ParOldGen       total 85504K, used 34304K [0x00000000a0000000, 0x00000000a5380000, 0x00000000e0000000)
  object space 85504K, 40% used [0x00000000a0000000,0x00000000a21800c0,0x00000000a5380000)
 Metaspace       used 61489K, capacity 63414K, committed 63512K, reserved 1103872K
  class space    used 8285K, capacity 8732K, committed 8752K, reserved 1048576K
Event: 14.284 GC heap after
Heap after GC invocations=18 (full 3):
 PSYoungGen      total 183808K, used 14334K [0x00000000e0000000, 0x00000000ee700000, 0x0000000100000000)
  eden space 169472K, 0% used [0x00000000e0000000,0x00000000e0000000,0x00000000ea580000)
  from space 14336K, 99% used [0x00000000ea580000,0x00000000eb37f838,0x00000000eb380000)
  to   space 16896K, 0% used [0x00000000ed680000,0x00000000ed680000,0x00000000ee700000)
 ParOldGen       total 85504K, used 35108K [0x00000000a0000000, 0x00000000a5380000, 0x00000000e0000000)
  object space 85504K, 41% used [0x00000000a0000000,0x00000000a22491c0,0x00000000a5380000)
 Metaspace       used 61489K, capacity 63414K, committed 63512K, reserved 1103872K
  class space    used 8285K, capacity 8732K, committed 8752K, reserved 1048576K
}
Event: 18.741 GC heap before
{Heap before GC invocations=19 (full 3):
 PSYoungGen      total 183808K, used 183806K [0x00000000e0000000, 0x00000000ee700000, 0x0000000100000000)
  eden space 169472K, 100% used [0x00000000e0000000,0x00000000ea580000,0x00000000ea580000)
  from space 14336K, 99% used [0x00000000ea580000,0x00000000eb37f838,0x00000000eb380000)
  to   space 16896K, 0% used [0x00000000ed680000,0x00000000ed680000,0x00000000ee700000)
 ParOldGen       total 85504K, used 35108K [0x00000000a0000000, 0x00000000a5380000, 0x00000000e0000000)
  object space 85504K, 41% used [0x00000000a0000000,0x00000000a22491c0,0x00000000a5380000)
 Metaspace       used 67655K, capacity 69624K, committed 69784K, reserved 1110016K
  class space    used 8916K, capacity 9351K, committed 9392K, reserved 1048576K
Event: 18.825 GC heap after
Heap after GC invocations=19 (full 3):
 PSYoungGen      total 207360K, used 16888K [0x00000000e0000000, 0x00000000eff00000, 0x0000000100000000)
  eden space 190464K, 0% used [0x00000000e0000000,0x00000000e0000000,0x00000000eba00000)
  from space 16896K, 99% used [0x00000000ed680000,0x00000000ee6fe070,0x00000000ee700000)
  to   space 29184K, 0% used [0x00000000eba00000,0x00000000eba00000,0x00000000ed680000)
 ParOldGen       total 85504K, used 61070K [0x00000000a0000000, 0x00000000a5380000, 0x00000000e0000000)
  object space 85504K, 71% used [0x00000000a0000000,0x00000000a3ba3938,0x00000000a5380000)
 Metaspace       used 67655K, capacity 69624K, committed 69784K, reserved 1110016K
  class space    used 8916K, capacity 9351K, committed 9392K, reserved 1048576K
}
Event: 35.643 GC heap before
{Heap before GC invocations=20 (full 3):
 PSYoungGen      total 207360K, used 207352K [0x00000000e0000000, 0x00000000eff00000, 0x0000000100000000)
  eden space 190464K, 100% used [0x00000000e0000000,0x00000000eba00000,0x00000000eba00000)
  from space 16896K, 99% used [0x00000000ed680000,0x00000000ee6fe070,0x00000000ee700000)
  to   space 29184K, 0% used [0x00000000eba00000,0x00000000eba00000,0x00000000ed680000)
 ParOldGen       total 85504K, used 61070K [0x00000000a0000000, 0x00000000a5380000, 0x00000000e0000000)
  object space 85504K, 71% used [0x00000000a0000000,0x00000000a3ba3938,0x00000000a5380000)
 Metaspace       used 71282K, capacity 73558K, committed 73624K, reserved 1114112K
  class space    used 9347K, capacity 9870K, committed 9904K, reserved 1048576K
Event: 35.675 GC heap after
Heap after GC invocations=20 (full 3):
 PSYoungGen      total 219648K, used 12415K [0x00000000e0000000, 0x00000000eff00000, 0x0000000100000000)
  eden space 190464K, 0% used [0x00000000e0000000,0x00000000e0000000,0x00000000eba00000)
  from space 29184K, 42% used [0x00000000eba00000,0x00000000ec61ffc0,0x00000000ed680000)
  to   space 16896K, 0% used [0x00000000ed680000,0x00000000ed680000,0x00000000ee700000)
 ParOldGen       total 85504K, used 70715K [0x00000000a0000000, 0x00000000a5380000, 0x00000000e0000000)
  object space 85504K, 82% used [0x00000000a0000000,0x00000000a450ec60,0x00000000a5380000)
 Metaspace       used 71282K, capacity 73558K, committed 73624K, reserved 1114112K
  class space    used 9347K, capacity 9870K, committed 9904K, reserved 1048576K
}
Event: 35.675 GC heap before
{Heap before GC invocations=21 (full 4):
 PSYoungGen      total 219648K, used 12415K [0x00000000e0000000, 0x00000000eff00000, 0x0000000100000000)
  eden space 190464K, 0% used [0x00000000e0000000,0x00000000e0000000,0x00000000eba00000)
  from space 29184K, 42% used [0x00000000eba00000,0x00000000ec61ffc0,0x00000000ed680000)
  to   space 16896K, 0% used [0x00000000ed680000,0x00000000ed680000,0x00000000ee700000)
 ParOldGen       total 85504K, used 70715K [0x00000000a0000000, 0x00000000a5380000, 0x00000000e0000000)
  object space 85504K, 82% used [0x00000000a0000000,0x00000000a450ec60,0x00000000a5380000)
 Metaspace       used 71282K, capacity 73558K, committed 73624K, reserved 1114112K
  class space    used 9347K, capacity 9870K, committed 9904K, reserved 1048576K
Event: 35.882 GC heap after
Heap after GC invocations=21 (full 4):
 PSYoungGen      total 219648K, used 0K [0x00000000e0000000, 0x00000000eff00000, 0x0000000100000000)
  eden space 190464K, 0% used [0x00000000e0000000,0x00000000e0000000,0x00000000eba00000)
  from space 29184K, 0% used [0x00000000eba00000,0x00000000eba00000,0x00000000ed680000)
  to   space 16896K, 0% used [0x00000000ed680000,0x00000000ed680000,0x00000000ee700000)
 ParOldGen       total 85504K, used 54061K [0x00000000a0000000, 0x00000000a5380000, 0x00000000e0000000)
  object space 85504K, 63% used [0x00000000a0000000,0x00000000a34cb618,0x00000000a5380000)
 Metaspace       used 71261K, capacity 73502K, committed 73624K, reserved 1114112K
  class space    used 9341K, capacity 9860K, committed 9904K, reserved 1048576K
}
Event: 42.353 GC heap before
{Heap before GC invocations=22 (full 4):
 PSYoungGen      total 219648K, used 190464K [0x00000000e0000000, 0x00000000eff00000, 0x0000000100000000)
  eden space 190464K, 100% used [0x00000000e0000000,0x00000000eba00000,0x00000000eba00000)
  from space 29184K, 0% used [0x00000000eba00000,0x00000000eba00000,0x00000000ed680000)
  to   space 16896K, 0% used [0x00000000ed680000,0x00000000ed680000,0x00000000ee700000)
 ParOldGen       total 85504K, used 54061K [0x00000000a0000000, 0x00000000a5380000, 0x00000000e0000000)
  object space 85504K, 63% used [0x00000000a0000000,0x00000000a34cb618,0x00000000a5380000)
 Metaspace       used 71552K, capacity 73778K, committed 73880K, reserved 1114112K
  class space    used 9378K, capacity 9888K, committed 9904K, reserved 1048576K
Event: 42.360 GC heap after
Heap after GC invocations=22 (full 4):
 PSYoungGen      total 208896K, used 2267K [0x00000000e0000000, 0x00000000f0400000, 0x0000000100000000)
  eden space 192000K, 0% used [0x00000000e0000000,0x00000000e0000000,0x00000000ebb80000)
  from space 16896K, 13% used [0x00000000ed680000,0x00000000ed8b6e60,0x00000000ee700000)
  to   space 27648K, 0% used [0x00000000ebb80000,0x00000000ebb80000,0x00000000ed680000)
 ParOldGen       total 85504K, used 54069K [0x00000000a0000000, 0x00000000a5380000, 0x00000000e0000000)
  object space 85504K, 63% used [0x00000000a0000000,0x00000000a34cd618,0x00000000a5380000)
 Metaspace       used 71552K, capacity 73778K, committed 73880K, reserved 1114112K
  class space    used 9378K, capacity 9888K, committed 9904K, reserved 1048576K
}

