# JRE version: OpenJDK Runtime Environment (8.0_152-b01) (build 1.8.0_152-release-1343-b01)
# Java VM: OpenJDK 64-Bit Server VM (25.152-b01 mixed mode windows-amd64 compressed oops)
Heap:
 PSYoungGen      total 215552K, used 96938K [0x00000000e0000000, 0x00000000ef480000, 0x0000000100000000)
  eden space 184320K, 44% used [0x00000000e0000000,0x00000000e4f84fa8,0x00000000eb400000)
  from space 31232K, 49% used [0x00000000ed180000,0x00000000ee0a59f8,0x00000000ef000000)
  to   space 30208K, 0% used [0x00000000eb400000,0x00000000eb400000,0x00000000ed180000)
 ParOldGen       total 164352K, used 59783K [0x00000000a0000000, 0x00000000aa080000, 0x00000000e0000000)
  object space 164352K, 36% used [0x00000000a0000000,0x00000000a3a61d50,0x00000000aa080000)
 Metaspace       used 90821K, capacity 94706K, committed 95064K, reserved 1132544K
  class space    used 11514K, capacity 12256K, committed 12376K, reserved 1048576K
GC Heap History (10 events):
Event: 1024.258 GC heap before
{Heap before GC invocations=22 (full 4):
 PSYoungGen      total 180736K, used 7513K [0x00000000e0000000, 0x00000000eda80000, 0x0000000100000000)
  eden space 151040K, 0% used [0x00000000e0000000,0x00000000e0000000,0x00000000e9380000)
  from space 29696K, 25% used [0x00000000ebd80000,0x00000000ec4d65e0,0x00000000eda80000)
  to   space 36352K, 0% used [0x00000000e9380000,0x00000000e9380000,0x00000000eb700000)
 ParOldGen       total 93184K, used 78569K [0x00000000a0000000, 0x00000000a5b00000, 0x00000000e0000000)
  object space 93184K, 84% used [0x00000000a0000000,0x00000000a4cba400,0x00000000a5b00000)
 Metaspace       used 80471K, capacity 83336K, committed 83416K, reserved 1122304K
  class space    used 10323K, capacity 10920K, committed 10968K, reserved 1048576K
Event: 1024.501 GC heap after
Heap after GC invocations=22 (full 4):
 PSYoungGen      total 180736K, used 0K [0x00000000e0000000, 0x00000000eda80000, 0x0000000100000000)
  eden space 151040K, 0% used [0x00000000e0000000,0x00000000e0000000,0x00000000e9380000)
  from space 29696K, 0% used [0x00000000ebd80000,0x00000000ebd80000,0x00000000eda80000)
  to   space 36352K, 0% used [0x00000000e9380000,0x00000000e9380000,0x00000000eb700000)
 ParOldGen       total 164352K, used 59759K [0x00000000a0000000, 0x00000000aa080000, 0x00000000e0000000)
  object space 164352K, 36% used [0x00000000a0000000,0x00000000a3a5bd50,0x00000000aa080000)
 Metaspace       used 80457K, capacity 83292K, committed 83416K, reserved 1122304K
  class space    used 10318K, capacity 10912K, committed 10968K, reserved 1048576K
}
Event: 1037.756 GC heap before
{Heap before GC invocations=23 (full 4):
 PSYoungGen      total 180736K, used 151040K [0x00000000e0000000, 0x00000000eda80000, 0x0000000100000000)
  eden space 151040K, 100% used [0x00000000e0000000,0x00000000e9380000,0x00000000e9380000)
  from space 29696K, 0% used [0x00000000ebd80000,0x00000000ebd80000,0x00000000eda80000)
  to   space 36352K, 0% used [0x00000000e9380000,0x00000000e9380000,0x00000000eb700000)
 ParOldGen       total 164352K, used 59759K [0x00000000a0000000, 0x00000000aa080000, 0x00000000e0000000)
  object space 164352K, 36% used [0x00000000a0000000,0x00000000a3a5bd50,0x00000000aa080000)
 Metaspace       used 89935K, capacity 93764K, committed 94040K, reserved 1130496K
  class space    used 11493K, capacity 12251K, committed 12376K, reserved 1048576K
Event: 1037.777 GC heap after
Heap after GC invocations=23 (full 4):
 PSYoungGen      total 187392K, used 12628K [0x00000000e0000000, 0x00000000ee280000, 0x0000000100000000)
  eden space 151040K, 0% used [0x00000000e0000000,0x00000000e0000000,0x00000000e9380000)
  from space 36352K, 34% used [0x00000000e9380000,0x00000000e9fd53f0,0x00000000eb700000)
  to   space 34304K, 0% used [0x00000000ec100000,0x00000000ec100000,0x00000000ee280000)
 ParOldGen       total 164352K, used 59767K [0x00000000a0000000, 0x00000000aa080000, 0x00000000e0000000)
  object space 164352K, 36% used [0x00000000a0000000,0x00000000a3a5dd50,0x00000000aa080000)
 Metaspace       used 89935K, capacity 93764K, committed 94040K, reserved 1130496K
  class space    used 11493K, capacity 12251K, committed 12376K, reserved 1048576K
}
Event: 1040.267 GC heap before
{Heap before GC invocations=24 (full 4):
 PSYoungGen      total 187392K, used 163668K [0x00000000e0000000, 0x00000000ee280000, 0x0000000100000000)
  eden space 151040K, 100% used [0x00000000e0000000,0x00000000e9380000,0x00000000e9380000)
  from space 36352K, 34% used [0x00000000e9380000,0x00000000e9fd53f0,0x00000000eb700000)
  to   space 34304K, 0% used [0x00000000ec100000,0x00000000ec100000,0x00000000ee280000)
 ParOldGen       total 164352K, used 59767K [0x00000000a0000000, 0x00000000aa080000, 0x00000000e0000000)
  object space 164352K, 36% used [0x00000000a0000000,0x00000000a3a5dd50,0x00000000aa080000)
 Metaspace       used 90525K, capacity 94340K, committed 94552K, reserved 1132544K
  class space    used 11510K, capacity 12251K, committed 12376K, reserved 1048576K
Event: 1040.282 GC heap after
Heap after GC invocations=24 (full 4):
 PSYoungGen      total 195584K, used 9431K [0x00000000e0000000, 0x00000000ee000000, 0x0000000100000000)
  eden space 163840K, 0% used [0x00000000e0000000,0x00000000e0000000,0x00000000ea000000)
  from space 31744K, 29% used [0x00000000ec100000,0x00000000eca35c70,0x00000000ee000000)
  to   space 32768K, 0% used [0x00000000ea000000,0x00000000ea000000,0x00000000ec000000)
 ParOldGen       total 164352K, used 59775K [0x00000000a0000000, 0x00000000aa080000, 0x00000000e0000000)
  object space 164352K, 36% used [0x00000000a0000000,0x00000000a3a5fd50,0x00000000aa080000)
 Metaspace       used 90525K, capacity 94340K, committed 94552K, reserved 1132544K
  class space    used 11510K, capacity 12251K, committed 12376K, reserved 1048576K
}
Event: 1041.363 GC heap before
{Heap before GC invocations=25 (full 4):
 PSYoungGen      total 195584K, used 173271K [0x00000000e0000000, 0x00000000ee000000, 0x0000000100000000)
  eden space 163840K, 100% used [0x00000000e0000000,0x00000000ea000000,0x00000000ea000000)
  from space 31744K, 29% used [0x00000000ec100000,0x00000000eca35c70,0x00000000ee000000)
  to   space 32768K, 0% used [0x00000000ea000000,0x00000000ea000000,0x00000000ec000000)
 ParOldGen       total 164352K, used 59775K [0x00000000a0000000, 0x00000000aa080000, 0x00000000e0000000)
  object space 164352K, 36% used [0x00000000a0000000,0x00000000a3a5fd50,0x00000000aa080000)
 Metaspace       used 90696K, capacity 94482K, committed 94808K, reserved 1132544K
  class space    used 11511K, capacity 12252K, committed 12376K, reserved 1048576K
Event: 1041.383 GC heap after
Heap after GC invocations=25 (full 4):
 PSYoungGen      total 196608K, used 13869K [0x00000000e0000000, 0x00000000ef000000, 0x0000000100000000)
  eden space 163840K, 0% used [0x00000000e0000000,0x00000000e0000000,0x00000000ea000000)
  from space 32768K, 42% used [0x00000000ea000000,0x00000000ead8b7c8,0x00000000ec000000)
  to   space 31232K, 0% used [0x00000000ed180000,0x00000000ed180000,0x00000000ef000000)
 ParOldGen       total 164352K, used 59783K [0x00000000a0000000, 0x00000000aa080000, 0x00000000e0000000)
  object space 164352K, 36% used [0x00000000a0000000,0x00000000a3a61d50,0x00000000aa080000)
 Metaspace       used 90696K, capacity 94482K, committed 94808K, reserved 1132544K
  class space    used 11511K, capacity 12252K, committed 12376K, reserved 1048576K
}
Event: 1042.254 GC heap before
{Heap before GC invocations=26 (full 4):
 PSYoungGen      total 196608K, used 177709K [0x00000000e0000000, 0x00000000ef000000, 0x0000000100000000)
  eden space 163840K, 100% used [0x00000000e0000000,0x00000000ea000000,0x00000000ea000000)
  from space 32768K, 42% used [0x00000000ea000000,0x00000000ead8b7c8,0x00000000ec000000)
  to   space 31232K, 0% used [0x00000000ed180000,0x00000000ed180000,0x00000000ef000000)
 ParOldGen       total 164352K, used 59783K [0x00000000a0000000, 0x00000000aa080000, 0x00000000e0000000)
  object space 164352K, 36% used [0x00000000a0000000,0x00000000a3a61d50,0x00000000aa080000)
 Metaspace       used 90792K, capacity 94642K, committed 94808K, reserved 1132544K
  class space    used 11514K, capacity 12256K, committed 12376K, reserved 1048576K
Event: 1042.277 GC heap after
Heap after GC invocations=26 (full 4):
 PSYoungGen      total 215552K, used 15510K [0x00000000e0000000, 0x00000000ef480000, 0x0000000100000000)
  eden space 184320K, 0% used [0x00000000e0000000,0x00000000e0000000,0x00000000eb400000)
  from space 31232K, 49% used [0x00000000ed180000,0x00000000ee0a59f8,0x00000000ef000000)
  to   space 30208K, 0% used [0x00000000eb400000,0x00000000eb400000,0x00000000ed180000)
 ParOldGen       total 164352K, used 59783K [0x00000000a0000000, 0x00000000aa080000, 0x00000000e0000000)
  object space 164352K, 36% used [0x00000000a0000000,0x00000000a3a61d50,0x00000000aa080000)
 Metaspace       used 90792K, capacity 94642K, committed 94808K, reserved 1132544K
  class space    used 11514K, capacity 12256K, committed 12376K, reserved 1048576K
}

