# JRE version: OpenJDK Runtime Environment (8.0_152-b01) (build 1.8.0_152-release-1343-b01)
# Java VM: OpenJDK 64-Bit Server VM (25.152-b01 mixed mode windows-amd64 compressed oops)
Heap:
 PSYoungGen      total 350720K, used 57232K [0x00000000e0000000, 0x00000000f9300000, 0x0000000100000000)
  eden space 322048K, 13% used [0x00000000e0000000,0x00000000e2bc1678,0x00000000f3a80000)
  from space 28672K, 43% used [0x00000000f5580000,0x00000000f61a2d08,0x00000000f7180000)
  to   space 27648K, 0% used [0x00000000f3a80000,0x00000000f3a80000,0x00000000f5580000)
 ParOldGen       total 116736K, used 49364K [0x00000000a0000000, 0x00000000a7200000, 0x00000000e0000000)
  object space 116736K, 42% used [0x00000000a0000000,0x00000000a3035308,0x00000000a7200000)
 Metaspace       used 92310K, capacity 96337K, committed 98496K, reserved 1134592K
  class space    used 11575K, capacity 12342K, committed 12760K, reserved 1048576K
GC Heap History (10 events):
Event: 2527.873 GC heap before
{Heap before GC invocations=24 (full 3):
 PSYoungGen      total 291840K, used 291507K [0x00000000e0000000, 0x00000000f6500000, 0x0000000100000000)
  eden space 271360K, 100% used [0x00000000e0000000,0x00000000f0900000,0x00000000f0900000)
  from space 20480K, 98% used [0x00000000f5100000,0x00000000f64acc40,0x00000000f6500000)
  to   space 31232K, 0% used [0x00000000f2800000,0x00000000f2800000,0x00000000f4680000)
 ParOldGen       total 84480K, used 58293K [0x00000000a0000000, 0x00000000a5280000, 0x00000000e0000000)
  object space 84480K, 69% used [0x00000000a0000000,0x00000000a38ed688,0x00000000a5280000)
 Metaspace       used 93051K, capacity 97736K, committed 98008K, reserved 1134592K
  class space    used 11792K, capacity 12710K, committed 12760K, reserved 1048576K
Event: 2527.944 GC heap after
Heap after GC invocations=24 (full 3):
 PSYoungGen      total 275456K, used 15184K [0x00000000e0000000, 0x00000000f5180000, 0x0000000100000000)
  eden space 260096K, 0% used [0x00000000e0000000,0x00000000e0000000,0x00000000efe00000)
  from space 15360K, 98% used [0x00000000f2800000,0x00000000f36d4080,0x00000000f3700000)
  to   space 27136K, 0% used [0x00000000f3700000,0x00000000f3700000,0x00000000f5180000)
 ParOldGen       total 84480K, used 58309K [0x00000000a0000000, 0x00000000a5280000, 0x00000000e0000000)
  object space 84480K, 69% used [0x00000000a0000000,0x00000000a38f1688,0x00000000a5280000)
 Metaspace       used 93051K, capacity 97736K, committed 98008K, reserved 1134592K
  class space    used 11792K, capacity 12710K, committed 12760K, reserved 1048576K
}
Event: 2542.759 GC heap before
{Heap before GC invocations=25 (full 3):
 PSYoungGen      total 275456K, used 275178K [0x00000000e0000000, 0x00000000f5180000, 0x0000000100000000)
  eden space 260096K, 99% used [0x00000000e0000000,0x00000000efde69a0,0x00000000efe00000)
  from space 15360K, 98% used [0x00000000f2800000,0x00000000f36d4080,0x00000000f3700000)
  to   space 27136K, 0% used [0x00000000f3700000,0x00000000f3700000,0x00000000f5180000)
 ParOldGen       total 84480K, used 58309K [0x00000000a0000000, 0x00000000a5280000, 0x00000000e0000000)
  object space 84480K, 69% used [0x00000000a0000000,0x00000000a38f1688,0x00000000a5280000)
 Metaspace       used 93368K, capacity 98140K, committed 98264K, reserved 1134592K
  class space    used 11808K, capacity 12732K, committed 12760K, reserved 1048576K
Event: 2542.823 GC heap after
Heap after GC invocations=25 (full 3):
 PSYoungGen      total 268800K, used 18981K [0x00000000e0000000, 0x00000000f4a00000, 0x0000000100000000)
  eden space 249344K, 0% used [0x00000000e0000000,0x00000000e0000000,0x00000000ef380000)
  from space 19456K, 97% used [0x00000000f3700000,0x00000000f4989430,0x00000000f4a00000)
  to   space 30208K, 0% used [0x00000000f0f00000,0x00000000f0f00000,0x00000000f2c80000)
 ParOldGen       total 84480K, used 58317K [0x00000000a0000000, 0x00000000a5280000, 0x00000000e0000000)
  object space 84480K, 69% used [0x00000000a0000000,0x00000000a38f3688,0x00000000a5280000)
 Metaspace       used 93368K, capacity 98140K, committed 98264K, reserved 1134592K
  class space    used 11808K, capacity 12732K, committed 12760K, reserved 1048576K
}
Event: 2542.978 GC heap before
{Heap before GC invocations=26 (full 3):
 PSYoungGen      total 268800K, used 26404K [0x00000000e0000000, 0x00000000f4a00000, 0x0000000100000000)
  eden space 249344K, 2% used [0x00000000e0000000,0x00000000e073ff30,0x00000000ef380000)
  from space 19456K, 97% used [0x00000000f3700000,0x00000000f4989430,0x00000000f4a00000)
  to   space 30208K, 0% used [0x00000000f0f00000,0x00000000f0f00000,0x00000000f2c80000)
 ParOldGen       total 84480K, used 58317K [0x00000000a0000000, 0x00000000a5280000, 0x00000000e0000000)
  object space 84480K, 69% used [0x00000000a0000000,0x00000000a38f3688,0x00000000a5280000)
 Metaspace       used 93483K, capacity 98313K, committed 98496K, reserved 1134592K
  class space    used 11823K, capacity 12760K, committed 12760K, reserved 1048576K
Event: 2543.018 GC heap after
Heap after GC invocations=26 (full 3):
 PSYoungGen      total 307712K, used 13280K [0x00000000e0000000, 0x00000000f7180000, 0x0000000100000000)
  eden space 277504K, 0% used [0x00000000e0000000,0x00000000e0000000,0x00000000f0f00000)
  from space 30208K, 43% used [0x00000000f0f00000,0x00000000f1bf80d0,0x00000000f2c80000)
  to   space 28672K, 0% used [0x00000000f5580000,0x00000000f5580000,0x00000000f7180000)
 ParOldGen       total 84480K, used 58325K [0x00000000a0000000, 0x00000000a5280000, 0x00000000e0000000)
  object space 84480K, 69% used [0x00000000a0000000,0x00000000a38f5688,0x00000000a5280000)
 Metaspace       used 93483K, capacity 98313K, committed 98496K, reserved 1134592K
  class space    used 11823K, capacity 12760K, committed 12760K, reserved 1048576K
}
Event: 2543.018 GC heap before
{Heap before GC invocations=27 (full 4):
 PSYoungGen      total 307712K, used 13280K [0x00000000e0000000, 0x00000000f7180000, 0x0000000100000000)
  eden space 277504K, 0% used [0x00000000e0000000,0x00000000e0000000,0x00000000f0f00000)
  from space 30208K, 43% used [0x00000000f0f00000,0x00000000f1bf80d0,0x00000000f2c80000)
  to   space 28672K, 0% used [0x00000000f5580000,0x00000000f5580000,0x00000000f7180000)
 ParOldGen       total 84480K, used 58325K [0x00000000a0000000, 0x00000000a5280000, 0x00000000e0000000)
  object space 84480K, 69% used [0x00000000a0000000,0x00000000a38f5688,0x00000000a5280000)
 Metaspace       used 93483K, capacity 98313K, committed 98496K, reserved 1134592K
  class space    used 11823K, capacity 12760K, committed 12760K, reserved 1048576K
Event: 2544.195 GC heap after
Heap after GC invocations=27 (full 4):
 PSYoungGen      total 307712K, used 0K [0x00000000e0000000, 0x00000000f7180000, 0x0000000100000000)
  eden space 277504K, 0% used [0x00000000e0000000,0x00000000e0000000,0x00000000f0f00000)
  from space 30208K, 0% used [0x00000000f0f00000,0x00000000f0f00000,0x00000000f2c80000)
  to   space 28672K, 0% used [0x00000000f5580000,0x00000000f5580000,0x00000000f7180000)
 ParOldGen       total 116736K, used 49356K [0x00000000a0000000, 0x00000000a7200000, 0x00000000e0000000)
  object space 116736K, 42% used [0x00000000a0000000,0x00000000a3033308,0x00000000a7200000)
 Metaspace       used 91629K, capacity 95445K, committed 98496K, reserved 1134592K
  class space    used 11521K, capacity 12248K, committed 12760K, reserved 1048576K
}
Event: 2702.021 GC heap before
{Heap before GC invocations=28 (full 4):
 PSYoungGen      total 307712K, used 277504K [0x00000000e0000000, 0x00000000f7180000, 0x0000000100000000)
  eden space 277504K, 100% used [0x00000000e0000000,0x00000000f0f00000,0x00000000f0f00000)
  from space 30208K, 0% used [0x00000000f0f00000,0x00000000f0f00000,0x00000000f2c80000)
  to   space 28672K, 0% used [0x00000000f5580000,0x00000000f5580000,0x00000000f7180000)
 ParOldGen       total 116736K, used 49356K [0x00000000a0000000, 0x00000000a7200000, 0x00000000e0000000)
  object space 116736K, 42% used [0x00000000a0000000,0x00000000a3033308,0x00000000a7200000)
 Metaspace       used 92093K, capacity 96069K, committed 98496K, reserved 1134592K
  class space    used 11571K, capacity 12340K, committed 12760K, reserved 1048576K
Event: 2702.045 GC heap after
Heap after GC invocations=28 (full 4):
 PSYoungGen      total 350720K, used 12427K [0x00000000e0000000, 0x00000000f9300000, 0x0000000100000000)
  eden space 322048K, 0% used [0x00000000e0000000,0x00000000e0000000,0x00000000f3a80000)
  from space 28672K, 43% used [0x00000000f5580000,0x00000000f61a2d08,0x00000000f7180000)
  to   space 27648K, 0% used [0x00000000f3a80000,0x00000000f3a80000,0x00000000f5580000)
 ParOldGen       total 116736K, used 49364K [0x00000000a0000000, 0x00000000a7200000, 0x00000000e0000000)
  object space 116736K, 42% used [0x00000000a0000000,0x00000000a3035308,0x00000000a7200000)
 Metaspace       used 92093K, capacity 96069K, committed 98496K, reserved 1134592K
  class space    used 11571K, capacity 12340K, committed 12760K, reserved 1048576K
}

