# JRE version: OpenJDK Runtime Environment (8.0_152-b01) (build 1.8.0_152-release-1343-b01)
# Java VM: OpenJDK 64-Bit Server VM (25.152-b01 mixed mode windows-amd64 compressed oops)
Heap:
 PSYoungGen      total 349184K, used 216608K [0x00000000e0000000, 0x00000000f7b80000, 0x0000000100000000)
  eden space 328192K, 61% used [0x00000000e0000000,0x00000000ec3b05c0,0x00000000f4080000)
  from space 20992K, 77% used [0x00000000f5c80000,0x00000000f6c57c98,0x00000000f7100000)
  to   space 28672K, 0% used [0x00000000f4080000,0x00000000f4080000,0x00000000f5c80000)
 ParOldGen       total 77824K, used 61124K [0x00000000a0000000, 0x00000000a4c00000, 0x00000000e0000000)
  object space 77824K, 78% used [0x00000000a0000000,0x00000000a3bb1208,0x00000000a4c00000)
 Metaspace       used 92161K, capacity 96484K, committed 96600K, reserved 1132544K
  class space    used 11707K, capacity 12530K, committed 12632K, reserved 1048576K
GC Heap History (10 events):
Event: 350.910 GC heap before
{Heap before GC invocations=18 (full 3):
 PSYoungGen      total 246272K, used 245978K [0x00000000e0000000, 0x00000000f0e00000, 0x0000000100000000)
  eden space 233984K, 100% used [0x00000000e0000000,0x00000000ee480000,0x00000000ee480000)
  from space 12288K, 97% used [0x00000000f0200000,0x00000000f0db6970,0x00000000f0e00000)
  to   space 19968K, 0% used [0x00000000ee700000,0x00000000ee700000,0x00000000efa80000)
 ParOldGen       total 77824K, used 27654K [0x00000000a0000000, 0x00000000a4c00000, 0x00000000e0000000)
  object space 77824K, 35% used [0x00000000a0000000,0x00000000a1b019c0,0x00000000a4c00000)
 Metaspace       used 68511K, capacity 71110K, committed 71256K, reserved 1112064K
  class space    used 8981K, capacity 9524K, committed 9560K, reserved 1048576K
Event: 350.939 GC heap after
Heap after GC invocations=18 (full 3):
 PSYoungGen      total 256512K, used 13669K [0x00000000e0000000, 0x00000000f7100000, 0x0000000100000000)
  eden space 236544K, 0% used [0x00000000e0000000,0x00000000e0000000,0x00000000ee700000)
  from space 19968K, 68% used [0x00000000ee700000,0x00000000ef4595a0,0x00000000efa80000)
  to   space 20992K, 0% used [0x00000000f5c80000,0x00000000f5c80000,0x00000000f7100000)
 ParOldGen       total 77824K, used 35718K [0x00000000a0000000, 0x00000000a4c00000, 0x00000000e0000000)
  object space 77824K, 45% used [0x00000000a0000000,0x00000000a22e1ae0,0x00000000a4c00000)
 Metaspace       used 68511K, capacity 71110K, committed 71256K, reserved 1112064K
  class space    used 8981K, capacity 9524K, committed 9560K, reserved 1048576K
}
Event: 844.205 GC heap before
{Heap before GC invocations=19 (full 3):
 PSYoungGen      total 256512K, used 248985K [0x00000000e0000000, 0x00000000f7100000, 0x0000000100000000)
  eden space 236544K, 99% used [0x00000000e0000000,0x00000000ee5cd1d8,0x00000000ee700000)
  from space 19968K, 68% used [0x00000000ee700000,0x00000000ef4595a0,0x00000000efa80000)
  to   space 20992K, 0% used [0x00000000f5c80000,0x00000000f5c80000,0x00000000f7100000)
 ParOldGen       total 77824K, used 35718K [0x00000000a0000000, 0x00000000a4c00000, 0x00000000e0000000)
  object space 77824K, 45% used [0x00000000a0000000,0x00000000a22e1ae0,0x00000000a4c00000)
 Metaspace       used 71820K, capacity 74678K, committed 74840K, reserved 1114112K
  class space    used 9372K, capacity 9968K, committed 10072K, reserved 1048576K
Event: 844.259 GC heap after
Heap after GC invocations=19 (full 3):
 PSYoungGen      total 349184K, used 20980K [0x00000000e0000000, 0x00000000f7b80000, 0x0000000100000000)
  eden space 328192K, 0% used [0x00000000e0000000,0x00000000e0000000,0x00000000f4080000)
  from space 20992K, 99% used [0x00000000f5c80000,0x00000000f70fd198,0x00000000f7100000)
  to   space 28672K, 0% used [0x00000000f4080000,0x00000000f4080000,0x00000000f5c80000)
 ParOldGen       total 77824K, used 47473K [0x00000000a0000000, 0x00000000a4c00000, 0x00000000e0000000)
  object space 77824K, 61% used [0x00000000a0000000,0x00000000a2e5c768,0x00000000a4c00000)
 Metaspace       used 71820K, capacity 74678K, committed 74840K, reserved 1114112K
  class space    used 9372K, capacity 9968K, committed 10072K, reserved 1048576K
}
Event: 888.026 GC heap before
{Heap before GC invocations=20 (full 3):
 PSYoungGen      total 349184K, used 349172K [0x00000000e0000000, 0x00000000f7b80000, 0x0000000100000000)
  eden space 328192K, 100% used [0x00000000e0000000,0x00000000f4080000,0x00000000f4080000)
  from space 20992K, 99% used [0x00000000f5c80000,0x00000000f70fd198,0x00000000f7100000)
  to   space 28672K, 0% used [0x00000000f4080000,0x00000000f4080000,0x00000000f5c80000)
 ParOldGen       total 77824K, used 47473K [0x00000000a0000000, 0x00000000a4c00000, 0x00000000e0000000)
  object space 77824K, 61% used [0x00000000a0000000,0x00000000a2e5c768,0x00000000a4c00000)
 Metaspace       used 81622K, capacity 84878K, committed 85080K, reserved 1124352K
  class space    used 10436K, capacity 11093K, committed 11096K, reserved 1048576K
Event: 888.099 GC heap after
Heap after GC invocations=20 (full 3):
 PSYoungGen      total 356864K, used 17744K [0x00000000e0000000, 0x00000000f7b80000, 0x0000000100000000)
  eden space 328192K, 0% used [0x00000000e0000000,0x00000000e0000000,0x00000000f4080000)
  from space 28672K, 61% used [0x00000000f4080000,0x00000000f51d4258,0x00000000f5c80000)
  to   space 20992K, 0% used [0x00000000f5c80000,0x00000000f5c80000,0x00000000f7100000)
 ParOldGen       total 77824K, used 63819K [0x00000000a0000000, 0x00000000a4c00000, 0x00000000e0000000)
  object space 77824K, 82% used [0x00000000a0000000,0x00000000a3e52fb0,0x00000000a4c00000)
 Metaspace       used 81622K, capacity 84878K, committed 85080K, reserved 1124352K
  class space    used 10436K, capacity 11093K, committed 11096K, reserved 1048576K
}
Event: 888.099 GC heap before
{Heap before GC invocations=21 (full 4):
 PSYoungGen      total 356864K, used 17744K [0x00000000e0000000, 0x00000000f7b80000, 0x0000000100000000)
  eden space 328192K, 0% used [0x00000000e0000000,0x00000000e0000000,0x00000000f4080000)
  from space 28672K, 61% used [0x00000000f4080000,0x00000000f51d4258,0x00000000f5c80000)
  to   space 20992K, 0% used [0x00000000f5c80000,0x00000000f5c80000,0x00000000f7100000)
 ParOldGen       total 77824K, used 63819K [0x00000000a0000000, 0x00000000a4c00000, 0x00000000e0000000)
  object space 77824K, 82% used [0x00000000a0000000,0x00000000a3e52fb0,0x00000000a4c00000)
 Metaspace       used 81622K, capacity 84878K, committed 85080K, reserved 1124352K
  class space    used 10436K, capacity 11093K, committed 11096K, reserved 1048576K
Event: 888.943 GC heap after
Heap after GC invocations=21 (full 4):
 PSYoungGen      total 356864K, used 0K [0x00000000e0000000, 0x00000000f7b80000, 0x0000000100000000)
  eden space 328192K, 0% used [0x00000000e0000000,0x00000000e0000000,0x00000000f4080000)
  from space 28672K, 0% used [0x00000000f4080000,0x00000000f4080000,0x00000000f5c80000)
  to   space 20992K, 0% used [0x00000000f5c80000,0x00000000f5c80000,0x00000000f7100000)
 ParOldGen       total 77824K, used 61116K [0x00000000a0000000, 0x00000000a4c00000, 0x00000000e0000000)
  object space 77824K, 78% used [0x00000000a0000000,0x00000000a3baf208,0x00000000a4c00000)
 Metaspace       used 81599K, capacity 84810K, committed 85080K, reserved 1124352K
  class space    used 10429K, capacity 11081K, committed 11096K, reserved 1048576K
}
Event: 897.824 GC heap before
{Heap before GC invocations=22 (full 4):
 PSYoungGen      total 356864K, used 328192K [0x00000000e0000000, 0x00000000f7b80000, 0x0000000100000000)
  eden space 328192K, 100% used [0x00000000e0000000,0x00000000f4080000,0x00000000f4080000)
  from space 28672K, 0% used [0x00000000f4080000,0x00000000f4080000,0x00000000f5c80000)
  to   space 20992K, 0% used [0x00000000f5c80000,0x00000000f5c80000,0x00000000f7100000)
 ParOldGen       total 77824K, used 61116K [0x00000000a0000000, 0x00000000a4c00000, 0x00000000e0000000)
  object space 77824K, 78% used [0x00000000a0000000,0x00000000a3baf208,0x00000000a4c00000)
 Metaspace       used 90638K, capacity 94614K, committed 94808K, reserved 1132544K
  class space    used 11509K, capacity 12293K, committed 12376K, reserved 1048576K
Event: 897.841 GC heap after
Heap after GC invocations=22 (full 4):
 PSYoungGen      total 349184K, used 16223K [0x00000000e0000000, 0x00000000f7b80000, 0x0000000100000000)
  eden space 328192K, 0% used [0x00000000e0000000,0x00000000e0000000,0x00000000f4080000)
  from space 20992K, 77% used [0x00000000f5c80000,0x00000000f6c57c98,0x00000000f7100000)
  to   space 28672K, 0% used [0x00000000f4080000,0x00000000f4080000,0x00000000f5c80000)
 ParOldGen       total 77824K, used 61124K [0x00000000a0000000, 0x00000000a4c00000, 0x00000000e0000000)
  object space 77824K, 78% used [0x00000000a0000000,0x00000000a3bb1208,0x00000000a4c00000)
 Metaspace       used 90638K, capacity 94614K, committed 94808K, reserved 1132544K
  class space    used 11509K, capacity 12293K, committed 12376K, reserved 1048576K
}

