# JRE version: OpenJDK Runtime Environment (8.0_152-b01) (build 1.8.0_152-release-1343-b01)
# Java VM: OpenJDK 64-Bit Server VM (25.152-b01 mixed mode windows-amd64 compressed oops)
Heap:
 PSYoungGen      total 208896K, used 24979K [0x00000000e0000000, 0x00000000efd00000, 0x0000000100000000)
  eden space 192000K, 4% used [0x00000000e0000000,0x00000000e07e91b0,0x00000000ebb80000)
  from space 16896K, 99% used [0x00000000ed780000,0x00000000ee7fbd20,0x00000000ee800000)
  to   space 28672K, 0% used [0x00000000ebb80000,0x00000000ebb80000,0x00000000ed780000)
 ParOldGen       total 84992K, used 60732K [0x00000000a0000000, 0x00000000a5300000, 0x00000000e0000000)
  object space 84992K, 71% used [0x00000000a0000000,0x00000000a3b4f0f8,0x00000000a5300000)
 Metaspace       used 67620K, capacity 69514K, committed 69784K, reserved 1110016K
  class space    used 8907K, capacity 9342K, committed 9392K, reserved 1048576K
GC Heap History (10 events):
Event: 9.304 GC heap before
{Heap before GC invocations=15 (full 2):
 PSYoungGen      total 141312K, used 132608K [0x00000000e0000000, 0x00000000e9d80000, 0x0000000100000000)
  eden space 132608K, 100% used [0x00000000e0000000,0x00000000e8180000,0x00000000e8180000)
  from space 8704K, 0% used [0x00000000e8a00000,0x00000000e8a00000,0x00000000e9280000)
  to   space 8704K, 0% used [0x00000000e8180000,0x00000000e8180000,0x00000000e8a00000)
 ParOldGen       total 50176K, used 16037K [0x00000000a0000000, 0x00000000a3100000, 0x00000000e0000000)
  object space 50176K, 31% used [0x00000000a0000000,0x00000000a0fa9758,0x00000000a3100000)
 Metaspace       used 46924K, capacity 47998K, committed 48168K, reserved 1091584K
  class space    used 6369K, capacity 6652K, committed 6704K, reserved 1048576K
Event: 9.324 GC heap after
Heap after GC invocations=15 (full 2):
 PSYoungGen      total 141312K, used 8690K [0x00000000e0000000, 0x00000000ec200000, 0x0000000100000000)
  eden space 132608K, 0% used [0x00000000e0000000,0x00000000e0000000,0x00000000e8180000)
  from space 8704K, 99% used [0x00000000e8180000,0x00000000e89fc898,0x00000000e8a00000)
  to   space 12800K, 0% used [0x00000000eb580000,0x00000000eb580000,0x00000000ec200000)
 ParOldGen       total 50176K, used 23855K [0x00000000a0000000, 0x00000000a3100000, 0x00000000e0000000)
  object space 50176K, 47% used [0x00000000a0000000,0x00000000a174bc08,0x00000000a3100000)
 Metaspace       used 46924K, capacity 47998K, committed 48168K, reserved 1091584K
  class space    used 6369K, capacity 6652K, committed 6704K, reserved 1048576K
}
Event: 10.936 GC heap before
{Heap before GC invocations=16 (full 2):
 PSYoungGen      total 141312K, used 136649K [0x00000000e0000000, 0x00000000ec200000, 0x0000000100000000)
  eden space 132608K, 96% used [0x00000000e0000000,0x00000000e7cf5bd0,0x00000000e8180000)
  from space 8704K, 99% used [0x00000000e8180000,0x00000000e89fc898,0x00000000e8a00000)
  to   space 12800K, 0% used [0x00000000eb580000,0x00000000eb580000,0x00000000ec200000)
 ParOldGen       total 50176K, used 23855K [0x00000000a0000000, 0x00000000a3100000, 0x00000000e0000000)
  object space 50176K, 47% used [0x00000000a0000000,0x00000000a174bc08,0x00000000a3100000)
 Metaspace       used 57477K, capacity 59006K, committed 59160K, reserved 1099776K
  class space    used 7746K, capacity 8122K, committed 8240K, reserved 1048576K
Event: 10.968 GC heap after
Heap after GC invocations=16 (full 2):
 PSYoungGen      total 184320K, used 12481K [0x00000000e0000000, 0x00000000ec580000, 0x0000000100000000)
  eden space 171520K, 0% used [0x00000000e0000000,0x00000000e0000000,0x00000000ea780000)
  from space 12800K, 97% used [0x00000000eb580000,0x00000000ec1b0478,0x00000000ec200000)
  to   space 14336K, 0% used [0x00000000ea780000,0x00000000ea780000,0x00000000eb580000)
 ParOldGen       total 50176K, used 31753K [0x00000000a0000000, 0x00000000a3100000, 0x00000000e0000000)
  object space 50176K, 63% used [0x00000000a0000000,0x00000000a1f024c0,0x00000000a3100000)
 Metaspace       used 57477K, capacity 59006K, committed 59160K, reserved 1099776K
  class space    used 7746K, capacity 8122K, committed 8240K, reserved 1048576K
}
Event: 10.968 GC heap before
{Heap before GC invocations=17 (full 3):
 PSYoungGen      total 184320K, used 12481K [0x00000000e0000000, 0x00000000ec580000, 0x0000000100000000)
  eden space 171520K, 0% used [0x00000000e0000000,0x00000000e0000000,0x00000000ea780000)
  from space 12800K, 97% used [0x00000000eb580000,0x00000000ec1b0478,0x00000000ec200000)
  to   space 14336K, 0% used [0x00000000ea780000,0x00000000ea780000,0x00000000eb580000)
 ParOldGen       total 50176K, used 31753K [0x00000000a0000000, 0x00000000a3100000, 0x00000000e0000000)
  object space 50176K, 63% used [0x00000000a0000000,0x00000000a1f024c0,0x00000000a3100000)
 Metaspace       used 57477K, capacity 59006K, committed 59160K, reserved 1099776K
  class space    used 7746K, capacity 8122K, committed 8240K, reserved 1048576K
Event: 11.229 GC heap after
Heap after GC invocations=17 (full 3):
 PSYoungGen      total 184320K, used 0K [0x00000000e0000000, 0x00000000ec580000, 0x0000000100000000)
  eden space 171520K, 0% used [0x00000000e0000000,0x00000000e0000000,0x00000000ea780000)
  from space 12800K, 0% used [0x00000000eb580000,0x00000000eb580000,0x00000000ec200000)
  to   space 14336K, 0% used [0x00000000ea780000,0x00000000ea780000,0x00000000eb580000)
 ParOldGen       total 84992K, used 34249K [0x00000000a0000000, 0x00000000a5300000, 0x00000000e0000000)
  object space 84992K, 40% used [0x00000000a0000000,0x00000000a21725b8,0x00000000a5300000)
 Metaspace       used 57477K, capacity 59006K, committed 59160K, reserved 1099776K
  class space    used 7746K, capacity 8122K, committed 8240K, reserved 1048576K
}
Event: 14.035 GC heap before
{Heap before GC invocations=18 (full 3):
 PSYoungGen      total 184320K, used 171520K [0x00000000e0000000, 0x00000000ec580000, 0x0000000100000000)
  eden space 171520K, 100% used [0x00000000e0000000,0x00000000ea780000,0x00000000ea780000)
  from space 12800K, 0% used [0x00000000eb580000,0x00000000eb580000,0x00000000ec200000)
  to   space 14336K, 0% used [0x00000000ea780000,0x00000000ea780000,0x00000000eb580000)
 ParOldGen       total 84992K, used 34249K [0x00000000a0000000, 0x00000000a5300000, 0x00000000e0000000)
  object space 84992K, 40% used [0x00000000a0000000,0x00000000a21725b8,0x00000000a5300000)
 Metaspace       used 61519K, capacity 63430K, committed 63512K, reserved 1103872K
  class space    used 8285K, capacity 8698K, committed 8752K, reserved 1048576K
Event: 14.059 GC heap after
Heap after GC invocations=18 (full 3):
 PSYoungGen      total 185856K, used 14334K [0x00000000e0000000, 0x00000000ee800000, 0x0000000100000000)
  eden space 171520K, 0% used [0x00000000e0000000,0x00000000e0000000,0x00000000ea780000)
  from space 14336K, 99% used [0x00000000ea780000,0x00000000eb57f9b8,0x00000000eb580000)
  to   space 16896K, 0% used [0x00000000ed780000,0x00000000ed780000,0x00000000ee800000)
 ParOldGen       total 84992K, used 35015K [0x00000000a0000000, 0x00000000a5300000, 0x00000000e0000000)
  object space 84992K, 41% used [0x00000000a0000000,0x00000000a2231dc8,0x00000000a5300000)
 Metaspace       used 61519K, capacity 63430K, committed 63512K, reserved 1103872K
  class space    used 8285K, capacity 8698K, committed 8752K, reserved 1048576K
}
Event: 19.632 GC heap before
{Heap before GC invocations=19 (full 3):
 PSYoungGen      total 185856K, used 185854K [0x00000000e0000000, 0x00000000ee800000, 0x0000000100000000)
  eden space 171520K, 100% used [0x00000000e0000000,0x00000000ea780000,0x00000000ea780000)
  from space 14336K, 99% used [0x00000000ea780000,0x00000000eb57f9b8,0x00000000eb580000)
  to   space 16896K, 0% used [0x00000000ed780000,0x00000000ed780000,0x00000000ee800000)
 ParOldGen       total 84992K, used 35015K [0x00000000a0000000, 0x00000000a5300000, 0x00000000e0000000)
  object space 84992K, 41% used [0x00000000a0000000,0x00000000a2231dc8,0x00000000a5300000)
 Metaspace       used 67540K, capacity 69450K, committed 69528K, reserved 1110016K
  class space    used 8905K, capacity 9342K, committed 9392K, reserved 1048576K
Event: 19.686 GC heap after
Heap after GC invocations=19 (full 3):
 PSYoungGen      total 208896K, used 16879K [0x00000000e0000000, 0x00000000efd00000, 0x0000000100000000)
  eden space 192000K, 0% used [0x00000000e0000000,0x00000000e0000000,0x00000000ebb80000)
  from space 16896K, 99% used [0x00000000ed780000,0x00000000ee7fbd20,0x00000000ee800000)
  to   space 28672K, 0% used [0x00000000ebb80000,0x00000000ebb80000,0x00000000ed780000)
 ParOldGen       total 84992K, used 60732K [0x00000000a0000000, 0x00000000a5300000, 0x00000000e0000000)
  object space 84992K, 71% used [0x00000000a0000000,0x00000000a3b4f0f8,0x00000000a5300000)
 Metaspace       used 67540K, capacity 69450K, committed 69528K, reserved 1110016K
  class space    used 8905K, capacity 9342K, committed 9392K, reserved 1048576K
}

