# JRE version: OpenJDK Runtime Environment (8.0_152-b01) (build 1.8.0_152-release-1343-b01)
# Java VM: OpenJDK 64-Bit Server VM (25.152-b01 mixed mode windows-amd64 compressed oops)
Heap:
 PSYoungGen      total 177152K, used 101229K [0x00000000e0000000, 0x00000000eda80000, 0x0000000100000000)
  eden space 145920K, 48% used [0x00000000e0000000,0x00000000e44a1338,0x00000000e8e80000)
  from space 31232K, 99% used [0x00000000e9380000,0x00000000eb1ba260,0x00000000eb200000)
  to   space 38912K, 0% used [0x00000000eb480000,0x00000000eb480000,0x00000000eda80000)
 ParOldGen       total 103424K, used 48944K [0x00000000a0000000, 0x00000000a6500000, 0x00000000e0000000)
  object space 103424K, 47% used [0x00000000a0000000,0x00000000a2fcc3f8,0x00000000a6500000)
 Metaspace       used 83096K, capacity 86704K, committed 86872K, reserved 1124352K
  class space    used 10582K, capacity 11292K, committed 11352K, reserved 1048576K
GC Heap History (10 events):
Event: 8006.470 GC heap before
{Heap before GC invocations=20 (full 3):
 PSYoungGen      total 173056K, used 172696K [0x00000000e0000000, 0x00000000edb00000, 0x0000000100000000)
  eden space 154624K, 100% used [0x00000000e0000000,0x00000000e9700000,0x00000000e9700000)
  from space 18432K, 98% used [0x00000000ec900000,0x00000000edaa6050,0x00000000edb00000)
  to   space 23040K, 0% used [0x00000000eae00000,0x00000000eae00000,0x00000000ec480000)
 ParOldGen       total 103424K, used 29507K [0x00000000a0000000, 0x00000000a6500000, 0x00000000e0000000)
  object space 103424K, 28% used [0x00000000a0000000,0x00000000a1cd0e30,0x00000000a6500000)
 Metaspace       used 71250K, capacity 74410K, committed 74456K, reserved 1114112K
  class space    used 9290K, capacity 9941K, committed 9944K, reserved 1048576K
Event: 8006.537 GC heap after
Heap after GC invocations=20 (full 3):
 PSYoungGen      total 167424K, used 17704K [0x00000000e0000000, 0x00000000ec980000, 0x0000000100000000)
  eden space 149504K, 0% used [0x00000000e0000000,0x00000000e0000000,0x00000000e9200000)
  from space 17920K, 98% used [0x00000000eae00000,0x00000000ebf4a040,0x00000000ebf80000)
  to   space 10240K, 0% used [0x00000000ebf80000,0x00000000ebf80000,0x00000000ec980000)
 ParOldGen       total 103424K, used 29515K [0x00000000a0000000, 0x00000000a6500000, 0x00000000e0000000)
  object space 103424K, 28% used [0x00000000a0000000,0x00000000a1cd2e30,0x00000000a6500000)
 Metaspace       used 71250K, capacity 74410K, committed 74456K, reserved 1114112K
  class space    used 9290K, capacity 9941K, committed 9944K, reserved 1048576K
}
Event: 12705.251 GC heap before
{Heap before GC invocations=21 (full 3):
 PSYoungGen      total 167424K, used 167208K [0x00000000e0000000, 0x00000000ec980000, 0x0000000100000000)
  eden space 149504K, 100% used [0x00000000e0000000,0x00000000e9200000,0x00000000e9200000)
  from space 17920K, 98% used [0x00000000eae00000,0x00000000ebf4a040,0x00000000ebf80000)
  to   space 10240K, 0% used [0x00000000ebf80000,0x00000000ebf80000,0x00000000ec980000)
 ParOldGen       total 103424K, used 29515K [0x00000000a0000000, 0x00000000a6500000, 0x00000000e0000000)
  object space 103424K, 28% used [0x00000000a0000000,0x00000000a1cd2e30,0x00000000a6500000)
 Metaspace       used 72154K, capacity 75576K, committed 75736K, reserved 1114112K
  class space    used 9407K, capacity 10104K, committed 10200K, reserved 1048576K
Event: 12705.553 GC heap after
Heap after GC invocations=21 (full 3):
 PSYoungGen      total 154624K, used 10216K [0x00000000e0000000, 0x00000000ec980000, 0x0000000100000000)
  eden space 144384K, 0% used [0x00000000e0000000,0x00000000e0000000,0x00000000e8d00000)
  from space 10240K, 99% used [0x00000000ebf80000,0x00000000ec97a030,0x00000000ec980000)
  to   space 25088K, 0% used [0x00000000e9880000,0x00000000e9880000,0x00000000eb100000)
 ParOldGen       total 103424K, used 35046K [0x00000000a0000000, 0x00000000a6500000, 0x00000000e0000000)
  object space 103424K, 33% used [0x00000000a0000000,0x00000000a22399e0,0x00000000a6500000)
 Metaspace       used 72154K, capacity 75576K, committed 75736K, reserved 1114112K
  class space    used 9407K, capacity 10104K, committed 10200K, reserved 1048576K
}
Event: 12717.692 GC heap before
{Heap before GC invocations=22 (full 3):
 PSYoungGen      total 154624K, used 154600K [0x00000000e0000000, 0x00000000ec980000, 0x0000000100000000)
  eden space 144384K, 100% used [0x00000000e0000000,0x00000000e8d00000,0x00000000e8d00000)
  from space 10240K, 99% used [0x00000000ebf80000,0x00000000ec97a030,0x00000000ec980000)
  to   space 25088K, 0% used [0x00000000e9880000,0x00000000e9880000,0x00000000eb100000)
 ParOldGen       total 103424K, used 35046K [0x00000000a0000000, 0x00000000a6500000, 0x00000000e0000000)
  object space 103424K, 33% used [0x00000000a0000000,0x00000000a22399e0,0x00000000a6500000)
 Metaspace       used 73692K, capacity 77178K, committed 77400K, reserved 1116160K
  class space    used 9593K, capacity 10287K, committed 10328K, reserved 1048576K
Event: 12718.112 GC heap after
Heap after GC invocations=22 (full 3):
 PSYoungGen      total 181248K, used 24155K [0x00000000e0000000, 0x00000000ed600000, 0x0000000100000000)
  eden space 156160K, 0% used [0x00000000e0000000,0x00000000e0000000,0x00000000e9880000)
  from space 25088K, 96% used [0x00000000e9880000,0x00000000eb016f88,0x00000000eb100000)
  to   space 28672K, 0% used [0x00000000eba00000,0x00000000eba00000,0x00000000ed600000)
 ParOldGen       total 103424K, used 39522K [0x00000000a0000000, 0x00000000a6500000, 0x00000000e0000000)
  object space 103424K, 38% used [0x00000000a0000000,0x00000000a2698a50,0x00000000a6500000)
 Metaspace       used 73692K, capacity 77178K, committed 77400K, reserved 1116160K
  class space    used 9593K, capacity 10287K, committed 10328K, reserved 1048576K
}
Event: 12753.563 GC heap before
{Heap before GC invocations=23 (full 3):
 PSYoungGen      total 181248K, used 180315K [0x00000000e0000000, 0x00000000ed600000, 0x0000000100000000)
  eden space 156160K, 100% used [0x00000000e0000000,0x00000000e9880000,0x00000000e9880000)
  from space 25088K, 96% used [0x00000000e9880000,0x00000000eb016f88,0x00000000eb100000)
  to   space 28672K, 0% used [0x00000000eba00000,0x00000000eba00000,0x00000000ed600000)
 ParOldGen       total 103424K, used 39522K [0x00000000a0000000, 0x00000000a6500000, 0x00000000e0000000)
  object space 103424K, 38% used [0x00000000a0000000,0x00000000a2698a50,0x00000000a6500000)
 Metaspace       used 78961K, capacity 82430K, committed 82648K, reserved 1120256K
  class space    used 10217K, capacity 10905K, committed 10968K, reserved 1048576K
Event: 12753.761 GC heap after
Heap after GC invocations=23 (full 3):
 PSYoungGen      total 179712K, used 28650K [0x00000000e0000000, 0x00000000ed780000, 0x0000000100000000)
  eden space 151040K, 0% used [0x00000000e0000000,0x00000000e0000000,0x00000000e9380000)
  from space 28672K, 99% used [0x00000000eba00000,0x00000000ed5fa948,0x00000000ed600000)
  to   space 34816K, 0% used [0x00000000e9380000,0x00000000e9380000,0x00000000eb580000)
 ParOldGen       total 103424K, used 44908K [0x00000000a0000000, 0x00000000a6500000, 0x00000000e0000000)
  object space 103424K, 43% used [0x00000000a0000000,0x00000000a2bdb358,0x00000000a6500000)
 Metaspace       used 78961K, capacity 82430K, committed 82648K, reserved 1120256K
  class space    used 10217K, capacity 10905K, committed 10968K, reserved 1048576K
}
Event: 12768.357 GC heap before
{Heap before GC invocations=24 (full 3):
 PSYoungGen      total 179712K, used 179690K [0x00000000e0000000, 0x00000000ed780000, 0x0000000100000000)
  eden space 151040K, 100% used [0x00000000e0000000,0x00000000e9380000,0x00000000e9380000)
  from space 28672K, 99% used [0x00000000eba00000,0x00000000ed5fa948,0x00000000ed600000)
  to   space 34816K, 0% used [0x00000000e9380000,0x00000000e9380000,0x00000000eb580000)
 ParOldGen       total 103424K, used 44908K [0x00000000a0000000, 0x00000000a6500000, 0x00000000e0000000)
  object space 103424K, 43% used [0x00000000a0000000,0x00000000a2bdb358,0x00000000a6500000)
 Metaspace       used 81875K, capacity 85432K, committed 85720K, reserved 1124352K
  class space    used 10438K, capacity 11150K, committed 11224K, reserved 1048576K
Event: 12768.505 GC heap after
Heap after GC invocations=24 (full 3):
 PSYoungGen      total 177152K, used 30952K [0x00000000e0000000, 0x00000000eda80000, 0x0000000100000000)
  eden space 145920K, 0% used [0x00000000e0000000,0x00000000e0000000,0x00000000e8e80000)
  from space 31232K, 99% used [0x00000000e9380000,0x00000000eb1ba260,0x00000000eb200000)
  to   space 38912K, 0% used [0x00000000eb480000,0x00000000eb480000,0x00000000eda80000)
 ParOldGen       total 103424K, used 48944K [0x00000000a0000000, 0x00000000a6500000, 0x00000000e0000000)
  object space 103424K, 47% used [0x00000000a0000000,0x00000000a2fcc3f8,0x00000000a6500000)
 Metaspace       used 81875K, capacity 85432K, committed 85720K, reserved 1124352K
  class space    used 10438K, capacity 11150K, committed 11224K, reserved 1048576K
}

