# JRE version: OpenJDK Runtime Environment (8.0_152-b01) (build 1.8.0_152-release-1343-b01)
# Java VM: OpenJDK 64-Bit Server VM (25.152-b01 mixed mode windows-amd64 compressed oops)
Heap:
 PSYoungGen      total 188416K, used 116570K [0x00000000e0000000, 0x00000000edf00000, 0x0000000100000000)
  eden space 153600K, 53% used [0x00000000e0000000,0x00000000e4fd89f8,0x00000000e9600000)
  from space 34816K, 99% used [0x00000000eb900000,0x00000000edafdf28,0x00000000edb00000)
  to   space 35840K, 0% used [0x00000000e9600000,0x00000000e9600000,0x00000000eb900000)
 ParOldGen       total 132096K, used 110438K [0x00000000a0000000, 0x00000000a8100000, 0x00000000e0000000)
  object space 132096K, 83% used [0x00000000a0000000,0x00000000a6bd9840,0x00000000a8100000)
 Metaspace       used 102571K, capacity 107364K, committed 107672K, reserved 1142784K
  class space    used 12785K, capacity 13624K, committed 13728K, reserved 1048576K
GC Heap History (10 events):
Event: 1424.362 GC heap before
{Heap before GC invocations=34 (full 4):
 PSYoungGen      total 180224K, used 170349K [0x00000000e0000000, 0x00000000edb00000, 0x0000000100000000)
  eden space 146944K, 100% used [0x00000000e0000000,0x00000000e8f80000,0x00000000e8f80000)
  from space 33280K, 70% used [0x00000000e8f80000,0x00000000ea65b458,0x00000000eb000000)
  to   space 34816K, 0% used [0x00000000eb900000,0x00000000eb900000,0x00000000edb00000)
 ParOldGen       total 132096K, used 67291K [0x00000000a0000000, 0x00000000a8100000, 0x00000000e0000000)
  object space 132096K, 50% used [0x00000000a0000000,0x00000000a41b6e70,0x00000000a8100000)
 Metaspace       used 101634K, capacity 106242K, committed 106520K, reserved 1142784K
  class space    used 12744K, capacity 13569K, committed 13600K, reserved 1048576K
Event: 1424.394 GC heap after
Heap after GC invocations=34 (full 4):
 PSYoungGen      total 188416K, used 23647K [0x00000000e0000000, 0x00000000edf00000, 0x0000000100000000)
  eden space 153600K, 0% used [0x00000000e0000000,0x00000000e0000000,0x00000000e9600000)
  from space 34816K, 67% used [0x00000000eb900000,0x00000000ed017c28,0x00000000edb00000)
  to   space 35840K, 0% used [0x00000000e9600000,0x00000000e9600000,0x00000000eb900000)
 ParOldGen       total 132096K, used 67299K [0x00000000a0000000, 0x00000000a8100000, 0x00000000e0000000)
  object space 132096K, 50% used [0x00000000a0000000,0x00000000a41b8e70,0x00000000a8100000)
 Metaspace       used 101634K, capacity 106242K, committed 106520K, reserved 1142784K
  class space    used 12744K, capacity 13569K, committed 13600K, reserved 1048576K
}
Event: 1425.474 GC heap before
{Heap before GC invocations=35 (full 4):
 PSYoungGen      total 188416K, used 177247K [0x00000000e0000000, 0x00000000edf00000, 0x0000000100000000)
  eden space 153600K, 100% used [0x00000000e0000000,0x00000000e9600000,0x00000000e9600000)
  from space 34816K, 67% used [0x00000000eb900000,0x00000000ed017c28,0x00000000edb00000)
  to   space 35840K, 0% used [0x00000000e9600000,0x00000000e9600000,0x00000000eb900000)
 ParOldGen       total 132096K, used 67299K [0x00000000a0000000, 0x00000000a8100000, 0x00000000e0000000)
  object space 132096K, 50% used [0x00000000a0000000,0x00000000a41b8e70,0x00000000a8100000)
 Metaspace       used 101997K, capacity 106702K, committed 106776K, reserved 1142784K
  class space    used 12768K, capacity 13581K, committed 13600K, reserved 1048576K
Event: 1425.514 GC heap after
Heap after GC invocations=35 (full 4):
 PSYoungGen      total 189440K, used 25173K [0x00000000e0000000, 0x00000000edf00000, 0x0000000100000000)
  eden space 153600K, 0% used [0x00000000e0000000,0x00000000e0000000,0x00000000e9600000)
  from space 35840K, 70% used [0x00000000e9600000,0x00000000eae95730,0x00000000eb900000)
  to   space 34816K, 0% used [0x00000000eb900000,0x00000000eb900000,0x00000000edb00000)
 ParOldGen       total 132096K, used 67299K [0x00000000a0000000, 0x00000000a8100000, 0x00000000e0000000)
  object space 132096K, 50% used [0x00000000a0000000,0x00000000a41b8e70,0x00000000a8100000)
 Metaspace       used 101997K, capacity 106702K, committed 106776K, reserved 1142784K
  class space    used 12768K, capacity 13581K, committed 13600K, reserved 1048576K
}
Event: 1426.758 GC heap before
{Heap before GC invocations=36 (full 4):
 PSYoungGen      total 189440K, used 178648K [0x00000000e0000000, 0x00000000edf00000, 0x0000000100000000)
  eden space 153600K, 99% used [0x00000000e0000000,0x00000000e95e0c98,0x00000000e9600000)
  from space 35840K, 70% used [0x00000000e9600000,0x00000000eae95730,0x00000000eb900000)
  to   space 34816K, 0% used [0x00000000eb900000,0x00000000eb900000,0x00000000edb00000)
 ParOldGen       total 132096K, used 67299K [0x00000000a0000000, 0x00000000a8100000, 0x00000000e0000000)
  object space 132096K, 50% used [0x00000000a0000000,0x00000000a41b8e70,0x00000000a8100000)
 Metaspace       used 102152K, capacity 106790K, committed 107032K, reserved 1142784K
  class space    used 12770K, capacity 13583K, committed 13600K, reserved 1048576K
Event: 1426.796 GC heap after
Heap after GC invocations=36 (full 4):
 PSYoungGen      total 188416K, used 26414K [0x00000000e0000000, 0x00000000edf00000, 0x0000000100000000)
  eden space 153600K, 0% used [0x00000000e0000000,0x00000000e0000000,0x00000000e9600000)
  from space 34816K, 75% used [0x00000000eb900000,0x00000000ed2cbbe0,0x00000000edb00000)
  to   space 35840K, 0% used [0x00000000e9600000,0x00000000e9600000,0x00000000eb900000)
 ParOldGen       total 132096K, used 67307K [0x00000000a0000000, 0x00000000a8100000, 0x00000000e0000000)
  object space 132096K, 50% used [0x00000000a0000000,0x00000000a41bae70,0x00000000a8100000)
 Metaspace       used 102152K, capacity 106790K, committed 107032K, reserved 1142784K
  class space    used 12770K, capacity 13583K, committed 13600K, reserved 1048576K
}
Event: 1429.389 GC heap before
{Heap before GC invocations=37 (full 4):
 PSYoungGen      total 188416K, used 180014K [0x00000000e0000000, 0x00000000edf00000, 0x0000000100000000)
  eden space 153600K, 100% used [0x00000000e0000000,0x00000000e9600000,0x00000000e9600000)
  from space 34816K, 75% used [0x00000000eb900000,0x00000000ed2cbbe0,0x00000000edb00000)
  to   space 35840K, 0% used [0x00000000e9600000,0x00000000e9600000,0x00000000eb900000)
 ParOldGen       total 132096K, used 67307K [0x00000000a0000000, 0x00000000a8100000, 0x00000000e0000000)
  object space 132096K, 50% used [0x00000000a0000000,0x00000000a41bae70,0x00000000a8100000)
 Metaspace       used 102418K, capacity 107184K, committed 107288K, reserved 1142784K
  class space    used 12780K, capacity 13590K, committed 13600K, reserved 1048576K
Event: 1429.546 GC heap after
Heap after GC invocations=37 (full 4):
 PSYoungGen      total 189440K, used 35809K [0x00000000e0000000, 0x00000000edf00000, 0x0000000100000000)
  eden space 153600K, 0% used [0x00000000e0000000,0x00000000e0000000,0x00000000e9600000)
  from space 35840K, 99% used [0x00000000e9600000,0x00000000eb8f8538,0x00000000eb900000)
  to   space 34816K, 0% used [0x00000000eb900000,0x00000000eb900000,0x00000000edb00000)
 ParOldGen       total 132096K, used 97672K [0x00000000a0000000, 0x00000000a8100000, 0x00000000e0000000)
  object space 132096K, 73% used [0x00000000a0000000,0x00000000a5f62268,0x00000000a8100000)
 Metaspace       used 102418K, capacity 107184K, committed 107288K, reserved 1142784K
  class space    used 12780K, capacity 13590K, committed 13600K, reserved 1048576K
}
Event: 1433.393 GC heap before
{Heap before GC invocations=38 (full 4):
 PSYoungGen      total 189440K, used 189409K [0x00000000e0000000, 0x00000000edf00000, 0x0000000100000000)
  eden space 153600K, 100% used [0x00000000e0000000,0x00000000e9600000,0x00000000e9600000)
  from space 35840K, 99% used [0x00000000e9600000,0x00000000eb8f8538,0x00000000eb900000)
  to   space 34816K, 0% used [0x00000000eb900000,0x00000000eb900000,0x00000000edb00000)
 ParOldGen       total 132096K, used 97672K [0x00000000a0000000, 0x00000000a8100000, 0x00000000e0000000)
  object space 132096K, 73% used [0x00000000a0000000,0x00000000a5f62268,0x00000000a8100000)
 Metaspace       used 102500K, capacity 107252K, committed 107288K, reserved 1142784K
  class space    used 12780K, capacity 13590K, committed 13600K, reserved 1048576K
Event: 1433.445 GC heap after
Heap after GC invocations=38 (full 4):
 PSYoungGen      total 188416K, used 34807K [0x00000000e0000000, 0x00000000edf00000, 0x0000000100000000)
  eden space 153600K, 0% used [0x00000000e0000000,0x00000000e0000000,0x00000000e9600000)
  from space 34816K, 99% used [0x00000000eb900000,0x00000000edafdf28,0x00000000edb00000)
  to   space 35840K, 0% used [0x00000000e9600000,0x00000000e9600000,0x00000000eb900000)
 ParOldGen       total 132096K, used 110438K [0x00000000a0000000, 0x00000000a8100000, 0x00000000e0000000)
  object space 132096K, 83% used [0x00000000a0000000,0x00000000a6bd9840,0x00000000a8100000)
 Metaspace       used 102500K, capacity 107252K, committed 107288K, reserved 1142784K
  class space    used 12780K, capacity 13590K, committed 13600K, reserved 1048576K
}

