# JRE version: OpenJDK Runtime Environment (8.0_152-b01) (build 1.8.0_152-release-1343-b01)
# Java VM: OpenJDK 64-Bit Server VM (25.152-b01 mixed mode windows-amd64 compressed oops)
Heap:
 PSYoungGen      total 149504K, used 62542K [0x00000000e0000000, 0x00000000e9e80000, 0x0000000100000000)
  eden space 136704K, 45% used [0x00000000e0000000,0x00000000e3d13b98,0x00000000e8580000)
  from space 12800K, 0% used [0x00000000e8580000,0x00000000e8580000,0x00000000e9200000)
  to   space 12288K, 0% used [0x00000000e9280000,0x00000000e9280000,0x00000000e9e80000)
 ParOldGen       total 59904K, used 27094K [0x00000000a0000000, 0x00000000a3a80000, 0x00000000e0000000)
  object space 59904K, 45% used [0x00000000a0000000,0x00000000a1a75b18,0x00000000a3a80000)
 Metaspace       used 58542K, capacity 60254K, committed 60456K, reserved 1114112K
  class space    used 7946K, capacity 8363K, committed 8488K, reserved 1048576K
GC Heap History (10 events):
Event: 20.523 GC heap before
{Heap before GC invocations=15 (full 2):
 PSYoungGen      total 121344K, used 111104K [0x00000000e0000000, 0x00000000e9200000, 0x0000000100000000)
  eden space 111104K, 100% used [0x00000000e0000000,0x00000000e6c80000,0x00000000e6c80000)
  from space 10240K, 0% used [0x00000000e7600000,0x00000000e7600000,0x00000000e8000000)
  to   space 9728K, 0% used [0x00000000e6c80000,0x00000000e6c80000,0x00000000e7600000)
 ParOldGen       total 59904K, used 17209K [0x00000000a0000000, 0x00000000a3a80000, 0x00000000e0000000)
  object space 59904K, 28% used [0x00000000a0000000,0x00000000a10ce618,0x00000000a3a80000)
 Metaspace       used 44938K, capacity 46100K, committed 46376K, reserved 1089536K
  class space    used 6051K, capacity 6324K, committed 6440K, reserved 1048576K
Event: 20.548 GC heap after
Heap after GC invocations=15 (full 2):
 PSYoungGen      total 120832K, used 9715K [0x00000000e0000000, 0x00000000e9f00000, 0x0000000100000000)
  eden space 111104K, 0% used [0x00000000e0000000,0x00000000e0000000,0x00000000e6c80000)
  from space 9728K, 99% used [0x00000000e6c80000,0x00000000e75fce28,0x00000000e7600000)
  to   space 12800K, 0% used [0x00000000e9280000,0x00000000e9280000,0x00000000e9f00000)
 ParOldGen       total 59904K, used 22167K [0x00000000a0000000, 0x00000000a3a80000, 0x00000000e0000000)
  object space 59904K, 37% used [0x00000000a0000000,0x00000000a15a5df8,0x00000000a3a80000)
 Metaspace       used 44938K, capacity 46100K, committed 46376K, reserved 1089536K
  class space    used 6051K, capacity 6324K, committed 6440K, reserved 1048576K
}
Event: 24.105 GC heap before
{Heap before GC invocations=16 (full 2):
 PSYoungGen      total 120832K, used 104573K [0x00000000e0000000, 0x00000000e9f00000, 0x0000000100000000)
  eden space 111104K, 85% used [0x00000000e0000000,0x00000000e5ca2798,0x00000000e6c80000)
  from space 9728K, 99% used [0x00000000e6c80000,0x00000000e75fce28,0x00000000e7600000)
  to   space 12800K, 0% used [0x00000000e9280000,0x00000000e9280000,0x00000000e9f00000)
 ParOldGen       total 59904K, used 22167K [0x00000000a0000000, 0x00000000a3a80000, 0x00000000e0000000)
  object space 59904K, 37% used [0x00000000a0000000,0x00000000a15a5df8,0x00000000a3a80000)
 Metaspace       used 53048K, capacity 54524K, committed 54568K, reserved 1101824K
  class space    used 7103K, capacity 7460K, committed 7464K, reserved 1048576K
Event: 24.136 GC heap after
Heap after GC invocations=16 (full 2):
 PSYoungGen      total 148992K, used 7799K [0x00000000e0000000, 0x00000000e9e80000, 0x0000000100000000)
  eden space 136704K, 0% used [0x00000000e0000000,0x00000000e0000000,0x00000000e8580000)
  from space 12288K, 63% used [0x00000000e9280000,0x00000000e9a1df18,0x00000000e9e80000)
  to   space 12800K, 0% used [0x00000000e8580000,0x00000000e8580000,0x00000000e9200000)
 ParOldGen       total 59904K, used 29623K [0x00000000a0000000, 0x00000000a3a80000, 0x00000000e0000000)
  object space 59904K, 49% used [0x00000000a0000000,0x00000000a1cedc40,0x00000000a3a80000)
 Metaspace       used 53048K, capacity 54524K, committed 54568K, reserved 1101824K
  class space    used 7103K, capacity 7460K, committed 7464K, reserved 1048576K
}
Event: 24.136 GC heap before
{Heap before GC invocations=17 (full 3):
 PSYoungGen      total 148992K, used 7799K [0x00000000e0000000, 0x00000000e9e80000, 0x0000000100000000)
  eden space 136704K, 0% used [0x00000000e0000000,0x00000000e0000000,0x00000000e8580000)
  from space 12288K, 63% used [0x00000000e9280000,0x00000000e9a1df18,0x00000000e9e80000)
  to   space 12800K, 0% used [0x00000000e8580000,0x00000000e8580000,0x00000000e9200000)
 ParOldGen       total 59904K, used 29623K [0x00000000a0000000, 0x00000000a3a80000, 0x00000000e0000000)
  object space 59904K, 49% used [0x00000000a0000000,0x00000000a1cedc40,0x00000000a3a80000)
 Metaspace       used 53048K, capacity 54524K, committed 54568K, reserved 1101824K
  class space    used 7103K, capacity 7460K, committed 7464K, reserved 1048576K
Event: 24.490 GC heap after
Heap after GC invocations=17 (full 3):
 PSYoungGen      total 148992K, used 0K [0x00000000e0000000, 0x00000000e9e80000, 0x0000000100000000)
  eden space 136704K, 0% used [0x00000000e0000000,0x00000000e0000000,0x00000000e8580000)
  from space 12288K, 0% used [0x00000000e9280000,0x00000000e9280000,0x00000000e9e80000)
  to   space 12800K, 0% used [0x00000000e8580000,0x00000000e8580000,0x00000000e9200000)
 ParOldGen       total 59904K, used 30231K [0x00000000a0000000, 0x00000000a3a80000, 0x00000000e0000000)
  object space 59904K, 50% used [0x00000000a0000000,0x00000000a1d85ee8,0x00000000a3a80000)
 Metaspace       used 53048K, capacity 54524K, committed 54568K, reserved 1099776K
  class space    used 7103K, capacity 7460K, committed 7464K, reserved 1048576K
}
Event: 24.888 GC heap before
{Heap before GC invocations=18 (full 3):
 PSYoungGen      total 148992K, used 18628K [0x00000000e0000000, 0x00000000e9e80000, 0x0000000100000000)
  eden space 136704K, 13% used [0x00000000e0000000,0x00000000e12312c0,0x00000000e8580000)
  from space 12288K, 0% used [0x00000000e9280000,0x00000000e9280000,0x00000000e9e80000)
  to   space 12800K, 0% used [0x00000000e8580000,0x00000000e8580000,0x00000000e9200000)
 ParOldGen       total 59904K, used 30231K [0x00000000a0000000, 0x00000000a3a80000, 0x00000000e0000000)
  object space 59904K, 50% used [0x00000000a0000000,0x00000000a1d85ee8,0x00000000a3a80000)
 Metaspace       used 54256K, capacity 55786K, committed 55848K, reserved 1107968K
  class space    used 7304K, capacity 7679K, committed 7720K, reserved 1048576K
Event: 24.894 GC heap after
Heap after GC invocations=18 (full 3):
 PSYoungGen      total 149504K, used 1949K [0x00000000e0000000, 0x00000000e9e80000, 0x0000000100000000)
  eden space 136704K, 0% used [0x00000000e0000000,0x00000000e0000000,0x00000000e8580000)
  from space 12800K, 15% used [0x00000000e8580000,0x00000000e87676b8,0x00000000e9200000)
  to   space 12288K, 0% used [0x00000000e9280000,0x00000000e9280000,0x00000000e9e80000)
 ParOldGen       total 59904K, used 30239K [0x00000000a0000000, 0x00000000a3a80000, 0x00000000e0000000)
  object space 59904K, 50% used [0x00000000a0000000,0x00000000a1d87ee8,0x00000000a3a80000)
 Metaspace       used 54256K, capacity 55786K, committed 55848K, reserved 1107968K
  class space    used 7304K, capacity 7679K, committed 7720K, reserved 1048576K
}
Event: 24.894 GC heap before
{Heap before GC invocations=19 (full 4):
 PSYoungGen      total 149504K, used 1949K [0x00000000e0000000, 0x00000000e9e80000, 0x0000000100000000)
  eden space 136704K, 0% used [0x00000000e0000000,0x00000000e0000000,0x00000000e8580000)
  from space 12800K, 15% used [0x00000000e8580000,0x00000000e87676b8,0x00000000e9200000)
  to   space 12288K, 0% used [0x00000000e9280000,0x00000000e9280000,0x00000000e9e80000)
 ParOldGen       total 59904K, used 30239K [0x00000000a0000000, 0x00000000a3a80000, 0x00000000e0000000)
  object space 59904K, 50% used [0x00000000a0000000,0x00000000a1d87ee8,0x00000000a3a80000)
 Metaspace       used 54256K, capacity 55786K, committed 55848K, reserved 1107968K
  class space    used 7304K, capacity 7679K, committed 7720K, reserved 1048576K
Event: 25.038 GC heap after
Heap after GC invocations=19 (full 4):
 PSYoungGen      total 149504K, used 0K [0x00000000e0000000, 0x00000000e9e80000, 0x0000000100000000)
  eden space 136704K, 0% used [0x00000000e0000000,0x00000000e0000000,0x00000000e8580000)
  from space 12800K, 0% used [0x00000000e8580000,0x00000000e8580000,0x00000000e9200000)
  to   space 12288K, 0% used [0x00000000e9280000,0x00000000e9280000,0x00000000e9e80000)
 ParOldGen       total 59904K, used 27094K [0x00000000a0000000, 0x00000000a3a80000, 0x00000000e0000000)
  object space 59904K, 45% used [0x00000000a0000000,0x00000000a1a75b18,0x00000000a3a80000)
 Metaspace       used 54256K, capacity 55786K, committed 55848K, reserved 1105920K
  class space    used 7304K, capacity 7679K, committed 7720K, reserved 1048576K
}

