# JRE version: OpenJDK Runtime Environment (8.0_152-b01) (build 1.8.0_152-release-1343-b01)
# Java VM: OpenJDK 64-Bit Server VM (25.152-b01 mixed mode windows-amd64 compressed oops)
Heap:
 PSYoungGen      total 216576K, used 132266K [0x00000000e0000000, 0x00000000ee900000, 0x0000000100000000)
  eden space 197632K, 57% used [0x00000000e0000000,0x00000000e6ead678,0x00000000ec100000)
  from space 18944K, 99% used [0x00000000ed680000,0x00000000ee8fd528,0x00000000ee900000)
  to   space 20480K, 0% used [0x00000000ec100000,0x00000000ec100000,0x00000000ed500000)
 ParOldGen       total 86528K, used 50418K [0x00000000a0000000, 0x00000000a5480000, 0x00000000e0000000)
  object space 86528K, 58% used [0x00000000a0000000,0x00000000a313c940,0x00000000a5480000)
 Metaspace       used 73752K, capacity 75850K, committed 76056K, reserved 1116160K
  class space    used 9458K, capacity 9936K, committed 10032K, reserved 1048576K
GC Heap History (10 events):
Event: 18.156 GC heap before
{Heap before GC invocations=15 (full 2):
 PSYoungGen      total 166912K, used 27002K [0x00000000e0000000, 0x00000000eb900000, 0x0000000100000000)
  eden space 151552K, 7% used [0x00000000e0000000,0x00000000e0b63228,0x00000000e9400000)
  from space 15360K, 99% used [0x00000000ea680000,0x00000000eb57b6e8,0x00000000eb580000)
  to   space 18944K, 0% used [0x00000000e9400000,0x00000000e9400000,0x00000000ea680000)
 ParOldGen       total 62464K, used 23739K [0x00000000a0000000, 0x00000000a3d00000, 0x00000000e0000000)
  object space 62464K, 38% used [0x00000000a0000000,0x00000000a172efe8,0x00000000a3d00000)
 Metaspace       used 57474K, capacity 59014K, committed 59160K, reserved 1099776K
  class space    used 7745K, capacity 8122K, committed 8240K, reserved 1048576K
Event: 18.174 GC heap after
Heap after GC invocations=15 (full 2):
 PSYoungGen      total 170496K, used 12441K [0x00000000e0000000, 0x00000000ee980000, 0x0000000100000000)
  eden space 151552K, 0% used [0x00000000e0000000,0x00000000e0000000,0x00000000e9400000)
  from space 18944K, 65% used [0x00000000e9400000,0x00000000ea0264a8,0x00000000ea680000)
  to   space 19456K, 0% used [0x00000000ed680000,0x00000000ed680000,0x00000000ee980000)
 ParOldGen       total 62464K, used 23747K [0x00000000a0000000, 0x00000000a3d00000, 0x00000000e0000000)
  object space 62464K, 38% used [0x00000000a0000000,0x00000000a1730fe8,0x00000000a3d00000)
 Metaspace       used 57474K, capacity 59014K, committed 59160K, reserved 1099776K
  class space    used 7745K, capacity 8122K, committed 8240K, reserved 1048576K
}
Event: 18.174 GC heap before
{Heap before GC invocations=16 (full 3):
 PSYoungGen      total 170496K, used 12441K [0x00000000e0000000, 0x00000000ee980000, 0x0000000100000000)
  eden space 151552K, 0% used [0x00000000e0000000,0x00000000e0000000,0x00000000e9400000)
  from space 18944K, 65% used [0x00000000e9400000,0x00000000ea0264a8,0x00000000ea680000)
  to   space 19456K, 0% used [0x00000000ed680000,0x00000000ed680000,0x00000000ee980000)
 ParOldGen       total 62464K, used 23747K [0x00000000a0000000, 0x00000000a3d00000, 0x00000000e0000000)
  object space 62464K, 38% used [0x00000000a0000000,0x00000000a1730fe8,0x00000000a3d00000)
 Metaspace       used 57474K, capacity 59014K, committed 59160K, reserved 1099776K
  class space    used 7745K, capacity 8122K, committed 8240K, reserved 1048576K
Event: 18.380 GC heap after
Heap after GC invocations=16 (full 3):
 PSYoungGen      total 170496K, used 0K [0x00000000e0000000, 0x00000000ee980000, 0x0000000100000000)
  eden space 151552K, 0% used [0x00000000e0000000,0x00000000e0000000,0x00000000e9400000)
  from space 18944K, 0% used [0x00000000e9400000,0x00000000e9400000,0x00000000ea680000)
  to   space 19456K, 0% used [0x00000000ed680000,0x00000000ed680000,0x00000000ee980000)
 ParOldGen       total 86528K, used 26933K [0x00000000a0000000, 0x00000000a5480000, 0x00000000e0000000)
  object space 86528K, 31% used [0x00000000a0000000,0x00000000a1a4d6b0,0x00000000a5480000)
 Metaspace       used 57474K, capacity 59014K, committed 59160K, reserved 1099776K
  class space    used 7745K, capacity 8122K, committed 8240K, reserved 1048576K
}
Event: 22.565 GC heap before
{Heap before GC invocations=17 (full 3):
 PSYoungGen      total 170496K, used 151552K [0x00000000e0000000, 0x00000000ee980000, 0x0000000100000000)
  eden space 151552K, 100% used [0x00000000e0000000,0x00000000e9400000,0x00000000e9400000)
  from space 18944K, 0% used [0x00000000e9400000,0x00000000e9400000,0x00000000ea680000)
  to   space 19456K, 0% used [0x00000000ed680000,0x00000000ed680000,0x00000000ee980000)
 ParOldGen       total 86528K, used 26933K [0x00000000a0000000, 0x00000000a5480000, 0x00000000e0000000)
  object space 86528K, 31% used [0x00000000a0000000,0x00000000a1a4d6b0,0x00000000a5480000)
 Metaspace       used 61474K, capacity 63436K, committed 63512K, reserved 1103872K
  class space    used 8287K, capacity 8735K, committed 8752K, reserved 1048576K
Event: 22.620 GC heap after
Heap after GC invocations=17 (full 3):
 PSYoungGen      total 216576K, used 13723K [0x00000000e0000000, 0x00000000ee900000, 0x0000000100000000)
  eden space 197632K, 0% used [0x00000000e0000000,0x00000000e0000000,0x00000000ec100000)
  from space 18944K, 72% used [0x00000000ed680000,0x00000000ee3e6fd8,0x00000000ee900000)
  to   space 20480K, 0% used [0x00000000ec100000,0x00000000ec100000,0x00000000ed500000)
 ParOldGen       total 86528K, used 26941K [0x00000000a0000000, 0x00000000a5480000, 0x00000000e0000000)
  object space 86528K, 31% used [0x00000000a0000000,0x00000000a1a4f6b0,0x00000000a5480000)
 Metaspace       used 61474K, capacity 63436K, committed 63512K, reserved 1103872K
  class space    used 8287K, capacity 8735K, committed 8752K, reserved 1048576K
}
Event: 49.981 GC heap before
{Heap before GC invocations=18 (full 3):
 PSYoungGen      total 216576K, used 211014K [0x00000000e0000000, 0x00000000ee900000, 0x0000000100000000)
  eden space 197632K, 99% used [0x00000000e0000000,0x00000000ec0aa890,0x00000000ec100000)
  from space 18944K, 72% used [0x00000000ed680000,0x00000000ee3e6fd8,0x00000000ee900000)
  to   space 20480K, 0% used [0x00000000ec100000,0x00000000ec100000,0x00000000ed500000)
 ParOldGen       total 86528K, used 26941K [0x00000000a0000000, 0x00000000a5480000, 0x00000000e0000000)
  object space 86528K, 31% used [0x00000000a0000000,0x00000000a1a4f6b0,0x00000000a5480000)
 Metaspace       used 68144K, capacity 70170K, committed 70296K, reserved 1110016K
  class space    used 9085K, capacity 9564K, committed 9648K, reserved 1048576K
Event: 50.014 GC heap after
Heap after GC invocations=18 (full 3):
 PSYoungGen      total 218112K, used 20477K [0x00000000e0000000, 0x00000000ee900000, 0x0000000100000000)
  eden space 197632K, 0% used [0x00000000e0000000,0x00000000e0000000,0x00000000ec100000)
  from space 20480K, 99% used [0x00000000ec100000,0x00000000ed4ff4a8,0x00000000ed500000)
  to   space 18944K, 0% used [0x00000000ed680000,0x00000000ed680000,0x00000000ee900000)
 ParOldGen       total 86528K, used 32236K [0x00000000a0000000, 0x00000000a5480000, 0x00000000e0000000)
  object space 86528K, 37% used [0x00000000a0000000,0x00000000a1f7b0b0,0x00000000a5480000)
 Metaspace       used 68144K, capacity 70170K, committed 70296K, reserved 1110016K
  class space    used 9085K, capacity 9564K, committed 9648K, reserved 1048576K
}
Event: 685.008 GC heap before
{Heap before GC invocations=19 (full 3):
 PSYoungGen      total 218112K, used 218109K [0x00000000e0000000, 0x00000000ee900000, 0x0000000100000000)
  eden space 197632K, 100% used [0x00000000e0000000,0x00000000ec100000,0x00000000ec100000)
  from space 20480K, 99% used [0x00000000ec100000,0x00000000ed4ff4a8,0x00000000ed500000)
  to   space 18944K, 0% used [0x00000000ed680000,0x00000000ed680000,0x00000000ee900000)
 ParOldGen       total 86528K, used 32236K [0x00000000a0000000, 0x00000000a5480000, 0x00000000e0000000)
  object space 86528K, 37% used [0x00000000a0000000,0x00000000a1f7b0b0,0x00000000a5480000)
 Metaspace       used 73025K, capacity 75088K, committed 75160K, reserved 1114112K
  class space    used 9387K, capacity 9835K, committed 9904K, reserved 1048576K
Event: 685.088 GC heap after
Heap after GC invocations=19 (full 3):
 PSYoungGen      total 216576K, used 18933K [0x00000000e0000000, 0x00000000ee900000, 0x0000000100000000)
  eden space 197632K, 0% used [0x00000000e0000000,0x00000000e0000000,0x00000000ec100000)
  from space 18944K, 99% used [0x00000000ed680000,0x00000000ee8fd528,0x00000000ee900000)
  to   space 20480K, 0% used [0x00000000ec100000,0x00000000ec100000,0x00000000ed500000)
 ParOldGen       total 86528K, used 50418K [0x00000000a0000000, 0x00000000a5480000, 0x00000000e0000000)
  object space 86528K, 58% used [0x00000000a0000000,0x00000000a313c940,0x00000000a5480000)
 Metaspace       used 73025K, capacity 75088K, committed 75160K, reserved 1114112K
  class space    used 9387K, capacity 9835K, committed 9904K, reserved 1048576K
}

