# JRE version: OpenJDK Runtime Environment (8.0_152-b01) (build 1.8.0_152-release-1343-b01)
# Java VM: OpenJDK 64-Bit Server VM (25.152-b01 mixed mode windows-amd64 compressed oops)
Heap:
 PSYoungGen      total 175104K, used 53192K [0x00000000e0000000, 0x00000000ed800000, 0x0000000100000000)
  eden space 151552K, 19% used [0x00000000e0000000,0x00000000e1cf23b0,0x00000000e9400000)
  from space 23552K, 99% used [0x00000000eb000000,0x00000000ec6ffd98,0x00000000ec700000)
  to   space 17408K, 0% used [0x00000000ec700000,0x00000000ec700000,0x00000000ed800000)
 ParOldGen       total 91136K, used 74048K [0x00000000a0000000, 0x00000000a5900000, 0x00000000e0000000)
  object space 91136K, 81% used [0x00000000a0000000,0x00000000a4850028,0x00000000a5900000)
 Metaspace       used 84719K, capacity 87870K, committed 87960K, reserved 1126400K
  class space    used 10761K, capacity 11382K, committed 11416K, reserved 1048576K
GC Heap History (10 events):
Event: 24.171 GC heap before
{Heap before GC invocations=16 (full 3):
 PSYoungGen      total 191488K, used 176128K [0x00000000e0000000, 0x00000000ecc00000, 0x0000000100000000)
  eden space 176128K, 100% used [0x00000000e0000000,0x00000000eac00000,0x00000000eac00000)
  from space 15360K, 0% used [0x00000000ebc00000,0x00000000ebc00000,0x00000000ecb00000)
  to   space 16384K, 0% used [0x00000000eac00000,0x00000000eac00000,0x00000000ebc00000)
 ParOldGen       total 91136K, used 34950K [0x00000000a0000000, 0x00000000a5900000, 0x00000000e0000000)
  object space 91136K, 38% used [0x00000000a0000000,0x00000000a2221a90,0x00000000a5900000)
 Metaspace       used 63541K, capacity 65824K, committed 66072K, reserved 1105920K
  class space    used 8606K, capacity 9142K, committed 9240K, reserved 1048576K
Event: 24.190 GC heap after
Heap after GC invocations=16 (full 3):
 PSYoungGen      total 192512K, used 12638K [0x00000000e0000000, 0x00000000eee80000, 0x0000000100000000)
  eden space 176128K, 0% used [0x00000000e0000000,0x00000000e0000000,0x00000000eac00000)
  from space 16384K, 77% used [0x00000000eac00000,0x00000000eb857b10,0x00000000ebc00000)
  to   space 17408K, 0% used [0x00000000edd80000,0x00000000edd80000,0x00000000eee80000)
 ParOldGen       total 91136K, used 34958K [0x00000000a0000000, 0x00000000a5900000, 0x00000000e0000000)
  object space 91136K, 38% used [0x00000000a0000000,0x00000000a2223a90,0x00000000a5900000)
 Metaspace       used 63541K, capacity 65824K, committed 66072K, reserved 1105920K
  class space    used 8606K, capacity 9142K, committed 9240K, reserved 1048576K
}
Event: 1344.307 GC heap before
{Heap before GC invocations=17 (full 3):
 PSYoungGen      total 192512K, used 188766K [0x00000000e0000000, 0x00000000eee80000, 0x0000000100000000)
  eden space 176128K, 100% used [0x00000000e0000000,0x00000000eac00000,0x00000000eac00000)
  from space 16384K, 77% used [0x00000000eac00000,0x00000000eb857b10,0x00000000ebc00000)
  to   space 17408K, 0% used [0x00000000edd80000,0x00000000edd80000,0x00000000eee80000)
 ParOldGen       total 91136K, used 34958K [0x00000000a0000000, 0x00000000a5900000, 0x00000000e0000000)
  object space 91136K, 38% used [0x00000000a0000000,0x00000000a2223a90,0x00000000a5900000)
 Metaspace       used 71300K, capacity 74016K, committed 74136K, reserved 1114112K
  class space    used 9264K, capacity 9829K, committed 9880K, reserved 1048576K
Event: 1344.405 GC heap after
Heap after GC invocations=17 (full 3):
 PSYoungGen      total 186880K, used 17396K [0x00000000e0000000, 0x00000000eee80000, 0x0000000100000000)
  eden space 169472K, 0% used [0x00000000e0000000,0x00000000e0000000,0x00000000ea580000)
  from space 17408K, 99% used [0x00000000edd80000,0x00000000eee7d100,0x00000000eee80000)
  to   space 22016K, 0% used [0x00000000ec380000,0x00000000ec380000,0x00000000ed900000)
 ParOldGen       total 91136K, used 40618K [0x00000000a0000000, 0x00000000a5900000, 0x00000000e0000000)
  object space 91136K, 44% used [0x00000000a0000000,0x00000000a27aaab8,0x00000000a5900000)
 Metaspace       used 71300K, capacity 74016K, committed 74136K, reserved 1114112K
  class space    used 9264K, capacity 9829K, committed 9880K, reserved 1048576K
}
Event: 3416.935 GC heap before
{Heap before GC invocations=18 (full 3):
 PSYoungGen      total 186880K, used 186868K [0x00000000e0000000, 0x00000000eee80000, 0x0000000100000000)
  eden space 169472K, 100% used [0x00000000e0000000,0x00000000ea580000,0x00000000ea580000)
  from space 17408K, 99% used [0x00000000edd80000,0x00000000eee7d100,0x00000000eee80000)
  to   space 22016K, 0% used [0x00000000ec380000,0x00000000ec380000,0x00000000ed900000)
 ParOldGen       total 91136K, used 40618K [0x00000000a0000000, 0x00000000a5900000, 0x00000000e0000000)
  object space 91136K, 44% used [0x00000000a0000000,0x00000000a27aaab8,0x00000000a5900000)
 Metaspace       used 75463K, capacity 78480K, committed 78744K, reserved 1118208K
  class space    used 9755K, capacity 10383K, committed 10392K, reserved 1048576K
Event: 3417.045 GC heap after
Heap after GC invocations=18 (full 3):
 PSYoungGen      total 176640K, used 12801K [0x00000000e0000000, 0x00000000ede00000, 0x0000000100000000)
  eden space 163328K, 0% used [0x00000000e0000000,0x00000000e0000000,0x00000000e9f80000)
  from space 13312K, 96% used [0x00000000ec380000,0x00000000ed000640,0x00000000ed080000)
  to   space 13824K, 0% used [0x00000000ed080000,0x00000000ed080000,0x00000000ede00000)
 ParOldGen       total 91136K, used 49702K [0x00000000a0000000, 0x00000000a5900000, 0x00000000e0000000)
  object space 91136K, 54% used [0x00000000a0000000,0x00000000a3089bf8,0x00000000a5900000)
 Metaspace       used 75463K, capacity 78480K, committed 78744K, reserved 1118208K
  class space    used 9755K, capacity 10383K, committed 10392K, reserved 1048576K
}
Event: 3425.161 GC heap before
{Heap before GC invocations=19 (full 3):
 PSYoungGen      total 176640K, used 176129K [0x00000000e0000000, 0x00000000ede00000, 0x0000000100000000)
  eden space 163328K, 100% used [0x00000000e0000000,0x00000000e9f80000,0x00000000e9f80000)
  from space 13312K, 96% used [0x00000000ec380000,0x00000000ed000640,0x00000000ed080000)
  to   space 13824K, 0% used [0x00000000ed080000,0x00000000ed080000,0x00000000ede00000)
 ParOldGen       total 91136K, used 49702K [0x00000000a0000000, 0x00000000a5900000, 0x00000000e0000000)
  object space 91136K, 54% used [0x00000000a0000000,0x00000000a3089bf8,0x00000000a5900000)
 Metaspace       used 78050K, capacity 81060K, committed 81432K, reserved 1120256K
  class space    used 10065K, capacity 10673K, committed 10776K, reserved 1048576K
Event: 3425.207 GC heap after
Heap after GC invocations=19 (full 3):
 PSYoungGen      total 171008K, used 13820K [0x00000000e0000000, 0x00000000ede00000, 0x0000000100000000)
  eden space 157184K, 0% used [0x00000000e0000000,0x00000000e0000000,0x00000000e9980000)
  from space 13824K, 99% used [0x00000000ed080000,0x00000000eddff208,0x00000000ede00000)
  to   space 23552K, 0% used [0x00000000eb000000,0x00000000eb000000,0x00000000ec700000)
 ParOldGen       total 91136K, used 53455K [0x00000000a0000000, 0x00000000a5900000, 0x00000000e0000000)
  object space 91136K, 58% used [0x00000000a0000000,0x00000000a3433ea0,0x00000000a5900000)
 Metaspace       used 78050K, capacity 81060K, committed 81432K, reserved 1120256K
  class space    used 10065K, capacity 10673K, committed 10776K, reserved 1048576K
}
Event: 3452.858 GC heap before
{Heap before GC invocations=20 (full 3):
 PSYoungGen      total 171008K, used 171004K [0x00000000e0000000, 0x00000000ede00000, 0x0000000100000000)
  eden space 157184K, 100% used [0x00000000e0000000,0x00000000e9980000,0x00000000e9980000)
  from space 13824K, 99% used [0x00000000ed080000,0x00000000eddff208,0x00000000ede00000)
  to   space 23552K, 0% used [0x00000000eb000000,0x00000000eb000000,0x00000000ec700000)
 ParOldGen       total 91136K, used 53455K [0x00000000a0000000, 0x00000000a5900000, 0x00000000e0000000)
  object space 91136K, 58% used [0x00000000a0000000,0x00000000a3433ea0,0x00000000a5900000)
 Metaspace       used 84116K, capacity 87230K, committed 87448K, reserved 1126400K
  class space    used 10750K, capacity 11382K, committed 11416K, reserved 1048576K
Event: 3452.924 GC heap after
Heap after GC invocations=20 (full 3):
 PSYoungGen      total 175104K, used 23551K [0x00000000e0000000, 0x00000000ed800000, 0x0000000100000000)
  eden space 151552K, 0% used [0x00000000e0000000,0x00000000e0000000,0x00000000e9400000)
  from space 23552K, 99% used [0x00000000eb000000,0x00000000ec6ffd98,0x00000000ec700000)
  to   space 17408K, 0% used [0x00000000ec700000,0x00000000ec700000,0x00000000ed800000)
 ParOldGen       total 91136K, used 74048K [0x00000000a0000000, 0x00000000a5900000, 0x00000000e0000000)
  object space 91136K, 81% used [0x00000000a0000000,0x00000000a4850028,0x00000000a5900000)
 Metaspace       used 84116K, capacity 87230K, committed 87448K, reserved 1126400K
  class space    used 10750K, capacity 11382K, committed 11416K, reserved 1048576K
}

