# JRE version: OpenJDK Runtime Environment (8.0_152-b01) (build 1.8.0_152-release-1343-b01)
# Java VM: OpenJDK 64-Bit Server VM (25.152-b01 mixed mode windows-amd64 compressed oops)
Heap:
 PSYoungGen      total 193024K, used 80093K [0x00000000e0000000, 0x00000000eca80000, 0x0000000100000000)
  eden space 178688K, 36% used [0x00000000e0000000,0x00000000e4086508,0x00000000eae80000)
  from space 14336K, 97% used [0x00000000eae80000,0x00000000ebc31010,0x00000000ebc80000)
  to   space 12800K, 0% used [0x00000000ebd00000,0x00000000ebd00000,0x00000000ec980000)
 ParOldGen       total 82944K, used 33611K [0x00000000a0000000, 0x00000000a5100000, 0x00000000e0000000)
  object space 82944K, 40% used [0x00000000a0000000,0x00000000a20d2c60,0x00000000a5100000)
 Metaspace       used 62636K, capacity 64642K, committed 64920K, reserved 1105920K
  class space    used 8395K, capacity 8834K, committed 8864K, reserved 1048576K
GC Heap History (10 events):
Event: 8.818 GC heap before
{Heap before GC invocations=14 (full 2):
 PSYoungGen      total 146944K, used 2753K [0x00000000e0000000, 0x00000000ea500000, 0x0000000100000000)
  eden space 138240K, 0% used [0x00000000e0000000,0x00000000e0000000,0x00000000e8700000)
  from space 8704K, 31% used [0x00000000e8f80000,0x00000000e9230520,0x00000000e9800000)
  to   space 8704K, 0% used [0x00000000e8700000,0x00000000e8700000,0x00000000e8f80000)
 ParOldGen       total 31232K, used 15039K [0x00000000a0000000, 0x00000000a1e80000, 0x00000000e0000000)
  object space 31232K, 48% used [0x00000000a0000000,0x00000000a0eafce0,0x00000000a1e80000)
 Metaspace       used 34749K, capacity 35442K, committed 35496K, reserved 1079296K
  class space    used 4792K, capacity 4998K, committed 5040K, reserved 1048576K
Event: 8.916 GC heap after
Heap after GC invocations=14 (full 2):
 PSYoungGen      total 146944K, used 0K [0x00000000e0000000, 0x00000000ea500000, 0x0000000100000000)
  eden space 138240K, 0% used [0x00000000e0000000,0x00000000e0000000,0x00000000e8700000)
  from space 8704K, 0% used [0x00000000e8f80000,0x00000000e8f80000,0x00000000e9800000)
  to   space 8704K, 0% used [0x00000000e8700000,0x00000000e8700000,0x00000000e8f80000)
 ParOldGen       total 49152K, used 15808K [0x00000000a0000000, 0x00000000a3000000, 0x00000000e0000000)
  object space 49152K, 32% used [0x00000000a0000000,0x00000000a0f70268,0x00000000a3000000)
 Metaspace       used 34744K, capacity 35424K, committed 35496K, reserved 1079296K
  class space    used 4791K, capacity 4995K, committed 5040K, reserved 1048576K
}
Event: 10.682 GC heap before
{Heap before GC invocations=15 (full 2):
 PSYoungGen      total 146944K, used 138240K [0x00000000e0000000, 0x00000000ea500000, 0x0000000100000000)
  eden space 138240K, 100% used [0x00000000e0000000,0x00000000e8700000,0x00000000e8700000)
  from space 8704K, 0% used [0x00000000e8f80000,0x00000000e8f80000,0x00000000e9800000)
  to   space 8704K, 0% used [0x00000000e8700000,0x00000000e8700000,0x00000000e8f80000)
 ParOldGen       total 49152K, used 15808K [0x00000000a0000000, 0x00000000a3000000, 0x00000000e0000000)
  object space 49152K, 32% used [0x00000000a0000000,0x00000000a0f70268,0x00000000a3000000)
 Metaspace       used 47128K, capacity 48216K, committed 48552K, reserved 1091584K
  class space    used 6416K, capacity 6719K, committed 6832K, reserved 1048576K
Event: 10.699 GC heap after
Heap after GC invocations=15 (full 2):
 PSYoungGen      total 146944K, used 8696K [0x00000000e0000000, 0x00000000ec980000, 0x0000000100000000)
  eden space 138240K, 0% used [0x00000000e0000000,0x00000000e0000000,0x00000000e8700000)
  from space 8704K, 99% used [0x00000000e8700000,0x00000000e8f7e0e0,0x00000000e8f80000)
  to   space 12800K, 0% used [0x00000000ebd00000,0x00000000ebd00000,0x00000000ec980000)
 ParOldGen       total 49152K, used 23817K [0x00000000a0000000, 0x00000000a3000000, 0x00000000e0000000)
  object space 49152K, 48% used [0x00000000a0000000,0x00000000a1742578,0x00000000a3000000)
 Metaspace       used 47128K, capacity 48216K, committed 48552K, reserved 1091584K
  class space    used 6416K, capacity 6719K, committed 6832K, reserved 1048576K
}
Event: 11.967 GC heap before
{Heap before GC invocations=16 (full 2):
 PSYoungGen      total 146944K, used 115014K [0x00000000e0000000, 0x00000000ec980000, 0x0000000100000000)
  eden space 138240K, 76% used [0x00000000e0000000,0x00000000e67d38f0,0x00000000e8700000)
  from space 8704K, 99% used [0x00000000e8700000,0x00000000e8f7e0e0,0x00000000e8f80000)
  to   space 12800K, 0% used [0x00000000ebd00000,0x00000000ebd00000,0x00000000ec980000)
 ParOldGen       total 49152K, used 23817K [0x00000000a0000000, 0x00000000a3000000, 0x00000000e0000000)
  object space 49152K, 48% used [0x00000000a0000000,0x00000000a1742578,0x00000000a3000000)
 Metaspace       used 57621K, capacity 59044K, committed 59160K, reserved 1099776K
  class space    used 7795K, capacity 8141K, committed 8224K, reserved 1048576K
Event: 11.986 GC heap after
Heap after GC invocations=16 (full 2):
 PSYoungGen      total 191488K, used 11961K [0x00000000e0000000, 0x00000000eca80000, 0x0000000100000000)
  eden space 178688K, 0% used [0x00000000e0000000,0x00000000e0000000,0x00000000eae80000)
  from space 12800K, 93% used [0x00000000ebd00000,0x00000000ec8ae5e0,0x00000000ec980000)
  to   space 14336K, 0% used [0x00000000eae80000,0x00000000eae80000,0x00000000ebc80000)
 ParOldGen       total 49152K, used 31783K [0x00000000a0000000, 0x00000000a3000000, 0x00000000e0000000)
  object space 49152K, 64% used [0x00000000a0000000,0x00000000a1f09e20,0x00000000a3000000)
 Metaspace       used 57621K, capacity 59044K, committed 59160K, reserved 1099776K
  class space    used 7795K, capacity 8141K, committed 8224K, reserved 1048576K
}
Event: 11.986 GC heap before
{Heap before GC invocations=17 (full 3):
 PSYoungGen      total 191488K, used 11961K [0x00000000e0000000, 0x00000000eca80000, 0x0000000100000000)
  eden space 178688K, 0% used [0x00000000e0000000,0x00000000e0000000,0x00000000eae80000)
  from space 12800K, 93% used [0x00000000ebd00000,0x00000000ec8ae5e0,0x00000000ec980000)
  to   space 14336K, 0% used [0x00000000eae80000,0x00000000eae80000,0x00000000ebc80000)
 ParOldGen       total 49152K, used 31783K [0x00000000a0000000, 0x00000000a3000000, 0x00000000e0000000)
  object space 49152K, 64% used [0x00000000a0000000,0x00000000a1f09e20,0x00000000a3000000)
 Metaspace       used 57621K, capacity 59044K, committed 59160K, reserved 1099776K
  class space    used 7795K, capacity 8141K, committed 8224K, reserved 1048576K
Event: 12.212 GC heap after
Heap after GC invocations=17 (full 3):
 PSYoungGen      total 191488K, used 0K [0x00000000e0000000, 0x00000000eca80000, 0x0000000100000000)
  eden space 178688K, 0% used [0x00000000e0000000,0x00000000e0000000,0x00000000eae80000)
  from space 12800K, 0% used [0x00000000ebd00000,0x00000000ebd00000,0x00000000ec980000)
  to   space 14336K, 0% used [0x00000000eae80000,0x00000000eae80000,0x00000000ebc80000)
 ParOldGen       total 82944K, used 33603K [0x00000000a0000000, 0x00000000a5100000, 0x00000000e0000000)
  object space 82944K, 40% used [0x00000000a0000000,0x00000000a20d0c60,0x00000000a5100000)
 Metaspace       used 57621K, capacity 59044K, committed 59160K, reserved 1099776K
  class space    used 7795K, capacity 8141K, committed 8224K, reserved 1048576K
}
Event: 15.512 GC heap before
{Heap before GC invocations=18 (full 3):
 PSYoungGen      total 191488K, used 178688K [0x00000000e0000000, 0x00000000eca80000, 0x0000000100000000)
  eden space 178688K, 100% used [0x00000000e0000000,0x00000000eae80000,0x00000000eae80000)
  from space 12800K, 0% used [0x00000000ebd00000,0x00000000ebd00000,0x00000000ec980000)
  to   space 14336K, 0% used [0x00000000eae80000,0x00000000eae80000,0x00000000ebc80000)
 ParOldGen       total 82944K, used 33603K [0x00000000a0000000, 0x00000000a5100000, 0x00000000e0000000)
  object space 82944K, 40% used [0x00000000a0000000,0x00000000a20d0c60,0x00000000a5100000)
 Metaspace       used 62263K, capacity 64254K, committed 64408K, reserved 1105920K
  class space    used 8382K, capacity 8834K, committed 8864K, reserved 1048576K
Event: 15.533 GC heap after
Heap after GC invocations=18 (full 3):
 PSYoungGen      total 193024K, used 14020K [0x00000000e0000000, 0x00000000eca80000, 0x0000000100000000)
  eden space 178688K, 0% used [0x00000000e0000000,0x00000000e0000000,0x00000000eae80000)
  from space 14336K, 97% used [0x00000000eae80000,0x00000000ebc31010,0x00000000ebc80000)
  to   space 12800K, 0% used [0x00000000ebd00000,0x00000000ebd00000,0x00000000ec980000)
 ParOldGen       total 82944K, used 33611K [0x00000000a0000000, 0x00000000a5100000, 0x00000000e0000000)
  object space 82944K, 40% used [0x00000000a0000000,0x00000000a20d2c60,0x00000000a5100000)
 Metaspace       used 62263K, capacity 64254K, committed 64408K, reserved 1105920K
  class space    used 8382K, capacity 8834K, committed 8864K, reserved 1048576K
}

