# JRE version: OpenJDK Runtime Environment (8.0_152-b01) (build 1.8.0_152-release-1343-b01)
# Java VM: OpenJDK 64-Bit Server VM (25.152-b01 mixed mode windows-amd64 compressed oops)
Heap:
 PSYoungGen      total 210432K, used 96547K [0x00000000e0000000, 0x00000000f0a00000, 0x0000000100000000)
  eden space 194048K, 41% used [0x00000000e0000000,0x00000000e4e8e828,0x00000000ebd80000)
  from space 16384K, 98% used [0x00000000ebd80000,0x00000000ecd3a3d8,0x00000000ecd80000)
  to   space 18944K, 0% used [0x00000000ef780000,0x00000000ef780000,0x00000000f0a00000)
 ParOldGen       total 86016K, used 33655K [0x00000000a0000000, 0x00000000a5400000, 0x00000000e0000000)
  object space 86016K, 39% used [0x00000000a0000000,0x00000000a20ddc58,0x00000000a5400000)
 Metaspace       used 66040K, capacity 67862K, committed 68120K, reserved 1107968K
  class space    used 8824K, capacity 9254K, committed 9264K, reserved 1048576K
GC Heap History (10 events):
Event: 6.957 GC heap before
{Heap before GC invocations=12 (full 2):
 PSYoungGen      total 159744K, used 5313K [0x00000000e0000000, 0x00000000ec880000, 0x0000000100000000)
  eden space 146944K, 0% used [0x00000000e0000000,0x00000000e0000000,0x00000000e8f80000)
  from space 12800K, 41% used [0x00000000e9b80000,0x00000000ea0b0520,0x00000000ea800000)
  to   space 12288K, 0% used [0x00000000e8f80000,0x00000000e8f80000,0x00000000e9b80000)
 ParOldGen       total 37376K, used 16441K [0x00000000a0000000, 0x00000000a2480000, 0x00000000e0000000)
  object space 37376K, 43% used [0x00000000a0000000,0x00000000a100e6f0,0x00000000a2480000)
 Metaspace       used 34773K, capacity 35442K, committed 35496K, reserved 1079296K
  class space    used 4792K, capacity 4998K, committed 5040K, reserved 1048576K
Event: 7.028 GC heap after
Heap after GC invocations=12 (full 2):
 PSYoungGen      total 159744K, used 0K [0x00000000e0000000, 0x00000000ec880000, 0x0000000100000000)
  eden space 146944K, 0% used [0x00000000e0000000,0x00000000e0000000,0x00000000e8f80000)
  from space 12800K, 0% used [0x00000000e9b80000,0x00000000e9b80000,0x00000000ea800000)
  to   space 12288K, 0% used [0x00000000e8f80000,0x00000000e8f80000,0x00000000e9b80000)
 ParOldGen       total 52224K, used 15535K [0x00000000a0000000, 0x00000000a3300000, 0x00000000e0000000)
  object space 52224K, 29% used [0x00000000a0000000,0x00000000a0f2bf30,0x00000000a3300000)
 Metaspace       used 34767K, capacity 35424K, committed 35496K, reserved 1079296K
  class space    used 4791K, capacity 4995K, committed 5040K, reserved 1048576K
}
Event: 9.114 GC heap before
{Heap before GC invocations=13 (full 2):
 PSYoungGen      total 159744K, used 146944K [0x00000000e0000000, 0x00000000ec880000, 0x0000000100000000)
  eden space 146944K, 100% used [0x00000000e0000000,0x00000000e8f80000,0x00000000e8f80000)
  from space 12800K, 0% used [0x00000000e9b80000,0x00000000e9b80000,0x00000000ea800000)
  to   space 12288K, 0% used [0x00000000e8f80000,0x00000000e8f80000,0x00000000e9b80000)
 ParOldGen       total 52224K, used 15535K [0x00000000a0000000, 0x00000000a3300000, 0x00000000e0000000)
  object space 52224K, 29% used [0x00000000a0000000,0x00000000a0f2bf30,0x00000000a3300000)
 Metaspace       used 50056K, capacity 51080K, committed 51368K, reserved 1093632K
  class space    used 6729K, capacity 7011K, committed 7088K, reserved 1048576K
Event: 9.135 GC heap after
Heap after GC invocations=13 (full 2):
 PSYoungGen      total 159232K, used 12270K [0x00000000e0000000, 0x00000000edd00000, 0x0000000100000000)
  eden space 146944K, 0% used [0x00000000e0000000,0x00000000e0000000,0x00000000e8f80000)
  from space 12288K, 99% used [0x00000000e8f80000,0x00000000e9b7ba38,0x00000000e9b80000)
  to   space 15872K, 0% used [0x00000000ecd80000,0x00000000ecd80000,0x00000000edd00000)
 ParOldGen       total 52224K, used 20969K [0x00000000a0000000, 0x00000000a3300000, 0x00000000e0000000)
  object space 52224K, 40% used [0x00000000a0000000,0x00000000a147a450,0x00000000a3300000)
 Metaspace       used 50056K, capacity 51080K, committed 51368K, reserved 1093632K
  class space    used 6729K, capacity 7011K, committed 7088K, reserved 1048576K
}
Event: 10.433 GC heap before
{Heap before GC invocations=14 (full 2):
 PSYoungGen      total 159232K, used 122006K [0x00000000e0000000, 0x00000000edd00000, 0x0000000100000000)
  eden space 146944K, 74% used [0x00000000e0000000,0x00000000e6b29ed8,0x00000000e8f80000)
  from space 12288K, 99% used [0x00000000e8f80000,0x00000000e9b7ba38,0x00000000e9b80000)
  to   space 15872K, 0% used [0x00000000ecd80000,0x00000000ecd80000,0x00000000edd00000)
 ParOldGen       total 52224K, used 20969K [0x00000000a0000000, 0x00000000a3300000, 0x00000000e0000000)
  object space 52224K, 40% used [0x00000000a0000000,0x00000000a147a450,0x00000000a3300000)
 Metaspace       used 57459K, capacity 59010K, committed 59160K, reserved 1099776K
  class space    used 7744K, capacity 8122K, committed 8240K, reserved 1048576K
Event: 10.463 GC heap after
Heap after GC invocations=14 (full 2):
 PSYoungGen      total 209920K, used 11298K [0x00000000e0000000, 0x00000000ede00000, 0x0000000100000000)
  eden space 194048K, 0% used [0x00000000e0000000,0x00000000e0000000,0x00000000ebd80000)
  from space 15872K, 71% used [0x00000000ecd80000,0x00000000ed888a60,0x00000000edd00000)
  to   space 16384K, 0% used [0x00000000ebd80000,0x00000000ebd80000,0x00000000ecd80000)
 ParOldGen       total 52224K, used 29384K [0x00000000a0000000, 0x00000000a3300000, 0x00000000e0000000)
  object space 52224K, 56% used [0x00000000a0000000,0x00000000a1cb2190,0x00000000a3300000)
 Metaspace       used 57459K, capacity 59010K, committed 59160K, reserved 1099776K
  class space    used 7744K, capacity 8122K, committed 8240K, reserved 1048576K
}
Event: 10.463 GC heap before
{Heap before GC invocations=15 (full 3):
 PSYoungGen      total 209920K, used 11298K [0x00000000e0000000, 0x00000000ede00000, 0x0000000100000000)
  eden space 194048K, 0% used [0x00000000e0000000,0x00000000e0000000,0x00000000ebd80000)
  from space 15872K, 71% used [0x00000000ecd80000,0x00000000ed888a60,0x00000000edd00000)
  to   space 16384K, 0% used [0x00000000ebd80000,0x00000000ebd80000,0x00000000ecd80000)
 ParOldGen       total 52224K, used 29384K [0x00000000a0000000, 0x00000000a3300000, 0x00000000e0000000)
  object space 52224K, 56% used [0x00000000a0000000,0x00000000a1cb2190,0x00000000a3300000)
 Metaspace       used 57459K, capacity 59010K, committed 59160K, reserved 1099776K
  class space    used 7744K, capacity 8122K, committed 8240K, reserved 1048576K
Event: 10.704 GC heap after
Heap after GC invocations=15 (full 3):
 PSYoungGen      total 209920K, used 0K [0x00000000e0000000, 0x00000000ede00000, 0x0000000100000000)
  eden space 194048K, 0% used [0x00000000e0000000,0x00000000e0000000,0x00000000ebd80000)
  from space 15872K, 0% used [0x00000000ecd80000,0x00000000ecd80000,0x00000000edd00000)
  to   space 16384K, 0% used [0x00000000ebd80000,0x00000000ebd80000,0x00000000ecd80000)
 ParOldGen       total 86016K, used 33647K [0x00000000a0000000, 0x00000000a5400000, 0x00000000e0000000)
  object space 86016K, 39% used [0x00000000a0000000,0x00000000a20dbc58,0x00000000a5400000)
 Metaspace       used 57459K, capacity 59010K, committed 59160K, reserved 1099776K
  class space    used 7744K, capacity 8122K, committed 8240K, reserved 1048576K
}
Event: 13.539 GC heap before
{Heap before GC invocations=16 (full 3):
 PSYoungGen      total 209920K, used 194048K [0x00000000e0000000, 0x00000000ede00000, 0x0000000100000000)
  eden space 194048K, 100% used [0x00000000e0000000,0x00000000ebd80000,0x00000000ebd80000)
  from space 15872K, 0% used [0x00000000ecd80000,0x00000000ecd80000,0x00000000edd00000)
  to   space 16384K, 0% used [0x00000000ebd80000,0x00000000ebd80000,0x00000000ecd80000)
 ParOldGen       total 86016K, used 33647K [0x00000000a0000000, 0x00000000a5400000, 0x00000000e0000000)
  object space 86016K, 39% used [0x00000000a0000000,0x00000000a20dbc58,0x00000000a5400000)
 Metaspace       used 61727K, capacity 63602K, committed 63896K, reserved 1103872K
  class space    used 8330K, capacity 8770K, committed 8880K, reserved 1048576K
Event: 13.559 GC heap after
Heap after GC invocations=16 (full 3):
 PSYoungGen      total 210432K, used 16104K [0x00000000e0000000, 0x00000000f0a00000, 0x0000000100000000)
  eden space 194048K, 0% used [0x00000000e0000000,0x00000000e0000000,0x00000000ebd80000)
  from space 16384K, 98% used [0x00000000ebd80000,0x00000000ecd3a3d8,0x00000000ecd80000)
  to   space 18944K, 0% used [0x00000000ef780000,0x00000000ef780000,0x00000000f0a00000)
 ParOldGen       total 86016K, used 33655K [0x00000000a0000000, 0x00000000a5400000, 0x00000000e0000000)
  object space 86016K, 39% used [0x00000000a0000000,0x00000000a20ddc58,0x00000000a5400000)
 Metaspace       used 61727K, capacity 63602K, committed 63896K, reserved 1103872K
  class space    used 8330K, capacity 8770K, committed 8880K, reserved 1048576K
}

