# JRE version: OpenJDK Runtime Environment (8.0_152-b01) (build 1.8.0_152-release-1343-b01)
# Java VM: OpenJDK 64-Bit Server VM (25.152-b01 mixed mode windows-amd64 compressed oops)
Heap:
 PSYoungGen      total 213504K, used 54859K [0x00000000e0000000, 0x00000000efc00000, 0x0000000100000000)
  eden space 187392K, 15% used [0x00000000e0000000,0x00000000e1c18d18,0x00000000eb700000)
  from space 26112K, 99% used [0x00000000ee280000,0x00000000efbfa018,0x00000000efc00000)
  to   space 25088K, 0% used [0x00000000eb700000,0x00000000eb700000,0x00000000ecf80000)
 ParOldGen       total 86528K, used 61661K [0x00000000a0000000, 0x00000000a5480000, 0x00000000e0000000)
  object space 86528K, 71% used [0x00000000a0000000,0x00000000a3c37548,0x00000000a5480000)
 Metaspace       used 81802K, capacity 85372K, committed 85656K, reserved 1124352K
  class space    used 10689K, capacity 11382K, committed 11440K, reserved 1048576K
GC Heap History (10 events):
Event: 15.631 GC heap after
Heap after GC invocations=16 (full 2):
 PSYoungGen      total 175616K, used 12778K [0x00000000e0000000, 0x00000000ec300000, 0x0000000100000000)
  eden space 162816K, 0% used [0x00000000e0000000,0x00000000e0000000,0x00000000e9f00000)
  from space 12800K, 99% used [0x00000000eb000000,0x00000000ebc7a968,0x00000000ebc80000)
  to   space 17408K, 0% used [0x00000000e9f00000,0x00000000e9f00000,0x00000000eb000000)
 ParOldGen       total 51200K, used 31395K [0x00000000a0000000, 0x00000000a3200000, 0x00000000e0000000)
  object space 51200K, 61% used [0x00000000a0000000,0x00000000a1ea8fc0,0x00000000a3200000)
 Metaspace       used 57489K, capacity 59014K, committed 59160K, reserved 1099776K
  class space    used 7751K, capacity 8122K, committed 8240K, reserved 1048576K
}
Event: 15.631 GC heap before
{Heap before GC invocations=17 (full 3):
 PSYoungGen      total 175616K, used 12778K [0x00000000e0000000, 0x00000000ec300000, 0x0000000100000000)
  eden space 162816K, 0% used [0x00000000e0000000,0x00000000e0000000,0x00000000e9f00000)
  from space 12800K, 99% used [0x00000000eb000000,0x00000000ebc7a968,0x00000000ebc80000)
  to   space 17408K, 0% used [0x00000000e9f00000,0x00000000e9f00000,0x00000000eb000000)
 ParOldGen       total 51200K, used 31395K [0x00000000a0000000, 0x00000000a3200000, 0x00000000e0000000)
  object space 51200K, 61% used [0x00000000a0000000,0x00000000a1ea8fc0,0x00000000a3200000)
 Metaspace       used 57489K, capacity 59014K, committed 59160K, reserved 1099776K
  class space    used 7751K, capacity 8122K, committed 8240K, reserved 1048576K
Event: 15.874 GC heap after
Heap after GC invocations=17 (full 3):
 PSYoungGen      total 175616K, used 0K [0x00000000e0000000, 0x00000000ec300000, 0x0000000100000000)
  eden space 162816K, 0% used [0x00000000e0000000,0x00000000e0000000,0x00000000e9f00000)
  from space 12800K, 0% used [0x00000000eb000000,0x00000000eb000000,0x00000000ebc80000)
  to   space 17408K, 0% used [0x00000000e9f00000,0x00000000e9f00000,0x00000000eb000000)
 ParOldGen       total 86528K, used 34543K [0x00000000a0000000, 0x00000000a5480000, 0x00000000e0000000)
  object space 86528K, 39% used [0x00000000a0000000,0x00000000a21bbc88,0x00000000a5480000)
 Metaspace       used 57489K, capacity 59014K, committed 59160K, reserved 1099776K
  class space    used 7751K, capacity 8122K, committed 8240K, reserved 1048576K
}
Event: 19.897 GC heap before
{Heap before GC invocations=18 (full 3):
 PSYoungGen      total 175616K, used 162816K [0x00000000e0000000, 0x00000000ec300000, 0x0000000100000000)
  eden space 162816K, 100% used [0x00000000e0000000,0x00000000e9f00000,0x00000000e9f00000)
  from space 12800K, 0% used [0x00000000eb000000,0x00000000eb000000,0x00000000ebc80000)
  to   space 17408K, 0% used [0x00000000e9f00000,0x00000000e9f00000,0x00000000eb000000)
 ParOldGen       total 86528K, used 34543K [0x00000000a0000000, 0x00000000a5480000, 0x00000000e0000000)
  object space 86528K, 39% used [0x00000000a0000000,0x00000000a21bbc88,0x00000000a5480000)
 Metaspace       used 61589K, capacity 63556K, committed 63768K, reserved 1103872K
  class space    used 8320K, capacity 8747K, committed 8752K, reserved 1048576K
Event: 19.914 GC heap after
Heap after GC invocations=18 (full 3):
 PSYoungGen      total 180224K, used 14311K [0x00000000e0000000, 0x00000000ee200000, 0x0000000100000000)
  eden space 162816K, 0% used [0x00000000e0000000,0x00000000e0000000,0x00000000e9f00000)
  from space 17408K, 82% used [0x00000000e9f00000,0x00000000eacf9c98,0x00000000eb000000)
  to   space 18944K, 0% used [0x00000000ecf80000,0x00000000ecf80000,0x00000000ee200000)
 ParOldGen       total 86528K, used 34551K [0x00000000a0000000, 0x00000000a5480000, 0x00000000e0000000)
  object space 86528K, 39% used [0x00000000a0000000,0x00000000a21bdc88,0x00000000a5480000)
 Metaspace       used 61589K, capacity 63556K, committed 63768K, reserved 1103872K
  class space    used 8320K, capacity 8747K, committed 8752K, reserved 1048576K
}
Event: 42.272 GC heap before
{Heap before GC invocations=19 (full 3):
 PSYoungGen      total 180224K, used 177127K [0x00000000e0000000, 0x00000000ee200000, 0x0000000100000000)
  eden space 162816K, 100% used [0x00000000e0000000,0x00000000e9f00000,0x00000000e9f00000)
  from space 17408K, 82% used [0x00000000e9f00000,0x00000000eacf9c98,0x00000000eb000000)
  to   space 18944K, 0% used [0x00000000ecf80000,0x00000000ecf80000,0x00000000ee200000)
 ParOldGen       total 86528K, used 34551K [0x00000000a0000000, 0x00000000a5480000, 0x00000000e0000000)
  object space 86528K, 39% used [0x00000000a0000000,0x00000000a21bdc88,0x00000000a5480000)
 Metaspace       used 68005K, capacity 70052K, committed 70296K, reserved 1110016K
  class space    used 9086K, capacity 9541K, committed 9648K, reserved 1048576K
Event: 42.302 GC heap after
Heap after GC invocations=19 (full 3):
 PSYoungGen      total 206336K, used 18943K [0x00000000e0000000, 0x00000000ee900000, 0x0000000100000000)
  eden space 187392K, 0% used [0x00000000e0000000,0x00000000e0000000,0x00000000eb700000)
  from space 18944K, 99% used [0x00000000ecf80000,0x00000000ee1fff30,0x00000000ee200000)
  to   space 25088K, 0% used [0x00000000eb700000,0x00000000eb700000,0x00000000ecf80000)
 ParOldGen       total 86528K, used 42412K [0x00000000a0000000, 0x00000000a5480000, 0x00000000e0000000)
  object space 86528K, 49% used [0x00000000a0000000,0x00000000a296b1d0,0x00000000a5480000)
 Metaspace       used 68005K, capacity 70052K, committed 70296K, reserved 1110016K
  class space    used 9086K, capacity 9541K, committed 9648K, reserved 1048576K
}
Event: 50.163 GC heap before
{Heap before GC invocations=20 (full 3):
 PSYoungGen      total 206336K, used 206335K [0x00000000e0000000, 0x00000000ee900000, 0x0000000100000000)
  eden space 187392K, 100% used [0x00000000e0000000,0x00000000eb700000,0x00000000eb700000)
  from space 18944K, 99% used [0x00000000ecf80000,0x00000000ee1fff30,0x00000000ee200000)
  to   space 25088K, 0% used [0x00000000eb700000,0x00000000eb700000,0x00000000ecf80000)
 ParOldGen       total 86528K, used 42412K [0x00000000a0000000, 0x00000000a5480000, 0x00000000e0000000)
  object space 86528K, 49% used [0x00000000a0000000,0x00000000a296b1d0,0x00000000a5480000)
 Metaspace       used 72358K, capacity 74614K, committed 74776K, reserved 1114112K
  class space    used 9478K, capacity 9994K, committed 10032K, reserved 1048576K
Event: 50.204 GC heap after
Heap after GC invocations=20 (full 3):
 PSYoungGen      total 212480K, used 17178K [0x00000000e0000000, 0x00000000efc00000, 0x0000000100000000)
  eden space 187392K, 0% used [0x00000000e0000000,0x00000000e0000000,0x00000000eb700000)
  from space 25088K, 68% used [0x00000000eb700000,0x00000000ec7c6b00,0x00000000ecf80000)
  to   space 26112K, 0% used [0x00000000ee280000,0x00000000ee280000,0x00000000efc00000)
 ParOldGen       total 86528K, used 57747K [0x00000000a0000000, 0x00000000a5480000, 0x00000000e0000000)
  object space 86528K, 66% used [0x00000000a0000000,0x00000000a3864f78,0x00000000a5480000)
 Metaspace       used 72358K, capacity 74614K, committed 74776K, reserved 1114112K
  class space    used 9478K, capacity 9994K, committed 10032K, reserved 1048576K
}
Event: 55.890 GC heap before
{Heap before GC invocations=21 (full 3):
 PSYoungGen      total 212480K, used 204570K [0x00000000e0000000, 0x00000000efc00000, 0x0000000100000000)
  eden space 187392K, 100% used [0x00000000e0000000,0x00000000eb700000,0x00000000eb700000)
  from space 25088K, 68% used [0x00000000eb700000,0x00000000ec7c6b00,0x00000000ecf80000)
  to   space 26112K, 0% used [0x00000000ee280000,0x00000000ee280000,0x00000000efc00000)
 ParOldGen       total 86528K, used 57747K [0x00000000a0000000, 0x00000000a5480000, 0x00000000e0000000)
  object space 86528K, 66% used [0x00000000a0000000,0x00000000a3864f78,0x00000000a5480000)
 Metaspace       used 81743K, capacity 85238K, committed 85400K, reserved 1124352K
  class space    used 10688K, capacity 11381K, committed 11440K, reserved 1048576K

