# JRE version: OpenJDK Runtime Environment (8.0_152-b01) (build 1.8.0_152-release-1343-b01)
# Java VM: OpenJDK 64-Bit Server VM (25.152-b01 mixed mode windows-amd64 compressed oops)
Heap:
 PSYoungGen      total 328704K, used 269794K [0x00000000e0000000, 0x00000000f5480000, 0x0000000100000000)
  eden space 308736K, 80% used [0x00000000e0000000,0x00000000ef3fb930,0x00000000f2d80000)
  from space 19968K, 99% used [0x00000000f2d80000,0x00000000f40fd078,0x00000000f4100000)
  to   space 18432K, 0% used [0x00000000f4280000,0x00000000f4280000,0x00000000f5480000)
 ParOldGen       total 79360K, used 48568K [0x00000000a0000000, 0x00000000a4d80000, 0x00000000e0000000)
  object space 79360K, 61% used [0x00000000a0000000,0x00000000a2f6e0e0,0x00000000a4d80000)
 Metaspace       used 80541K, capacity 83826K, committed 83992K, reserved 1122304K
  class space    used 10292K, capacity 10978K, committed 11032K, reserved 1048576K
GC Heap History (10 events):
Event: 29.164 GC heap before
{Heap before GC invocations=16 (full 3):
 PSYoungGen      total 178688K, used 496K [0x00000000e0000000, 0x00000000f1080000, 0x0000000100000000)
  eden space 159232K, 0% used [0x00000000e0000000,0x00000000e0000000,0x00000000e9b80000)
  from space 19456K, 2% used [0x00000000e9b80000,0x00000000e9bfc060,0x00000000eae80000)
  to   space 19456K, 0% used [0x00000000efd80000,0x00000000efd80000,0x00000000f1080000)
 ParOldGen       total 57344K, used 37242K [0x00000000a0000000, 0x00000000a3800000, 0x00000000e0000000)
  object space 57344K, 64% used [0x00000000a0000000,0x00000000a245ebf0,0x00000000a3800000)
 Metaspace       used 57374K, capacity 59048K, committed 59160K, reserved 1099776K
  class space    used 7729K, capacity 8136K, committed 8216K, reserved 1048576K
Event: 29.470 GC heap after
Heap after GC invocations=16 (full 3):
 PSYoungGen      total 178688K, used 0K [0x00000000e0000000, 0x00000000f1080000, 0x0000000100000000)
  eden space 159232K, 0% used [0x00000000e0000000,0x00000000e0000000,0x00000000e9b80000)
  from space 19456K, 0% used [0x00000000e9b80000,0x00000000e9b80000,0x00000000eae80000)
  to   space 19456K, 0% used [0x00000000efd80000,0x00000000efd80000,0x00000000f1080000)
 ParOldGen       total 79360K, used 27804K [0x00000000a0000000, 0x00000000a4d80000, 0x00000000e0000000)
  object space 79360K, 35% used [0x00000000a0000000,0x00000000a1b27128,0x00000000a4d80000)
 Metaspace       used 57374K, capacity 59048K, committed 59160K, reserved 1099776K
  class space    used 7729K, capacity 8136K, committed 8216K, reserved 1048576K
}
Event: 36.515 GC heap before
{Heap before GC invocations=17 (full 3):
 PSYoungGen      total 178688K, used 159232K [0x00000000e0000000, 0x00000000f1080000, 0x0000000100000000)
  eden space 159232K, 100% used [0x00000000e0000000,0x00000000e9b80000,0x00000000e9b80000)
  from space 19456K, 0% used [0x00000000e9b80000,0x00000000e9b80000,0x00000000eae80000)
  to   space 19456K, 0% used [0x00000000efd80000,0x00000000efd80000,0x00000000f1080000)
 ParOldGen       total 79360K, used 27804K [0x00000000a0000000, 0x00000000a4d80000, 0x00000000e0000000)
  object space 79360K, 35% used [0x00000000a0000000,0x00000000a1b27128,0x00000000a4d80000)
 Metaspace       used 62788K, capacity 64920K, committed 65176K, reserved 1105920K
  class space    used 8519K, capacity 9000K, committed 9112K, reserved 1048576K
Event: 36.532 GC heap after
Heap after GC invocations=17 (full 3):
 PSYoungGen      total 237056K, used 11457K [0x00000000e0000000, 0x00000000f0900000, 0x0000000100000000)
  eden space 225280K, 0% used [0x00000000e0000000,0x00000000e0000000,0x00000000edc00000)
  from space 11776K, 97% used [0x00000000efd80000,0x00000000f08b07f0,0x00000000f0900000)
  to   space 19968K, 0% used [0x00000000ee200000,0x00000000ee200000,0x00000000ef580000)
 ParOldGen       total 79360K, used 27812K [0x00000000a0000000, 0x00000000a4d80000, 0x00000000e0000000)
  object space 79360K, 35% used [0x00000000a0000000,0x00000000a1b29128,0x00000000a4d80000)
 Metaspace       used 62788K, capacity 64920K, committed 65176K, reserved 1105920K
  class space    used 8519K, capacity 9000K, committed 9112K, reserved 1048576K
}
Event: 4120.728 GC heap before
{Heap before GC invocations=18 (full 3):
 PSYoungGen      total 237056K, used 236737K [0x00000000e0000000, 0x00000000f0900000, 0x0000000100000000)
  eden space 225280K, 100% used [0x00000000e0000000,0x00000000edc00000,0x00000000edc00000)
  from space 11776K, 97% used [0x00000000efd80000,0x00000000f08b07f0,0x00000000f0900000)
  to   space 19968K, 0% used [0x00000000ee200000,0x00000000ee200000,0x00000000ef580000)
 ParOldGen       total 79360K, used 27812K [0x00000000a0000000, 0x00000000a4d80000, 0x00000000e0000000)
  object space 79360K, 35% used [0x00000000a0000000,0x00000000a1b29128,0x00000000a4d80000)
 Metaspace       used 69008K, capacity 71714K, committed 71960K, reserved 1112064K
  class space    used 9076K, capacity 9646K, committed 9752K, reserved 1048576K
Event: 4120.944 GC heap after
Heap after GC invocations=18 (full 3):
 PSYoungGen      total 251392K, used 13048K [0x00000000e0000000, 0x00000000f5680000, 0x0000000100000000)
  eden space 231424K, 0% used [0x00000000e0000000,0x00000000e0000000,0x00000000ee200000)
  from space 19968K, 65% used [0x00000000ee200000,0x00000000eeebe018,0x00000000ef580000)
  to   space 20480K, 0% used [0x00000000f4280000,0x00000000f4280000,0x00000000f5680000)
 ParOldGen       total 79360K, used 35872K [0x00000000a0000000, 0x00000000a4d80000, 0x00000000e0000000)
  object space 79360K, 45% used [0x00000000a0000000,0x00000000a2308278,0x00000000a4d80000)
 Metaspace       used 69008K, capacity 71714K, committed 71960K, reserved 1112064K
  class space    used 9076K, capacity 9646K, committed 9752K, reserved 1048576K
}
Event: 5908.970 GC heap before
{Heap before GC invocations=19 (full 3):
 PSYoungGen      total 251392K, used 244472K [0x00000000e0000000, 0x00000000f5680000, 0x0000000100000000)
  eden space 231424K, 100% used [0x00000000e0000000,0x00000000ee200000,0x00000000ee200000)
  from space 19968K, 65% used [0x00000000ee200000,0x00000000eeebe018,0x00000000ef580000)
  to   space 20480K, 0% used [0x00000000f4280000,0x00000000f4280000,0x00000000f5680000)
 ParOldGen       total 79360K, used 35872K [0x00000000a0000000, 0x00000000a4d80000, 0x00000000e0000000)
  object space 79360K, 45% used [0x00000000a0000000,0x00000000a2308278,0x00000000a4d80000)
 Metaspace       used 71459K, capacity 74424K, committed 74648K, reserved 1114112K
  class space    used 9367K, capacity 10011K, committed 10136K, reserved 1048576K
Event: 5909.139 GC heap after
Heap after GC invocations=19 (full 3):
 PSYoungGen      total 327168K, used 10327K [0x00000000e0000000, 0x00000000f5480000, 0x0000000100000000)
  eden space 308736K, 0% used [0x00000000e0000000,0x00000000e0000000,0x00000000f2d80000)
  from space 18432K, 56% used [0x00000000f4280000,0x00000000f4c95fa8,0x00000000f5480000)
  to   space 19968K, 0% used [0x00000000f2d80000,0x00000000f2d80000,0x00000000f4100000)
 ParOldGen       total 79360K, used 40900K [0x00000000a0000000, 0x00000000a4d80000, 0x00000000e0000000)
  object space 79360K, 51% used [0x00000000a0000000,0x00000000a27f1368,0x00000000a4d80000)
 Metaspace       used 71459K, capacity 74424K, committed 74648K, reserved 1114112K
  class space    used 9367K, capacity 10011K, committed 10136K, reserved 1048576K
}
Event: 5964.256 GC heap before
{Heap before GC invocations=20 (full 3):
 PSYoungGen      total 327168K, used 319063K [0x00000000e0000000, 0x00000000f5480000, 0x0000000100000000)
  eden space 308736K, 100% used [0x00000000e0000000,0x00000000f2d80000,0x00000000f2d80000)
  from space 18432K, 56% used [0x00000000f4280000,0x00000000f4c95fa8,0x00000000f5480000)
  to   space 19968K, 0% used [0x00000000f2d80000,0x00000000f2d80000,0x00000000f4100000)
 ParOldGen       total 79360K, used 40900K [0x00000000a0000000, 0x00000000a4d80000, 0x00000000e0000000)
  object space 79360K, 51% used [0x00000000a0000000,0x00000000a27f1368,0x00000000a4d80000)
 Metaspace       used 73626K, capacity 76776K, committed 76824K, reserved 1116160K
  class space    used 9580K, capacity 10231K, committed 10264K, reserved 1048576K
Event: 5964.331 GC heap after
Heap after GC invocations=20 (full 3):
 PSYoungGen      total 328704K, used 19956K [0x00000000e0000000, 0x00000000f5480000, 0x0000000100000000)
  eden space 308736K, 0% used [0x00000000e0000000,0x00000000e0000000,0x00000000f2d80000)
  from space 19968K, 99% used [0x00000000f2d80000,0x00000000f40fd078,0x00000000f4100000)
  to   space 18432K, 0% used [0x00000000f4280000,0x00000000f4280000,0x00000000f5480000)
 ParOldGen       total 79360K, used 48568K [0x00000000a0000000, 0x00000000a4d80000, 0x00000000e0000000)
  object space 79360K, 61% used [0x00000000a0000000,0x00000000a2f6e0e0,0x00000000a4d80000)
 Metaspace       used 73626K, capacity 76776K, committed 76824K, reserved 1116160K
  class space    used 9580K, capacity 10231K, committed 10264K, reserved 1048576K
}

