# JRE version: OpenJDK Runtime Environment (8.0_152-b01) (build 1.8.0_152-release-1343-b01)
# Java VM: OpenJDK 64-Bit Server VM (25.152-b01 mixed mode windows-amd64 compressed oops)
Heap:
 PSYoungGen      total 198144K, used 173044K [0x00000000e0000000, 0x00000000eda80000, 0x0000000100000000)
  eden space 186880K, 86% used [0x00000000e0000000,0x00000000e9e1cec8,0x00000000eb680000)
  from space 11264K, 98% used [0x00000000ecf80000,0x00000000eda602e8,0x00000000eda80000)
  to   space 14848K, 0% used [0x00000000ebd80000,0x00000000ebd80000,0x00000000ecc00000)
 ParOldGen       total 82432K, used 28626K [0x00000000a0000000, 0x00000000a5080000, 0x00000000e0000000)
  object space 82432K, 34% used [0x00000000a0000000,0x00000000a1bf4b48,0x00000000a5080000)
 Metaspace       used 68121K, capacity 70684K, committed 70808K, reserved 1110016K
  class space    used 8983K, capacity 9508K, committed 9624K, reserved 1048576K
GC Heap History (10 events):
Event: 16.949 GC heap before
{Heap before GC invocations=15 (full 2):
 PSYoungGen      total 133632K, used 123392K [0x00000000e0000000, 0x00000000e9b80000, 0x0000000100000000)
  eden space 123392K, 100% used [0x00000000e0000000,0x00000000e7880000,0x00000000e7880000)
  from space 10240K, 0% used [0x00000000e8280000,0x00000000e8280000,0x00000000e8c80000)
  to   space 10240K, 0% used [0x00000000e7880000,0x00000000e7880000,0x00000000e8280000)
 ParOldGen       total 55296K, used 17026K [0x00000000a0000000, 0x00000000a3600000, 0x00000000e0000000)
  object space 55296K, 30% used [0x00000000a0000000,0x00000000a10a09a8,0x00000000a3600000)
 Metaspace       used 46058K, capacity 47226K, committed 47528K, reserved 1089536K
  class space    used 6206K, capacity 6481K, committed 6568K, reserved 1048576K
Event: 16.997 GC heap after
Heap after GC invocations=15 (full 2):
 PSYoungGen      total 133632K, used 10238K [0x00000000e0000000, 0x00000000eb400000, 0x0000000100000000)
  eden space 123392K, 0% used [0x00000000e0000000,0x00000000e0000000,0x00000000e7880000)
  from space 10240K, 99% used [0x00000000e7880000,0x00000000e827f850,0x00000000e8280000)
  to   space 13312K, 0% used [0x00000000ea700000,0x00000000ea700000,0x00000000eb400000)
 ParOldGen       total 55296K, used 22674K [0x00000000a0000000, 0x00000000a3600000, 0x00000000e0000000)
  object space 55296K, 41% used [0x00000000a0000000,0x00000000a1624b58,0x00000000a3600000)
 Metaspace       used 46058K, capacity 47226K, committed 47528K, reserved 1089536K
  class space    used 6206K, capacity 6481K, committed 6568K, reserved 1048576K
}
Event: 20.353 GC heap before
{Heap before GC invocations=16 (full 2):
 PSYoungGen      total 133632K, used 133630K [0x00000000e0000000, 0x00000000eb400000, 0x0000000100000000)
  eden space 123392K, 100% used [0x00000000e0000000,0x00000000e7880000,0x00000000e7880000)
  from space 10240K, 99% used [0x00000000e7880000,0x00000000e827f850,0x00000000e8280000)
  to   space 13312K, 0% used [0x00000000ea700000,0x00000000ea700000,0x00000000eb400000)
 ParOldGen       total 55296K, used 22674K [0x00000000a0000000, 0x00000000a3600000, 0x00000000e0000000)
  object space 55296K, 41% used [0x00000000a0000000,0x00000000a1624b58,0x00000000a3600000)
 Metaspace       used 55824K, capacity 57376K, committed 57512K, reserved 1099776K
  class space    used 7475K, capacity 7826K, committed 7848K, reserved 1048576K
Event: 20.401 GC heap after
Heap after GC invocations=16 (full 2):
 PSYoungGen      total 169472K, used 11157K [0x00000000e0000000, 0x00000000eb700000, 0x0000000100000000)
  eden space 156160K, 0% used [0x00000000e0000000,0x00000000e0000000,0x00000000e9880000)
  from space 13312K, 83% used [0x00000000ea700000,0x00000000eb1e5790,0x00000000eb400000)
  to   space 14848K, 0% used [0x00000000e9880000,0x00000000e9880000,0x00000000ea700000)
 ParOldGen       total 55296K, used 30396K [0x00000000a0000000, 0x00000000a3600000, 0x00000000e0000000)
  object space 55296K, 54% used [0x00000000a0000000,0x00000000a1daf1b0,0x00000000a3600000)
 Metaspace       used 55824K, capacity 57376K, committed 57512K, reserved 1099776K
  class space    used 7475K, capacity 7826K, committed 7848K, reserved 1048576K
}
Event: 21.189 GC heap before
{Heap before GC invocations=17 (full 2):
 PSYoungGen      total 169472K, used 29002K [0x00000000e0000000, 0x00000000eb700000, 0x0000000100000000)
  eden space 156160K, 11% used [0x00000000e0000000,0x00000000e116d300,0x00000000e9880000)
  from space 13312K, 83% used [0x00000000ea700000,0x00000000eb1e5790,0x00000000eb400000)
  to   space 14848K, 0% used [0x00000000e9880000,0x00000000e9880000,0x00000000ea700000)
 ParOldGen       total 55296K, used 30396K [0x00000000a0000000, 0x00000000a3600000, 0x00000000e0000000)
  object space 55296K, 54% used [0x00000000a0000000,0x00000000a1daf1b0,0x00000000a3600000)
 Metaspace       used 57334K, capacity 59036K, committed 59160K, reserved 1099776K
  class space    used 7723K, capacity 8136K, committed 8216K, reserved 1048576K
Event: 21.199 GC heap after
Heap after GC invocations=17 (full 2):
 PSYoungGen      total 171008K, used 5584K [0x00000000e0000000, 0x00000000edd80000, 0x0000000100000000)
  eden space 156160K, 0% used [0x00000000e0000000,0x00000000e0000000,0x00000000e9880000)
  from space 14848K, 37% used [0x00000000e9880000,0x00000000e9df4118,0x00000000ea700000)
  to   space 14336K, 0% used [0x00000000ecf80000,0x00000000ecf80000,0x00000000edd80000)
 ParOldGen       total 55296K, used 30404K [0x00000000a0000000, 0x00000000a3600000, 0x00000000e0000000)
  object space 55296K, 54% used [0x00000000a0000000,0x00000000a1db11b0,0x00000000a3600000)
 Metaspace       used 57334K, capacity 59036K, committed 59160K, reserved 1099776K
  class space    used 7723K, capacity 8136K, committed 8216K, reserved 1048576K
}
Event: 21.199 GC heap before
{Heap before GC invocations=18 (full 3):
 PSYoungGen      total 171008K, used 5584K [0x00000000e0000000, 0x00000000edd80000, 0x0000000100000000)
  eden space 156160K, 0% used [0x00000000e0000000,0x00000000e0000000,0x00000000e9880000)
  from space 14848K, 37% used [0x00000000e9880000,0x00000000e9df4118,0x00000000ea700000)
  to   space 14336K, 0% used [0x00000000ecf80000,0x00000000ecf80000,0x00000000edd80000)
 ParOldGen       total 55296K, used 30404K [0x00000000a0000000, 0x00000000a3600000, 0x00000000e0000000)
  object space 55296K, 54% used [0x00000000a0000000,0x00000000a1db11b0,0x00000000a3600000)
 Metaspace       used 57334K, capacity 59036K, committed 59160K, reserved 1099776K
  class space    used 7723K, capacity 8136K, committed 8216K, reserved 1048576K
Event: 21.488 GC heap after
Heap after GC invocations=18 (full 3):
 PSYoungGen      total 171008K, used 0K [0x00000000e0000000, 0x00000000edd80000, 0x0000000100000000)
  eden space 156160K, 0% used [0x00000000e0000000,0x00000000e0000000,0x00000000e9880000)
  from space 14848K, 0% used [0x00000000e9880000,0x00000000e9880000,0x00000000ea700000)
  to   space 14336K, 0% used [0x00000000ecf80000,0x00000000ecf80000,0x00000000edd80000)
 ParOldGen       total 82432K, used 28618K [0x00000000a0000000, 0x00000000a5080000, 0x00000000e0000000)
  object space 82432K, 34% used [0x00000000a0000000,0x00000000a1bf2b48,0x00000000a5080000)
 Metaspace       used 57334K, capacity 59036K, committed 59160K, reserved 1099776K
  class space    used 7723K, capacity 8136K, committed 8216K, reserved 1048576K
}
Event: 27.549 GC heap before
{Heap before GC invocations=19 (full 3):
 PSYoungGen      total 171008K, used 156160K [0x00000000e0000000, 0x00000000edd80000, 0x0000000100000000)
  eden space 156160K, 100% used [0x00000000e0000000,0x00000000e9880000,0x00000000e9880000)
  from space 14848K, 0% used [0x00000000e9880000,0x00000000e9880000,0x00000000ea700000)
  to   space 14336K, 0% used [0x00000000ecf80000,0x00000000ecf80000,0x00000000edd80000)
 ParOldGen       total 82432K, used 28618K [0x00000000a0000000, 0x00000000a5080000, 0x00000000e0000000)
  object space 82432K, 34% used [0x00000000a0000000,0x00000000a1bf2b48,0x00000000a5080000)
 Metaspace       used 62406K, capacity 64494K, committed 64536K, reserved 1105920K
  class space    used 8477K, capacity 8947K, committed 8984K, reserved 1048576K
Event: 27.565 GC heap after
Heap after GC invocations=19 (full 3):
 PSYoungGen      total 198144K, used 11136K [0x00000000e0000000, 0x00000000eda80000, 0x0000000100000000)
  eden space 186880K, 0% used [0x00000000e0000000,0x00000000e0000000,0x00000000eb680000)
  from space 11264K, 98% used [0x00000000ecf80000,0x00000000eda602e8,0x00000000eda80000)
  to   space 14848K, 0% used [0x00000000ebd80000,0x00000000ebd80000,0x00000000ecc00000)
 ParOldGen       total 82432K, used 28626K [0x00000000a0000000, 0x00000000a5080000, 0x00000000e0000000)
  object space 82432K, 34% used [0x00000000a0000000,0x00000000a1bf4b48,0x00000000a5080000)
 Metaspace       used 62406K, capacity 64494K, committed 64536K, reserved 1105920K
  class space    used 8477K, capacity 8947K, committed 8984K, reserved 1048576K
}

