# JRE version: OpenJDK Runtime Environment (8.0_152-b01) (build 1.8.0_152-release-1343-b01)
# Java VM: OpenJDK 64-Bit Server VM (25.152-b01 mixed mode windows-amd64 compressed oops)
Heap:
 PSYoungGen      total 235520K, used 96097K [0x00000000e0000000, 0x00000000f1780000, 0x0000000100000000)
  eden space 214528K, 38% used [0x00000000e0000000,0x00000000e5153228,0x00000000ed180000)
  from space 20992K, 61% used [0x00000000ed180000,0x00000000ede054f8,0x00000000ee600000)
  to   space 20992K, 0% used [0x00000000f0300000,0x00000000f0300000,0x00000000f1780000)
 ParOldGen       total 87040K, used 58279K [0x00000000a0000000, 0x00000000a5500000, 0x00000000e0000000)
  object space 87040K, 66% used [0x00000000a0000000,0x00000000a38e9e60,0x00000000a5500000)
 Metaspace       used 71303K, capacity 73952K, committed 74136K, reserved 1114112K
  class space    used 9337K, capacity 9859K, committed 9904K, reserved 1048576K
GC Heap History (10 events):
Event: 10.502 GC heap before
{Heap before GC invocations=14 (full 2):
 PSYoungGen      total 150528K, used 133401K [0x00000000e0000000, 0x00000000ed200000, 0x0000000100000000)
  eden space 138752K, 87% used [0x00000000e0000000,0x00000000e76c9058,0x00000000e8780000)
  from space 11776K, 99% used [0x00000000e8780000,0x00000000e92fd3c0,0x00000000e9300000)
  to   space 15360K, 0% used [0x00000000ec300000,0x00000000ec300000,0x00000000ed200000)
 ParOldGen       total 52736K, used 20930K [0x00000000a0000000, 0x00000000a3380000, 0x00000000e0000000)
  object space 52736K, 39% used [0x00000000a0000000,0x00000000a1470b28,0x00000000a3380000)
 Metaspace       used 57527K, capacity 59016K, committed 59160K, reserved 1099776K
  class space    used 7756K, capacity 8125K, committed 8240K, reserved 1048576K
Event: 10.539 GC heap after
Heap after GC invocations=14 (full 2):
 PSYoungGen      total 198656K, used 12486K [0x00000000e0000000, 0x00000000ed300000, 0x0000000100000000)
  eden space 183296K, 0% used [0x00000000e0000000,0x00000000e0000000,0x00000000eb300000)
  from space 15360K, 81% used [0x00000000ec300000,0x00000000ecf31a28,0x00000000ed200000)
  to   space 16384K, 0% used [0x00000000eb300000,0x00000000eb300000,0x00000000ec300000)
 ParOldGen       total 52736K, used 28832K [0x00000000a0000000, 0x00000000a3380000, 0x00000000e0000000)
  object space 52736K, 54% used [0x00000000a0000000,0x00000000a1c28180,0x00000000a3380000)
 Metaspace       used 57527K, capacity 59016K, committed 59160K, reserved 1099776K
  class space    used 7756K, capacity 8125K, committed 8240K, reserved 1048576K
}
Event: 10.539 GC heap before
{Heap before GC invocations=15 (full 3):
 PSYoungGen      total 198656K, used 12486K [0x00000000e0000000, 0x00000000ed300000, 0x0000000100000000)
  eden space 183296K, 0% used [0x00000000e0000000,0x00000000e0000000,0x00000000eb300000)
  from space 15360K, 81% used [0x00000000ec300000,0x00000000ecf31a28,0x00000000ed200000)
  to   space 16384K, 0% used [0x00000000eb300000,0x00000000eb300000,0x00000000ec300000)
 ParOldGen       total 52736K, used 28832K [0x00000000a0000000, 0x00000000a3380000, 0x00000000e0000000)
  object space 52736K, 54% used [0x00000000a0000000,0x00000000a1c28180,0x00000000a3380000)
 Metaspace       used 57527K, capacity 59016K, committed 59160K, reserved 1099776K
  class space    used 7756K, capacity 8125K, committed 8240K, reserved 1048576K
Event: 10.870 GC heap after
Heap after GC invocations=15 (full 3):
 PSYoungGen      total 198656K, used 0K [0x00000000e0000000, 0x00000000ed300000, 0x0000000100000000)
  eden space 183296K, 0% used [0x00000000e0000000,0x00000000e0000000,0x00000000eb300000)
  from space 15360K, 0% used [0x00000000ec300000,0x00000000ec300000,0x00000000ed200000)
  to   space 16384K, 0% used [0x00000000eb300000,0x00000000eb300000,0x00000000ec300000)
 ParOldGen       total 87040K, used 34249K [0x00000000a0000000, 0x00000000a5500000, 0x00000000e0000000)
  object space 87040K, 39% used [0x00000000a0000000,0x00000000a21725f0,0x00000000a5500000)
 Metaspace       used 57527K, capacity 59016K, committed 59160K, reserved 1099776K
  class space    used 7756K, capacity 8125K, committed 8240K, reserved 1048576K
}
Event: 13.813 GC heap before
{Heap before GC invocations=16 (full 3):
 PSYoungGen      total 198656K, used 183296K [0x00000000e0000000, 0x00000000ed300000, 0x0000000100000000)
  eden space 183296K, 100% used [0x00000000e0000000,0x00000000eb300000,0x00000000eb300000)
  from space 15360K, 0% used [0x00000000ec300000,0x00000000ec300000,0x00000000ed200000)
  to   space 16384K, 0% used [0x00000000eb300000,0x00000000eb300000,0x00000000ec300000)
 ParOldGen       total 87040K, used 34249K [0x00000000a0000000, 0x00000000a5500000, 0x00000000e0000000)
  object space 87040K, 39% used [0x00000000a0000000,0x00000000a21725f0,0x00000000a5500000)
 Metaspace       used 62380K, capacity 64408K, committed 64664K, reserved 1105920K
  class space    used 8408K, capacity 8855K, committed 8880K, reserved 1048576K
Event: 13.846 GC heap after
Heap after GC invocations=16 (full 3):
 PSYoungGen      total 199680K, used 16376K [0x00000000e0000000, 0x00000000f0280000, 0x0000000100000000)
  eden space 183296K, 0% used [0x00000000e0000000,0x00000000e0000000,0x00000000eb300000)
  from space 16384K, 99% used [0x00000000eb300000,0x00000000ec2fe178,0x00000000ec300000)
  to   space 22016K, 0% used [0x00000000eed00000,0x00000000eed00000,0x00000000f0280000)
 ParOldGen       total 87040K, used 42755K [0x00000000a0000000, 0x00000000a5500000, 0x00000000e0000000)
  object space 87040K, 49% used [0x00000000a0000000,0x00000000a29c0f68,0x00000000a5500000)
 Metaspace       used 62380K, capacity 64408K, committed 64664K, reserved 1105920K
  class space    used 8408K, capacity 8855K, committed 8880K, reserved 1048576K
}
Event: 29.599 GC heap before
{Heap before GC invocations=17 (full 3):
 PSYoungGen      total 199680K, used 199672K [0x00000000e0000000, 0x00000000f0280000, 0x0000000100000000)
  eden space 183296K, 100% used [0x00000000e0000000,0x00000000eb300000,0x00000000eb300000)
  from space 16384K, 99% used [0x00000000eb300000,0x00000000ec2fe178,0x00000000ec300000)
  to   space 22016K, 0% used [0x00000000eed00000,0x00000000eed00000,0x00000000f0280000)
 ParOldGen       total 87040K, used 42755K [0x00000000a0000000, 0x00000000a5500000, 0x00000000e0000000)
  object space 87040K, 49% used [0x00000000a0000000,0x00000000a29c0f68,0x00000000a5500000)
 Metaspace       used 65355K, capacity 67524K, committed 67608K, reserved 1107968K
  class space    used 8745K, capacity 9209K, committed 9264K, reserved 1048576K
Event: 29.633 GC heap after
Heap after GC invocations=17 (full 3):
 PSYoungGen      total 228352K, used 9453K [0x00000000e0000000, 0x00000000efa80000, 0x0000000100000000)
  eden space 214528K, 0% used [0x00000000e0000000,0x00000000e0000000,0x00000000ed180000)
  from space 13824K, 68% used [0x00000000eed00000,0x00000000ef63b570,0x00000000efa80000)
  to   space 20992K, 0% used [0x00000000ed180000,0x00000000ed180000,0x00000000ee600000)
 ParOldGen       total 87040K, used 58271K [0x00000000a0000000, 0x00000000a5500000, 0x00000000e0000000)
  object space 87040K, 66% used [0x00000000a0000000,0x00000000a38e7e60,0x00000000a5500000)
 Metaspace       used 65355K, capacity 67524K, committed 67608K, reserved 1107968K
  class space    used 8745K, capacity 9209K, committed 9264K, reserved 1048576K
}
Event: 308.314 GC heap before
{Heap before GC invocations=18 (full 3):
 PSYoungGen      total 228352K, used 223981K [0x00000000e0000000, 0x00000000efa80000, 0x0000000100000000)
  eden space 214528K, 100% used [0x00000000e0000000,0x00000000ed180000,0x00000000ed180000)
  from space 13824K, 68% used [0x00000000eed00000,0x00000000ef63b570,0x00000000efa80000)
  to   space 20992K, 0% used [0x00000000ed180000,0x00000000ed180000,0x00000000ee600000)
 ParOldGen       total 87040K, used 58271K [0x00000000a0000000, 0x00000000a5500000, 0x00000000e0000000)
  object space 87040K, 66% used [0x00000000a0000000,0x00000000a38e7e60,0x00000000a5500000)
 Metaspace       used 70942K, capacity 73474K, committed 73624K, reserved 1114112K
  class space    used 9329K, capacity 9846K, committed 9904K, reserved 1048576K
Event: 308.331 GC heap after
Heap after GC invocations=18 (full 3):
 PSYoungGen      total 235520K, used 12821K [0x00000000e0000000, 0x00000000f1780000, 0x0000000100000000)
  eden space 214528K, 0% used [0x00000000e0000000,0x00000000e0000000,0x00000000ed180000)
  from space 20992K, 61% used [0x00000000ed180000,0x00000000ede054f8,0x00000000ee600000)
  to   space 20992K, 0% used [0x00000000f0300000,0x00000000f0300000,0x00000000f1780000)
 ParOldGen       total 87040K, used 58279K [0x00000000a0000000, 0x00000000a5500000, 0x00000000e0000000)
  object space 87040K, 66% used [0x00000000a0000000,0x00000000a38e9e60,0x00000000a5500000)
 Metaspace       used 70942K, capacity 73474K, committed 73624K, reserved 1114112K
  class space    used 9329K, capacity 9846K, committed 9904K, reserved 1048576K
}

