# JRE version: OpenJDK Runtime Environment (8.0_152-b01) (build 1.8.0_152-release-1343-b01)
# Java VM: OpenJDK 64-Bit Server VM (25.152-b01 mixed mode windows-amd64 compressed oops)
Heap:
 PSYoungGen      total 117248K, used 95959K [0x00000000e0000000, 0x00000000e8c80000, 0x0000000100000000)
  eden space 106496K, 80% used [0x00000000e0000000,0x00000000e5339da8,0x00000000e6800000)
  from space 10752K, 99% used [0x00000000e6800000,0x00000000e727c070,0x00000000e7280000)
  to   space 14336K, 0% used [0x00000000e7e80000,0x00000000e7e80000,0x00000000e8c80000)
 ParOldGen       total 74240K, used 35965K [0x00000000a0000000, 0x00000000a4880000, 0x00000000e0000000)
  object space 74240K, 48% used [0x00000000a0000000,0x00000000a231f690,0x00000000a4880000)
 Metaspace       used 67053K, capacity 69002K, committed 69144K, reserved 1110016K
  class space    used 8979K, capacity 9434K, committed 9520K, reserved 1048576K
GC Heap History (10 events):
Event: 37.415 GC heap before
{Heap before GC invocations=22 (full 2):
 PSYoungGen      total 78336K, used 78314K [0x00000000e0000000, 0x00000000e6980000, 0x0000000100000000)
  eden space 71680K, 100% used [0x00000000e0000000,0x00000000e4600000,0x00000000e4600000)
  from space 6656K, 99% used [0x00000000e4600000,0x00000000e4c7aa58,0x00000000e4c80000)
  to   space 9728K, 0% used [0x00000000e6000000,0x00000000e6000000,0x00000000e6980000)
 ParOldGen       total 46080K, used 25296K [0x00000000a0000000, 0x00000000a2d00000, 0x00000000e0000000)
  object space 46080K, 54% used [0x00000000a0000000,0x00000000a18b4220,0x00000000a2d00000)
 Metaspace       used 53079K, capacity 54392K, committed 54568K, reserved 1095680K
  class space    used 7110K, capacity 7441K, committed 7472K, reserved 1048576K
Event: 37.425 GC heap after
Heap after GC invocations=22 (full 2):
 PSYoungGen      total 96256K, used 6101K [0x00000000e0000000, 0x00000000e6880000, 0x0000000100000000)
  eden space 87552K, 0% used [0x00000000e0000000,0x00000000e0000000,0x00000000e5580000)
  from space 8704K, 70% used [0x00000000e6000000,0x00000000e65f5520,0x00000000e6880000)
  to   space 9728K, 0% used [0x00000000e5580000,0x00000000e5580000,0x00000000e5f00000)
 ParOldGen       total 46080K, used 29158K [0x00000000a0000000, 0x00000000a2d00000, 0x00000000e0000000)
  object space 46080K, 63% used [0x00000000a0000000,0x00000000a1c79aa0,0x00000000a2d00000)
 Metaspace       used 53079K, capacity 54392K, committed 54568K, reserved 1095680K
  class space    used 7110K, capacity 7441K, committed 7472K, reserved 1048576K
}
Event: 38.239 GC heap before
{Heap before GC invocations=23 (full 2):
 PSYoungGen      total 96256K, used 64258K [0x00000000e0000000, 0x00000000e6880000, 0x0000000100000000)
  eden space 87552K, 66% used [0x00000000e0000000,0x00000000e38cb520,0x00000000e5580000)
  from space 8704K, 70% used [0x00000000e6000000,0x00000000e65f5520,0x00000000e6880000)
  to   space 9728K, 0% used [0x00000000e5580000,0x00000000e5580000,0x00000000e5f00000)
 ParOldGen       total 46080K, used 29158K [0x00000000a0000000, 0x00000000a2d00000, 0x00000000e0000000)
  object space 46080K, 63% used [0x00000000a0000000,0x00000000a1c79aa0,0x00000000a2d00000)
 Metaspace       used 57437K, capacity 58998K, committed 59160K, reserved 1099776K
  class space    used 7743K, capacity 8122K, committed 8240K, reserved 1048576K
Event: 38.250 GC heap after
Heap after GC invocations=23 (full 2):
 PSYoungGen      total 97280K, used 6739K [0x00000000e0000000, 0x00000000e7d80000, 0x0000000100000000)
  eden space 87552K, 0% used [0x00000000e0000000,0x00000000e0000000,0x00000000e5580000)
  from space 9728K, 69% used [0x00000000e5580000,0x00000000e5c14fb0,0x00000000e5f00000)
  to   space 9728K, 0% used [0x00000000e7400000,0x00000000e7400000,0x00000000e7d80000)
 ParOldGen       total 46080K, used 31132K [0x00000000a0000000, 0x00000000a2d00000, 0x00000000e0000000)
  object space 46080K, 67% used [0x00000000a0000000,0x00000000a1e673f0,0x00000000a2d00000)
 Metaspace       used 57437K, capacity 58998K, committed 59160K, reserved 1099776K
  class space    used 7743K, capacity 8122K, committed 8240K, reserved 1048576K
}
Event: 38.250 GC heap before
{Heap before GC invocations=24 (full 3):
 PSYoungGen      total 97280K, used 6739K [0x00000000e0000000, 0x00000000e7d80000, 0x0000000100000000)
  eden space 87552K, 0% used [0x00000000e0000000,0x00000000e0000000,0x00000000e5580000)
  from space 9728K, 69% used [0x00000000e5580000,0x00000000e5c14fb0,0x00000000e5f00000)
  to   space 9728K, 0% used [0x00000000e7400000,0x00000000e7400000,0x00000000e7d80000)
 ParOldGen       total 46080K, used 31132K [0x00000000a0000000, 0x00000000a2d00000, 0x00000000e0000000)
  object space 46080K, 67% used [0x00000000a0000000,0x00000000a1e673f0,0x00000000a2d00000)
 Metaspace       used 57437K, capacity 58998K, committed 59160K, reserved 1099776K
  class space    used 7743K, capacity 8122K, committed 8240K, reserved 1048576K
Event: 38.506 GC heap after
Heap after GC invocations=24 (full 3):
 PSYoungGen      total 97280K, used 0K [0x00000000e0000000, 0x00000000e7d80000, 0x0000000100000000)
  eden space 87552K, 0% used [0x00000000e0000000,0x00000000e0000000,0x00000000e5580000)
  from space 9728K, 0% used [0x00000000e5580000,0x00000000e5580000,0x00000000e5f00000)
  to   space 9728K, 0% used [0x00000000e7400000,0x00000000e7400000,0x00000000e7d80000)
 ParOldGen       total 74240K, used 30647K [0x00000000a0000000, 0x00000000a4880000, 0x00000000e0000000)
  object space 74240K, 41% used [0x00000000a0000000,0x00000000a1dede78,0x00000000a4880000)
 Metaspace       used 57437K, capacity 58998K, committed 59160K, reserved 1099776K
  class space    used 7743K, capacity 8122K, committed 8240K, reserved 1048576K
}
Event: 40.940 GC heap before
{Heap before GC invocations=25 (full 3):
 PSYoungGen      total 97280K, used 87552K [0x00000000e0000000, 0x00000000e7d80000, 0x0000000100000000)
  eden space 87552K, 100% used [0x00000000e0000000,0x00000000e5580000,0x00000000e5580000)
  from space 9728K, 0% used [0x00000000e5580000,0x00000000e5580000,0x00000000e5f00000)
  to   space 9728K, 0% used [0x00000000e7400000,0x00000000e7400000,0x00000000e7d80000)
 ParOldGen       total 74240K, used 30647K [0x00000000a0000000, 0x00000000a4880000, 0x00000000e0000000)
  object space 74240K, 41% used [0x00000000a0000000,0x00000000a1dede78,0x00000000a4880000)
 Metaspace       used 61026K, capacity 62924K, committed 63256K, reserved 1103872K
  class space    used 8261K, capacity 8665K, committed 8752K, reserved 1048576K
Event: 40.960 GC heap after
Heap after GC invocations=25 (full 3):
 PSYoungGen      total 110592K, used 8870K [0x00000000e0000000, 0x00000000e7d00000, 0x0000000100000000)
  eden space 101376K, 0% used [0x00000000e0000000,0x00000000e0000000,0x00000000e6300000)
  from space 9216K, 96% used [0x00000000e7400000,0x00000000e7ca9b10,0x00000000e7d00000)
  to   space 10752K, 0% used [0x00000000e6800000,0x00000000e6800000,0x00000000e7280000)
 ParOldGen       total 74240K, used 30655K [0x00000000a0000000, 0x00000000a4880000, 0x00000000e0000000)
  object space 74240K, 41% used [0x00000000a0000000,0x00000000a1defe78,0x00000000a4880000)
 Metaspace       used 61026K, capacity 62924K, committed 63256K, reserved 1103872K
  class space    used 8261K, capacity 8665K, committed 8752K, reserved 1048576K
}
Event: 55.887 GC heap before
{Heap before GC invocations=26 (full 3):
 PSYoungGen      total 110592K, used 110246K [0x00000000e0000000, 0x00000000e7d00000, 0x0000000100000000)
  eden space 101376K, 100% used [0x00000000e0000000,0x00000000e6300000,0x00000000e6300000)
  from space 9216K, 96% used [0x00000000e7400000,0x00000000e7ca9b10,0x00000000e7d00000)
  to   space 10752K, 0% used [0x00000000e6800000,0x00000000e6800000,0x00000000e7280000)
 ParOldGen       total 74240K, used 30655K [0x00000000a0000000, 0x00000000a4880000, 0x00000000e0000000)
  object space 74240K, 41% used [0x00000000a0000000,0x00000000a1defe78,0x00000000a4880000)
 Metaspace       used 62358K, capacity 64408K, committed 64664K, reserved 1105920K
  class space    used 8384K, capacity 8819K, committed 8880K, reserved 1048576K
Event: 55.910 GC heap after
Heap after GC invocations=26 (full 3):
 PSYoungGen      total 117248K, used 10736K [0x00000000e0000000, 0x00000000e8c80000, 0x0000000100000000)
  eden space 106496K, 0% used [0x00000000e0000000,0x00000000e0000000,0x00000000e6800000)
  from space 10752K, 99% used [0x00000000e6800000,0x00000000e727c070,0x00000000e7280000)
  to   space 14336K, 0% used [0x00000000e7e80000,0x00000000e7e80000,0x00000000e8c80000)
 ParOldGen       total 74240K, used 35965K [0x00000000a0000000, 0x00000000a4880000, 0x00000000e0000000)
  object space 74240K, 48% used [0x00000000a0000000,0x00000000a231f690,0x00000000a4880000)
 Metaspace       used 62358K, capacity 64408K, committed 64664K, reserved 1105920K
  class space    used 8384K, capacity 8819K, committed 8880K, reserved 1048576K
}

