# JRE version: OpenJDK Runtime Environment (8.0_152-b01) (build 1.8.0_152-release-1343-b01)
# Java VM: OpenJDK 64-Bit Server VM (25.152-b01 mixed mode windows-amd64 compressed oops)
Heap:
 PSYoungGen      total 140288K, used 72200K [0x00000000e0000000, 0x00000000ed580000, 0x0000000100000000)
  eden space 131584K, 54% used [0x00000000e0000000,0x00000000e4682338,0x00000000e8080000)
  from space 8704K, 0% used [0x00000000e9180000,0x00000000e9180000,0x00000000e9a00000)
  to   space 17408K, 0% used [0x00000000e8080000,0x00000000e8080000,0x00000000e9180000)
 ParOldGen       total 48128K, used 33199K [0x00000000a0000000, 0x00000000a2f00000, 0x00000000e0000000)
  object space 48128K, 68% used [0x00000000a0000000,0x00000000a206bea8,0x00000000a2f00000)
 Metaspace       used 60715K, capacity 62652K, committed 62744K, reserved 1103872K
  class space    used 8235K, capacity 8655K, committed 8736K, reserved 1048576K
GC Heap History (10 events):
Event: 8.122 GC heap before
{Heap before GC invocations=13 (full 1):
 PSYoungGen      total 110592K, used 30417K [0x00000000e0000000, 0x00000000e9a00000, 0x0000000100000000)
  eden space 102400K, 22% used [0x00000000e0000000,0x00000000e169fa38,0x00000000e6400000)
  from space 8192K, 88% used [0x00000000e6400000,0x00000000e6b14ba8,0x00000000e6c00000)
  to   space 8704K, 0% used [0x00000000e9180000,0x00000000e9180000,0x00000000e9a00000)
 ParOldGen       total 30720K, used 12266K [0x00000000a0000000, 0x00000000a1e00000, 0x00000000e0000000)
  object space 30720K, 39% used [0x00000000a0000000,0x00000000a0bfaaa8,0x00000000a1e00000)
 Metaspace       used 34773K, capacity 35436K, committed 35496K, reserved 1079296K
  class space    used 4795K, capacity 4997K, committed 5040K, reserved 1048576K
Event: 8.130 GC heap after
Heap after GC invocations=13 (full 1):
 PSYoungGen      total 148992K, used 2881K [0x00000000e0000000, 0x00000000ea300000, 0x0000000100000000)
  eden space 140288K, 0% used [0x00000000e0000000,0x00000000e0000000,0x00000000e8900000)
  from space 8704K, 33% used [0x00000000e9180000,0x00000000e9450520,0x00000000e9a00000)
  to   space 8704K, 0% used [0x00000000e8900000,0x00000000e8900000,0x00000000e9180000)
 ParOldGen       total 30720K, used 14965K [0x00000000a0000000, 0x00000000a1e00000, 0x00000000e0000000)
  object space 30720K, 48% used [0x00000000a0000000,0x00000000a0e9d640,0x00000000a1e00000)
 Metaspace       used 34773K, capacity 35436K, committed 35496K, reserved 1079296K
  class space    used 4795K, capacity 4997K, committed 5040K, reserved 1048576K
}
Event: 8.130 GC heap before
{Heap before GC invocations=14 (full 2):
 PSYoungGen      total 148992K, used 2881K [0x00000000e0000000, 0x00000000ea300000, 0x0000000100000000)
  eden space 140288K, 0% used [0x00000000e0000000,0x00000000e0000000,0x00000000e8900000)
  from space 8704K, 33% used [0x00000000e9180000,0x00000000e9450520,0x00000000e9a00000)
  to   space 8704K, 0% used [0x00000000e8900000,0x00000000e8900000,0x00000000e9180000)
 ParOldGen       total 30720K, used 14965K [0x00000000a0000000, 0x00000000a1e00000, 0x00000000e0000000)
  object space 30720K, 48% used [0x00000000a0000000,0x00000000a0e9d640,0x00000000a1e00000)
 Metaspace       used 34773K, capacity 35436K, committed 35496K, reserved 1079296K
  class space    used 4795K, capacity 4997K, committed 5040K, reserved 1048576K
Event: 8.196 GC heap after
Heap after GC invocations=14 (full 2):
 PSYoungGen      total 148992K, used 0K [0x00000000e0000000, 0x00000000ea300000, 0x0000000100000000)
  eden space 140288K, 0% used [0x00000000e0000000,0x00000000e0000000,0x00000000e8900000)
  from space 8704K, 0% used [0x00000000e9180000,0x00000000e9180000,0x00000000e9a00000)
  to   space 8704K, 0% used [0x00000000e8900000,0x00000000e8900000,0x00000000e9180000)
 ParOldGen       total 48128K, used 15827K [0x00000000a0000000, 0x00000000a2f00000, 0x00000000e0000000)
  object space 48128K, 32% used [0x00000000a0000000,0x00000000a0f74c40,0x00000000a2f00000)
 Metaspace       used 34768K, capacity 35418K, committed 35496K, reserved 1079296K
  class space    used 4794K, capacity 4994K, committed 5040K, reserved 1048576K
}
Event: 9.845 GC heap before
{Heap before GC invocations=15 (full 2):
 PSYoungGen      total 148992K, used 140288K [0x00000000e0000000, 0x00000000ea300000, 0x0000000100000000)
  eden space 140288K, 100% used [0x00000000e0000000,0x00000000e8900000,0x00000000e8900000)
  from space 8704K, 0% used [0x00000000e9180000,0x00000000e9180000,0x00000000e9a00000)
  to   space 8704K, 0% used [0x00000000e8900000,0x00000000e8900000,0x00000000e9180000)
 ParOldGen       total 48128K, used 15827K [0x00000000a0000000, 0x00000000a2f00000, 0x00000000e0000000)
  object space 48128K, 32% used [0x00000000a0000000,0x00000000a0f74c40,0x00000000a2f00000)
 Metaspace       used 49285K, capacity 50418K, committed 50472K, reserved 1093632K
  class space    used 6646K, capacity 6942K, committed 6960K, reserved 1048576K
Event: 9.861 GC heap after
Heap after GC invocations=15 (full 2):
 PSYoungGen      total 148992K, used 8678K [0x00000000e0000000, 0x00000000ea300000, 0x0000000100000000)
  eden space 140288K, 0% used [0x00000000e0000000,0x00000000e0000000,0x00000000e8900000)
  from space 8704K, 99% used [0x00000000e8900000,0x00000000e9179968,0x00000000e9180000)
  to   space 8704K, 0% used [0x00000000e9180000,0x00000000e9180000,0x00000000e9a00000)
 ParOldGen       total 48128K, used 24441K [0x00000000a0000000, 0x00000000a2f00000, 0x00000000e0000000)
  object space 48128K, 50% used [0x00000000a0000000,0x00000000a17de638,0x00000000a2f00000)
 Metaspace       used 49285K, capacity 50418K, committed 50472K, reserved 1093632K
  class space    used 6646K, capacity 6942K, committed 6960K, reserved 1048576K
}
Event: 11.039 GC heap before
{Heap before GC invocations=16 (full 2):
 PSYoungGen      total 148992K, used 109285K [0x00000000e0000000, 0x00000000ea300000, 0x0000000100000000)
  eden space 140288K, 71% used [0x00000000e0000000,0x00000000e623fce0,0x00000000e8900000)
  from space 8704K, 99% used [0x00000000e8900000,0x00000000e9179968,0x00000000e9180000)
  to   space 8704K, 0% used [0x00000000e9180000,0x00000000e9180000,0x00000000e9a00000)
 ParOldGen       total 48128K, used 24441K [0x00000000a0000000, 0x00000000a2f00000, 0x00000000e0000000)
  object space 48128K, 50% used [0x00000000a0000000,0x00000000a17de638,0x00000000a2f00000)
 Metaspace       used 57532K, capacity 59052K, committed 59160K, reserved 1099776K
  class space    used 7776K, capacity 8141K, committed 8224K, reserved 1048576K
Event: 11.057 GC heap after
Heap after GC invocations=16 (full 2):
 PSYoungGen      total 140288K, used 8694K [0x00000000e0000000, 0x00000000ed580000, 0x0000000100000000)
  eden space 131584K, 0% used [0x00000000e0000000,0x00000000e0000000,0x00000000e8080000)
  from space 8704K, 99% used [0x00000000e9180000,0x00000000e99fd8c0,0x00000000e9a00000)
  to   space 17408K, 0% used [0x00000000e8080000,0x00000000e8080000,0x00000000e9180000)
 ParOldGen       total 48128K, used 35070K [0x00000000a0000000, 0x00000000a2f00000, 0x00000000e0000000)
  object space 48128K, 72% used [0x00000000a0000000,0x00000000a223fa88,0x00000000a2f00000)
 Metaspace       used 57532K, capacity 59052K, committed 59160K, reserved 1099776K
  class space    used 7776K, capacity 8141K, committed 8224K, reserved 1048576K
}
Event: 11.057 GC heap before
{Heap before GC invocations=17 (full 3):
 PSYoungGen      total 140288K, used 8694K [0x00000000e0000000, 0x00000000ed580000, 0x0000000100000000)
  eden space 131584K, 0% used [0x00000000e0000000,0x00000000e0000000,0x00000000e8080000)
  from space 8704K, 99% used [0x00000000e9180000,0x00000000e99fd8c0,0x00000000e9a00000)
  to   space 17408K, 0% used [0x00000000e8080000,0x00000000e8080000,0x00000000e9180000)
 ParOldGen       total 48128K, used 35070K [0x00000000a0000000, 0x00000000a2f00000, 0x00000000e0000000)
  object space 48128K, 72% used [0x00000000a0000000,0x00000000a223fa88,0x00000000a2f00000)
 Metaspace       used 57532K, capacity 59052K, committed 59160K, reserved 1099776K
  class space    used 7776K, capacity 8141K, committed 8224K, reserved 1048576K
Event: 11.282 GC heap after
Heap after GC invocations=17 (full 3):
 PSYoungGen      total 140288K, used 0K [0x00000000e0000000, 0x00000000ed580000, 0x0000000100000000)
  eden space 131584K, 0% used [0x00000000e0000000,0x00000000e0000000,0x00000000e8080000)
  from space 8704K, 0% used [0x00000000e9180000,0x00000000e9180000,0x00000000e9a00000)
  to   space 17408K, 0% used [0x00000000e8080000,0x00000000e8080000,0x00000000e9180000)
 ParOldGen       total 48128K, used 33199K [0x00000000a0000000, 0x00000000a2f00000, 0x00000000e0000000)
  object space 48128K, 68% used [0x00000000a0000000,0x00000000a206bea8,0x00000000a2f00000)
 Metaspace       used 57532K, capacity 59052K, committed 59160K, reserved 1099776K
  class space    used 7776K, capacity 8141K, committed 8224K, reserved 1048576K
}

