# JRE version: OpenJDK Runtime Environment (8.0_152-b01) (build 1.8.0_152-release-1343-b01)
# Java VM: OpenJDK 64-Bit Server VM (25.152-b01 mixed mode windows-amd64 compressed oops)
Heap:
 PSYoungGen      total 135168K, used 31261K [0x00000000e0000000, 0x00000000eb200000, 0x0000000100000000)
  eden space 122880K, 25% used [0x00000000e0000000,0x00000000e1e877a0,0x00000000e7800000)
  from space 12288K, 0% used [0x00000000e7800000,0x00000000e7800000,0x00000000e8400000)
  to   space 12800K, 0% used [0x00000000ea580000,0x00000000ea580000,0x00000000eb200000)
 ParOldGen       total 46592K, used 27945K [0x00000000a0000000, 0x00000000a2d80000, 0x00000000e0000000)
  object space 46592K, 59% used [0x00000000a0000000,0x00000000a1b4a540,0x00000000a2d80000)
 Metaspace       used 58904K, capacity 60756K, committed 61016K, reserved 1101824K
  class space    used 8002K, capacity 8416K, committed 8536K, reserved 1048576K
GC Heap History (10 events):
Event: 34.580 GC heap before
{Heap before GC invocations=16 (full 2):
 PSYoungGen      total 72704K, used 65536K [0x00000000e0000000, 0x00000000e6900000, 0x0000000100000000)
  eden space 65536K, 100% used [0x00000000e0000000,0x00000000e4000000,0x00000000e4000000)
  from space 7168K, 0% used [0x00000000e4000000,0x00000000e4000000,0x00000000e4700000)
  to   space 7168K, 0% used [0x00000000e6200000,0x00000000e6200000,0x00000000e6900000)
 ParOldGen       total 46592K, used 16825K [0x00000000a0000000, 0x00000000a2d80000, 0x00000000e0000000)
  object space 46592K, 36% used [0x00000000a0000000,0x00000000a106e488,0x00000000a2d80000)
 Metaspace       used 42277K, capacity 43374K, committed 43776K, reserved 1087488K
  class space    used 5749K, capacity 6020K, committed 6144K, reserved 1048576K
Event: 34.603 GC heap after
Heap after GC invocations=16 (full 2):
 PSYoungGen      total 97280K, used 7143K [0x00000000e0000000, 0x00000000e6900000, 0x0000000100000000)
  eden space 90112K, 0% used [0x00000000e0000000,0x00000000e0000000,0x00000000e5800000)
  from space 7168K, 99% used [0x00000000e6200000,0x00000000e68f9f00,0x00000000e6900000)
  to   space 8704K, 0% used [0x00000000e5800000,0x00000000e5800000,0x00000000e6080000)
 ParOldGen       total 46592K, used 18847K [0x00000000a0000000, 0x00000000a2d80000, 0x00000000e0000000)
  object space 46592K, 40% used [0x00000000a0000000,0x00000000a1267fe0,0x00000000a2d80000)
 Metaspace       used 42277K, capacity 43374K, committed 43776K, reserved 1087488K
  class space    used 5749K, capacity 6020K, committed 6144K, reserved 1048576K
}
Event: 37.708 GC heap before
{Heap before GC invocations=17 (full 2):
 PSYoungGen      total 97280K, used 97255K [0x00000000e0000000, 0x00000000e6900000, 0x0000000100000000)
  eden space 90112K, 100% used [0x00000000e0000000,0x00000000e5800000,0x00000000e5800000)
  from space 7168K, 99% used [0x00000000e6200000,0x00000000e68f9f00,0x00000000e6900000)
  to   space 8704K, 0% used [0x00000000e5800000,0x00000000e5800000,0x00000000e6080000)
 ParOldGen       total 46592K, used 18847K [0x00000000a0000000, 0x00000000a2d80000, 0x00000000e0000000)
  object space 46592K, 40% used [0x00000000a0000000,0x00000000a1267fe0,0x00000000a2d80000)
 Metaspace       used 50478K, capacity 51696K, committed 51968K, reserved 1093632K
  class space    used 6784K, capacity 7076K, committed 7168K, reserved 1048576K
Event: 37.740 GC heap after
Heap after GC invocations=17 (full 2):
 PSYoungGen      total 98816K, used 8695K [0x00000000e0000000, 0x00000000e8f80000, 0x0000000100000000)
  eden space 90112K, 0% used [0x00000000e0000000,0x00000000e0000000,0x00000000e5800000)
  from space 8704K, 99% used [0x00000000e5800000,0x00000000e607dcb0,0x00000000e6080000)
  to   space 11776K, 0% used [0x00000000e8400000,0x00000000e8400000,0x00000000e8f80000)
 ParOldGen       total 46592K, used 24740K [0x00000000a0000000, 0x00000000a2d80000, 0x00000000e0000000)
  object space 46592K, 53% used [0x00000000a0000000,0x00000000a1829278,0x00000000a2d80000)
 Metaspace       used 50478K, capacity 51696K, committed 51968K, reserved 1093632K
  class space    used 6784K, capacity 7076K, committed 7168K, reserved 1048576K
}
Event: 41.096 GC heap before
{Heap before GC invocations=18 (full 2):
 PSYoungGen      total 98816K, used 98807K [0x00000000e0000000, 0x00000000e8f80000, 0x0000000100000000)
  eden space 90112K, 100% used [0x00000000e0000000,0x00000000e5800000,0x00000000e5800000)
  from space 8704K, 99% used [0x00000000e5800000,0x00000000e607dcb0,0x00000000e6080000)
  to   space 11776K, 0% used [0x00000000e8400000,0x00000000e8400000,0x00000000e8f80000)
 ParOldGen       total 46592K, used 24740K [0x00000000a0000000, 0x00000000a2d80000, 0x00000000e0000000)
  object space 46592K, 53% used [0x00000000a0000000,0x00000000a1829278,0x00000000a2d80000)
 Metaspace       used 56548K, capacity 58114K, committed 58240K, reserved 1099776K
  class space    used 7607K, capacity 7977K, committed 8064K, reserved 1048576K
Event: 41.138 GC heap after
Heap after GC invocations=18 (full 2):
 PSYoungGen      total 134656K, used 9091K [0x00000000e0000000, 0x00000000e9100000, 0x0000000100000000)
  eden space 122880K, 0% used [0x00000000e0000000,0x00000000e0000000,0x00000000e7800000)
  from space 11776K, 77% used [0x00000000e8400000,0x00000000e8ce0f48,0x00000000e8f80000)
  to   space 12288K, 0% used [0x00000000e7800000,0x00000000e7800000,0x00000000e8400000)
 ParOldGen       total 46592K, used 29096K [0x00000000a0000000, 0x00000000a2d80000, 0x00000000e0000000)
  object space 46592K, 62% used [0x00000000a0000000,0x00000000a1c6a010,0x00000000a2d80000)
 Metaspace       used 56548K, capacity 58114K, committed 58240K, reserved 1099776K
  class space    used 7607K, capacity 7977K, committed 8064K, reserved 1048576K
}
Event: 42.165 GC heap before
{Heap before GC invocations=19 (full 2):
 PSYoungGen      total 134656K, used 23575K [0x00000000e0000000, 0x00000000e9100000, 0x0000000100000000)
  eden space 122880K, 11% used [0x00000000e0000000,0x00000000e0e24d38,0x00000000e7800000)
  from space 11776K, 77% used [0x00000000e8400000,0x00000000e8ce0f48,0x00000000e8f80000)
  to   space 12288K, 0% used [0x00000000e7800000,0x00000000e7800000,0x00000000e8400000)
 ParOldGen       total 46592K, used 29096K [0x00000000a0000000, 0x00000000a2d80000, 0x00000000e0000000)
  object space 46592K, 62% used [0x00000000a0000000,0x00000000a1c6a010,0x00000000a2d80000)
 Metaspace       used 57386K, capacity 59046K, committed 59096K, reserved 1099776K
  class space    used 7743K, capacity 8135K, committed 8152K, reserved 1048576K
Event: 42.190 GC heap after
Heap after GC invocations=19 (full 2):
 PSYoungGen      total 135168K, used 1421K [0x00000000e0000000, 0x00000000eb200000, 0x0000000100000000)
  eden space 122880K, 0% used [0x00000000e0000000,0x00000000e0000000,0x00000000e7800000)
  from space 12288K, 11% used [0x00000000e7800000,0x00000000e7963608,0x00000000e8400000)
  to   space 12800K, 0% used [0x00000000ea580000,0x00000000ea580000,0x00000000eb200000)
 ParOldGen       total 46592K, used 31704K [0x00000000a0000000, 0x00000000a2d80000, 0x00000000e0000000)
  object space 46592K, 68% used [0x00000000a0000000,0x00000000a1ef6008,0x00000000a2d80000)
 Metaspace       used 57386K, capacity 59046K, committed 59096K, reserved 1099776K
  class space    used 7743K, capacity 8135K, committed 8152K, reserved 1048576K
}
Event: 42.190 GC heap before
{Heap before GC invocations=20 (full 3):
 PSYoungGen      total 135168K, used 1421K [0x00000000e0000000, 0x00000000eb200000, 0x0000000100000000)
  eden space 122880K, 0% used [0x00000000e0000000,0x00000000e0000000,0x00000000e7800000)
  from space 12288K, 11% used [0x00000000e7800000,0x00000000e7963608,0x00000000e8400000)
  to   space 12800K, 0% used [0x00000000ea580000,0x00000000ea580000,0x00000000eb200000)
 ParOldGen       total 46592K, used 31704K [0x00000000a0000000, 0x00000000a2d80000, 0x00000000e0000000)
  object space 46592K, 68% used [0x00000000a0000000,0x00000000a1ef6008,0x00000000a2d80000)
 Metaspace       used 57386K, capacity 59046K, committed 59096K, reserved 1099776K
  class space    used 7743K, capacity 8135K, committed 8152K, reserved 1048576K
Event: 43.155 GC heap after
Heap after GC invocations=20 (full 3):
 PSYoungGen      total 135168K, used 0K [0x00000000e0000000, 0x00000000eb200000, 0x0000000100000000)
  eden space 122880K, 0% used [0x00000000e0000000,0x00000000e0000000,0x00000000e7800000)
  from space 12288K, 0% used [0x00000000e7800000,0x00000000e7800000,0x00000000e8400000)
  to   space 12800K, 0% used [0x00000000ea580000,0x00000000ea580000,0x00000000eb200000)
 ParOldGen       total 46592K, used 27945K [0x00000000a0000000, 0x00000000a2d80000, 0x00000000e0000000)
  object space 46592K, 59% used [0x00000000a0000000,0x00000000a1b4a540,0x00000000a2d80000)
 Metaspace       used 57386K, capacity 59046K, committed 59096K, reserved 1099776K
  class space    used 7743K, capacity 8135K, committed 8152K, reserved 1048576K
}

