# JRE version: OpenJDK Runtime Environment (8.0_152-b01) (build 1.8.0_152-release-1343-b01)
# Java VM: OpenJDK 64-Bit Server VM (25.152-b01 mixed mode windows-amd64 compressed oops)
Heap:
 PSYoungGen      total 127488K, used 4081K [0x00000000e0000000, 0x00000000e8b80000, 0x0000000100000000)
  eden space 123392K, 0% used [0x00000000e0000000,0x00000000e0000000,0x00000000e7880000)
  from space 4096K, 99% used [0x00000000e7a80000,0x00000000e7e7c548,0x00000000e7e80000)
  to   space 9728K, 0% used [0x00000000e8200000,0x00000000e8200000,0x00000000e8b80000)
 ParOldGen       total 39936K, used 10812K [0x00000000a0000000, 0x00000000a2700000, 0x00000000e0000000)
  object space 39936K, 27% used [0x00000000a0000000,0x00000000a0a8f100,0x00000000a2700000)
 Metaspace       used 28597K, capacity 29088K, committed 29312K, reserved 1079296K
  class space    used 3917K, capacity 4098K, committed 4224K, reserved 1048576K
GC Heap History (10 events):
Event: 11.930 GC heap after
Heap after GC invocations=5 (full 0):
 PSYoungGen      total 35328K, used 2543K [0x00000000e0000000, 0x00000000e4c00000, 0x0000000100000000)
  eden space 32768K, 0% used [0x00000000e0000000,0x00000000e0000000,0x00000000e2000000)
  from space 2560K, 99% used [0x00000000e2000000,0x00000000e227bf78,0x00000000e2280000)
  to   space 6144K, 0% used [0x00000000e4600000,0x00000000e4600000,0x00000000e4c00000)
 ParOldGen       total 44032K, used 5652K [0x00000000a0000000, 0x00000000a2b00000, 0x00000000e0000000)
  object space 44032K, 12% used [0x00000000a0000000,0x00000000a0585018,0x00000000a2b00000)
 Metaspace       used 12822K, capacity 13206K, committed 13440K, reserved 1060864K
  class space    used 1750K, capacity 1871K, committed 1920K, reserved 1048576K
}
Event: 13.805 GC heap before
{Heap before GC invocations=6 (full 0):
 PSYoungGen      total 35328K, used 35311K [0x00000000e0000000, 0x00000000e4c00000, 0x0000000100000000)
  eden space 32768K, 100% used [0x00000000e0000000,0x00000000e2000000,0x00000000e2000000)
  from space 2560K, 99% used [0x00000000e2000000,0x00000000e227bf78,0x00000000e2280000)
  to   space 6144K, 0% used [0x00000000e4600000,0x00000000e4600000,0x00000000e4c00000)
 ParOldGen       total 44032K, used 5652K [0x00000000a0000000, 0x00000000a2b00000, 0x00000000e0000000)
  object space 44032K, 12% used [0x00000000a0000000,0x00000000a0585018,0x00000000a2b00000)
 Metaspace       used 15638K, capacity 16076K, committed 16256K, reserved 1062912K
  class space    used 2217K, capacity 2364K, committed 2432K, reserved 1048576K
Event: 13.826 GC heap after
Heap after GC invocations=6 (full 0):
 PSYoungGen      total 70656K, used 6125K [0x00000000e0000000, 0x00000000e4e00000, 0x0000000100000000)
  eden space 64512K, 0% used [0x00000000e0000000,0x00000000e0000000,0x00000000e3f00000)
  from space 6144K, 99% used [0x00000000e4600000,0x00000000e4bfb768,0x00000000e4c00000)
  to   space 7168K, 0% used [0x00000000e3f00000,0x00000000e3f00000,0x00000000e4600000)
 ParOldGen       total 44032K, used 6105K [0x00000000a0000000, 0x00000000a2b00000, 0x00000000e0000000)
  object space 44032K, 13% used [0x00000000a0000000,0x00000000a05f6600,0x00000000a2b00000)
 Metaspace       used 15638K, capacity 16076K, committed 16256K, reserved 1062912K
  class space    used 2217K, capacity 2364K, committed 2432K, reserved 1048576K
}
Event: 17.053 GC heap before
{Heap before GC invocations=7 (full 0):
 PSYoungGen      total 70656K, used 53312K [0x00000000e0000000, 0x00000000e4e00000, 0x0000000100000000)
  eden space 64512K, 73% used [0x00000000e0000000,0x00000000e2e14c80,0x00000000e3f00000)
  from space 6144K, 99% used [0x00000000e4600000,0x00000000e4bfb768,0x00000000e4c00000)
  to   space 7168K, 0% used [0x00000000e3f00000,0x00000000e3f00000,0x00000000e4600000)
 ParOldGen       total 44032K, used 6105K [0x00000000a0000000, 0x00000000a2b00000, 0x00000000e0000000)
  object space 44032K, 13% used [0x00000000a0000000,0x00000000a05f6600,0x00000000a2b00000)
 Metaspace       used 20641K, capacity 21140K, committed 21296K, reserved 1067008K
  class space    used 2906K, capacity 3097K, committed 3200K, reserved 1048576K
Event: 17.066 GC heap after
Heap after GC invocations=7 (full 0):
 PSYoungGen      total 71680K, used 7144K [0x00000000e0000000, 0x00000000e9000000, 0x0000000100000000)
  eden space 64512K, 0% used [0x00000000e0000000,0x00000000e0000000,0x00000000e3f00000)
  from space 7168K, 99% used [0x00000000e3f00000,0x00000000e45fa2e0,0x00000000e4600000)
  to   space 9216K, 0% used [0x00000000e8700000,0x00000000e8700000,0x00000000e9000000)
 ParOldGen       total 44032K, used 8346K [0x00000000a0000000, 0x00000000a2b00000, 0x00000000e0000000)
  object space 44032K, 18% used [0x00000000a0000000,0x00000000a08268a8,0x00000000a2b00000)
 Metaspace       used 20641K, capacity 21140K, committed 21296K, reserved 1067008K
  class space    used 2906K, capacity 3097K, committed 3200K, reserved 1048576K
}
Event: 17.066 GC heap before
{Heap before GC invocations=8 (full 1):
 PSYoungGen      total 71680K, used 7144K [0x00000000e0000000, 0x00000000e9000000, 0x0000000100000000)
  eden space 64512K, 0% used [0x00000000e0000000,0x00000000e0000000,0x00000000e3f00000)
  from space 7168K, 99% used [0x00000000e3f00000,0x00000000e45fa2e0,0x00000000e4600000)
  to   space 9216K, 0% used [0x00000000e8700000,0x00000000e8700000,0x00000000e9000000)
 ParOldGen       total 44032K, used 8346K [0x00000000a0000000, 0x00000000a2b00000, 0x00000000e0000000)
  object space 44032K, 18% used [0x00000000a0000000,0x00000000a08268a8,0x00000000a2b00000)
 Metaspace       used 20641K, capacity 21140K, committed 21296K, reserved 1067008K
  class space    used 2906K, capacity 3097K, committed 3200K, reserved 1048576K
Event: 17.282 GC heap after
Heap after GC invocations=8 (full 1):
 PSYoungGen      total 71680K, used 0K [0x00000000e0000000, 0x00000000e9000000, 0x0000000100000000)
  eden space 64512K, 0% used [0x00000000e0000000,0x00000000e0000000,0x00000000e3f00000)
  from space 7168K, 0% used [0x00000000e3f00000,0x00000000e3f00000,0x00000000e4600000)
  to   space 9216K, 0% used [0x00000000e8700000,0x00000000e8700000,0x00000000e9000000)
 ParOldGen       total 39936K, used 10796K [0x00000000a0000000, 0x00000000a2700000, 0x00000000e0000000)
  object space 39936K, 27% used [0x00000000a0000000,0x00000000a0a8b100,0x00000000a2700000)
 Metaspace       used 20641K, capacity 21140K, committed 21296K, reserved 1067008K
  class space    used 2906K, capacity 3097K, committed 3200K, reserved 1048576K
}
Event: 19.474 GC heap before
{Heap before GC invocations=9 (full 1):
 PSYoungGen      total 71680K, used 64512K [0x00000000e0000000, 0x00000000e9000000, 0x0000000100000000)
  eden space 64512K, 100% used [0x00000000e0000000,0x00000000e3f00000,0x00000000e3f00000)
  from space 7168K, 0% used [0x00000000e3f00000,0x00000000e3f00000,0x00000000e4600000)
  to   space 9216K, 0% used [0x00000000e8700000,0x00000000e8700000,0x00000000e9000000)
 ParOldGen       total 39936K, used 10796K [0x00000000a0000000, 0x00000000a2700000, 0x00000000e0000000)
  object space 39936K, 27% used [0x00000000a0000000,0x00000000a0a8b100,0x00000000a2700000)
 Metaspace       used 27908K, capacity 28474K, committed 28672K, reserved 1073152K
  class space    used 3806K, capacity 4001K, committed 4096K, reserved 1048576K
Event: 19.484 GC heap after
Heap after GC invocations=9 (full 1):
 PSYoungGen      total 98816K, used 7307K [0x00000000e0000000, 0x00000000e8e80000, 0x0000000100000000)
  eden space 91136K, 0% used [0x00000000e0000000,0x00000000e0000000,0x00000000e5900000)
  from space 7680K, 95% used [0x00000000e8700000,0x00000000e8e22ed8,0x00000000e8e80000)
  to   space 10240K, 0% used [0x00000000e7a80000,0x00000000e7a80000,0x00000000e8480000)
 ParOldGen       total 39936K, used 10804K [0x00000000a0000000, 0x00000000a2700000, 0x00000000e0000000)
  object space 39936K, 27% used [0x00000000a0000000,0x00000000a0a8d100,0x00000000a2700000)
 Metaspace       used 27908K, capacity 28474K, committed 28672K, reserved 1073152K
  class space    used 3806K, capacity 4001K, committed 4096K, reserved 1048576K
}
Event: 19.637 GC heap before
{Heap before GC invocations=10 (full 1):
 PSYoungGen      total 98816K, used 21200K [0x00000000e0000000, 0x00000000e8e80000, 0x0000000100000000)
  eden space 91136K, 15% used [0x00000000e0000000,0x00000000e0d913c8,0x00000000e5900000)
  from space 7680K, 95% used [0x00000000e8700000,0x00000000e8e22ed8,0x00000000e8e80000)
  to   space 10240K, 0% used [0x00000000e7a80000,0x00000000e7a80000,0x00000000e8480000)
 ParOldGen       total 39936K, used 10804K [0x00000000a0000000, 0x00000000a2700000, 0x00000000e0000000)
  object space 39936K, 27% used [0x00000000a0000000,0x00000000a0a8d100,0x00000000a2700000)
 Metaspace       used 28597K, capacity 29088K, committed 29312K, reserved 1079296K
  class space    used 3917K, capacity 4098K, committed 4224K, reserved 1048576K

