# JRE version: OpenJDK Runtime Environment (8.0_152-b01) (build 1.8.0_152-release-1343-b01)
# Java VM: OpenJDK 64-Bit Server VM (25.152-b01 mixed mode windows-amd64 compressed oops)
Heap:
 PSYoungGen      total 256000K, used 61483K [0x00000000e0000000, 0x00000000f3180000, 0x0000000100000000)
  eden space 215040K, 21% used [0x00000000e0000000,0x00000000e2dc0940,0x00000000ed200000)
  from space 40960K, 35% used [0x00000000ed200000,0x00000000ee04a5b0,0x00000000efa00000)
  to   space 38400K, 0% used [0x00000000f0c00000,0x00000000f0c00000,0x00000000f3180000)
 ParOldGen       total 141312K, used 50511K [0x00000000a0000000, 0x00000000a8a00000, 0x00000000e0000000)
  object space 141312K, 35% used [0x00000000a0000000,0x00000000a3153e00,0x00000000a8a00000)
 Metaspace       used 86117K, capacity 89276K, committed 89368K, reserved 1126400K
  class space    used 11119K, capacity 11755K, committed 11824K, reserved 1048576K
GC Heap History (10 events):
Event: 16.814 GC heap before
{Heap before GC invocations=17 (full 3):
 PSYoungGen      total 187392K, used 185834K [0x00000000e0000000, 0x00000000ee600000, 0x0000000100000000)
  eden space 171008K, 100% used [0x00000000e0000000,0x00000000ea700000,0x00000000ea700000)
  from space 16384K, 90% used [0x00000000ea700000,0x00000000eb57a928,0x00000000eb700000)
  to   space 18432K, 0% used [0x00000000ed400000,0x00000000ed400000,0x00000000ee600000)
 ParOldGen       total 93184K, used 34268K [0x00000000a0000000, 0x00000000a5b00000, 0x00000000e0000000)
  object space 93184K, 36% used [0x00000000a0000000,0x00000000a2177120,0x00000000a5b00000)
 Metaspace       used 67546K, capacity 70000K, committed 70040K, reserved 1110016K
  class space    used 9107K, capacity 9613K, committed 9648K, reserved 1048576K
Event: 16.903 GC heap after
Heap after GC invocations=17 (full 3):
 PSYoungGen      total 200704K, used 18416K [0x00000000e0000000, 0x00000000f0c00000, 0x0000000100000000)
  eden space 182272K, 0% used [0x00000000e0000000,0x00000000e0000000,0x00000000eb200000)
  from space 18432K, 99% used [0x00000000ed400000,0x00000000ee5fc3f0,0x00000000ee600000)
  to   space 34816K, 0% used [0x00000000eb200000,0x00000000eb200000,0x00000000ed400000)
 ParOldGen       total 93184K, used 71084K [0x00000000a0000000, 0x00000000a5b00000, 0x00000000e0000000)
  object space 93184K, 76% used [0x00000000a0000000,0x00000000a456b0a8,0x00000000a5b00000)
 Metaspace       used 67546K, capacity 70000K, committed 70040K, reserved 1110016K
  class space    used 9107K, capacity 9613K, committed 9648K, reserved 1048576K
}
Event: 19.503 GC heap before
{Heap before GC invocations=18 (full 3):
 PSYoungGen      total 200704K, used 200688K [0x00000000e0000000, 0x00000000f0c00000, 0x0000000100000000)
  eden space 182272K, 100% used [0x00000000e0000000,0x00000000eb200000,0x00000000eb200000)
  from space 18432K, 99% used [0x00000000ed400000,0x00000000ee5fc3f0,0x00000000ee600000)
  to   space 34816K, 0% used [0x00000000eb200000,0x00000000eb200000,0x00000000ed400000)
 ParOldGen       total 93184K, used 71084K [0x00000000a0000000, 0x00000000a5b00000, 0x00000000e0000000)
  object space 93184K, 76% used [0x00000000a0000000,0x00000000a456b0a8,0x00000000a5b00000)
 Metaspace       used 69453K, capacity 72050K, committed 72216K, reserved 1112064K
  class space    used 9354K, capacity 9908K, committed 10032K, reserved 1048576K
Event: 19.562 GC heap after
Heap after GC invocations=18 (full 3):
 PSYoungGen      total 217088K, used 34792K [0x00000000e0000000, 0x00000000f2a80000, 0x0000000100000000)
  eden space 182272K, 0% used [0x00000000e0000000,0x00000000e0000000,0x00000000eb200000)
  from space 34816K, 99% used [0x00000000eb200000,0x00000000ed3fa210,0x00000000ed400000)
  to   space 43520K, 0% used [0x00000000f0000000,0x00000000f0000000,0x00000000f2a80000)
 ParOldGen       total 93184K, used 78394K [0x00000000a0000000, 0x00000000a5b00000, 0x00000000e0000000)
  object space 93184K, 84% used [0x00000000a0000000,0x00000000a4c8ea60,0x00000000a5b00000)
 Metaspace       used 69453K, capacity 72050K, committed 72216K, reserved 1112064K
  class space    used 9354K, capacity 9908K, committed 10032K, reserved 1048576K
}
Event: 19.562 GC heap before
{Heap before GC invocations=19 (full 4):
 PSYoungGen      total 217088K, used 34792K [0x00000000e0000000, 0x00000000f2a80000, 0x0000000100000000)
  eden space 182272K, 0% used [0x00000000e0000000,0x00000000e0000000,0x00000000eb200000)
  from space 34816K, 99% used [0x00000000eb200000,0x00000000ed3fa210,0x00000000ed400000)
  to   space 43520K, 0% used [0x00000000f0000000,0x00000000f0000000,0x00000000f2a80000)
 ParOldGen       total 93184K, used 78394K [0x00000000a0000000, 0x00000000a5b00000, 0x00000000e0000000)
  object space 93184K, 84% used [0x00000000a0000000,0x00000000a4c8ea60,0x00000000a5b00000)
 Metaspace       used 69453K, capacity 72050K, committed 72216K, reserved 1112064K
  class space    used 9354K, capacity 9908K, committed 10032K, reserved 1048576K
Event: 19.747 GC heap after
Heap after GC invocations=19 (full 4):
 PSYoungGen      total 217088K, used 0K [0x00000000e0000000, 0x00000000f2a80000, 0x0000000100000000)
  eden space 182272K, 0% used [0x00000000e0000000,0x00000000e0000000,0x00000000eb200000)
  from space 34816K, 0% used [0x00000000eb200000,0x00000000eb200000,0x00000000ed400000)
  to   space 43520K, 0% used [0x00000000f0000000,0x00000000f0000000,0x00000000f2a80000)
 ParOldGen       total 141312K, used 50495K [0x00000000a0000000, 0x00000000a8a00000, 0x00000000e0000000)
  object space 141312K, 35% used [0x00000000a0000000,0x00000000a314fe00,0x00000000a8a00000)
 Metaspace       used 69375K, capacity 71834K, committed 72216K, reserved 1112064K
  class space    used 9328K, capacity 9862K, committed 10032K, reserved 1048576K
}
Event: 177.435 GC heap before
{Heap before GC invocations=20 (full 4):
 PSYoungGen      total 217088K, used 182272K [0x00000000e0000000, 0x00000000f2a80000, 0x0000000100000000)
  eden space 182272K, 100% used [0x00000000e0000000,0x00000000eb200000,0x00000000eb200000)
  from space 34816K, 0% used [0x00000000eb200000,0x00000000eb200000,0x00000000ed400000)
  to   space 43520K, 0% used [0x00000000f0000000,0x00000000f0000000,0x00000000f2a80000)
 ParOldGen       total 141312K, used 50495K [0x00000000a0000000, 0x00000000a8a00000, 0x00000000e0000000)
  object space 141312K, 35% used [0x00000000a0000000,0x00000000a314fe00,0x00000000a8a00000)
 Metaspace       used 75388K, capacity 78132K, committed 78360K, reserved 1118208K
  class space    used 10000K, capacity 10523K, committed 10544K, reserved 1048576K
Event: 177.457 GC heap after
Heap after GC invocations=20 (full 4):
 PSYoungGen      total 249856K, used 13816K [0x00000000e0000000, 0x00000000f2200000, 0x0000000100000000)
  eden space 215040K, 0% used [0x00000000e0000000,0x00000000e0000000,0x00000000ed200000)
  from space 34816K, 39% used [0x00000000f0000000,0x00000000f0d7e340,0x00000000f2200000)
  to   space 40960K, 0% used [0x00000000ed200000,0x00000000ed200000,0x00000000efa00000)
 ParOldGen       total 141312K, used 50503K [0x00000000a0000000, 0x00000000a8a00000, 0x00000000e0000000)
  object space 141312K, 35% used [0x00000000a0000000,0x00000000a3151e00,0x00000000a8a00000)
 Metaspace       used 75388K, capacity 78132K, committed 78360K, reserved 1118208K
  class space    used 10000K, capacity 10523K, committed 10544K, reserved 1048576K
}
Event: 481.158 GC heap before
{Heap before GC invocations=21 (full 4):
 PSYoungGen      total 249856K, used 228856K [0x00000000e0000000, 0x00000000f2200000, 0x0000000100000000)
  eden space 215040K, 100% used [0x00000000e0000000,0x00000000ed200000,0x00000000ed200000)
  from space 34816K, 39% used [0x00000000f0000000,0x00000000f0d7e340,0x00000000f2200000)
  to   space 40960K, 0% used [0x00000000ed200000,0x00000000ed200000,0x00000000efa00000)
 ParOldGen       total 141312K, used 50503K [0x00000000a0000000, 0x00000000a8a00000, 0x00000000e0000000)
  object space 141312K, 35% used [0x00000000a0000000,0x00000000a3151e00,0x00000000a8a00000)
 Metaspace       used 85861K, capacity 89042K, committed 89368K, reserved 1126400K
  class space    used 11116K, capacity 11750K, committed 11824K, reserved 1048576K
Event: 481.199 GC heap after
Heap after GC invocations=21 (full 4):
 PSYoungGen      total 256000K, used 14633K [0x00000000e0000000, 0x00000000f3180000, 0x0000000100000000)
  eden space 215040K, 0% used [0x00000000e0000000,0x00000000e0000000,0x00000000ed200000)
  from space 40960K, 35% used [0x00000000ed200000,0x00000000ee04a5b0,0x00000000efa00000)
  to   space 38400K, 0% used [0x00000000f0c00000,0x00000000f0c00000,0x00000000f3180000)
 ParOldGen       total 141312K, used 50511K [0x00000000a0000000, 0x00000000a8a00000, 0x00000000e0000000)
  object space 141312K, 35% used [0x00000000a0000000,0x00000000a3153e00,0x00000000a8a00000)
 Metaspace       used 85861K, capacity 89042K, committed 89368K, reserved 1126400K
  class space    used 11116K, capacity 11750K, committed 11824K, reserved 1048576K
}

