# JRE version: OpenJDK Runtime Environment (8.0_152-b01) (build 1.8.0_152-release-1343-b01)
# Java VM: OpenJDK 64-Bit Server VM (25.152-b01 mixed mode windows-amd64 compressed oops)
Heap:
 PSYoungGen      total 195584K, used 57236K [0x00000000e0000000, 0x00000000ef480000, 0x0000000100000000)
  eden space 178688K, 22% used [0x00000000e0000000,0x00000000e2765618,0x00000000eae80000)
  from space 16896K, 99% used [0x00000000eca80000,0x00000000edaffdb8,0x00000000edb00000)
  to   space 28672K, 0% used [0x00000000eae80000,0x00000000eae80000,0x00000000eca80000)
 ParOldGen       total 88064K, used 59584K [0x00000000a0000000, 0x00000000a5600000, 0x00000000e0000000)
  object space 88064K, 67% used [0x00000000a0000000,0x00000000a3a30240,0x00000000a5600000)
 Metaspace       used 67800K, capacity 69786K, committed 70040K, reserved 1110016K
  class space    used 8917K, capacity 9330K, committed 9392K, reserved 1048576K
GC Heap History (10 events):
Event: 9.529 GC heap before
{Heap before GC invocations=15 (full 2):
 PSYoungGen      total 143360K, used 134656K [0x00000000e0000000, 0x00000000ea100000, 0x0000000100000000)
  eden space 134656K, 100% used [0x00000000e0000000,0x00000000e8380000,0x00000000e8380000)
  from space 8704K, 0% used [0x00000000e8c00000,0x00000000e8c00000,0x00000000e9480000)
  to   space 8704K, 0% used [0x00000000e8380000,0x00000000e8380000,0x00000000e8c00000)
 ParOldGen       total 51712K, used 15973K [0x00000000a0000000, 0x00000000a3280000, 0x00000000e0000000)
  object space 51712K, 30% used [0x00000000a0000000,0x00000000a0f99450,0x00000000a3280000)
 Metaspace       used 47047K, capacity 48098K, committed 48168K, reserved 1091584K
  class space    used 6385K, capacity 6684K, committed 6704K, reserved 1048576K
Event: 9.545 GC heap after
Heap after GC invocations=15 (full 2):
 PSYoungGen      total 143360K, used 8684K [0x00000000e0000000, 0x00000000ebb00000, 0x0000000100000000)
  eden space 134656K, 0% used [0x00000000e0000000,0x00000000e0000000,0x00000000e8380000)
  from space 8704K, 99% used [0x00000000e8380000,0x00000000e8bfb2c8,0x00000000e8c00000)
  to   space 12800K, 0% used [0x00000000eae80000,0x00000000eae80000,0x00000000ebb00000)
 ParOldGen       total 51712K, used 23901K [0x00000000a0000000, 0x00000000a3280000, 0x00000000e0000000)
  object space 51712K, 46% used [0x00000000a0000000,0x00000000a1757780,0x00000000a3280000)
 Metaspace       used 47047K, capacity 48098K, committed 48168K, reserved 1091584K
  class space    used 6385K, capacity 6684K, committed 6704K, reserved 1048576K
}
Event: 10.958 GC heap before
{Heap before GC invocations=16 (full 2):
 PSYoungGen      total 143360K, used 137721K [0x00000000e0000000, 0x00000000ebb00000, 0x0000000100000000)
  eden space 134656K, 95% used [0x00000000e0000000,0x00000000e7e03440,0x00000000e8380000)
  from space 8704K, 99% used [0x00000000e8380000,0x00000000e8bfb2c8,0x00000000e8c00000)
  to   space 12800K, 0% used [0x00000000eae80000,0x00000000eae80000,0x00000000ebb00000)
 ParOldGen       total 51712K, used 23901K [0x00000000a0000000, 0x00000000a3280000, 0x00000000e0000000)
  object space 51712K, 46% used [0x00000000a0000000,0x00000000a1757780,0x00000000a3280000)
 Metaspace       used 57509K, capacity 59016K, committed 59160K, reserved 1099776K
  class space    used 7753K, capacity 8125K, committed 8240K, reserved 1048576K
Event: 10.980 GC heap after
Heap after GC invocations=16 (full 2):
 PSYoungGen      total 176640K, used 12545K [0x00000000e0000000, 0x00000000ebe00000, 0x0000000100000000)
  eden space 163840K, 0% used [0x00000000e0000000,0x00000000e0000000,0x00000000ea000000)
  from space 12800K, 98% used [0x00000000eae80000,0x00000000ebac0680,0x00000000ebb00000)
  to   space 14848K, 0% used [0x00000000ea000000,0x00000000ea000000,0x00000000eae80000)
 ParOldGen       total 51712K, used 31839K [0x00000000a0000000, 0x00000000a3280000, 0x00000000e0000000)
  object space 51712K, 61% used [0x00000000a0000000,0x00000000a1f17db8,0x00000000a3280000)
 Metaspace       used 57509K, capacity 59016K, committed 59160K, reserved 1099776K
  class space    used 7753K, capacity 8125K, committed 8240K, reserved 1048576K
}
Event: 10.980 GC heap before
{Heap before GC invocations=17 (full 3):
 PSYoungGen      total 176640K, used 12545K [0x00000000e0000000, 0x00000000ebe00000, 0x0000000100000000)
  eden space 163840K, 0% used [0x00000000e0000000,0x00000000e0000000,0x00000000ea000000)
  from space 12800K, 98% used [0x00000000eae80000,0x00000000ebac0680,0x00000000ebb00000)
  to   space 14848K, 0% used [0x00000000ea000000,0x00000000ea000000,0x00000000eae80000)
 ParOldGen       total 51712K, used 31839K [0x00000000a0000000, 0x00000000a3280000, 0x00000000e0000000)
  object space 51712K, 61% used [0x00000000a0000000,0x00000000a1f17db8,0x00000000a3280000)
 Metaspace       used 57509K, capacity 59016K, committed 59160K, reserved 1099776K
  class space    used 7753K, capacity 8125K, committed 8240K, reserved 1048576K
Event: 11.221 GC heap after
Heap after GC invocations=17 (full 3):
 PSYoungGen      total 176640K, used 0K [0x00000000e0000000, 0x00000000ebe00000, 0x0000000100000000)
  eden space 163840K, 0% used [0x00000000e0000000,0x00000000e0000000,0x00000000ea000000)
  from space 12800K, 0% used [0x00000000eae80000,0x00000000eae80000,0x00000000ebb00000)
  to   space 14848K, 0% used [0x00000000ea000000,0x00000000ea000000,0x00000000eae80000)
 ParOldGen       total 88064K, used 34294K [0x00000000a0000000, 0x00000000a5600000, 0x00000000e0000000)
  object space 88064K, 38% used [0x00000000a0000000,0x00000000a217dab8,0x00000000a5600000)
 Metaspace       used 57509K, capacity 59016K, committed 59160K, reserved 1099776K
  class space    used 7753K, capacity 8125K, committed 8240K, reserved 1048576K
}
Event: 13.752 GC heap before
{Heap before GC invocations=18 (full 3):
 PSYoungGen      total 176640K, used 163840K [0x00000000e0000000, 0x00000000ebe00000, 0x0000000100000000)
  eden space 163840K, 100% used [0x00000000e0000000,0x00000000ea000000,0x00000000ea000000)
  from space 12800K, 0% used [0x00000000eae80000,0x00000000eae80000,0x00000000ebb00000)
  to   space 14848K, 0% used [0x00000000ea000000,0x00000000ea000000,0x00000000eae80000)
 ParOldGen       total 88064K, used 34294K [0x00000000a0000000, 0x00000000a5600000, 0x00000000e0000000)
  object space 88064K, 38% used [0x00000000a0000000,0x00000000a217dab8,0x00000000a5600000)
 Metaspace       used 61479K, capacity 63384K, committed 63512K, reserved 1103872K
  class space    used 8286K, capacity 8711K, committed 8752K, reserved 1048576K
Event: 13.775 GC heap after
Heap after GC invocations=18 (full 3):
 PSYoungGen      total 178688K, used 14616K [0x00000000e0000000, 0x00000000edb00000, 0x0000000100000000)
  eden space 163840K, 0% used [0x00000000e0000000,0x00000000e0000000,0x00000000ea000000)
  from space 14848K, 98% used [0x00000000ea000000,0x00000000eae461b8,0x00000000eae80000)
  to   space 16896K, 0% used [0x00000000eca80000,0x00000000eca80000,0x00000000edb00000)
 ParOldGen       total 88064K, used 34302K [0x00000000a0000000, 0x00000000a5600000, 0x00000000e0000000)
  object space 88064K, 38% used [0x00000000a0000000,0x00000000a217fab8,0x00000000a5600000)
 Metaspace       used 61479K, capacity 63384K, committed 63512K, reserved 1103872K
  class space    used 8286K, capacity 8711K, committed 8752K, reserved 1048576K
}
Event: 17.034 GC heap before
{Heap before GC invocations=19 (full 3):
 PSYoungGen      total 178688K, used 178456K [0x00000000e0000000, 0x00000000edb00000, 0x0000000100000000)
  eden space 163840K, 100% used [0x00000000e0000000,0x00000000ea000000,0x00000000ea000000)
  from space 14848K, 98% used [0x00000000ea000000,0x00000000eae461b8,0x00000000eae80000)
  to   space 16896K, 0% used [0x00000000eca80000,0x00000000eca80000,0x00000000edb00000)
 ParOldGen       total 88064K, used 34302K [0x00000000a0000000, 0x00000000a5600000, 0x00000000e0000000)
  object space 88064K, 38% used [0x00000000a0000000,0x00000000a217fab8,0x00000000a5600000)
 Metaspace       used 67488K, capacity 69402K, committed 69528K, reserved 1110016K
  class space    used 8914K, capacity 9330K, committed 9392K, reserved 1048576K
Event: 17.123 GC heap after
Heap after GC invocations=19 (full 3):
 PSYoungGen      total 195584K, used 16895K [0x00000000e0000000, 0x00000000ef480000, 0x0000000100000000)
  eden space 178688K, 0% used [0x00000000e0000000,0x00000000e0000000,0x00000000eae80000)
  from space 16896K, 99% used [0x00000000eca80000,0x00000000edaffdb8,0x00000000edb00000)
  to   space 28672K, 0% used [0x00000000eae80000,0x00000000eae80000,0x00000000eca80000)
 ParOldGen       total 88064K, used 59584K [0x00000000a0000000, 0x00000000a5600000, 0x00000000e0000000)
  object space 88064K, 67% used [0x00000000a0000000,0x00000000a3a30240,0x00000000a5600000)
 Metaspace       used 67488K, capacity 69402K, committed 69528K, reserved 1110016K
  class space    used 8914K, capacity 9330K, committed 9392K, reserved 1048576K
}

