# JRE version: OpenJDK Runtime Environment (8.0_152-b01) (build 1.8.0_152-release-1343-b01)
# Java VM: OpenJDK 64-Bit Server VM (25.152-b01 mixed mode windows-amd64 compressed oops)
Heap:
 PSYoungGen      total 294912K, used 30328K [0x00000000e0000000, 0x00000000f4680000, 0x0000000100000000)
  eden space 272896K, 3% used [0x00000000e0000000,0x00000000e086a3a0,0x00000000f0a80000)
  from space 22016K, 98% used [0x00000000f2380000,0x00000000f38b3d80,0x00000000f3900000)
  to   space 25600K, 0% used [0x00000000f0a80000,0x00000000f0a80000,0x00000000f2380000)
 ParOldGen       total 73728K, used 46858K [0x00000000a0000000, 0x00000000a4800000, 0x00000000e0000000)
  object space 73728K, 63% used [0x00000000a0000000,0x00000000a2dc2998,0x00000000a4800000)
 Metaspace       used 85166K, capacity 88334K, committed 88600K, reserved 1126400K
  class space    used 11134K, capacity 11772K, committed 11824K, reserved 1048576K
GC Heap History (10 events):
Event: 11.121 GC heap before
{Heap before GC invocations=17 (full 2):
 PSYoungGen      total 172544K, used 15453K [0x00000000e0000000, 0x00000000ec280000, 0x0000000100000000)
  eden space 160256K, 1% used [0x00000000e0000000,0x00000000e0318a20,0x00000000e9c80000)
  from space 12288K, 99% used [0x00000000ead80000,0x00000000eb97edb0,0x00000000eb980000)
  to   space 17408K, 0% used [0x00000000e9c80000,0x00000000e9c80000,0x00000000ead80000)
 ParOldGen       total 52224K, used 31608K [0x00000000a0000000, 0x00000000a3300000, 0x00000000e0000000)
  object space 52224K, 60% used [0x00000000a0000000,0x00000000a1ede360,0x00000000a3300000)
 Metaspace       used 57466K, capacity 58998K, committed 59160K, reserved 1099776K
  class space    used 7748K, capacity 8122K, committed 8240K, reserved 1048576K
Event: 11.142 GC heap after
Heap after GC invocations=17 (full 2):
 PSYoungGen      total 177664K, used 288K [0x00000000e0000000, 0x00000000f0c80000, 0x0000000100000000)
  eden space 160256K, 0% used [0x00000000e0000000,0x00000000e0000000,0x00000000e9c80000)
  from space 17408K, 1% used [0x00000000e9c80000,0x00000000e9cc8000,0x00000000ead80000)
  to   space 17408K, 0% used [0x00000000efb80000,0x00000000efb80000,0x00000000f0c80000)
 ParOldGen       total 52224K, used 36129K [0x00000000a0000000, 0x00000000a3300000, 0x00000000e0000000)
  object space 52224K, 69% used [0x00000000a0000000,0x00000000a2348598,0x00000000a3300000)
 Metaspace       used 57466K, capacity 58998K, committed 59160K, reserved 1099776K
  class space    used 7748K, capacity 8122K, committed 8240K, reserved 1048576K
}
Event: 11.142 GC heap before
{Heap before GC invocations=18 (full 3):
 PSYoungGen      total 177664K, used 288K [0x00000000e0000000, 0x00000000f0c80000, 0x0000000100000000)
  eden space 160256K, 0% used [0x00000000e0000000,0x00000000e0000000,0x00000000e9c80000)
  from space 17408K, 1% used [0x00000000e9c80000,0x00000000e9cc8000,0x00000000ead80000)
  to   space 17408K, 0% used [0x00000000efb80000,0x00000000efb80000,0x00000000f0c80000)
 ParOldGen       total 52224K, used 36129K [0x00000000a0000000, 0x00000000a3300000, 0x00000000e0000000)
  object space 52224K, 69% used [0x00000000a0000000,0x00000000a2348598,0x00000000a3300000)
 Metaspace       used 57466K, capacity 58998K, committed 59160K, reserved 1099776K
  class space    used 7748K, capacity 8122K, committed 8240K, reserved 1048576K
Event: 11.516 GC heap after
Heap after GC invocations=18 (full 3):
 PSYoungGen      total 177664K, used 0K [0x00000000e0000000, 0x00000000f0c80000, 0x0000000100000000)
  eden space 160256K, 0% used [0x00000000e0000000,0x00000000e0000000,0x00000000e9c80000)
  from space 17408K, 0% used [0x00000000e9c80000,0x00000000e9c80000,0x00000000ead80000)
  to   space 17408K, 0% used [0x00000000efb80000,0x00000000efb80000,0x00000000f0c80000)
 ParOldGen       total 73728K, used 26822K [0x00000000a0000000, 0x00000000a4800000, 0x00000000e0000000)
  object space 73728K, 36% used [0x00000000a0000000,0x00000000a1a31bd0,0x00000000a4800000)
 Metaspace       used 57466K, capacity 58998K, committed 59160K, reserved 1099776K
  class space    used 7748K, capacity 8122K, committed 8240K, reserved 1048576K
}
Event: 14.118 GC heap before
{Heap before GC invocations=19 (full 3):
 PSYoungGen      total 177664K, used 160256K [0x00000000e0000000, 0x00000000f0c80000, 0x0000000100000000)
  eden space 160256K, 100% used [0x00000000e0000000,0x00000000e9c80000,0x00000000e9c80000)
  from space 17408K, 0% used [0x00000000e9c80000,0x00000000e9c80000,0x00000000ead80000)
  to   space 17408K, 0% used [0x00000000efb80000,0x00000000efb80000,0x00000000f0c80000)
 ParOldGen       total 73728K, used 26822K [0x00000000a0000000, 0x00000000a4800000, 0x00000000e0000000)
  object space 73728K, 36% used [0x00000000a0000000,0x00000000a1a31bd0,0x00000000a4800000)
 Metaspace       used 61436K, capacity 63372K, committed 63512K, reserved 1103872K
  class space    used 8286K, capacity 8737K, committed 8752K, reserved 1048576K
Event: 14.138 GC heap after
Heap after GC invocations=19 (full 3):
 PSYoungGen      total 237568K, used 14026K [0x00000000e0000000, 0x00000000f0980000, 0x0000000100000000)
  eden space 223232K, 0% used [0x00000000e0000000,0x00000000e0000000,0x00000000eda00000)
  from space 14336K, 97% used [0x00000000efb80000,0x00000000f0932a70,0x00000000f0980000)
  to   space 18944K, 0% used [0x00000000ee480000,0x00000000ee480000,0x00000000ef700000)
 ParOldGen       total 73728K, used 26830K [0x00000000a0000000, 0x00000000a4800000, 0x00000000e0000000)
  object space 73728K, 36% used [0x00000000a0000000,0x00000000a1a33bd0,0x00000000a4800000)
 Metaspace       used 61436K, capacity 63372K, committed 63512K, reserved 1103872K
  class space    used 8286K, capacity 8737K, committed 8752K, reserved 1048576K
}
Event: 19.505 GC heap before
{Heap before GC invocations=20 (full 3):
 PSYoungGen      total 237568K, used 237258K [0x00000000e0000000, 0x00000000f0980000, 0x0000000100000000)
  eden space 223232K, 100% used [0x00000000e0000000,0x00000000eda00000,0x00000000eda00000)
  from space 14336K, 97% used [0x00000000efb80000,0x00000000f0932a70,0x00000000f0980000)
  to   space 18944K, 0% used [0x00000000ee480000,0x00000000ee480000,0x00000000ef700000)
 ParOldGen       total 73728K, used 26830K [0x00000000a0000000, 0x00000000a4800000, 0x00000000e0000000)
  object space 73728K, 36% used [0x00000000a0000000,0x00000000a1a33bd0,0x00000000a4800000)
 Metaspace       used 71628K, capacity 73894K, committed 74008K, reserved 1114112K
  class space    used 9446K, capacity 9930K, committed 10032K, reserved 1048576K
Event: 19.547 GC heap after
Heap after GC invocations=20 (full 3):
 PSYoungGen      total 252928K, used 17842K [0x00000000e0000000, 0x00000000f3900000, 0x0000000100000000)
  eden space 233984K, 0% used [0x00000000e0000000,0x00000000e0000000,0x00000000ee480000)
  from space 18944K, 94% used [0x00000000ee480000,0x00000000ef5ecb60,0x00000000ef700000)
  to   space 22016K, 0% used [0x00000000f2380000,0x00000000f2380000,0x00000000f3900000)
 ParOldGen       total 73728K, used 38170K [0x00000000a0000000, 0x00000000a4800000, 0x00000000e0000000)
  object space 73728K, 51% used [0x00000000a0000000,0x00000000a2546940,0x00000000a4800000)
 Metaspace       used 71628K, capacity 73894K, committed 74008K, reserved 1114112K
  class space    used 9446K, capacity 9930K, committed 10032K, reserved 1048576K
}
Event: 112.458 GC heap before
{Heap before GC invocations=21 (full 3):
 PSYoungGen      total 252928K, used 251826K [0x00000000e0000000, 0x00000000f3900000, 0x0000000100000000)
  eden space 233984K, 100% used [0x00000000e0000000,0x00000000ee480000,0x00000000ee480000)
  from space 18944K, 94% used [0x00000000ee480000,0x00000000ef5ecb60,0x00000000ef700000)
  to   space 22016K, 0% used [0x00000000f2380000,0x00000000f2380000,0x00000000f3900000)
 ParOldGen       total 73728K, used 38170K [0x00000000a0000000, 0x00000000a4800000, 0x00000000e0000000)
  object space 73728K, 51% used [0x00000000a0000000,0x00000000a2546940,0x00000000a4800000)
 Metaspace       used 84738K, capacity 87904K, committed 88088K, reserved 1126400K
  class space    used 11074K, capacity 11733K, committed 11824K, reserved 1048576K
Event: 112.519 GC heap after
Heap after GC invocations=21 (full 3):
 PSYoungGen      total 294912K, used 21711K [0x00000000e0000000, 0x00000000f4680000, 0x0000000100000000)
  eden space 272896K, 0% used [0x00000000e0000000,0x00000000e0000000,0x00000000f0a80000)
  from space 22016K, 98% used [0x00000000f2380000,0x00000000f38b3d80,0x00000000f3900000)
  to   space 25600K, 0% used [0x00000000f0a80000,0x00000000f0a80000,0x00000000f2380000)
 ParOldGen       total 73728K, used 46858K [0x00000000a0000000, 0x00000000a4800000, 0x00000000e0000000)
  object space 73728K, 63% used [0x00000000a0000000,0x00000000a2dc2998,0x00000000a4800000)
 Metaspace       used 84738K, capacity 87904K, committed 88088K, reserved 1126400K
  class space    used 11074K, capacity 11733K, committed 11824K, reserved 1048576K
}

