# JRE version: OpenJDK Runtime Environment (8.0_152-b01) (build 1.8.0_152-release-1343-b01)
# Java VM: OpenJDK 64-Bit Server VM (25.152-b01 mixed mode windows-amd64 compressed oops)
Heap:
 PSYoungGen      total 144896K, used 43683K [0x00000000e0000000, 0x00000000eb980000, 0x0000000100000000)
  eden space 114688K, 13% used [0x00000000e0000000,0x00000000e0ea0150,0x00000000e7000000)
  from space 30208K, 95% used [0x00000000e9100000,0x00000000ead08ad8,0x00000000eae80000)
  to   space 33792K, 0% used [0x00000000e7000000,0x00000000e7000000,0x00000000e9100000)
 ParOldGen       total 132096K, used 48526K [0x00000000a0000000, 0x00000000a8100000, 0x00000000e0000000)
  object space 132096K, 36% used [0x00000000a0000000,0x00000000a2f638b0,0x00000000a8100000)
 Metaspace       used 93188K, capacity 97090K, committed 97944K, reserved 1134592K
  class space    used 11742K, capacity 12474K, committed 12696K, reserved 1048576K
GC Heap History (10 events):
Event: 2196.527 GC heap before
{Heap before GC invocations=34 (full 4):
 PSYoungGen      total 120320K, used 107002K [0x00000000e0000000, 0x00000000e9a80000, 0x0000000100000000)
  eden space 107008K, 99% used [0x00000000e0000000,0x00000000e687eb10,0x00000000e6880000)
  from space 13312K, 0% used [0x00000000e6c00000,0x00000000e6c00000,0x00000000e7900000)
  to   space 25600K, 0% used [0x00000000e8180000,0x00000000e8180000,0x00000000e9a80000)
 ParOldGen       total 132096K, used 48502K [0x00000000a0000000, 0x00000000a8100000, 0x00000000e0000000)
  object space 132096K, 36% used [0x00000000a0000000,0x00000000a2f5d8b0,0x00000000a8100000)
 Metaspace       used 91549K, capacity 95206K, committed 96664K, reserved 1132544K
  class space    used 11687K, capacity 12392K, committed 12696K, reserved 1048576K
Event: 2196.547 GC heap after
Heap after GC invocations=34 (full 4):
 PSYoungGen      total 133120K, used 14369K [0x00000000e0000000, 0x00000000ea000000, 0x0000000100000000)
  eden space 107520K, 0% used [0x00000000e0000000,0x00000000e0000000,0x00000000e6900000)
  from space 25600K, 56% used [0x00000000e8180000,0x00000000e8f88418,0x00000000e9a80000)
  to   space 25088K, 0% used [0x00000000e6900000,0x00000000e6900000,0x00000000e8180000)
 ParOldGen       total 132096K, used 48502K [0x00000000a0000000, 0x00000000a8100000, 0x00000000e0000000)
  object space 132096K, 36% used [0x00000000a0000000,0x00000000a2f5d8b0,0x00000000a8100000)
 Metaspace       used 91549K, capacity 95206K, committed 96664K, reserved 1132544K
  class space    used 11687K, capacity 12392K, committed 12696K, reserved 1048576K
}
Event: 2537.607 GC heap before
{Heap before GC invocations=35 (full 4):
 PSYoungGen      total 133120K, used 121889K [0x00000000e0000000, 0x00000000ea000000, 0x0000000100000000)
  eden space 107520K, 100% used [0x00000000e0000000,0x00000000e6900000,0x00000000e6900000)
  from space 25600K, 56% used [0x00000000e8180000,0x00000000e8f88418,0x00000000e9a80000)
  to   space 25088K, 0% used [0x00000000e6900000,0x00000000e6900000,0x00000000e8180000)
 ParOldGen       total 132096K, used 48502K [0x00000000a0000000, 0x00000000a8100000, 0x00000000e0000000)
  object space 132096K, 36% used [0x00000000a0000000,0x00000000a2f5d8b0,0x00000000a8100000)
 Metaspace       used 91887K, capacity 95672K, committed 96920K, reserved 1134592K
  class space    used 11705K, capacity 12423K, committed 12696K, reserved 1048576K
Event: 2537.660 GC heap after
Heap after GC invocations=35 (full 4):
 PSYoungGen      total 132608K, used 16141K [0x00000000e0000000, 0x00000000e9f80000, 0x0000000100000000)
  eden space 107520K, 0% used [0x00000000e0000000,0x00000000e0000000,0x00000000e6900000)
  from space 25088K, 64% used [0x00000000e6900000,0x00000000e78c3668,0x00000000e8180000)
  to   space 25088K, 0% used [0x00000000e8700000,0x00000000e8700000,0x00000000e9f80000)
 ParOldGen       total 132096K, used 48510K [0x00000000a0000000, 0x00000000a8100000, 0x00000000e0000000)
  object space 132096K, 36% used [0x00000000a0000000,0x00000000a2f5f8b0,0x00000000a8100000)
 Metaspace       used 91887K, capacity 95672K, committed 96920K, reserved 1134592K
  class space    used 11705K, capacity 12423K, committed 12696K, reserved 1048576K
}
Event: 2539.966 GC heap before
{Heap before GC invocations=36 (full 4):
 PSYoungGen      total 132608K, used 123661K [0x00000000e0000000, 0x00000000e9f80000, 0x0000000100000000)
  eden space 107520K, 100% used [0x00000000e0000000,0x00000000e6900000,0x00000000e6900000)
  from space 25088K, 64% used [0x00000000e6900000,0x00000000e78c3668,0x00000000e8180000)
  to   space 25088K, 0% used [0x00000000e8700000,0x00000000e8700000,0x00000000e9f80000)
 ParOldGen       total 132096K, used 48510K [0x00000000a0000000, 0x00000000a8100000, 0x00000000e0000000)
  object space 132096K, 36% used [0x00000000a0000000,0x00000000a2f5f8b0,0x00000000a8100000)
 Metaspace       used 92213K, capacity 96044K, committed 96920K, reserved 1134592K
  class space    used 11727K, capacity 12463K, committed 12696K, reserved 1048576K
Event: 2540.005 GC heap after
Heap after GC invocations=36 (full 4):
 PSYoungGen      total 136192K, used 20808K [0x00000000e0000000, 0x00000000ea780000, 0x0000000100000000)
  eden space 111104K, 0% used [0x00000000e0000000,0x00000000e0000000,0x00000000e6c80000)
  from space 25088K, 82% used [0x00000000e8700000,0x00000000e9b52220,0x00000000e9f80000)
  to   space 27136K, 0% used [0x00000000e6c80000,0x00000000e6c80000,0x00000000e8700000)
 ParOldGen       total 132096K, used 48510K [0x00000000a0000000, 0x00000000a8100000, 0x00000000e0000000)
  object space 132096K, 36% used [0x00000000a0000000,0x00000000a2f5f8b0,0x00000000a8100000)
 Metaspace       used 92213K, capacity 96044K, committed 96920K, reserved 1134592K
  class space    used 11727K, capacity 12463K, committed 12696K, reserved 1048576K
}
Event: 2564.246 GC heap before
{Heap before GC invocations=37 (full 4):
 PSYoungGen      total 136192K, used 131912K [0x00000000e0000000, 0x00000000ea780000, 0x0000000100000000)
  eden space 111104K, 100% used [0x00000000e0000000,0x00000000e6c80000,0x00000000e6c80000)
  from space 25088K, 82% used [0x00000000e8700000,0x00000000e9b52220,0x00000000e9f80000)
  to   space 27136K, 0% used [0x00000000e6c80000,0x00000000e6c80000,0x00000000e8700000)
 ParOldGen       total 132096K, used 48510K [0x00000000a0000000, 0x00000000a8100000, 0x00000000e0000000)
  object space 132096K, 36% used [0x00000000a0000000,0x00000000a2f5f8b0,0x00000000a8100000)
 Metaspace       used 92807K, capacity 96746K, committed 97688K, reserved 1134592K
  class space    used 11738K, capacity 12470K, committed 12696K, reserved 1048576K
Event: 2564.290 GC heap after
Heap after GC invocations=37 (full 4):
 PSYoungGen      total 138240K, used 25820K [0x00000000e0000000, 0x00000000eae80000, 0x0000000100000000)
  eden space 111104K, 0% used [0x00000000e0000000,0x00000000e0000000,0x00000000e6c80000)
  from space 27136K, 95% used [0x00000000e6c80000,0x00000000e85b71e0,0x00000000e8700000)
  to   space 30208K, 0% used [0x00000000e9100000,0x00000000e9100000,0x00000000eae80000)
 ParOldGen       total 132096K, used 48518K [0x00000000a0000000, 0x00000000a8100000, 0x00000000e0000000)
  object space 132096K, 36% used [0x00000000a0000000,0x00000000a2f618b0,0x00000000a8100000)
 Metaspace       used 92807K, capacity 96746K, committed 97688K, reserved 1134592K
  class space    used 11738K, capacity 12470K, committed 12696K, reserved 1048576K
}
Event: 2565.668 GC heap before
{Heap before GC invocations=38 (full 4):
 PSYoungGen      total 138240K, used 136720K [0x00000000e0000000, 0x00000000eae80000, 0x0000000100000000)
  eden space 111104K, 99% used [0x00000000e0000000,0x00000000e6c4ce48,0x00000000e6c80000)
  from space 27136K, 95% used [0x00000000e6c80000,0x00000000e85b71e0,0x00000000e8700000)
  to   space 30208K, 0% used [0x00000000e9100000,0x00000000e9100000,0x00000000eae80000)
 ParOldGen       total 132096K, used 48518K [0x00000000a0000000, 0x00000000a8100000, 0x00000000e0000000)
  object space 132096K, 36% used [0x00000000a0000000,0x00000000a2f618b0,0x00000000a8100000)
 Metaspace       used 93167K, capacity 97090K, committed 97944K, reserved 1134592K
  class space    used 11742K, capacity 12474K, committed 12696K, reserved 1048576K
Event: 2565.705 GC heap after
Heap after GC invocations=38 (full 4):
 PSYoungGen      total 144896K, used 28706K [0x00000000e0000000, 0x00000000eb980000, 0x0000000100000000)
  eden space 114688K, 0% used [0x00000000e0000000,0x00000000e0000000,0x00000000e7000000)
  from space 30208K, 95% used [0x00000000e9100000,0x00000000ead08ad8,0x00000000eae80000)
  to   space 33792K, 0% used [0x00000000e7000000,0x00000000e7000000,0x00000000e9100000)
 ParOldGen       total 132096K, used 48526K [0x00000000a0000000, 0x00000000a8100000, 0x00000000e0000000)
  object space 132096K, 36% used [0x00000000a0000000,0x00000000a2f638b0,0x00000000a8100000)
 Metaspace       used 93167K, capacity 97090K, committed 97944K, reserved 1134592K
  class space    used 11742K, capacity 12474K, committed 12696K, reserved 1048576K
}

