# JRE version: OpenJDK Runtime Environment (8.0_152-b01) (build 1.8.0_152-release-1343-b01)
# Java VM: OpenJDK 64-Bit Server VM (25.152-b01 mixed mode windows-amd64 compressed oops)
Heap:
 PSYoungGen      total 260096K, used 160148K [0x00000000e0000000, 0x00000000f1300000, 0x0000000100000000)
  eden space 244736K, 61% used [0x00000000e0000000,0x00000000e928ffc8,0x00000000eef00000)
  from space 15360K, 65% used [0x00000000f0400000,0x00000000f0dd5078,0x00000000f1300000)
  to   space 18432K, 0% used [0x00000000eef00000,0x00000000eef00000,0x00000000f0100000)
 ParOldGen       total 82944K, used 46675K [0x00000000a0000000, 0x00000000a5100000, 0x00000000e0000000)
  object space 82944K, 56% used [0x00000000a0000000,0x00000000a2d94d60,0x00000000a5100000)
 Metaspace       used 71473K, capacity 73754K, committed 73880K, reserved 1114112K
  class space    used 9361K, capacity 9843K, committed 9904K, reserved 1048576K
GC Heap History (10 events):
Event: 12.827 GC heap before
{Heap before GC invocations=13 (full 2):
 PSYoungGen      total 161792K, used 148992K [0x00000000e0000000, 0x00000000ecb00000, 0x0000000100000000)
  eden space 148992K, 100% used [0x00000000e0000000,0x00000000e9180000,0x00000000e9180000)
  from space 12800K, 0% used [0x00000000e9d80000,0x00000000e9d80000,0x00000000eaa00000)
  to   space 12288K, 0% used [0x00000000e9180000,0x00000000e9180000,0x00000000e9d80000)
 ParOldGen       total 51200K, used 15503K [0x00000000a0000000, 0x00000000a3200000, 0x00000000e0000000)
  object space 51200K, 30% used [0x00000000a0000000,0x00000000a0f23fe0,0x00000000a3200000)
 Metaspace       used 50083K, capacity 51144K, committed 51368K, reserved 1093632K
  class space    used 6729K, capacity 7011K, committed 7088K, reserved 1048576K
Event: 12.890 GC heap after
Heap after GC invocations=13 (full 2):
 PSYoungGen      total 161280K, used 12283K [0x00000000e0000000, 0x00000000ee400000, 0x0000000100000000)
  eden space 148992K, 0% used [0x00000000e0000000,0x00000000e0000000,0x00000000e9180000)
  from space 12288K, 99% used [0x00000000e9180000,0x00000000e9d7ee10,0x00000000e9d80000)
  to   space 15872K, 0% used [0x00000000ed480000,0x00000000ed480000,0x00000000ee400000)
 ParOldGen       total 51200K, used 21332K [0x00000000a0000000, 0x00000000a3200000, 0x00000000e0000000)
  object space 51200K, 41% used [0x00000000a0000000,0x00000000a14d5100,0x00000000a3200000)
 Metaspace       used 50083K, capacity 51144K, committed 51368K, reserved 1093632K
  class space    used 6729K, capacity 7011K, committed 7088K, reserved 1048576K
}
Event: 16.752 GC heap before
{Heap before GC invocations=14 (full 2):
 PSYoungGen      total 161280K, used 123031K [0x00000000e0000000, 0x00000000ee400000, 0x0000000100000000)
  eden space 148992K, 74% used [0x00000000e0000000,0x00000000e6c26ec0,0x00000000e9180000)
  from space 12288K, 99% used [0x00000000e9180000,0x00000000e9d7ee10,0x00000000e9d80000)
  to   space 15872K, 0% used [0x00000000ed480000,0x00000000ed480000,0x00000000ee400000)
 ParOldGen       total 51200K, used 21332K [0x00000000a0000000, 0x00000000a3200000, 0x00000000e0000000)
  object space 51200K, 41% used [0x00000000a0000000,0x00000000a14d5100,0x00000000a3200000)
 Metaspace       used 57511K, capacity 59014K, committed 59160K, reserved 1099776K
  class space    used 7755K, capacity 8122K, committed 8240K, reserved 1048576K
Event: 16.771 GC heap after
Heap after GC invocations=14 (full 2):
 PSYoungGen      total 208384K, used 11269K [0x00000000e0000000, 0x00000000ee000000, 0x0000000100000000)
  eden space 196608K, 0% used [0x00000000e0000000,0x00000000e0000000,0x00000000ec000000)
  from space 11776K, 95% used [0x00000000ed480000,0x00000000edf81750,0x00000000ee000000)
  to   space 16384K, 0% used [0x00000000ec000000,0x00000000ec000000,0x00000000ed000000)
 ParOldGen       total 51200K, used 29811K [0x00000000a0000000, 0x00000000a3200000, 0x00000000e0000000)
  object space 51200K, 58% used [0x00000000a0000000,0x00000000a1d1ce50,0x00000000a3200000)
 Metaspace       used 57511K, capacity 59014K, committed 59160K, reserved 1099776K
  class space    used 7755K, capacity 8122K, committed 8240K, reserved 1048576K
}
Event: 16.771 GC heap before
{Heap before GC invocations=15 (full 3):
 PSYoungGen      total 208384K, used 11269K [0x00000000e0000000, 0x00000000ee000000, 0x0000000100000000)
  eden space 196608K, 0% used [0x00000000e0000000,0x00000000e0000000,0x00000000ec000000)
  from space 11776K, 95% used [0x00000000ed480000,0x00000000edf81750,0x00000000ee000000)
  to   space 16384K, 0% used [0x00000000ec000000,0x00000000ec000000,0x00000000ed000000)
 ParOldGen       total 51200K, used 29811K [0x00000000a0000000, 0x00000000a3200000, 0x00000000e0000000)
  object space 51200K, 58% used [0x00000000a0000000,0x00000000a1d1ce50,0x00000000a3200000)
 Metaspace       used 57511K, capacity 59014K, committed 59160K, reserved 1099776K
  class space    used 7755K, capacity 8122K, committed 8240K, reserved 1048576K
Event: 17.045 GC heap after
Heap after GC invocations=15 (full 3):
 PSYoungGen      total 208384K, used 0K [0x00000000e0000000, 0x00000000ee000000, 0x0000000100000000)
  eden space 196608K, 0% used [0x00000000e0000000,0x00000000e0000000,0x00000000ec000000)
  from space 11776K, 0% used [0x00000000ed480000,0x00000000ed480000,0x00000000ee000000)
  to   space 16384K, 0% used [0x00000000ec000000,0x00000000ec000000,0x00000000ed000000)
 ParOldGen       total 82944K, used 33571K [0x00000000a0000000, 0x00000000a5100000, 0x00000000e0000000)
  object space 82944K, 40% used [0x00000000a0000000,0x00000000a20c8e18,0x00000000a5100000)
 Metaspace       used 57511K, capacity 59014K, committed 59160K, reserved 1099776K
  class space    used 7755K, capacity 8122K, committed 8240K, reserved 1048576K
}
Event: 22.717 GC heap before
{Heap before GC invocations=16 (full 3):
 PSYoungGen      total 208384K, used 196608K [0x00000000e0000000, 0x00000000ee000000, 0x0000000100000000)
  eden space 196608K, 100% used [0x00000000e0000000,0x00000000ec000000,0x00000000ec000000)
  from space 11776K, 0% used [0x00000000ed480000,0x00000000ed480000,0x00000000ee000000)
  to   space 16384K, 0% used [0x00000000ec000000,0x00000000ec000000,0x00000000ed000000)
 ParOldGen       total 82944K, used 33571K [0x00000000a0000000, 0x00000000a5100000, 0x00000000e0000000)
  object space 82944K, 40% used [0x00000000a0000000,0x00000000a20c8e18,0x00000000a5100000)
 Metaspace       used 64765K, capacity 66726K, committed 66840K, reserved 1107968K
  class space    used 8763K, capacity 9204K, committed 9264K, reserved 1048576K
Event: 22.740 GC heap after
Heap after GC invocations=16 (full 3):
 PSYoungGen      total 212992K, used 16370K [0x00000000e0000000, 0x00000000f1680000, 0x0000000100000000)
  eden space 196608K, 0% used [0x00000000e0000000,0x00000000e0000000,0x00000000ec000000)
  from space 16384K, 99% used [0x00000000ec000000,0x00000000ecffcbb0,0x00000000ed000000)
  to   space 18944K, 0% used [0x00000000f0400000,0x00000000f0400000,0x00000000f1680000)
 ParOldGen       total 82944K, used 33696K [0x00000000a0000000, 0x00000000a5100000, 0x00000000e0000000)
  object space 82944K, 40% used [0x00000000a0000000,0x00000000a20e8230,0x00000000a5100000)
 Metaspace       used 64765K, capacity 66726K, committed 66840K, reserved 1107968K
  class space    used 8763K, capacity 9204K, committed 9264K, reserved 1048576K
}
Event: 33.339 GC heap before
{Heap before GC invocations=17 (full 3):
 PSYoungGen      total 212992K, used 212978K [0x00000000e0000000, 0x00000000f1680000, 0x0000000100000000)
  eden space 196608K, 100% used [0x00000000e0000000,0x00000000ec000000,0x00000000ec000000)
  from space 16384K, 99% used [0x00000000ec000000,0x00000000ecffcbb0,0x00000000ed000000)
  to   space 18944K, 0% used [0x00000000f0400000,0x00000000f0400000,0x00000000f1680000)
 ParOldGen       total 82944K, used 33696K [0x00000000a0000000, 0x00000000a5100000, 0x00000000e0000000)
  object space 82944K, 40% used [0x00000000a0000000,0x00000000a20e8230,0x00000000a5100000)
 Metaspace       used 69361K, capacity 71420K, committed 71576K, reserved 1112064K
  class space    used 9129K, capacity 9583K, committed 9648K, reserved 1048576K
Event: 33.461 GC heap after
Heap after GC invocations=17 (full 3):
 PSYoungGen      total 260096K, used 10068K [0x00000000e0000000, 0x00000000f1300000, 0x0000000100000000)
  eden space 244736K, 0% used [0x00000000e0000000,0x00000000e0000000,0x00000000eef00000)
  from space 15360K, 65% used [0x00000000f0400000,0x00000000f0dd5078,0x00000000f1300000)
  to   space 18432K, 0% used [0x00000000eef00000,0x00000000eef00000,0x00000000f0100000)
 ParOldGen       total 82944K, used 46675K [0x00000000a0000000, 0x00000000a5100000, 0x00000000e0000000)
  object space 82944K, 56% used [0x00000000a0000000,0x00000000a2d94d60,0x00000000a5100000)
 Metaspace       used 69361K, capacity 71420K, committed 71576K, reserved 1112064K
  class space    used 9129K, capacity 9583K, committed 9648K, reserved 1048576K
}

