# JRE version: OpenJDK Runtime Environment (8.0_152-b01) (build 1.8.0_152-release-1343-b01)
# Java VM: OpenJDK 64-Bit Server VM (25.152-b01 mixed mode windows-amd64 compressed oops)
Heap:
 PSYoungGen      total 219136K, used 40956K [0x00000000e0000000, 0x00000000ef580000, 0x0000000100000000)
  eden space 204288K, 12% used [0x00000000e0000000,0x00000000e1983a98,0x00000000ec780000)
  from space 14848K, 99% used [0x00000000ee700000,0x00000000ef57b750,0x00000000ef580000)
  to   space 17920K, 0% used [0x00000000ed280000,0x00000000ed280000,0x00000000ee400000)
 ParOldGen       total 82432K, used 37792K [0x00000000a0000000, 0x00000000a5080000, 0x00000000e0000000)
  object space 82432K, 45% used [0x00000000a0000000,0x00000000a24e83b0,0x00000000a5080000)
 Metaspace       used 72335K, capacity 74472K, committed 74644K, reserved 1114112K
  class space    used 9343K, capacity 9825K, committed 9916K, reserved 1048576K
GC Heap History (10 events):
Event: 9.965 GC heap before
{Heap before GC invocations=15 (full 2):
 PSYoungGen      total 176128K, used 19185K [0x00000000e0000000, 0x00000000ebd80000, 0x0000000100000000)
  eden space 161280K, 3% used [0x00000000e0000000,0x00000000e060a7f0,0x00000000e9d80000)
  from space 14848K, 87% used [0x00000000ead80000,0x00000000eba31c80,0x00000000ebc00000)
  to   space 16384K, 0% used [0x00000000e9d80000,0x00000000e9d80000,0x00000000ead80000)
 ParOldGen       total 56832K, used 28864K [0x00000000a0000000, 0x00000000a3780000, 0x00000000e0000000)
  object space 56832K, 50% used [0x00000000a0000000,0x00000000a1c30140,0x00000000a3780000)
 Metaspace       used 57549K, capacity 58982K, committed 59028K, reserved 1099776K
  class space    used 7767K, capacity 8096K, committed 8124K, reserved 1048576K
Event: 9.975 GC heap after
Heap after GC invocations=15 (full 2):
 PSYoungGen      total 177664K, used 5059K [0x00000000e0000000, 0x00000000ef680000, 0x0000000100000000)
  eden space 161280K, 0% used [0x00000000e0000000,0x00000000e0000000,0x00000000e9d80000)
  from space 16384K, 30% used [0x00000000e9d80000,0x00000000ea270d88,0x00000000ead80000)
  to   space 15872K, 0% used [0x00000000ee700000,0x00000000ee700000,0x00000000ef680000)
 ParOldGen       total 56832K, used 28872K [0x00000000a0000000, 0x00000000a3780000, 0x00000000e0000000)
  object space 56832K, 50% used [0x00000000a0000000,0x00000000a1c32140,0x00000000a3780000)
 Metaspace       used 57549K, capacity 58982K, committed 59028K, reserved 1099776K
  class space    used 7767K, capacity 8096K, committed 8124K, reserved 1048576K
}
Event: 9.975 GC heap before
{Heap before GC invocations=16 (full 3):
 PSYoungGen      total 177664K, used 5059K [0x00000000e0000000, 0x00000000ef680000, 0x0000000100000000)
  eden space 161280K, 0% used [0x00000000e0000000,0x00000000e0000000,0x00000000e9d80000)
  from space 16384K, 30% used [0x00000000e9d80000,0x00000000ea270d88,0x00000000ead80000)
  to   space 15872K, 0% used [0x00000000ee700000,0x00000000ee700000,0x00000000ef680000)
 ParOldGen       total 56832K, used 28872K [0x00000000a0000000, 0x00000000a3780000, 0x00000000e0000000)
  object space 56832K, 50% used [0x00000000a0000000,0x00000000a1c32140,0x00000000a3780000)
 Metaspace       used 57549K, capacity 58982K, committed 59028K, reserved 1099776K
  class space    used 7767K, capacity 8096K, committed 8124K, reserved 1048576K
Event: 10.234 GC heap after
Heap after GC invocations=16 (full 3):
 PSYoungGen      total 177664K, used 0K [0x00000000e0000000, 0x00000000ef680000, 0x0000000100000000)
  eden space 161280K, 0% used [0x00000000e0000000,0x00000000e0000000,0x00000000e9d80000)
  from space 16384K, 0% used [0x00000000e9d80000,0x00000000e9d80000,0x00000000ead80000)
  to   space 15872K, 0% used [0x00000000ee700000,0x00000000ee700000,0x00000000ef680000)
 ParOldGen       total 82432K, used 27219K [0x00000000a0000000, 0x00000000a5080000, 0x00000000e0000000)
  object space 82432K, 33% used [0x00000000a0000000,0x00000000a1a94ee8,0x00000000a5080000)
 Metaspace       used 57549K, capacity 58982K, committed 59028K, reserved 1099776K
  class space    used 7767K, capacity 8096K, committed 8124K, reserved 1048576K
}
Event: 23.530 GC heap before
{Heap before GC invocations=17 (full 3):
 PSYoungGen      total 177664K, used 161280K [0x00000000e0000000, 0x00000000ef680000, 0x0000000100000000)
  eden space 161280K, 100% used [0x00000000e0000000,0x00000000e9d80000,0x00000000e9d80000)
  from space 16384K, 0% used [0x00000000e9d80000,0x00000000e9d80000,0x00000000ead80000)
  to   space 15872K, 0% used [0x00000000ee700000,0x00000000ee700000,0x00000000ef680000)
 ParOldGen       total 82432K, used 27219K [0x00000000a0000000, 0x00000000a5080000, 0x00000000e0000000)
  object space 82432K, 33% used [0x00000000a0000000,0x00000000a1a94ee8,0x00000000a5080000)
 Metaspace       used 61770K, capacity 63578K, committed 63764K, reserved 1103872K
  class space    used 8303K, capacity 8708K, committed 8764K, reserved 1048576K
Event: 23.553 GC heap after
Heap after GC invocations=17 (full 3):
 PSYoungGen      total 219136K, used 14359K [0x00000000e0000000, 0x00000000ef580000, 0x0000000100000000)
  eden space 204288K, 0% used [0x00000000e0000000,0x00000000e0000000,0x00000000ec780000)
  from space 14848K, 96% used [0x00000000ee700000,0x00000000ef505e28,0x00000000ef580000)
  to   space 17920K, 0% used [0x00000000ed280000,0x00000000ed280000,0x00000000ee400000)
 ParOldGen       total 82432K, used 27227K [0x00000000a0000000, 0x00000000a5080000, 0x00000000e0000000)
  object space 82432K, 33% used [0x00000000a0000000,0x00000000a1a96ee8,0x00000000a5080000)
 Metaspace       used 61770K, capacity 63578K, committed 63764K, reserved 1103872K
  class space    used 8303K, capacity 8708K, committed 8764K, reserved 1048576K
}
Event: 37.975 GC heap before
{Heap before GC invocations=18 (full 3):
 PSYoungGen      total 219136K, used 218647K [0x00000000e0000000, 0x00000000ef580000, 0x0000000100000000)
  eden space 204288K, 100% used [0x00000000e0000000,0x00000000ec780000,0x00000000ec780000)
  from space 14848K, 96% used [0x00000000ee700000,0x00000000ef505e28,0x00000000ef580000)
  to   space 17920K, 0% used [0x00000000ed280000,0x00000000ed280000,0x00000000ee400000)
 ParOldGen       total 82432K, used 27227K [0x00000000a0000000, 0x00000000a5080000, 0x00000000e0000000)
  object space 82432K, 33% used [0x00000000a0000000,0x00000000a1a96ee8,0x00000000a5080000)
 Metaspace       used 63212K, capacity 65052K, committed 65428K, reserved 1105920K
  class space    used 8410K, capacity 8813K, committed 8892K, reserved 1048576K
Event: 37.999 GC heap after
Heap after GC invocations=18 (full 3):
 PSYoungGen      total 222208K, used 13854K [0x00000000e0000000, 0x00000000ef580000, 0x0000000100000000)
  eden space 204288K, 0% used [0x00000000e0000000,0x00000000e0000000,0x00000000ec780000)
  from space 17920K, 77% used [0x00000000ed280000,0x00000000ee0078d8,0x00000000ee400000)
  to   space 14848K, 0% used [0x00000000ee700000,0x00000000ee700000,0x00000000ef580000)
 ParOldGen       total 82432K, used 27235K [0x00000000a0000000, 0x00000000a5080000, 0x00000000e0000000)
  object space 82432K, 33% used [0x00000000a0000000,0x00000000a1a98ee8,0x00000000a5080000)
 Metaspace       used 63212K, capacity 65052K, committed 65428K, reserved 1105920K
  class space    used 8410K, capacity 8813K, committed 8892K, reserved 1048576K
}
Event: 110.667 GC heap before
{Heap before GC invocations=19 (full 3):
 PSYoungGen      total 222208K, used 218142K [0x00000000e0000000, 0x00000000ef580000, 0x0000000100000000)
  eden space 204288K, 100% used [0x00000000e0000000,0x00000000ec780000,0x00000000ec780000)
  from space 17920K, 77% used [0x00000000ed280000,0x00000000ee0078d8,0x00000000ee400000)
  to   space 14848K, 0% used [0x00000000ee700000,0x00000000ee700000,0x00000000ef580000)
 ParOldGen       total 82432K, used 27235K [0x00000000a0000000, 0x00000000a5080000, 0x00000000e0000000)
  object space 82432K, 33% used [0x00000000a0000000,0x00000000a1a98ee8,0x00000000a5080000)
 Metaspace       used 72328K, capacity 74472K, committed 74644K, reserved 1114112K
  class space    used 9343K, capacity 9825K, committed 9916K, reserved 1048576K
Event: 110.705 GC heap after
Heap after GC invocations=19 (full 3):
 PSYoungGen      total 219136K, used 14829K [0x00000000e0000000, 0x00000000ef580000, 0x0000000100000000)
  eden space 204288K, 0% used [0x00000000e0000000,0x00000000e0000000,0x00000000ec780000)
  from space 14848K, 99% used [0x00000000ee700000,0x00000000ef57b750,0x00000000ef580000)
  to   space 17920K, 0% used [0x00000000ed280000,0x00000000ed280000,0x00000000ee400000)
 ParOldGen       total 82432K, used 37792K [0x00000000a0000000, 0x00000000a5080000, 0x00000000e0000000)
  object space 82432K, 45% used [0x00000000a0000000,0x00000000a24e83b0,0x00000000a5080000)
 Metaspace       used 72328K, capacity 74472K, committed 74644K, reserved 1114112K
  class space    used 9343K, capacity 9825K, committed 9916K, reserved 1048576K
}

