# JRE version: OpenJDK Runtime Environment (8.0_152-b01) (build 1.8.0_152-release-1343-b01)
# Java VM: OpenJDK 64-Bit Server VM (25.152-b01 mixed mode windows-amd64 compressed oops)
Heap:
 PSYoungGen      total 147968K, used 27289K [0x00000000e0000000, 0x00000000eb480000, 0x0000000100000000)
  eden space 134656K, 11% used [0x00000000e0000000,0x00000000e0e8c0c8,0x00000000e8380000)
  from space 13312K, 93% used [0x00000000e8380000,0x00000000e8f9a5c8,0x00000000e9080000)
  to   space 14848K, 0% used [0x00000000ea600000,0x00000000ea600000,0x00000000eb480000)
 ParOldGen       total 76800K, used 31056K [0x00000000a0000000, 0x00000000a4b00000, 0x00000000e0000000)
  object space 76800K, 40% used [0x00000000a0000000,0x00000000a1e54318,0x00000000a4b00000)
 Metaspace       used 62162K, capacity 63938K, committed 64152K, reserved 1103872K
  class space    used 8353K, capacity 8798K, committed 8864K, reserved 1048576K
GC Heap History (10 events):
Event: 14.819 GC heap before
{Heap before GC invocations=16 (full 2):
 PSYoungGen      total 81920K, used 75776K [0x00000000e0000000, 0x00000000e7800000, 0x0000000100000000)
  eden space 75776K, 100% used [0x00000000e0000000,0x00000000e4a00000,0x00000000e4a00000)
  from space 6144K, 0% used [0x00000000e4a00000,0x00000000e4a00000,0x00000000e5000000)
  to   space 7680K, 0% used [0x00000000e7080000,0x00000000e7080000,0x00000000e7800000)
 ParOldGen       total 50176K, used 18014K [0x00000000a0000000, 0x00000000a3100000, 0x00000000e0000000)
  object space 50176K, 35% used [0x00000000a0000000,0x00000000a1197b30,0x00000000a3100000)
 Metaspace       used 43259K, capacity 44164K, committed 44456K, reserved 1087488K
  class space    used 5812K, capacity 6056K, committed 6064K, reserved 1048576K
Event: 14.839 GC heap after
Heap after GC invocations=16 (full 2):
 PSYoungGen      total 109568K, used 7655K [0x00000000e0000000, 0x00000000e7800000, 0x0000000100000000)
  eden space 101888K, 0% used [0x00000000e0000000,0x00000000e0000000,0x00000000e6380000)
  from space 7680K, 99% used [0x00000000e7080000,0x00000000e77f9e50,0x00000000e7800000)
  to   space 10240K, 0% used [0x00000000e6400000,0x00000000e6400000,0x00000000e6e00000)
 ParOldGen       total 50176K, used 22154K [0x00000000a0000000, 0x00000000a3100000, 0x00000000e0000000)
  object space 50176K, 44% used [0x00000000a0000000,0x00000000a15a28b0,0x00000000a3100000)
 Metaspace       used 43259K, capacity 44164K, committed 44456K, reserved 1087488K
  class space    used 5812K, capacity 6056K, committed 6064K, reserved 1048576K
}
Event: 19.504 GC heap before
{Heap before GC invocations=17 (full 2):
 PSYoungGen      total 109568K, used 109543K [0x00000000e0000000, 0x00000000e7800000, 0x0000000100000000)
  eden space 101888K, 100% used [0x00000000e0000000,0x00000000e6380000,0x00000000e6380000)
  from space 7680K, 99% used [0x00000000e7080000,0x00000000e77f9e50,0x00000000e7800000)
  to   space 10240K, 0% used [0x00000000e6400000,0x00000000e6400000,0x00000000e6e00000)
 ParOldGen       total 50176K, used 22154K [0x00000000a0000000, 0x00000000a3100000, 0x00000000e0000000)
  object space 50176K, 44% used [0x00000000a0000000,0x00000000a15a28b0,0x00000000a3100000)
 Metaspace       used 52832K, capacity 54134K, committed 54312K, reserved 1095680K
  class space    used 7089K, capacity 7428K, committed 7472K, reserved 1048576K
Event: 19.530 GC heap after
Heap after GC invocations=17 (full 2):
 PSYoungGen      total 112640K, used 10230K [0x00000000e0000000, 0x00000000e9d80000, 0x0000000100000000)
  eden space 102400K, 0% used [0x00000000e0000000,0x00000000e0000000,0x00000000e6400000)
  from space 10240K, 99% used [0x00000000e6400000,0x00000000e6dfdae8,0x00000000e6e00000)
  to   space 13312K, 0% used [0x00000000e9080000,0x00000000e9080000,0x00000000e9d80000)
 ParOldGen       total 50176K, used 27507K [0x00000000a0000000, 0x00000000a3100000, 0x00000000e0000000)
  object space 50176K, 54% used [0x00000000a0000000,0x00000000a1adcfe0,0x00000000a3100000)
 Metaspace       used 52832K, capacity 54134K, committed 54312K, reserved 1095680K
  class space    used 7089K, capacity 7428K, committed 7472K, reserved 1048576K
}
Event: 21.312 GC heap before
{Heap before GC invocations=18 (full 2):
 PSYoungGen      total 112640K, used 78548K [0x00000000e0000000, 0x00000000e9d80000, 0x0000000100000000)
  eden space 102400K, 66% used [0x00000000e0000000,0x00000000e42b7668,0x00000000e6400000)
  from space 10240K, 99% used [0x00000000e6400000,0x00000000e6dfdae8,0x00000000e6e00000)
  to   space 13312K, 0% used [0x00000000e9080000,0x00000000e9080000,0x00000000e9d80000)
 ParOldGen       total 50176K, used 27507K [0x00000000a0000000, 0x00000000a3100000, 0x00000000e0000000)
  object space 50176K, 54% used [0x00000000a0000000,0x00000000a1adcfe0,0x00000000a3100000)
 Metaspace       used 57562K, capacity 59072K, committed 59160K, reserved 1099776K
  class space    used 7781K, capacity 8173K, committed 8224K, reserved 1048576K
Event: 21.335 GC heap after
Heap after GC invocations=18 (full 2):
 PSYoungGen      total 147968K, used 7523K [0x00000000e0000000, 0x00000000e9e00000, 0x0000000100000000)
  eden space 134656K, 0% used [0x00000000e0000000,0x00000000e0000000,0x00000000e8380000)
  from space 13312K, 56% used [0x00000000e9080000,0x00000000e97d8cb0,0x00000000e9d80000)
  to   space 13312K, 0% used [0x00000000e8380000,0x00000000e8380000,0x00000000e9080000)
 ParOldGen       total 50176K, used 32467K [0x00000000a0000000, 0x00000000a3100000, 0x00000000e0000000)
  object space 50176K, 64% used [0x00000000a0000000,0x00000000a1fb4d10,0x00000000a3100000)
 Metaspace       used 57562K, capacity 59072K, committed 59160K, reserved 1099776K
  class space    used 7781K, capacity 8173K, committed 8224K, reserved 1048576K
}
Event: 21.335 GC heap before
{Heap before GC invocations=19 (full 3):
 PSYoungGen      total 147968K, used 7523K [0x00000000e0000000, 0x00000000e9e00000, 0x0000000100000000)
  eden space 134656K, 0% used [0x00000000e0000000,0x00000000e0000000,0x00000000e8380000)
  from space 13312K, 56% used [0x00000000e9080000,0x00000000e97d8cb0,0x00000000e9d80000)
  to   space 13312K, 0% used [0x00000000e8380000,0x00000000e8380000,0x00000000e9080000)
 ParOldGen       total 50176K, used 32467K [0x00000000a0000000, 0x00000000a3100000, 0x00000000e0000000)
  object space 50176K, 64% used [0x00000000a0000000,0x00000000a1fb4d10,0x00000000a3100000)
 Metaspace       used 57562K, capacity 59072K, committed 59160K, reserved 1099776K
  class space    used 7781K, capacity 8173K, committed 8224K, reserved 1048576K
Event: 21.547 GC heap after
Heap after GC invocations=19 (full 3):
 PSYoungGen      total 147968K, used 0K [0x00000000e0000000, 0x00000000e9e00000, 0x0000000100000000)
  eden space 134656K, 0% used [0x00000000e0000000,0x00000000e0000000,0x00000000e8380000)
  from space 13312K, 0% used [0x00000000e9080000,0x00000000e9080000,0x00000000e9d80000)
  to   space 13312K, 0% used [0x00000000e8380000,0x00000000e8380000,0x00000000e9080000)
 ParOldGen       total 76800K, used 31048K [0x00000000a0000000, 0x00000000a4b00000, 0x00000000e0000000)
  object space 76800K, 40% used [0x00000000a0000000,0x00000000a1e52318,0x00000000a4b00000)
 Metaspace       used 57562K, capacity 59072K, committed 59160K, reserved 1099776K
  class space    used 7781K, capacity 8173K, committed 8224K, reserved 1048576K
}
Event: 49.927 GC heap before
{Heap before GC invocations=20 (full 3):
 PSYoungGen      total 147968K, used 134656K [0x00000000e0000000, 0x00000000e9e00000, 0x0000000100000000)
  eden space 134656K, 100% used [0x00000000e0000000,0x00000000e8380000,0x00000000e8380000)
  from space 13312K, 0% used [0x00000000e9080000,0x00000000e9080000,0x00000000e9d80000)
  to   space 13312K, 0% used [0x00000000e8380000,0x00000000e8380000,0x00000000e9080000)
 ParOldGen       total 76800K, used 31048K [0x00000000a0000000, 0x00000000a4b00000, 0x00000000e0000000)
  object space 76800K, 40% used [0x00000000a0000000,0x00000000a1e52318,0x00000000a4b00000)
 Metaspace       used 62038K, capacity 63834K, committed 64152K, reserved 1103872K
  class space    used 8343K, capacity 8764K, committed 8864K, reserved 1048576K
Event: 49.951 GC heap after
Heap after GC invocations=20 (full 3):
 PSYoungGen      total 147968K, used 12393K [0x00000000e0000000, 0x00000000eb480000, 0x0000000100000000)
  eden space 134656K, 0% used [0x00000000e0000000,0x00000000e0000000,0x00000000e8380000)
  from space 13312K, 93% used [0x00000000e8380000,0x00000000e8f9a5c8,0x00000000e9080000)
  to   space 14848K, 0% used [0x00000000ea600000,0x00000000ea600000,0x00000000eb480000)
 ParOldGen       total 76800K, used 31056K [0x00000000a0000000, 0x00000000a4b00000, 0x00000000e0000000)
  object space 76800K, 40% used [0x00000000a0000000,0x00000000a1e54318,0x00000000a4b00000)
 Metaspace       used 62038K, capacity 63834K, committed 64152K, reserved 1103872K
  class space    used 8343K, capacity 8764K, committed 8864K, reserved 1048576K
}

