# JRE version: OpenJDK Runtime Environment (8.0_152-b01) (build 1.8.0_152-release-1343-b01)
# Java VM: OpenJDK 64-Bit Server VM (25.152-b01 mixed mode windows-amd64 compressed oops)
Heap:
 PSYoungGen      total 154112K, used 70967K [0x00000000e0000000, 0x00000000eb500000, 0x0000000100000000)
  eden space 133120K, 37% used [0x00000000e0000000,0x00000000e311fed0,0x00000000e8200000)
  from space 20992K, 98% used [0x00000000e9580000,0x00000000ea9adf50,0x00000000eaa00000)
  to   space 11264K, 0% used [0x00000000eaa00000,0x00000000eaa00000,0x00000000eb500000)
 ParOldGen       total 107520K, used 41709K [0x00000000a0000000, 0x00000000a6900000, 0x00000000e0000000)
  object space 107520K, 38% used [0x00000000a0000000,0x00000000a28bb6e8,0x00000000a6900000)
 Metaspace       used 77547K, capacity 80598K, committed 80792K, reserved 1120256K
  class space    used 9992K, capacity 10574K, committed 10648K, reserved 1048576K
GC Heap History (10 events):
Event: 25.117 GC heap before
{Heap before GC invocations=16 (full 3):
 PSYoungGen      total 139776K, used 5401K [0x00000000e0000000, 0x00000000eb180000, 0x0000000100000000)
  eden space 121856K, 0% used [0x00000000e0000000,0x00000000e0000000,0x00000000e7700000)
  from space 17920K, 30% used [0x00000000e7700000,0x00000000e7c46710,0x00000000e8880000)
  to   space 17408K, 0% used [0x00000000ea080000,0x00000000ea080000,0x00000000eb180000)
 ParOldGen       total 71168K, used 30785K [0x00000000a0000000, 0x00000000a4580000, 0x00000000e0000000)
  object space 71168K, 43% used [0x00000000a0000000,0x00000000a1e10420,0x00000000a4580000)
 Metaspace       used 57398K, capacity 59048K, committed 59160K, reserved 1099776K
  class space    used 7727K, capacity 8136K, committed 8216K, reserved 1048576K
Event: 25.350 GC heap after
Heap after GC invocations=16 (full 3):
 PSYoungGen      total 139776K, used 0K [0x00000000e0000000, 0x00000000eb180000, 0x0000000100000000)
  eden space 121856K, 0% used [0x00000000e0000000,0x00000000e0000000,0x00000000e7700000)
  from space 17920K, 0% used [0x00000000e7700000,0x00000000e7700000,0x00000000e8880000)
  to   space 17408K, 0% used [0x00000000ea080000,0x00000000ea080000,0x00000000eb180000)
 ParOldGen       total 107520K, used 30694K [0x00000000a0000000, 0x00000000a6900000, 0x00000000e0000000)
  object space 107520K, 28% used [0x00000000a0000000,0x00000000a1df99f0,0x00000000a6900000)
 Metaspace       used 57398K, capacity 59048K, committed 59160K, reserved 1099776K
  class space    used 7727K, capacity 8136K, committed 8216K, reserved 1048576K
}
Event: 30.219 GC heap before
{Heap before GC invocations=17 (full 3):
 PSYoungGen      total 139776K, used 121856K [0x00000000e0000000, 0x00000000eb180000, 0x0000000100000000)
  eden space 121856K, 100% used [0x00000000e0000000,0x00000000e7700000,0x00000000e7700000)
  from space 17920K, 0% used [0x00000000e7700000,0x00000000e7700000,0x00000000e8880000)
  to   space 17408K, 0% used [0x00000000ea080000,0x00000000ea080000,0x00000000eb180000)
 ParOldGen       total 107520K, used 30694K [0x00000000a0000000, 0x00000000a6900000, 0x00000000e0000000)
  object space 107520K, 28% used [0x00000000a0000000,0x00000000a1df99f0,0x00000000a6900000)
 Metaspace       used 62156K, capacity 64274K, committed 64536K, reserved 1105920K
  class space    used 8467K, capacity 8943K, committed 8984K, reserved 1048576K
Event: 30.242 GC heap after
Heap after GC invocations=17 (full 3):
 PSYoungGen      total 154112K, used 9152K [0x00000000e0000000, 0x00000000eac80000, 0x0000000100000000)
  eden space 141824K, 0% used [0x00000000e0000000,0x00000000e0000000,0x00000000e8a80000)
  from space 12288K, 74% used [0x00000000ea080000,0x00000000ea9703a8,0x00000000eac80000)
  to   space 17408K, 0% used [0x00000000e8a80000,0x00000000e8a80000,0x00000000e9b80000)
 ParOldGen       total 107520K, used 30702K [0x00000000a0000000, 0x00000000a6900000, 0x00000000e0000000)
  object space 107520K, 28% used [0x00000000a0000000,0x00000000a1dfb9f0,0x00000000a6900000)
 Metaspace       used 62156K, capacity 64274K, committed 64536K, reserved 1105920K
  class space    used 8467K, capacity 8943K, committed 8984K, reserved 1048576K
}
Event: 38.386 GC heap before
{Heap before GC invocations=18 (full 3):
 PSYoungGen      total 154112K, used 150976K [0x00000000e0000000, 0x00000000eac80000, 0x0000000100000000)
  eden space 141824K, 100% used [0x00000000e0000000,0x00000000e8a80000,0x00000000e8a80000)
  from space 12288K, 74% used [0x00000000ea080000,0x00000000ea9703a8,0x00000000eac80000)
  to   space 17408K, 0% used [0x00000000e8a80000,0x00000000e8a80000,0x00000000e9b80000)
 ParOldGen       total 107520K, used 30702K [0x00000000a0000000, 0x00000000a6900000, 0x00000000e0000000)
  object space 107520K, 28% used [0x00000000a0000000,0x00000000a1dfb9f0,0x00000000a6900000)
 Metaspace       used 66235K, capacity 68700K, committed 68888K, reserved 1107968K
  class space    used 8911K, capacity 9468K, committed 9496K, reserved 1048576K
Event: 38.409 GC heap after
Heap after GC invocations=18 (full 3):
 PSYoungGen      total 159232K, used 14802K [0x00000000e0000000, 0x00000000ec380000, 0x0000000100000000)
  eden space 141824K, 0% used [0x00000000e0000000,0x00000000e0000000,0x00000000e8a80000)
  from space 17408K, 85% used [0x00000000e8a80000,0x00000000e98f4958,0x00000000e9b80000)
  to   space 18944K, 0% used [0x00000000eb100000,0x00000000eb100000,0x00000000ec380000)
 ParOldGen       total 107520K, used 30710K [0x00000000a0000000, 0x00000000a6900000, 0x00000000e0000000)
  object space 107520K, 28% used [0x00000000a0000000,0x00000000a1dfd9f0,0x00000000a6900000)
 Metaspace       used 66235K, capacity 68700K, committed 68888K, reserved 1107968K
  class space    used 8911K, capacity 9468K, committed 9496K, reserved 1048576K
}
Event: 1904.752 GC heap before
{Heap before GC invocations=19 (full 3):
 PSYoungGen      total 159232K, used 156626K [0x00000000e0000000, 0x00000000ec380000, 0x0000000100000000)
  eden space 141824K, 100% used [0x00000000e0000000,0x00000000e8a80000,0x00000000e8a80000)
  from space 17408K, 85% used [0x00000000e8a80000,0x00000000e98f4958,0x00000000e9b80000)
  to   space 18944K, 0% used [0x00000000eb100000,0x00000000eb100000,0x00000000ec380000)
 ParOldGen       total 107520K, used 30710K [0x00000000a0000000, 0x00000000a6900000, 0x00000000e0000000)
  object space 107520K, 28% used [0x00000000a0000000,0x00000000a1dfd9f0,0x00000000a6900000)
 Metaspace       used 72659K, capacity 75490K, committed 75544K, reserved 1114112K
  class space    used 9417K, capacity 10008K, committed 10008K, reserved 1048576K
Event: 1904.794 GC heap after
Heap after GC invocations=19 (full 3):
 PSYoungGen      total 156160K, used 18916K [0x00000000e0000000, 0x00000000ec380000, 0x0000000100000000)
  eden space 137216K, 0% used [0x00000000e0000000,0x00000000e0000000,0x00000000e8600000)
  from space 18944K, 99% used [0x00000000eb100000,0x00000000ec379130,0x00000000ec380000)
  to   space 23552K, 0% used [0x00000000e9580000,0x00000000e9580000,0x00000000eac80000)
 ParOldGen       total 107520K, used 35689K [0x00000000a0000000, 0x00000000a6900000, 0x00000000e0000000)
  object space 107520K, 33% used [0x00000000a0000000,0x00000000a22da628,0x00000000a6900000)
 Metaspace       used 72659K, capacity 75490K, committed 75544K, reserved 1114112K
  class space    used 9417K, capacity 10008K, committed 10008K, reserved 1048576K
}
Event: 1914.913 GC heap before
{Heap before GC invocations=20 (full 3):
 PSYoungGen      total 156160K, used 156132K [0x00000000e0000000, 0x00000000ec380000, 0x0000000100000000)
  eden space 137216K, 100% used [0x00000000e0000000,0x00000000e8600000,0x00000000e8600000)
  from space 18944K, 99% used [0x00000000eb100000,0x00000000ec379130,0x00000000ec380000)
  to   space 23552K, 0% used [0x00000000e9580000,0x00000000e9580000,0x00000000eac80000)
 ParOldGen       total 107520K, used 35689K [0x00000000a0000000, 0x00000000a6900000, 0x00000000e0000000)
  object space 107520K, 33% used [0x00000000a0000000,0x00000000a22da628,0x00000000a6900000)
 Metaspace       used 76737K, capacity 79642K, committed 79896K, reserved 1118208K
  class space    used 9891K, capacity 10452K, committed 10520K, reserved 1048576K
Event: 1915.044 GC heap after
Heap after GC invocations=20 (full 3):
 PSYoungGen      total 154112K, used 20663K [0x00000000e0000000, 0x00000000eb500000, 0x0000000100000000)
  eden space 133120K, 0% used [0x00000000e0000000,0x00000000e0000000,0x00000000e8200000)
  from space 20992K, 98% used [0x00000000e9580000,0x00000000ea9adf50,0x00000000eaa00000)
  to   space 11264K, 0% used [0x00000000eaa00000,0x00000000eaa00000,0x00000000eb500000)
 ParOldGen       total 107520K, used 41709K [0x00000000a0000000, 0x00000000a6900000, 0x00000000e0000000)
  object space 107520K, 38% used [0x00000000a0000000,0x00000000a28bb6e8,0x00000000a6900000)
 Metaspace       used 76737K, capacity 79642K, committed 79896K, reserved 1118208K
  class space    used 9891K, capacity 10452K, committed 10520K, reserved 1048576K
}

