# JRE version: OpenJDK Runtime Environment (8.0_152-b01) (build 1.8.0_152-release-1343-b01)
# Java VM: OpenJDK 64-Bit Server VM (25.152-b01 mixed mode windows-amd64 compressed oops)
Heap:
 PSYoungGen      total 391680K, used 252088K [0x00000000e0000000, 0x00000000f9180000, 0x0000000100000000)
  eden space 372224K, 66% used [0x00000000e0000000,0x00000000ef0208e0,0x00000000f6b80000)
  from space 19456K, 31% used [0x00000000f6b80000,0x00000000f718da28,0x00000000f7e80000)
  to   space 18944K, 0% used [0x00000000f7f00000,0x00000000f7f00000,0x00000000f9180000)
 ParOldGen       total 122368K, used 91551K [0x00000000a0000000, 0x00000000a7780000, 0x00000000e0000000)
  object space 122368K, 74% used [0x00000000a0000000,0x00000000a5967d70,0x00000000a7780000)
 Metaspace       used 72359K, capacity 74821K, committed 75688K, reserved 1114112K
  class space    used 9418K, capacity 9908K, committed 10160K, reserved 1048576K
GC Heap History (10 events):
Event: 46.758 GC heap before
{Heap before GC invocations=33 (full 4):
 PSYoungGen      total 336384K, used 325357K [0x00000000e0000000, 0x00000000f5c00000, 0x0000000100000000)
  eden space 316416K, 100% used [0x00000000e0000000,0x00000000f3500000,0x00000000f3500000)
  from space 19968K, 44% used [0x00000000f4880000,0x00000000f513b4f0,0x00000000f5c00000)
  to   space 19968K, 0% used [0x00000000f3500000,0x00000000f3500000,0x00000000f4880000)
 ParOldGen       total 122368K, used 64705K [0x00000000a0000000, 0x00000000a7780000, 0x00000000e0000000)
  object space 122368K, 52% used [0x00000000a0000000,0x00000000a3f30688,0x00000000a7780000)
 Metaspace       used 72194K, capacity 74659K, committed 75688K, reserved 1114112K
  class space    used 9415K, capacity 9905K, committed 10160K, reserved 1048576K
Event: 46.775 GC heap after
Heap after GC invocations=33 (full 4):
 PSYoungGen      total 336384K, used 3488K [0x00000000e0000000, 0x00000000f9280000, 0x0000000100000000)
  eden space 316416K, 0% used [0x00000000e0000000,0x00000000e0000000,0x00000000f3500000)
  from space 19968K, 17% used [0x00000000f3500000,0x00000000f3868000,0x00000000f4880000)
  to   space 19968K, 0% used [0x00000000f7f00000,0x00000000f7f00000,0x00000000f9280000)
 ParOldGen       total 122368K, used 70592K [0x00000000a0000000, 0x00000000a7780000, 0x00000000e0000000)
  object space 122368K, 57% used [0x00000000a0000000,0x00000000a44f01b0,0x00000000a7780000)
 Metaspace       used 72194K, capacity 74659K, committed 75688K, reserved 1114112K
  class space    used 9415K, capacity 9905K, committed 10160K, reserved 1048576K
}
Event: 47.753 GC heap before
{Heap before GC invocations=34 (full 4):
 PSYoungGen      total 336384K, used 319904K [0x00000000e0000000, 0x00000000f9280000, 0x0000000100000000)
  eden space 316416K, 100% used [0x00000000e0000000,0x00000000f3500000,0x00000000f3500000)
  from space 19968K, 17% used [0x00000000f3500000,0x00000000f3868000,0x00000000f4880000)
  to   space 19968K, 0% used [0x00000000f7f00000,0x00000000f7f00000,0x00000000f9280000)
 ParOldGen       total 122368K, used 70592K [0x00000000a0000000, 0x00000000a7780000, 0x00000000e0000000)
  object space 122368K, 57% used [0x00000000a0000000,0x00000000a44f01b0,0x00000000a7780000)
 Metaspace       used 72250K, capacity 74739K, committed 75688K, reserved 1114112K
  class space    used 9416K, capacity 9907K, committed 10160K, reserved 1048576K
Event: 47.775 GC heap after
Heap after GC invocations=34 (full 4):
 PSYoungGen      total 391168K, used 10906K [0x00000000e0000000, 0x00000000f9180000, 0x0000000100000000)
  eden space 372224K, 0% used [0x00000000e0000000,0x00000000e0000000,0x00000000f6b80000)
  from space 18944K, 57% used [0x00000000f7f00000,0x00000000f89a6bb0,0x00000000f9180000)
  to   space 19456K, 0% used [0x00000000f6b80000,0x00000000f6b80000,0x00000000f7e80000)
 ParOldGen       total 122368K, used 72940K [0x00000000a0000000, 0x00000000a7780000, 0x00000000e0000000)
  object space 122368K, 59% used [0x00000000a0000000,0x00000000a473b1d0,0x00000000a7780000)
 Metaspace       used 72250K, capacity 74739K, committed 75688K, reserved 1114112K
  class space    used 9416K, capacity 9907K, committed 10160K, reserved 1048576K
}
Event: 49.004 GC heap before
{Heap before GC invocations=35 (full 4):
 PSYoungGen      total 391168K, used 383130K [0x00000000e0000000, 0x00000000f9180000, 0x0000000100000000)
  eden space 372224K, 100% used [0x00000000e0000000,0x00000000f6b80000,0x00000000f6b80000)
  from space 18944K, 57% used [0x00000000f7f00000,0x00000000f89a6bb0,0x00000000f9180000)
  to   space 19456K, 0% used [0x00000000f6b80000,0x00000000f6b80000,0x00000000f7e80000)
 ParOldGen       total 122368K, used 72940K [0x00000000a0000000, 0x00000000a7780000, 0x00000000e0000000)
  object space 122368K, 59% used [0x00000000a0000000,0x00000000a473b1d0,0x00000000a7780000)
 Metaspace       used 72278K, capacity 74745K, committed 75688K, reserved 1114112K
  class space    used 9418K, capacity 9908K, committed 10160K, reserved 1048576K
Event: 49.045 GC heap after
Heap after GC invocations=35 (full 4):
 PSYoungGen      total 391680K, used 6104K [0x00000000e0000000, 0x00000000f9180000, 0x0000000100000000)
  eden space 372224K, 0% used [0x00000000e0000000,0x00000000e0000000,0x00000000f6b80000)
  from space 19456K, 31% used [0x00000000f6b80000,0x00000000f71761f8,0x00000000f7e80000)
  to   space 18944K, 0% used [0x00000000f7f00000,0x00000000f7f00000,0x00000000f9180000)
 ParOldGen       total 122368K, used 81108K [0x00000000a0000000, 0x00000000a7780000, 0x00000000e0000000)
  object space 122368K, 66% used [0x00000000a0000000,0x00000000a4f35188,0x00000000a7780000)
 Metaspace       used 72278K, capacity 74745K, committed 75688K, reserved 1114112K
  class space    used 9418K, capacity 9908K, committed 10160K, reserved 1048576K
}
Event: 50.269 GC heap before
{Heap before GC invocations=36 (full 4):
 PSYoungGen      total 391680K, used 378328K [0x00000000e0000000, 0x00000000f9180000, 0x0000000100000000)
  eden space 372224K, 100% used [0x00000000e0000000,0x00000000f6b80000,0x00000000f6b80000)
  from space 19456K, 31% used [0x00000000f6b80000,0x00000000f71761f8,0x00000000f7e80000)
  to   space 18944K, 0% used [0x00000000f7f00000,0x00000000f7f00000,0x00000000f9180000)
 ParOldGen       total 122368K, used 81108K [0x00000000a0000000, 0x00000000a7780000, 0x00000000e0000000)
  object space 122368K, 66% used [0x00000000a0000000,0x00000000a4f35188,0x00000000a7780000)
 Metaspace       used 72309K, capacity 74745K, committed 75688K, reserved 1114112K
  class space    used 9418K, capacity 9908K, committed 10160K, reserved 1048576K
Event: 50.306 GC heap after
Heap after GC invocations=36 (full 4):
 PSYoungGen      total 391168K, used 9526K [0x00000000e0000000, 0x00000000f9180000, 0x0000000100000000)
  eden space 372224K, 0% used [0x00000000e0000000,0x00000000e0000000,0x00000000f6b80000)
  from space 18944K, 50% used [0x00000000f7f00000,0x00000000f884d9b8,0x00000000f9180000)
  to   space 19456K, 0% used [0x00000000f6b80000,0x00000000f6b80000,0x00000000f7e80000)
 ParOldGen       total 122368K, used 85292K [0x00000000a0000000, 0x00000000a7780000, 0x00000000e0000000)
  object space 122368K, 69% used [0x00000000a0000000,0x00000000a534b0a8,0x00000000a7780000)
 Metaspace       used 72309K, capacity 74745K, committed 75688K, reserved 1114112K
  class space    used 9418K, capacity 9908K, committed 10160K, reserved 1048576K
}
Event: 51.296 GC heap before
{Heap before GC invocations=37 (full 4):
 PSYoungGen      total 391168K, used 381750K [0x00000000e0000000, 0x00000000f9180000, 0x0000000100000000)
  eden space 372224K, 100% used [0x00000000e0000000,0x00000000f6b80000,0x00000000f6b80000)
  from space 18944K, 50% used [0x00000000f7f00000,0x00000000f884d9b8,0x00000000f9180000)
  to   space 19456K, 0% used [0x00000000f6b80000,0x00000000f6b80000,0x00000000f7e80000)
 ParOldGen       total 122368K, used 85292K [0x00000000a0000000, 0x00000000a7780000, 0x00000000e0000000)
  object space 122368K, 69% used [0x00000000a0000000,0x00000000a534b0a8,0x00000000a7780000)
 Metaspace       used 72337K, capacity 74821K, committed 75688K, reserved 1114112K
  class space    used 9418K, capacity 9908K, committed 10160K, reserved 1048576K
Event: 51.329 GC heap after
Heap after GC invocations=37 (full 4):
 PSYoungGen      total 391680K, used 6198K [0x00000000e0000000, 0x00000000f9180000, 0x0000000100000000)
  eden space 372224K, 0% used [0x00000000e0000000,0x00000000e0000000,0x00000000f6b80000)
  from space 19456K, 31% used [0x00000000f6b80000,0x00000000f718da28,0x00000000f7e80000)
  to   space 18944K, 0% used [0x00000000f7f00000,0x00000000f7f00000,0x00000000f9180000)
 ParOldGen       total 122368K, used 91551K [0x00000000a0000000, 0x00000000a7780000, 0x00000000e0000000)
  object space 122368K, 74% used [0x00000000a0000000,0x00000000a5967d70,0x00000000a7780000)
 Metaspace       used 72337K, capacity 74821K, committed 75688K, reserved 1114112K
  class space    used 9418K, capacity 9908K, committed 10160K, reserved 1048576K
}

