# JRE version: OpenJDK Runtime Environment (8.0_152-b01) (build 1.8.0_152-release-1343-b01)
# Java VM: OpenJDK 64-Bit Server VM (25.152-b01 mixed mode windows-amd64 compressed oops)
Heap:
 PSYoungGen      total 366080K, used 75684K [0x00000000e0000000, 0x00000000fb380000, 0x0000000100000000)
  eden space 310784K, 20% used [0x00000000e0000000,0x00000000e3e9c3f8,0x00000000f2f80000)
  from space 55296K, 20% used [0x00000000f2f80000,0x00000000f3accf10,0x00000000f6580000)
  to   space 52736K, 0% used [0x00000000f8000000,0x00000000f8000000,0x00000000fb380000)
 ParOldGen       total 162816K, used 82825K [0x00000000a0000000, 0x00000000a9f00000, 0x00000000e0000000)
  object space 162816K, 50% used [0x00000000a0000000,0x00000000a50e2680,0x00000000a9f00000)
 Metaspace       used 99375K, capacity 105896K, committed 106136K, reserved 1142784K
  class space    used 12506K, capacity 13600K, committed 13720K, reserved 1048576K
GC Heap History (10 events):
Event: 2491.041 GC heap before
{Heap before GC invocations=70 (full 5):
 PSYoungGen      total 329728K, used 329723K [0x00000000e0000000, 0x00000000f9900000, 0x0000000100000000)
  eden space 277504K, 100% used [0x00000000e0000000,0x00000000f0f00000,0x00000000f0f00000)
  from space 52224K, 99% used [0x00000000f4d00000,0x00000000f7ffee18,0x00000000f8000000)
  to   space 63488K, 0% used [0x00000000f0f00000,0x00000000f0f00000,0x00000000f4d00000)
 ParOldGen       total 162816K, used 73917K [0x00000000a0000000, 0x00000000a9f00000, 0x00000000e0000000)
  object space 162816K, 45% used [0x00000000a0000000,0x00000000a482f498,0x00000000a9f00000)
 Metaspace       used 94718K, capacity 99084K, committed 100376K, reserved 1136640K
  class space    used 11797K, capacity 12573K, committed 12824K, reserved 1048576K
Event: 2491.048 GC heap after
Heap after GC invocations=70 (full 5):
 PSYoungGen      total 340992K, used 1440K [0x00000000e0000000, 0x00000000f9900000, 0x0000000100000000)
  eden space 277504K, 0% used [0x00000000e0000000,0x00000000e0000000,0x00000000f0f00000)
  from space 63488K, 2% used [0x00000000f0f00000,0x00000000f1068150,0x00000000f4d00000)
  to   space 52224K, 0% used [0x00000000f4d00000,0x00000000f4d00000,0x00000000f8000000)
 ParOldGen       total 162816K, used 74386K [0x00000000a0000000, 0x00000000a9f00000, 0x00000000e0000000)
  object space 162816K, 45% used [0x00000000a0000000,0x00000000a48a4818,0x00000000a9f00000)
 Metaspace       used 94718K, capacity 99084K, committed 100376K, reserved 1136640K
  class space    used 11797K, capacity 12573K, committed 12824K, reserved 1048576K
}
Event: 3241.206 GC heap before
{Heap before GC invocations=71 (full 5):
 PSYoungGen      total 340992K, used 278944K [0x00000000e0000000, 0x00000000f9900000, 0x0000000100000000)
  eden space 277504K, 100% used [0x00000000e0000000,0x00000000f0f00000,0x00000000f0f00000)
  from space 63488K, 2% used [0x00000000f0f00000,0x00000000f1068150,0x00000000f4d00000)
  to   space 52224K, 0% used [0x00000000f4d00000,0x00000000f4d00000,0x00000000f8000000)
 ParOldGen       total 162816K, used 74386K [0x00000000a0000000, 0x00000000a9f00000, 0x00000000e0000000)
  object space 162816K, 45% used [0x00000000a0000000,0x00000000a48a4818,0x00000000a9f00000)
 Metaspace       used 97125K, capacity 102114K, committed 102168K, reserved 1138688K
  class space    used 12162K, capacity 13066K, committed 13080K, reserved 1048576K
Event: 3241.229 GC heap after
Heap after GC invocations=71 (full 5):
 PSYoungGen      total 332288K, used 9748K [0x00000000e0000000, 0x00000000fab00000, 0x0000000100000000)
  eden space 280064K, 0% used [0x00000000e0000000,0x00000000e0000000,0x00000000f1180000)
  from space 52224K, 18% used [0x00000000f4d00000,0x00000000f56853a8,0x00000000f8000000)
  to   space 60928K, 0% used [0x00000000f1180000,0x00000000f1180000,0x00000000f4d00000)
 ParOldGen       total 162816K, used 75420K [0x00000000a0000000, 0x00000000a9f00000, 0x00000000e0000000)
  object space 162816K, 46% used [0x00000000a0000000,0x00000000a49a7100,0x00000000a9f00000)
 Metaspace       used 97125K, capacity 102114K, committed 102168K, reserved 1138688K
  class space    used 12162K, capacity 13066K, committed 13080K, reserved 1048576K
}
Event: 3515.480 GC heap before
{Heap before GC invocations=72 (full 5):
 PSYoungGen      total 332288K, used 289812K [0x00000000e0000000, 0x00000000fab00000, 0x0000000100000000)
  eden space 280064K, 100% used [0x00000000e0000000,0x00000000f1180000,0x00000000f1180000)
  from space 52224K, 18% used [0x00000000f4d00000,0x00000000f56853a8,0x00000000f8000000)
  to   space 60928K, 0% used [0x00000000f1180000,0x00000000f1180000,0x00000000f4d00000)
 ParOldGen       total 162816K, used 75420K [0x00000000a0000000, 0x00000000a9f00000, 0x00000000e0000000)
  object space 162816K, 46% used [0x00000000a0000000,0x00000000a49a7100,0x00000000a9f00000)
 Metaspace       used 98256K, capacity 103542K, committed 103704K, reserved 1140736K
  class space    used 12329K, capacity 13276K, committed 13336K, reserved 1048576K
Event: 3515.492 GC heap after
Heap after GC invocations=72 (full 5):
 PSYoungGen      total 340992K, used 6118K [0x00000000e0000000, 0x00000000fa680000, 0x0000000100000000)
  eden space 280064K, 0% used [0x00000000e0000000,0x00000000e0000000,0x00000000f1180000)
  from space 60928K, 10% used [0x00000000f1180000,0x00000000f17799f0,0x00000000f4d00000)
  to   space 58880K, 0% used [0x00000000f6d00000,0x00000000f6d00000,0x00000000fa680000)
 ParOldGen       total 162816K, used 78340K [0x00000000a0000000, 0x00000000a9f00000, 0x00000000e0000000)
  object space 162816K, 48% used [0x00000000a0000000,0x00000000a4c81180,0x00000000a9f00000)
 Metaspace       used 98256K, capacity 103542K, committed 103704K, reserved 1140736K
  class space    used 12329K, capacity 13276K, committed 13336K, reserved 1048576K
}
Event: 3683.703 GC heap before
{Heap before GC invocations=73 (full 5):
 PSYoungGen      total 340992K, used 286182K [0x00000000e0000000, 0x00000000fa680000, 0x0000000100000000)
  eden space 280064K, 100% used [0x00000000e0000000,0x00000000f1180000,0x00000000f1180000)
  from space 60928K, 10% used [0x00000000f1180000,0x00000000f17799f0,0x00000000f4d00000)
  to   space 58880K, 0% used [0x00000000f6d00000,0x00000000f6d00000,0x00000000fa680000)
 ParOldGen       total 162816K, used 78340K [0x00000000a0000000, 0x00000000a9f00000, 0x00000000e0000000)
  object space 162816K, 48% used [0x00000000a0000000,0x00000000a4c81180,0x00000000a9f00000)
 Metaspace       used 98494K, capacity 103882K, committed 103960K, reserved 1140736K
  class space    used 12348K, capacity 13309K, committed 13336K, reserved 1048576K
Event: 3683.730 GC heap after
Heap after GC invocations=73 (full 5):
 PSYoungGen      total 358400K, used 18769K [0x00000000e0000000, 0x00000000f9b80000, 0x0000000100000000)
  eden space 310784K, 0% used [0x00000000e0000000,0x00000000e0000000,0x00000000f2f80000)
  from space 47616K, 39% used [0x00000000f6d00000,0x00000000f7f544c0,0x00000000f9b80000)
  to   space 55296K, 0% used [0x00000000f2f80000,0x00000000f2f80000,0x00000000f6580000)
 ParOldGen       total 162816K, used 79064K [0x00000000a0000000, 0x00000000a9f00000, 0x00000000e0000000)
  object space 162816K, 48% used [0x00000000a0000000,0x00000000a4d36190,0x00000000a9f00000)
 Metaspace       used 98494K, capacity 103882K, committed 103960K, reserved 1140736K
  class space    used 12348K, capacity 13309K, committed 13336K, reserved 1048576K
}
Event: 3905.710 GC heap before
{Heap before GC invocations=74 (full 5):
 PSYoungGen      total 358400K, used 329553K [0x00000000e0000000, 0x00000000f9b80000, 0x0000000100000000)
  eden space 310784K, 100% used [0x00000000e0000000,0x00000000f2f80000,0x00000000f2f80000)
  from space 47616K, 39% used [0x00000000f6d00000,0x00000000f7f544c0,0x00000000f9b80000)
  to   space 55296K, 0% used [0x00000000f2f80000,0x00000000f2f80000,0x00000000f6580000)
 ParOldGen       total 162816K, used 79064K [0x00000000a0000000, 0x00000000a9f00000, 0x00000000e0000000)
  object space 162816K, 48% used [0x00000000a0000000,0x00000000a4d36190,0x00000000a9f00000)
 Metaspace       used 98664K, capacity 104124K, committed 104216K, reserved 1140736K
  class space    used 12353K, capacity 13316K, committed 13336K, reserved 1048576K
Event: 3905.748 GC heap after
Heap after GC invocations=74 (full 5):
 PSYoungGen      total 366080K, used 11571K [0x00000000e0000000, 0x00000000fb380000, 0x0000000100000000)
  eden space 310784K, 0% used [0x00000000e0000000,0x00000000e0000000,0x00000000f2f80000)
  from space 55296K, 20% used [0x00000000f2f80000,0x00000000f3accf10,0x00000000f6580000)
  to   space 52736K, 0% used [0x00000000f8000000,0x00000000f8000000,0x00000000fb380000)
 ParOldGen       total 162816K, used 82825K [0x00000000a0000000, 0x00000000a9f00000, 0x00000000e0000000)
  object space 162816K, 50% used [0x00000000a0000000,0x00000000a50e2680,0x00000000a9f00000)
 Metaspace       used 98664K, capacity 104124K, committed 104216K, reserved 1140736K
  class space    used 12353K, capacity 13316K, committed 13336K, reserved 1048576K
}

