# JRE version: OpenJDK Runtime Environment (8.0_152-b01) (build 1.8.0_152-release-1343-b01)
# Java VM: OpenJDK 64-Bit Server VM (25.152-b01 mixed mode windows-amd64 compressed oops)
Heap:
 PSYoungGen      total 224256K, used 150109K [0x00000000e0000000, 0x00000000ef680000, 0x0000000100000000)
  eden space 205312K, 63% used [0x00000000e0000000,0x00000000e801ce50,0x00000000ec880000)
  from space 18944K, 99% used [0x00000000ed180000,0x00000000ee3fa708,0x00000000ee400000)
  to   space 14336K, 0% used [0x00000000ee880000,0x00000000ee880000,0x00000000ef680000)
 ParOldGen       total 76288K, used 38330K [0x00000000a0000000, 0x00000000a4a80000, 0x00000000e0000000)
  object space 76288K, 50% used [0x00000000a0000000,0x00000000a256e900,0x00000000a4a80000)
 Metaspace       used 71611K, capacity 74412K, committed 74520K, reserved 1114112K
  class space    used 9470K, capacity 10011K, committed 10032K, reserved 1048576K
GC Heap History (10 events):
Event: 11.438 GC heap before
{Heap before GC invocations=16 (full 2):
 PSYoungGen      total 136192K, used 136189K [0x00000000e0000000, 0x00000000eb580000, 0x0000000100000000)
  eden space 127488K, 100% used [0x00000000e0000000,0x00000000e7c80000,0x00000000e7c80000)
  from space 8704K, 99% used [0x00000000e7c80000,0x00000000e84ff608,0x00000000e8500000)
  to   space 12288K, 0% used [0x00000000ea980000,0x00000000ea980000,0x00000000eb580000)
 ParOldGen       total 52736K, used 23397K [0x00000000a0000000, 0x00000000a3380000, 0x00000000e0000000)
  object space 52736K, 44% used [0x00000000a0000000,0x00000000a16d9480,0x00000000a3380000)
 Metaspace       used 57305K, capacity 58950K, committed 59160K, reserved 1099776K
  class space    used 7722K, capacity 8122K, committed 8240K, reserved 1048576K
Event: 11.468 GC heap after
Heap after GC invocations=16 (full 2):
 PSYoungGen      total 168960K, used 12283K [0x00000000e0000000, 0x00000000ebd80000, 0x0000000100000000)
  eden space 156672K, 0% used [0x00000000e0000000,0x00000000e0000000,0x00000000e9900000)
  from space 12288K, 99% used [0x00000000ea980000,0x00000000eb57ef78,0x00000000eb580000)
  to   space 16896K, 0% used [0x00000000e9900000,0x00000000e9900000,0x00000000ea980000)
 ParOldGen       total 52736K, used 31583K [0x00000000a0000000, 0x00000000a3380000, 0x00000000e0000000)
  object space 52736K, 59% used [0x00000000a0000000,0x00000000a1ed7d98,0x00000000a3380000)
 Metaspace       used 57305K, capacity 58950K, committed 59160K, reserved 1099776K
  class space    used 7722K, capacity 8122K, committed 8240K, reserved 1048576K
}
Event: 11.519 GC heap before
{Heap before GC invocations=17 (full 2):
 PSYoungGen      total 168960K, used 18325K [0x00000000e0000000, 0x00000000ebd80000, 0x0000000100000000)
  eden space 156672K, 3% used [0x00000000e0000000,0x00000000e05e6720,0x00000000e9900000)
  from space 12288K, 99% used [0x00000000ea980000,0x00000000eb57ef78,0x00000000eb580000)
  to   space 16896K, 0% used [0x00000000e9900000,0x00000000e9900000,0x00000000ea980000)
 ParOldGen       total 52736K, used 31583K [0x00000000a0000000, 0x00000000a3380000, 0x00000000e0000000)
  object space 52736K, 59% used [0x00000000a0000000,0x00000000a1ed7d98,0x00000000a3380000)
 Metaspace       used 57469K, capacity 59014K, committed 59160K, reserved 1099776K
  class space    used 7741K, capacity 8122K, committed 8240K, reserved 1048576K
Event: 11.528 GC heap after
Heap after GC invocations=17 (full 2):
 PSYoungGen      total 173568K, used 320K [0x00000000e0000000, 0x00000000ef980000, 0x0000000100000000)
  eden space 156672K, 0% used [0x00000000e0000000,0x00000000e0000000,0x00000000e9900000)
  from space 16896K, 1% used [0x00000000e9900000,0x00000000e9950000,0x00000000ea980000)
  to   space 17408K, 0% used [0x00000000ee880000,0x00000000ee880000,0x00000000ef980000)
 ParOldGen       total 52736K, used 35773K [0x00000000a0000000, 0x00000000a3380000, 0x00000000e0000000)
  object space 52736K, 67% used [0x00000000a0000000,0x00000000a22ef6f8,0x00000000a3380000)
 Metaspace       used 57469K, capacity 59014K, committed 59160K, reserved 1099776K
  class space    used 7741K, capacity 8122K, committed 8240K, reserved 1048576K
}
Event: 11.528 GC heap before
{Heap before GC invocations=18 (full 3):
 PSYoungGen      total 173568K, used 320K [0x00000000e0000000, 0x00000000ef980000, 0x0000000100000000)
  eden space 156672K, 0% used [0x00000000e0000000,0x00000000e0000000,0x00000000e9900000)
  from space 16896K, 1% used [0x00000000e9900000,0x00000000e9950000,0x00000000ea980000)
  to   space 17408K, 0% used [0x00000000ee880000,0x00000000ee880000,0x00000000ef980000)
 ParOldGen       total 52736K, used 35773K [0x00000000a0000000, 0x00000000a3380000, 0x00000000e0000000)
  object space 52736K, 67% used [0x00000000a0000000,0x00000000a22ef6f8,0x00000000a3380000)
 Metaspace       used 57469K, capacity 59014K, committed 59160K, reserved 1099776K
  class space    used 7741K, capacity 8122K, committed 8240K, reserved 1048576K
Event: 11.803 GC heap after
Heap after GC invocations=18 (full 3):
 PSYoungGen      total 173568K, used 0K [0x00000000e0000000, 0x00000000ef980000, 0x0000000100000000)
  eden space 156672K, 0% used [0x00000000e0000000,0x00000000e0000000,0x00000000e9900000)
  from space 16896K, 0% used [0x00000000e9900000,0x00000000e9900000,0x00000000ea980000)
  to   space 17408K, 0% used [0x00000000ee880000,0x00000000ee880000,0x00000000ef980000)
 ParOldGen       total 76288K, used 26674K [0x00000000a0000000, 0x00000000a4a80000, 0x00000000e0000000)
  object space 76288K, 34% used [0x00000000a0000000,0x00000000a1a0caf0,0x00000000a4a80000)
 Metaspace       used 57469K, capacity 59014K, committed 59160K, reserved 1099776K
  class space    used 7741K, capacity 8122K, committed 8240K, reserved 1048576K
}
Event: 14.411 GC heap before
{Heap before GC invocations=19 (full 3):
 PSYoungGen      total 173568K, used 156672K [0x00000000e0000000, 0x00000000ef980000, 0x0000000100000000)
  eden space 156672K, 100% used [0x00000000e0000000,0x00000000e9900000,0x00000000e9900000)
  from space 16896K, 0% used [0x00000000e9900000,0x00000000e9900000,0x00000000ea980000)
  to   space 17408K, 0% used [0x00000000ee880000,0x00000000ee880000,0x00000000ef980000)
 ParOldGen       total 76288K, used 26674K [0x00000000a0000000, 0x00000000a4a80000, 0x00000000e0000000)
  object space 76288K, 34% used [0x00000000a0000000,0x00000000a1a0caf0,0x00000000a4a80000)
 Metaspace       used 61484K, capacity 63472K, committed 63512K, reserved 1103872K
  class space    used 8290K, capacity 8717K, committed 8752K, reserved 1048576K
Event: 14.441 GC heap after
Heap after GC invocations=19 (full 3):
 PSYoungGen      total 219648K, used 14280K [0x00000000e0000000, 0x00000000ef680000, 0x0000000100000000)
  eden space 205312K, 0% used [0x00000000e0000000,0x00000000e0000000,0x00000000ec880000)
  from space 14336K, 99% used [0x00000000ee880000,0x00000000ef6721e8,0x00000000ef680000)
  to   space 18944K, 0% used [0x00000000ed180000,0x00000000ed180000,0x00000000ee400000)
 ParOldGen       total 76288K, used 26682K [0x00000000a0000000, 0x00000000a4a80000, 0x00000000e0000000)
  object space 76288K, 34% used [0x00000000a0000000,0x00000000a1a0eaf0,0x00000000a4a80000)
 Metaspace       used 61484K, capacity 63472K, committed 63512K, reserved 1103872K
  class space    used 8290K, capacity 8717K, committed 8752K, reserved 1048576K
}
Event: 19.221 GC heap before
{Heap before GC invocations=20 (full 3):
 PSYoungGen      total 219648K, used 219592K [0x00000000e0000000, 0x00000000ef680000, 0x0000000100000000)
  eden space 205312K, 100% used [0x00000000e0000000,0x00000000ec880000,0x00000000ec880000)
  from space 14336K, 99% used [0x00000000ee880000,0x00000000ef6721e8,0x00000000ef680000)
  to   space 18944K, 0% used [0x00000000ed180000,0x00000000ed180000,0x00000000ee400000)
 ParOldGen       total 76288K, used 26682K [0x00000000a0000000, 0x00000000a4a80000, 0x00000000e0000000)
  object space 76288K, 34% used [0x00000000a0000000,0x00000000a1a0eaf0,0x00000000a4a80000)
 Metaspace       used 71034K, capacity 73730K, committed 74008K, reserved 1114112K
  class space    used 9456K, capacity 9978K, committed 10032K, reserved 1048576K
Event: 19.264 GC heap after
Heap after GC invocations=20 (full 3):
 PSYoungGen      total 224256K, used 18921K [0x00000000e0000000, 0x00000000ef680000, 0x0000000100000000)
  eden space 205312K, 0% used [0x00000000e0000000,0x00000000e0000000,0x00000000ec880000)
  from space 18944K, 99% used [0x00000000ed180000,0x00000000ee3fa708,0x00000000ee400000)
  to   space 14336K, 0% used [0x00000000ee880000,0x00000000ee880000,0x00000000ef680000)
 ParOldGen       total 76288K, used 38330K [0x00000000a0000000, 0x00000000a4a80000, 0x00000000e0000000)
  object space 76288K, 50% used [0x00000000a0000000,0x00000000a256e900,0x00000000a4a80000)
 Metaspace       used 71034K, capacity 73730K, committed 74008K, reserved 1114112K
  class space    used 9456K, capacity 9978K, committed 10032K, reserved 1048576K
}

