# JRE version: OpenJDK Runtime Environment (8.0_152-b01) (build 1.8.0_152-release-1343-b01)
# Java VM: OpenJDK 64-Bit Server VM (25.152-b01 mixed mode windows-amd64 compressed oops)
Heap:
 PSYoungGen      total 217600K, used 71063K [0x00000000e0000000, 0x00000000f1580000, 0x0000000100000000)
  eden space 200704K, 26% used [0x00000000e0000000,0x00000000e34e67b0,0x00000000ec400000)
  from space 16896K, 99% used [0x00000000ec400000,0x00000000ed47f6b8,0x00000000ed480000)
  to   space 19968K, 0% used [0x00000000f0200000,0x00000000f0200000,0x00000000f1580000)
 ParOldGen       total 82944K, used 36016K [0x00000000a0000000, 0x00000000a5100000, 0x00000000e0000000)
  object space 82944K, 43% used [0x00000000a0000000,0x00000000a232c148,0x00000000a5100000)
 Metaspace       used 62928K, capacity 64779K, committed 64920K, reserved 1105920K
  class space    used 8415K, capacity 8831K, committed 8864K, reserved 1048576K
GC Heap History (10 events):
Event: 7.100 GC heap before
{Heap before GC invocations=12 (full 2):
 PSYoungGen      total 163328K, used 5303K [0x00000000e0000000, 0x00000000ecb80000, 0x0000000100000000)
  eden space 150528K, 0% used [0x00000000e0000000,0x00000000e0000000,0x00000000e9300000)
  from space 12800K, 41% used [0x00000000e9f00000,0x00000000ea42de10,0x00000000eab80000)
  to   space 12288K, 0% used [0x00000000e9300000,0x00000000e9300000,0x00000000e9f00000)
 ParOldGen       total 36864K, used 16325K [0x00000000a0000000, 0x00000000a2400000, 0x00000000e0000000)
  object space 36864K, 44% used [0x00000000a0000000,0x00000000a0ff1500,0x00000000a2400000)
 Metaspace       used 34742K, capacity 35430K, committed 35496K, reserved 1079296K
  class space    used 4792K, capacity 4996K, committed 5040K, reserved 1048576K
Event: 7.175 GC heap after
Heap after GC invocations=12 (full 2):
 PSYoungGen      total 163328K, used 0K [0x00000000e0000000, 0x00000000ecb80000, 0x0000000100000000)
  eden space 150528K, 0% used [0x00000000e0000000,0x00000000e0000000,0x00000000e9300000)
  from space 12800K, 0% used [0x00000000e9f00000,0x00000000e9f00000,0x00000000eab80000)
  to   space 12288K, 0% used [0x00000000e9300000,0x00000000e9300000,0x00000000e9f00000)
 ParOldGen       total 49664K, used 15498K [0x00000000a0000000, 0x00000000a3080000, 0x00000000e0000000)
  object space 49664K, 31% used [0x00000000a0000000,0x00000000a0f22a50,0x00000000a3080000)
 Metaspace       used 34741K, capacity 35424K, committed 35496K, reserved 1079296K
  class space    used 4792K, capacity 4995K, committed 5040K, reserved 1048576K
}
Event: 9.364 GC heap before
{Heap before GC invocations=13 (full 2):
 PSYoungGen      total 163328K, used 150528K [0x00000000e0000000, 0x00000000ecb80000, 0x0000000100000000)
  eden space 150528K, 100% used [0x00000000e0000000,0x00000000e9300000,0x00000000e9300000)
  from space 12800K, 0% used [0x00000000e9f00000,0x00000000e9f00000,0x00000000eab80000)
  to   space 12288K, 0% used [0x00000000e9300000,0x00000000e9300000,0x00000000e9f00000)
 ParOldGen       total 49664K, used 15498K [0x00000000a0000000, 0x00000000a3080000, 0x00000000e0000000)
  object space 49664K, 31% used [0x00000000a0000000,0x00000000a0f22a50,0x00000000a3080000)
 Metaspace       used 49996K, capacity 51074K, committed 51368K, reserved 1093632K
  class space    used 6718K, capacity 7010K, committed 7088K, reserved 1048576K
Event: 9.381 GC heap after
Heap after GC invocations=13 (full 2):
 PSYoungGen      total 162816K, used 12277K [0x00000000e0000000, 0x00000000ee580000, 0x0000000100000000)
  eden space 150528K, 0% used [0x00000000e0000000,0x00000000e0000000,0x00000000e9300000)
  from space 12288K, 99% used [0x00000000e9300000,0x00000000e9efd448,0x00000000e9f00000)
  to   space 15872K, 0% used [0x00000000ed600000,0x00000000ed600000,0x00000000ee580000)
 ParOldGen       total 49664K, used 21439K [0x00000000a0000000, 0x00000000a3080000, 0x00000000e0000000)
  object space 49664K, 43% used [0x00000000a0000000,0x00000000a14efed0,0x00000000a3080000)
 Metaspace       used 49996K, capacity 51074K, committed 51368K, reserved 1093632K
  class space    used 6718K, capacity 7010K, committed 7088K, reserved 1048576K
}
Event: 10.849 GC heap before
{Heap before GC invocations=14 (full 2):
 PSYoungGen      total 162816K, used 124303K [0x00000000e0000000, 0x00000000ee580000, 0x0000000100000000)
  eden space 150528K, 74% used [0x00000000e0000000,0x00000000e6d66860,0x00000000e9300000)
  from space 12288K, 99% used [0x00000000e9300000,0x00000000e9efd448,0x00000000e9f00000)
  to   space 15872K, 0% used [0x00000000ed600000,0x00000000ed600000,0x00000000ee580000)
 ParOldGen       total 49664K, used 21439K [0x00000000a0000000, 0x00000000a3080000, 0x00000000e0000000)
  object space 49664K, 43% used [0x00000000a0000000,0x00000000a14efed0,0x00000000a3080000)
 Metaspace       used 57517K, capacity 59059K, committed 59160K, reserved 1099776K
  class space    used 7762K, capacity 8123K, committed 8224K, reserved 1048576K
Event: 10.869 GC heap after
Heap after GC invocations=14 (full 2):
 PSYoungGen      total 216064K, used 11534K [0x00000000e0000000, 0x00000000ee500000, 0x0000000100000000)
  eden space 200704K, 0% used [0x00000000e0000000,0x00000000e0000000,0x00000000ec400000)
  from space 15360K, 75% used [0x00000000ed600000,0x00000000ee143b38,0x00000000ee500000)
  to   space 16896K, 0% used [0x00000000ec400000,0x00000000ec400000,0x00000000ed480000)
 ParOldGen       total 49664K, used 29910K [0x00000000a0000000, 0x00000000a3080000, 0x00000000e0000000)
  object space 49664K, 60% used [0x00000000a0000000,0x00000000a1d359e0,0x00000000a3080000)
 Metaspace       used 57517K, capacity 59059K, committed 59160K, reserved 1099776K
  class space    used 7762K, capacity 8123K, committed 8224K, reserved 1048576K
}
Event: 10.869 GC heap before
{Heap before GC invocations=15 (full 3):
 PSYoungGen      total 216064K, used 11534K [0x00000000e0000000, 0x00000000ee500000, 0x0000000100000000)
  eden space 200704K, 0% used [0x00000000e0000000,0x00000000e0000000,0x00000000ec400000)
  from space 15360K, 75% used [0x00000000ed600000,0x00000000ee143b38,0x00000000ee500000)
  to   space 16896K, 0% used [0x00000000ec400000,0x00000000ec400000,0x00000000ed480000)
 ParOldGen       total 49664K, used 29910K [0x00000000a0000000, 0x00000000a3080000, 0x00000000e0000000)
  object space 49664K, 60% used [0x00000000a0000000,0x00000000a1d359e0,0x00000000a3080000)
 Metaspace       used 57517K, capacity 59059K, committed 59160K, reserved 1099776K
  class space    used 7762K, capacity 8123K, committed 8224K, reserved 1048576K
Event: 11.124 GC heap after
Heap after GC invocations=15 (full 3):
 PSYoungGen      total 216064K, used 0K [0x00000000e0000000, 0x00000000ee500000, 0x0000000100000000)
  eden space 200704K, 0% used [0x00000000e0000000,0x00000000e0000000,0x00000000ec400000)
  from space 15360K, 0% used [0x00000000ed600000,0x00000000ed600000,0x00000000ee500000)
  to   space 16896K, 0% used [0x00000000ec400000,0x00000000ec400000,0x00000000ed480000)
 ParOldGen       total 82944K, used 33844K [0x00000000a0000000, 0x00000000a5100000, 0x00000000e0000000)
  object space 82944K, 40% used [0x00000000a0000000,0x00000000a210d3e8,0x00000000a5100000)
 Metaspace       used 57517K, capacity 59059K, committed 59160K, reserved 1099776K
  class space    used 7762K, capacity 8123K, committed 8224K, reserved 1048576K
}
Event: 26.544 GC heap before
{Heap before GC invocations=16 (full 3):
 PSYoungGen      total 216064K, used 200704K [0x00000000e0000000, 0x00000000ee500000, 0x0000000100000000)
  eden space 200704K, 100% used [0x00000000e0000000,0x00000000ec400000,0x00000000ec400000)
  from space 15360K, 0% used [0x00000000ed600000,0x00000000ed600000,0x00000000ee500000)
  to   space 16896K, 0% used [0x00000000ec400000,0x00000000ec400000,0x00000000ed480000)
 ParOldGen       total 82944K, used 33844K [0x00000000a0000000, 0x00000000a5100000, 0x00000000e0000000)
  object space 82944K, 40% used [0x00000000a0000000,0x00000000a210d3e8,0x00000000a5100000)
 Metaspace       used 62745K, capacity 64637K, committed 64920K, reserved 1105920K
  class space    used 8403K, capacity 8830K, committed 8864K, reserved 1048576K
Event: 26.637 GC heap after
Heap after GC invocations=16 (full 3):
 PSYoungGen      total 217600K, used 16893K [0x00000000e0000000, 0x00000000f1580000, 0x0000000100000000)
  eden space 200704K, 0% used [0x00000000e0000000,0x00000000e0000000,0x00000000ec400000)
  from space 16896K, 99% used [0x00000000ec400000,0x00000000ed47f6b8,0x00000000ed480000)
  to   space 19968K, 0% used [0x00000000f0200000,0x00000000f0200000,0x00000000f1580000)
 ParOldGen       total 82944K, used 36016K [0x00000000a0000000, 0x00000000a5100000, 0x00000000e0000000)
  object space 82944K, 43% used [0x00000000a0000000,0x00000000a232c148,0x00000000a5100000)
 Metaspace       used 62745K, capacity 64637K, committed 64920K, reserved 1105920K
  class space    used 8403K, capacity 8830K, committed 8864K, reserved 1048576K
}

