# JRE version: OpenJDK Runtime Environment (8.0_152-b01) (build 1.8.0_152-release-1343-b01)
# Java VM: OpenJDK 64-Bit Server VM (25.152-b01 mixed mode windows-amd64 compressed oops)
Heap:
 PSYoungGen      total 246784K, used 115213K [0x00000000e0000000, 0x00000000f3a80000, 0x0000000100000000)
  eden space 207872K, 37% used [0x00000000e0000000,0x00000000e4b26370,0x00000000ecb00000)
  from space 38912K, 98% used [0x00000000ecb00000,0x00000000ef05d108,0x00000000ef100000)
  to   space 18944K, 0% used [0x00000000ef100000,0x00000000ef100000,0x00000000f0380000)
 ParOldGen       total 174080K, used 88089K [0x00000000a0000000, 0x00000000aaa00000, 0x00000000e0000000)
  object space 174080K, 50% used [0x00000000a0000000,0x00000000a5606770,0x00000000aaa00000)
 Metaspace       used 67805K, capacity 70191K, committed 70296K, reserved 1110016K
  class space    used 9101K, capacity 9607K, committed 9648K, reserved 1048576K
GC Heap History (10 events):
Event: 20.371 GC heap before
{Heap before GC invocations=15 (full 3):
 PSYoungGen      total 206336K, used 11330K [0x00000000e0000000, 0x00000000edb80000, 0x0000000100000000)
  eden space 190464K, 0% used [0x00000000e0000000,0x00000000e0000000,0x00000000eba00000)
  from space 15872K, 71% used [0x00000000eca80000,0x00000000ed590960,0x00000000eda00000)
  to   space 16896K, 0% used [0x00000000eba00000,0x00000000eba00000,0x00000000eca80000)
 ParOldGen       total 51712K, used 29957K [0x00000000a0000000, 0x00000000a3280000, 0x00000000e0000000)
  object space 51712K, 57% used [0x00000000a0000000,0x00000000a1d41658,0x00000000a3280000)
 Metaspace       used 57478K, capacity 59017K, committed 59160K, reserved 1099776K
  class space    used 7747K, capacity 8122K, committed 8240K, reserved 1048576K
Event: 20.656 GC heap after
Heap after GC invocations=15 (full 3):
 PSYoungGen      total 206336K, used 0K [0x00000000e0000000, 0x00000000edb80000, 0x0000000100000000)
  eden space 190464K, 0% used [0x00000000e0000000,0x00000000e0000000,0x00000000eba00000)
  from space 15872K, 0% used [0x00000000eca80000,0x00000000eca80000,0x00000000eda00000)
  to   space 16896K, 0% used [0x00000000eba00000,0x00000000eba00000,0x00000000eca80000)
 ParOldGen       total 86528K, used 33653K [0x00000000a0000000, 0x00000000a5480000, 0x00000000e0000000)
  object space 86528K, 38% used [0x00000000a0000000,0x00000000a20dd4e0,0x00000000a5480000)
 Metaspace       used 57478K, capacity 59017K, committed 59160K, reserved 1099776K
  class space    used 7747K, capacity 8122K, committed 8240K, reserved 1048576K
}
Event: 24.546 GC heap before
{Heap before GC invocations=16 (full 3):
 PSYoungGen      total 206336K, used 190464K [0x00000000e0000000, 0x00000000edb80000, 0x0000000100000000)
  eden space 190464K, 100% used [0x00000000e0000000,0x00000000eba00000,0x00000000eba00000)
  from space 15872K, 0% used [0x00000000eca80000,0x00000000eca80000,0x00000000eda00000)
  to   space 16896K, 0% used [0x00000000eba00000,0x00000000eba00000,0x00000000eca80000)
 ParOldGen       total 86528K, used 33653K [0x00000000a0000000, 0x00000000a5480000, 0x00000000e0000000)
  object space 86528K, 38% used [0x00000000a0000000,0x00000000a20dd4e0,0x00000000a5480000)
 Metaspace       used 61642K, capacity 63543K, committed 63768K, reserved 1103872K
  class space    used 8299K, capacity 8703K, committed 8752K, reserved 1048576K
Event: 24.582 GC heap after
Heap after GC invocations=16 (full 3):
 PSYoungGen      total 207360K, used 16056K [0x00000000e0000000, 0x00000000f0380000, 0x0000000100000000)
  eden space 190464K, 0% used [0x00000000e0000000,0x00000000e0000000,0x00000000eba00000)
  from space 16896K, 95% used [0x00000000eba00000,0x00000000ec9ae170,0x00000000eca80000)
  to   space 18944K, 0% used [0x00000000ef100000,0x00000000ef100000,0x00000000f0380000)
 ParOldGen       total 86528K, used 33661K [0x00000000a0000000, 0x00000000a5480000, 0x00000000e0000000)
  object space 86528K, 38% used [0x00000000a0000000,0x00000000a20df4e0,0x00000000a5480000)
 Metaspace       used 61642K, capacity 63543K, committed 63768K, reserved 1103872K
  class space    used 8299K, capacity 8703K, committed 8752K, reserved 1048576K
}
Event: 26.922 GC heap before
{Heap before GC invocations=17 (full 3):
 PSYoungGen      total 207360K, used 206520K [0x00000000e0000000, 0x00000000f0380000, 0x0000000100000000)
  eden space 190464K, 100% used [0x00000000e0000000,0x00000000eba00000,0x00000000eba00000)
  from space 16896K, 95% used [0x00000000eba00000,0x00000000ec9ae170,0x00000000eca80000)
  to   space 18944K, 0% used [0x00000000ef100000,0x00000000ef100000,0x00000000f0380000)
 ParOldGen       total 86528K, used 33661K [0x00000000a0000000, 0x00000000a5480000, 0x00000000e0000000)
  object space 86528K, 38% used [0x00000000a0000000,0x00000000a20df4e0,0x00000000a5480000)
 Metaspace       used 66414K, capacity 68499K, committed 68632K, reserved 1107968K
  class space    used 8959K, capacity 9405K, committed 9520K, reserved 1048576K
Event: 27.022 GC heap after
Heap after GC invocations=17 (full 3):
 PSYoungGen      total 226816K, used 18943K [0x00000000e0000000, 0x00000000f3a80000, 0x0000000100000000)
  eden space 207872K, 0% used [0x00000000e0000000,0x00000000e0000000,0x00000000ecb00000)
  from space 18944K, 99% used [0x00000000ef100000,0x00000000f037fda0,0x00000000f0380000)
  to   space 38912K, 0% used [0x00000000ecb00000,0x00000000ecb00000,0x00000000ef100000)
 ParOldGen       total 86528K, used 80395K [0x00000000a0000000, 0x00000000a5480000, 0x00000000e0000000)
  object space 86528K, 92% used [0x00000000a0000000,0x00000000a4e82f80,0x00000000a5480000)
 Metaspace       used 66414K, capacity 68499K, committed 68632K, reserved 1107968K
  class space    used 8959K, capacity 9405K, committed 9520K, reserved 1048576K
}
Event: 27.022 GC heap before
{Heap before GC invocations=18 (full 4):
 PSYoungGen      total 226816K, used 18943K [0x00000000e0000000, 0x00000000f3a80000, 0x0000000100000000)
  eden space 207872K, 0% used [0x00000000e0000000,0x00000000e0000000,0x00000000ecb00000)
  from space 18944K, 99% used [0x00000000ef100000,0x00000000f037fda0,0x00000000f0380000)
  to   space 38912K, 0% used [0x00000000ecb00000,0x00000000ecb00000,0x00000000ef100000)
 ParOldGen       total 86528K, used 80395K [0x00000000a0000000, 0x00000000a5480000, 0x00000000e0000000)
  object space 86528K, 92% used [0x00000000a0000000,0x00000000a4e82f80,0x00000000a5480000)
 Metaspace       used 66414K, capacity 68499K, committed 68632K, reserved 1107968K
  class space    used 8959K, capacity 9405K, committed 9520K, reserved 1048576K
Event: 27.676 GC heap after
Heap after GC invocations=18 (full 4):
 PSYoungGen      total 226816K, used 4987K [0x00000000e0000000, 0x00000000f3a80000, 0x0000000100000000)
  eden space 207872K, 0% used [0x00000000e0000000,0x00000000e0000000,0x00000000ecb00000)
  from space 18944K, 26% used [0x00000000ef100000,0x00000000ef5def68,0x00000000f0380000)
  to   space 38912K, 0% used [0x00000000ecb00000,0x00000000ecb00000,0x00000000ef100000)
 ParOldGen       total 174080K, used 86413K [0x00000000a0000000, 0x00000000aaa00000, 0x00000000e0000000)
  object space 174080K, 49% used [0x00000000a0000000,0x00000000a5463750,0x00000000aaa00000)
 Metaspace       used 66396K, capacity 68445K, committed 68632K, reserved 1107968K
  class space    used 8953K, capacity 9394K, committed 9520K, reserved 1048576K
}
Event: 30.413 GC heap before
{Heap before GC invocations=19 (full 4):
 PSYoungGen      total 226816K, used 212859K [0x00000000e0000000, 0x00000000f3a80000, 0x0000000100000000)
  eden space 207872K, 100% used [0x00000000e0000000,0x00000000ecb00000,0x00000000ecb00000)
  from space 18944K, 26% used [0x00000000ef100000,0x00000000ef5def68,0x00000000f0380000)
  to   space 38912K, 0% used [0x00000000ecb00000,0x00000000ecb00000,0x00000000ef100000)
 ParOldGen       total 174080K, used 86413K [0x00000000a0000000, 0x00000000aaa00000, 0x00000000e0000000)
  object space 174080K, 49% used [0x00000000a0000000,0x00000000a5463750,0x00000000aaa00000)
 Metaspace       used 67788K, capacity 70191K, committed 70296K, reserved 1110016K
  class space    used 9101K, capacity 9607K, committed 9648K, reserved 1048576K
Event: 30.487 GC heap after
Heap after GC invocations=19 (full 4):
 PSYoungGen      total 246784K, used 38260K [0x00000000e0000000, 0x00000000f3a80000, 0x0000000100000000)
  eden space 207872K, 0% used [0x00000000e0000000,0x00000000e0000000,0x00000000ecb00000)
  from space 38912K, 98% used [0x00000000ecb00000,0x00000000ef05d108,0x00000000ef100000)
  to   space 18944K, 0% used [0x00000000ef100000,0x00000000ef100000,0x00000000f0380000)
 ParOldGen       total 174080K, used 88089K [0x00000000a0000000, 0x00000000aaa00000, 0x00000000e0000000)
  object space 174080K, 50% used [0x00000000a0000000,0x00000000a5606770,0x00000000aaa00000)
 Metaspace       used 67788K, capacity 70191K, committed 70296K, reserved 1110016K
  class space    used 9101K, capacity 9607K, committed 9648K, reserved 1048576K
}

