# JRE version: OpenJDK Runtime Environment (8.0_152-b01) (build 1.8.0_152-release-1343-b01)
# Java VM: OpenJDK 64-Bit Server VM (25.152-b01 mixed mode windows-amd64 compressed oops)
Heap:
 PSYoungGen      total 69632K, used 20357K [0x00000000e0000000, 0x00000000e4e00000, 0x0000000100000000)
  eden space 64000K, 23% used [0x00000000e0000000,0x00000000e0e619c0,0x00000000e3e80000)
  from space 5632K, 99% used [0x00000000e4580000,0x00000000e4affda0,0x00000000e4b00000)
  to   space 7168K, 0% used [0x00000000e3e80000,0x00000000e3e80000,0x00000000e4580000)
 ParOldGen       total 44032K, used 6683K [0x00000000a0000000, 0x00000000a2b00000, 0x00000000e0000000)
  object space 44032K, 15% used [0x00000000a0000000,0x00000000a0686cd0,0x00000000a2b00000)
 Metaspace       used 16820K, capacity 17208K, committed 17536K, reserved 1064960K
  class space    used 2427K, capacity 2588K, committed 2688K, reserved 1048576K
GC Heap History (10 events):
Event: 0.857 GC heap before
{Heap before GC invocations=2 (full 0):
 PSYoungGen      total 18944K, used 18931K [0x00000000e0000000, 0x00000000e1500000, 0x0000000100000000)
  eden space 16384K, 100% used [0x00000000e0000000,0x00000000e1000000,0x00000000e1000000)
  from space 2560K, 99% used [0x00000000e1000000,0x00000000e127cd28,0x00000000e1280000)
  to   space 2560K, 0% used [0x00000000e1280000,0x00000000e1280000,0x00000000e1500000)
 ParOldGen       total 44032K, used 214K [0x00000000a0000000, 0x00000000a2b00000, 0x00000000e0000000)
  object space 44032K, 0% used [0x00000000a0000000,0x00000000a0035b70,0x00000000a2b00000)
 Metaspace       used 6959K, capacity 7158K, committed 7296K, reserved 1056768K
  class space    used 844K, capacity 879K, committed 896K, reserved 1048576K
Event: 0.876 GC heap after
Heap after GC invocations=2 (full 0):
 PSYoungGen      total 18944K, used 2534K [0x00000000e0000000, 0x00000000e2500000, 0x0000000100000000)
  eden space 16384K, 0% used [0x00000000e0000000,0x00000000e0000000,0x00000000e1000000)
  from space 2560K, 98% used [0x00000000e1280000,0x00000000e14f9808,0x00000000e1500000)
  to   space 2560K, 0% used [0x00000000e1000000,0x00000000e1000000,0x00000000e1280000)
 ParOldGen       total 44032K, used 574K [0x00000000a0000000, 0x00000000a2b00000, 0x00000000e0000000)
  object space 44032K, 1% used [0x00000000a0000000,0x00000000a008fa90,0x00000000a2b00000)
 Metaspace       used 6959K, capacity 7158K, committed 7296K, reserved 1056768K
  class space    used 844K, capacity 879K, committed 896K, reserved 1048576K
}
Event: 1.137 GC heap before
{Heap before GC invocations=3 (full 0):
 PSYoungGen      total 18944K, used 18918K [0x00000000e0000000, 0x00000000e2500000, 0x0000000100000000)
  eden space 16384K, 100% used [0x00000000e0000000,0x00000000e1000000,0x00000000e1000000)
  from space 2560K, 98% used [0x00000000e1280000,0x00000000e14f9808,0x00000000e1500000)
  to   space 2560K, 0% used [0x00000000e1000000,0x00000000e1000000,0x00000000e1280000)
 ParOldGen       total 44032K, used 574K [0x00000000a0000000, 0x00000000a2b00000, 0x00000000e0000000)
  object space 44032K, 1% used [0x00000000a0000000,0x00000000a008fa90,0x00000000a2b00000)
 Metaspace       used 7113K, capacity 7330K, committed 7680K, reserved 1056768K
  class space    used 860K, capacity 915K, committed 1024K, reserved 1048576K
Event: 1.142 GC heap after
Heap after GC invocations=3 (full 0):
 PSYoungGen      total 18944K, used 2547K [0x00000000e0000000, 0x00000000e2500000, 0x0000000100000000)
  eden space 16384K, 0% used [0x00000000e0000000,0x00000000e0000000,0x00000000e1000000)
  from space 2560K, 99% used [0x00000000e1000000,0x00000000e127cfa8,0x00000000e1280000)
  to   space 2560K, 0% used [0x00000000e2280000,0x00000000e2280000,0x00000000e2500000)
 ParOldGen       total 44032K, used 846K [0x00000000a0000000, 0x00000000a2b00000, 0x00000000e0000000)
  object space 44032K, 1% used [0x00000000a0000000,0x00000000a00d3b40,0x00000000a2b00000)
 Metaspace       used 7113K, capacity 7330K, committed 7680K, reserved 1056768K
  class space    used 860K, capacity 915K, committed 1024K, reserved 1048576K
}
Event: 1.363 GC heap before
{Heap before GC invocations=4 (full 0):
 PSYoungGen      total 18944K, used 18931K [0x00000000e0000000, 0x00000000e2500000, 0x0000000100000000)
  eden space 16384K, 100% used [0x00000000e0000000,0x00000000e1000000,0x00000000e1000000)
  from space 2560K, 99% used [0x00000000e1000000,0x00000000e127cfa8,0x00000000e1280000)
  to   space 2560K, 0% used [0x00000000e2280000,0x00000000e2280000,0x00000000e2500000)
 ParOldGen       total 44032K, used 846K [0x00000000a0000000, 0x00000000a2b00000, 0x00000000e0000000)
  object space 44032K, 1% used [0x00000000a0000000,0x00000000a00d3b40,0x00000000a2b00000)
 Metaspace       used 8191K, capacity 8432K, committed 8576K, reserved 1056768K
  class space    used 1036K, capacity 1112K, committed 1152K, reserved 1048576K
Event: 1.368 GC heap after
Heap after GC invocations=4 (full 0):
 PSYoungGen      total 35328K, used 2528K [0x00000000e0000000, 0x00000000e2500000, 0x0000000100000000)
  eden space 32768K, 0% used [0x00000000e0000000,0x00000000e0000000,0x00000000e2000000)
  from space 2560K, 98% used [0x00000000e2280000,0x00000000e24f8020,0x00000000e2500000)
  to   space 2560K, 0% used [0x00000000e2000000,0x00000000e2000000,0x00000000e2280000)
 ParOldGen       total 44032K, used 1954K [0x00000000a0000000, 0x00000000a2b00000, 0x00000000e0000000)
  object space 44032K, 4% used [0x00000000a0000000,0x00000000a01e8888,0x00000000a2b00000)
 Metaspace       used 8191K, capacity 8432K, committed 8576K, reserved 1056768K
  class space    used 1036K, capacity 1112K, committed 1152K, reserved 1048576K
}
Event: 2.343 GC heap before
{Heap before GC invocations=5 (full 0):
 PSYoungGen      total 35328K, used 35296K [0x00000000e0000000, 0x00000000e2500000, 0x0000000100000000)
  eden space 32768K, 100% used [0x00000000e0000000,0x00000000e2000000,0x00000000e2000000)
  from space 2560K, 98% used [0x00000000e2280000,0x00000000e24f8020,0x00000000e2500000)
  to   space 2560K, 0% used [0x00000000e2000000,0x00000000e2000000,0x00000000e2280000)
 ParOldGen       total 44032K, used 1954K [0x00000000a0000000, 0x00000000a2b00000, 0x00000000e0000000)
  object space 44032K, 4% used [0x00000000a0000000,0x00000000a01e8888,0x00000000a2b00000)
 Metaspace       used 12811K, capacity 13154K, committed 13440K, reserved 1060864K
  class space    used 1755K, capacity 1871K, committed 1920K, reserved 1048576K
Event: 2.351 GC heap after
Heap after GC invocations=5 (full 0):
 PSYoungGen      total 35328K, used 2528K [0x00000000e0000000, 0x00000000e4b00000, 0x0000000100000000)
  eden space 32768K, 0% used [0x00000000e0000000,0x00000000e0000000,0x00000000e2000000)
  from space 2560K, 98% used [0x00000000e2000000,0x00000000e2278020,0x00000000e2280000)
  to   space 5632K, 0% used [0x00000000e4580000,0x00000000e4580000,0x00000000e4b00000)
 ParOldGen       total 44032K, used 5639K [0x00000000a0000000, 0x00000000a2b00000, 0x00000000e0000000)
  object space 44032K, 12% used [0x00000000a0000000,0x00000000a0581c68,0x00000000a2b00000)
 Metaspace       used 12811K, capacity 13154K, committed 13440K, reserved 1060864K
  class space    used 1755K, capacity 1871K, committed 1920K, reserved 1048576K
}
Event: 2.684 GC heap before
{Heap before GC invocations=6 (full 0):
 PSYoungGen      total 35328K, used 35296K [0x00000000e0000000, 0x00000000e4b00000, 0x0000000100000000)
  eden space 32768K, 100% used [0x00000000e0000000,0x00000000e2000000,0x00000000e2000000)
  from space 2560K, 98% used [0x00000000e2000000,0x00000000e2278020,0x00000000e2280000)
  to   space 5632K, 0% used [0x00000000e4580000,0x00000000e4580000,0x00000000e4b00000)
 ParOldGen       total 44032K, used 5639K [0x00000000a0000000, 0x00000000a2b00000, 0x00000000e0000000)
  object space 44032K, 12% used [0x00000000a0000000,0x00000000a0581c68,0x00000000a2b00000)
 Metaspace       used 15619K, capacity 16024K, committed 16256K, reserved 1062912K
  class space    used 2219K, capacity 2364K, committed 2432K, reserved 1048576K
Event: 2.698 GC heap after
Heap after GC invocations=6 (full 0):
 PSYoungGen      total 69632K, used 5631K [0x00000000e0000000, 0x00000000e4e00000, 0x0000000100000000)
  eden space 64000K, 0% used [0x00000000e0000000,0x00000000e0000000,0x00000000e3e80000)
  from space 5632K, 99% used [0x00000000e4580000,0x00000000e4affda0,0x00000000e4b00000)
  to   space 7168K, 0% used [0x00000000e3e80000,0x00000000e3e80000,0x00000000e4580000)
 ParOldGen       total 44032K, used 6683K [0x00000000a0000000, 0x00000000a2b00000, 0x00000000e0000000)
  object space 44032K, 15% used [0x00000000a0000000,0x00000000a0686cd0,0x00000000a2b00000)
 Metaspace       used 15619K, capacity 16024K, committed 16256K, reserved 1062912K
  class space    used 2219K, capacity 2364K, committed 2432K, reserved 1048576K
}

