# JRE version: OpenJDK Runtime Environment (8.0_152-b01) (build 1.8.0_152-release-1343-b01)
# Java VM: OpenJDK 64-Bit Server VM (25.152-b01 mixed mode windows-amd64 compressed oops)
Heap:
 PSYoungGen      total 220160K, used 45395K [0x00000000e0000000, 0x00000000f2300000, 0x0000000100000000)
  eden space 199680K, 12% used [0x00000000e0000000,0x00000000e18556d8,0x00000000ec300000)
  from space 20480K, 99% used [0x00000000ec300000,0x00000000ed6ff548,0x00000000ed700000)
  to   space 26624K, 0% used [0x00000000f0900000,0x00000000f0900000,0x00000000f2300000)
 ParOldGen       total 84480K, used 34332K [0x00000000a0000000, 0x00000000a5280000, 0x00000000e0000000)
  object space 84480K, 40% used [0x00000000a0000000,0x00000000a2187070,0x00000000a5280000)
 Metaspace       used 71165K, capacity 73912K, committed 74008K, reserved 1114112K
  class space    used 9462K, capacity 9987K, committed 10032K, reserved 1048576K
GC Heap History (10 events):
Event: 11.290 GC heap before
{Heap before GC invocations=14 (full 2):
 PSYoungGen      total 138240K, used 138231K [0x00000000e0000000, 0x00000000eb700000, 0x0000000100000000)
  eden space 125440K, 100% used [0x00000000e0000000,0x00000000e7a80000,0x00000000e7a80000)
  from space 12800K, 99% used [0x00000000e7a80000,0x00000000e86fde20,0x00000000e8700000)
  to   space 15872K, 0% used [0x00000000ea780000,0x00000000ea780000,0x00000000eb700000)
 ParOldGen       total 57344K, used 19093K [0x00000000a0000000, 0x00000000a3800000, 0x00000000e0000000)
  object space 57344K, 33% used [0x00000000a0000000,0x00000000a12a5700,0x00000000a3800000)
 Metaspace       used 56883K, capacity 58396K, committed 58536K, reserved 1099776K
  class space    used 7664K, capacity 8041K, committed 8112K, reserved 1048576K
Event: 11.309 GC heap after
Heap after GC invocations=14 (full 2):
 PSYoungGen      total 167936K, used 15865K [0x00000000e0000000, 0x00000000ebb80000, 0x0000000100000000)
  eden space 152064K, 0% used [0x00000000e0000000,0x00000000e0000000,0x00000000e9480000)
  from space 15872K, 99% used [0x00000000ea780000,0x00000000eb6fe5d8,0x00000000eb700000)
  to   space 19456K, 0% used [0x00000000e9480000,0x00000000e9480000,0x00000000ea780000)
 ParOldGen       total 57344K, used 23088K [0x00000000a0000000, 0x00000000a3800000, 0x00000000e0000000)
  object space 57344K, 40% used [0x00000000a0000000,0x00000000a168c298,0x00000000a3800000)
 Metaspace       used 56883K, capacity 58396K, committed 58536K, reserved 1099776K
  class space    used 7664K, capacity 8041K, committed 8112K, reserved 1048576K
}
Event: 11.434 GC heap before
{Heap before GC invocations=15 (full 2):
 PSYoungGen      total 167936K, used 27660K [0x00000000e0000000, 0x00000000ebb80000, 0x0000000100000000)
  eden space 152064K, 7% used [0x00000000e0000000,0x00000000e0b84b38,0x00000000e9480000)
  from space 15872K, 99% used [0x00000000ea780000,0x00000000eb6fe5d8,0x00000000eb700000)
  to   space 19456K, 0% used [0x00000000e9480000,0x00000000e9480000,0x00000000ea780000)
 ParOldGen       total 57344K, used 23088K [0x00000000a0000000, 0x00000000a3800000, 0x00000000e0000000)
  object space 57344K, 40% used [0x00000000a0000000,0x00000000a168c298,0x00000000a3800000)
 Metaspace       used 57515K, capacity 59016K, committed 59160K, reserved 1099776K
  class space    used 7756K, capacity 8125K, committed 8240K, reserved 1048576K
Event: 11.447 GC heap after
Heap after GC invocations=15 (full 2):
 PSYoungGen      total 171520K, used 864K [0x00000000e0000000, 0x00000000ef100000, 0x0000000100000000)
  eden space 152064K, 0% used [0x00000000e0000000,0x00000000e0000000,0x00000000e9480000)
  from space 19456K, 4% used [0x00000000e9480000,0x00000000e9558000,0x00000000ea780000)
  to   space 19968K, 0% used [0x00000000edd80000,0x00000000edd80000,0x00000000ef100000)
 ParOldGen       total 57344K, used 34767K [0x00000000a0000000, 0x00000000a3800000, 0x00000000e0000000)
  object space 57344K, 60% used [0x00000000a0000000,0x00000000a21f3c70,0x00000000a3800000)
 Metaspace       used 57515K, capacity 59016K, committed 59160K, reserved 1099776K
  class space    used 7756K, capacity 8125K, committed 8240K, reserved 1048576K
}
Event: 11.447 GC heap before
{Heap before GC invocations=16 (full 3):
 PSYoungGen      total 171520K, used 864K [0x00000000e0000000, 0x00000000ef100000, 0x0000000100000000)
  eden space 152064K, 0% used [0x00000000e0000000,0x00000000e0000000,0x00000000e9480000)
  from space 19456K, 4% used [0x00000000e9480000,0x00000000e9558000,0x00000000ea780000)
  to   space 19968K, 0% used [0x00000000edd80000,0x00000000edd80000,0x00000000ef100000)
 ParOldGen       total 57344K, used 34767K [0x00000000a0000000, 0x00000000a3800000, 0x00000000e0000000)
  object space 57344K, 60% used [0x00000000a0000000,0x00000000a21f3c70,0x00000000a3800000)
 Metaspace       used 57515K, capacity 59016K, committed 59160K, reserved 1099776K
  class space    used 7756K, capacity 8125K, committed 8240K, reserved 1048576K
Event: 11.668 GC heap after
Heap after GC invocations=16 (full 3):
 PSYoungGen      total 171520K, used 0K [0x00000000e0000000, 0x00000000ef100000, 0x0000000100000000)
  eden space 152064K, 0% used [0x00000000e0000000,0x00000000e0000000,0x00000000e9480000)
  from space 19456K, 0% used [0x00000000e9480000,0x00000000e9480000,0x00000000ea780000)
  to   space 19968K, 0% used [0x00000000edd80000,0x00000000edd80000,0x00000000ef100000)
 ParOldGen       total 84480K, used 27032K [0x00000000a0000000, 0x00000000a5280000, 0x00000000e0000000)
  object space 84480K, 31% used [0x00000000a0000000,0x00000000a1a663a8,0x00000000a5280000)
 Metaspace       used 57515K, capacity 59016K, committed 59160K, reserved 1099776K
  class space    used 7756K, capacity 8125K, committed 8240K, reserved 1048576K
}
Event: 14.911 GC heap before
{Heap before GC invocations=17 (full 3):
 PSYoungGen      total 171520K, used 152064K [0x00000000e0000000, 0x00000000ef100000, 0x0000000100000000)
  eden space 152064K, 100% used [0x00000000e0000000,0x00000000e9480000,0x00000000e9480000)
  from space 19456K, 0% used [0x00000000e9480000,0x00000000e9480000,0x00000000ea780000)
  to   space 19968K, 0% used [0x00000000edd80000,0x00000000edd80000,0x00000000ef100000)
 ParOldGen       total 84480K, used 27032K [0x00000000a0000000, 0x00000000a5280000, 0x00000000e0000000)
  object space 84480K, 31% used [0x00000000a0000000,0x00000000a1a663a8,0x00000000a5280000)
 Metaspace       used 61441K, capacity 63408K, committed 63512K, reserved 1103872K
  class space    used 8291K, capacity 8719K, committed 8752K, reserved 1048576K
Event: 14.932 GC heap after
Heap after GC invocations=17 (full 3):
 PSYoungGen      total 209408K, used 13496K [0x00000000e0000000, 0x00000000eeb00000, 0x0000000100000000)
  eden space 195584K, 0% used [0x00000000e0000000,0x00000000e0000000,0x00000000ebf00000)
  from space 13824K, 97% used [0x00000000edd80000,0x00000000eeaae1e8,0x00000000eeb00000)
  to   space 20480K, 0% used [0x00000000ec300000,0x00000000ec300000,0x00000000ed700000)
 ParOldGen       total 84480K, used 27040K [0x00000000a0000000, 0x00000000a5280000, 0x00000000e0000000)
  object space 84480K, 32% used [0x00000000a0000000,0x00000000a1a683a8,0x00000000a5280000)
 Metaspace       used 61441K, capacity 63408K, committed 63512K, reserved 1103872K
  class space    used 8291K, capacity 8719K, committed 8752K, reserved 1048576K
}
Event: 23.400 GC heap before
{Heap before GC invocations=18 (full 3):
 PSYoungGen      total 209408K, used 209080K [0x00000000e0000000, 0x00000000eeb00000, 0x0000000100000000)
  eden space 195584K, 100% used [0x00000000e0000000,0x00000000ebf00000,0x00000000ebf00000)
  from space 13824K, 97% used [0x00000000edd80000,0x00000000eeaae1e8,0x00000000eeb00000)
  to   space 20480K, 0% used [0x00000000ec300000,0x00000000ec300000,0x00000000ed700000)
 ParOldGen       total 84480K, used 27040K [0x00000000a0000000, 0x00000000a5280000, 0x00000000e0000000)
  object space 84480K, 32% used [0x00000000a0000000,0x00000000a1a683a8,0x00000000a5280000)
 Metaspace       used 70986K, capacity 73766K, committed 74008K, reserved 1114112K
  class space    used 9461K, capacity 9986K, committed 10032K, reserved 1048576K
Event: 23.439 GC heap after
Heap after GC invocations=18 (full 3):
 PSYoungGen      total 220160K, used 20477K [0x00000000e0000000, 0x00000000f2300000, 0x0000000100000000)
  eden space 199680K, 0% used [0x00000000e0000000,0x00000000e0000000,0x00000000ec300000)
  from space 20480K, 99% used [0x00000000ec300000,0x00000000ed6ff548,0x00000000ed700000)
  to   space 26624K, 0% used [0x00000000f0900000,0x00000000f0900000,0x00000000f2300000)
 ParOldGen       total 84480K, used 34332K [0x00000000a0000000, 0x00000000a5280000, 0x00000000e0000000)
  object space 84480K, 40% used [0x00000000a0000000,0x00000000a2187070,0x00000000a5280000)
 Metaspace       used 70986K, capacity 73766K, committed 74008K, reserved 1114112K
  class space    used 9461K, capacity 9986K, committed 10032K, reserved 1048576K
}

