# JRE version: OpenJDK Runtime Environment (8.0_152-b01) (build 1.8.0_152-release-1343-b01)
# Java VM: OpenJDK 64-Bit Server VM (25.152-b01 mixed mode windows-amd64 compressed oops)
Heap:
 PSYoungGen      total 145408K, used 38964K [0x00000000e0000000, 0x00000000ea080000, 0x0000000100000000)
  eden space 126464K, 15% used [0x00000000e0000000,0x00000000e1393a38,0x00000000e7b80000)
  from space 18944K, 99% used [0x00000000e7b80000,0x00000000e8df9610,0x00000000e8e00000)
  to   space 13824K, 0% used [0x00000000e9300000,0x00000000e9300000,0x00000000ea080000)
 ParOldGen       total 158208K, used 109884K [0x00000000a0000000, 0x00000000a9a80000, 0x00000000e0000000)
  object space 158208K, 69% used [0x00000000a0000000,0x00000000a6b4f188,0x00000000a9a80000)
 Metaspace       used 103249K, capacity 108634K, committed 108824K, reserved 1144832K
  class space    used 13072K, capacity 14063K, committed 14104K, reserved 1048576K
GC Heap History (10 events):
Event: 3361.833 GC heap before
{Heap before GC invocations=41 (full 4):
 PSYoungGen      total 145920K, used 135788K [0x00000000e0000000, 0x00000000ea700000, 0x0000000100000000)
  eden space 125952K, 100% used [0x00000000e0000000,0x00000000e7b00000,0x00000000e7b00000)
  from space 19968K, 49% used [0x00000000e9380000,0x00000000e9d1b290,0x00000000ea700000)
  to   space 22528K, 0% used [0x00000000e7b00000,0x00000000e7b00000,0x00000000e9100000)
 ParOldGen       total 158208K, used 99481K [0x00000000a0000000, 0x00000000a9a80000, 0x00000000e0000000)
  object space 158208K, 62% used [0x00000000a0000000,0x00000000a61267c8,0x00000000a9a80000)
 Metaspace       used 99708K, capacity 104522K, committed 104856K, reserved 1140736K
  class space    used 12711K, capacity 13633K, committed 13720K, reserved 1048576K
Event: 3361.912 GC heap after
Heap after GC invocations=41 (full 4):
 PSYoungGen      total 148480K, used 11097K [0x00000000e0000000, 0x00000000eb080000, 0x0000000100000000)
  eden space 125952K, 0% used [0x00000000e0000000,0x00000000e0000000,0x00000000e7b00000)
  from space 22528K, 49% used [0x00000000e7b00000,0x00000000e85d64a0,0x00000000e9100000)
  to   space 22016K, 0% used [0x00000000e9b00000,0x00000000e9b00000,0x00000000eb080000)
 ParOldGen       total 158208K, used 99489K [0x00000000a0000000, 0x00000000a9a80000, 0x00000000e0000000)
  object space 158208K, 62% used [0x00000000a0000000,0x00000000a61287c8,0x00000000a9a80000)
 Metaspace       used 99708K, capacity 104522K, committed 104856K, reserved 1140736K
  class space    used 12711K, capacity 13633K, committed 13720K, reserved 1048576K
}
Event: 3457.034 GC heap before
{Heap before GC invocations=42 (full 4):
 PSYoungGen      total 148480K, used 137049K [0x00000000e0000000, 0x00000000eb080000, 0x0000000100000000)
  eden space 125952K, 100% used [0x00000000e0000000,0x00000000e7b00000,0x00000000e7b00000)
  from space 22528K, 49% used [0x00000000e7b00000,0x00000000e85d64a0,0x00000000e9100000)
  to   space 22016K, 0% used [0x00000000e9b00000,0x00000000e9b00000,0x00000000eb080000)
 ParOldGen       total 158208K, used 99489K [0x00000000a0000000, 0x00000000a9a80000, 0x00000000e0000000)
  object space 158208K, 62% used [0x00000000a0000000,0x00000000a61287c8,0x00000000a9a80000)
 Metaspace       used 100111K, capacity 105040K, committed 105112K, reserved 1140736K
  class space    used 12757K, capacity 13667K, committed 13720K, reserved 1048576K
Event: 3457.147 GC heap after
Heap after GC invocations=42 (full 4):
 PSYoungGen      total 153600K, used 7019K [0x00000000e0000000, 0x00000000ead00000, 0x0000000100000000)
  eden space 135168K, 0% used [0x00000000e0000000,0x00000000e0000000,0x00000000e8400000)
  from space 18432K, 38% used [0x00000000e9b00000,0x00000000ea1dae10,0x00000000ead00000)
  to   space 20992K, 0% used [0x00000000e8400000,0x00000000e8400000,0x00000000e9880000)
 ParOldGen       total 158208K, used 99497K [0x00000000a0000000, 0x00000000a9a80000, 0x00000000e0000000)
  object space 158208K, 62% used [0x00000000a0000000,0x00000000a612a7c8,0x00000000a9a80000)
 Metaspace       used 100111K, capacity 105040K, committed 105112K, reserved 1140736K
  class space    used 12757K, capacity 13667K, committed 13720K, reserved 1048576K
}
Event: 10088.625 GC heap before
{Heap before GC invocations=43 (full 4):
 PSYoungGen      total 153600K, used 142187K [0x00000000e0000000, 0x00000000ead00000, 0x0000000100000000)
  eden space 135168K, 100% used [0x00000000e0000000,0x00000000e8400000,0x00000000e8400000)
  from space 18432K, 38% used [0x00000000e9b00000,0x00000000ea1dae10,0x00000000ead00000)
  to   space 20992K, 0% used [0x00000000e8400000,0x00000000e8400000,0x00000000e9880000)
 ParOldGen       total 158208K, used 99497K [0x00000000a0000000, 0x00000000a9a80000, 0x00000000e0000000)
  object space 158208K, 62% used [0x00000000a0000000,0x00000000a612a7c8,0x00000000a9a80000)
 Metaspace       used 100624K, capacity 106014K, committed 106264K, reserved 1142784K
  class space    used 12830K, capacity 13785K, committed 13848K, reserved 1048576K
Event: 10089.107 GC heap after
Heap after GC invocations=43 (full 4):
 PSYoungGen      total 137728K, used 7064K [0x00000000e0000000, 0x00000000ea680000, 0x0000000100000000)
  eden space 130560K, 0% used [0x00000000e0000000,0x00000000e0000000,0x00000000e7f80000)
  from space 7168K, 98% used [0x00000000e8400000,0x00000000e8ae60e0,0x00000000e8b00000)
  to   space 19968K, 0% used [0x00000000e9300000,0x00000000e9300000,0x00000000ea680000)
 ParOldGen       total 158208K, used 99505K [0x00000000a0000000, 0x00000000a9a80000, 0x00000000e0000000)
  object space 158208K, 62% used [0x00000000a0000000,0x00000000a612c7c8,0x00000000a9a80000)
 Metaspace       used 100624K, capacity 106014K, committed 106264K, reserved 1142784K
  class space    used 12830K, capacity 13785K, committed 13848K, reserved 1048576K
}
Event: 10337.538 GC heap before
{Heap before GC invocations=44 (full 4):
 PSYoungGen      total 137728K, used 137624K [0x00000000e0000000, 0x00000000ea680000, 0x0000000100000000)
  eden space 130560K, 100% used [0x00000000e0000000,0x00000000e7f80000,0x00000000e7f80000)
  from space 7168K, 98% used [0x00000000e8400000,0x00000000e8ae60e0,0x00000000e8b00000)
  to   space 19968K, 0% used [0x00000000e9300000,0x00000000e9300000,0x00000000ea680000)
 ParOldGen       total 158208K, used 99505K [0x00000000a0000000, 0x00000000a9a80000, 0x00000000e0000000)
  object space 158208K, 62% used [0x00000000a0000000,0x00000000a612c7c8,0x00000000a9a80000)
 Metaspace       used 100741K, capacity 106110K, committed 106264K, reserved 1142784K
  class space    used 12840K, capacity 13801K, committed 13848K, reserved 1048576K
Event: 10337.601 GC heap after
Heap after GC invocations=44 (full 4):
 PSYoungGen      total 140288K, used 9064K [0x00000000e0000000, 0x00000000ea080000, 0x0000000100000000)
  eden space 126464K, 0% used [0x00000000e0000000,0x00000000e0000000,0x00000000e7b80000)
  from space 13824K, 65% used [0x00000000e9300000,0x00000000e9bda0f0,0x00000000ea080000)
  to   space 18944K, 0% used [0x00000000e7b80000,0x00000000e7b80000,0x00000000e8e00000)
 ParOldGen       total 158208K, used 99513K [0x00000000a0000000, 0x00000000a9a80000, 0x00000000e0000000)
  object space 158208K, 62% used [0x00000000a0000000,0x00000000a612e7c8,0x00000000a9a80000)
 Metaspace       used 100741K, capacity 106110K, committed 106264K, reserved 1142784K
  class space    used 12840K, capacity 13801K, committed 13848K, reserved 1048576K
}
Event: 10350.907 GC heap before
{Heap before GC invocations=45 (full 4):
 PSYoungGen      total 140288K, used 135528K [0x00000000e0000000, 0x00000000ea080000, 0x0000000100000000)
  eden space 126464K, 100% used [0x00000000e0000000,0x00000000e7b80000,0x00000000e7b80000)
  from space 13824K, 65% used [0x00000000e9300000,0x00000000e9bda0f0,0x00000000ea080000)
  to   space 18944K, 0% used [0x00000000e7b80000,0x00000000e7b80000,0x00000000e8e00000)
 ParOldGen       total 158208K, used 99513K [0x00000000a0000000, 0x00000000a9a80000, 0x00000000e0000000)
  object space 158208K, 62% used [0x00000000a0000000,0x00000000a612e7c8,0x00000000a9a80000)
 Metaspace       used 103240K, capacity 108634K, committed 108824K, reserved 1144832K
  class space    used 13072K, capacity 14063K, committed 14104K, reserved 1048576K
Event: 10351.236 GC heap after
Heap after GC invocations=45 (full 4):
 PSYoungGen      total 145408K, used 18917K [0x00000000e0000000, 0x00000000ea080000, 0x0000000100000000)
  eden space 126464K, 0% used [0x00000000e0000000,0x00000000e0000000,0x00000000e7b80000)
  from space 18944K, 99% used [0x00000000e7b80000,0x00000000e8df9610,0x00000000e8e00000)
  to   space 13824K, 0% used [0x00000000e9300000,0x00000000e9300000,0x00000000ea080000)
 ParOldGen       total 158208K, used 109884K [0x00000000a0000000, 0x00000000a9a80000, 0x00000000e0000000)
  object space 158208K, 69% used [0x00000000a0000000,0x00000000a6b4f188,0x00000000a9a80000)
 Metaspace       used 103240K, capacity 108634K, committed 108824K, reserved 1144832K
  class space    used 13072K, capacity 14063K, committed 14104K, reserved 1048576K
}

