# JRE version: OpenJDK Runtime Environment (8.0_152-b01) (build 1.8.0_152-release-1343-b01)
# Java VM: OpenJDK 64-Bit Server VM (25.152-b01 mixed mode windows-amd64 compressed oops)
Heap:
 PSYoungGen      total 223232K, used 171462K [0x00000000e0000000, 0x00000000ef580000, 0x0000000100000000)
  eden space 199168K, 81% used [0x00000000e0000000,0x00000000e9d9f5d0,0x00000000ec280000)
  from space 24064K, 41% used [0x00000000ec280000,0x00000000ecc52580,0x00000000eda00000)
  to   space 18432K, 0% used [0x00000000eda00000,0x00000000eda00000,0x00000000eec00000)
 ParOldGen       total 91648K, used 53757K [0x00000000a0000000, 0x00000000a5980000, 0x00000000e0000000)
  object space 91648K, 58% used [0x00000000a0000000,0x00000000a347f708,0x00000000a5980000)
 Metaspace       used 75398K, capacity 78588K, committed 78744K, reserved 1118208K
  class space    used 9963K, capacity 10575K, committed 10672K, reserved 1048576K
GC Heap History (10 events):
Event: 11.508 GC heap before
{Heap before GC invocations=16 (full 3):
 PSYoungGen      total 189440K, used 174080K [0x00000000e0000000, 0x00000000eca00000, 0x0000000100000000)
  eden space 174080K, 100% used [0x00000000e0000000,0x00000000eaa00000,0x00000000eaa00000)
  from space 15360K, 0% used [0x00000000eba00000,0x00000000eba00000,0x00000000ec900000)
  to   space 16384K, 0% used [0x00000000eaa00000,0x00000000eaa00000,0x00000000eba00000)
 ParOldGen       total 91648K, used 34182K [0x00000000a0000000, 0x00000000a5980000, 0x00000000e0000000)
  object space 91648K, 37% used [0x00000000a0000000,0x00000000a2161898,0x00000000a5980000)
 Metaspace       used 61468K, capacity 63428K, committed 63512K, reserved 1103872K
  class space    used 8295K, capacity 8721K, committed 8752K, reserved 1048576K
Event: 11.528 GC heap after
Heap after GC invocations=16 (full 3):
 PSYoungGen      total 190464K, used 14889K [0x00000000e0000000, 0x00000000eec00000, 0x0000000100000000)
  eden space 174080K, 0% used [0x00000000e0000000,0x00000000e0000000,0x00000000eaa00000)
  from space 16384K, 90% used [0x00000000eaa00000,0x00000000eb88a618,0x00000000eba00000)
  to   space 18432K, 0% used [0x00000000eda00000,0x00000000eda00000,0x00000000eec00000)
 ParOldGen       total 91648K, used 34190K [0x00000000a0000000, 0x00000000a5980000, 0x00000000e0000000)
  object space 91648K, 37% used [0x00000000a0000000,0x00000000a2163898,0x00000000a5980000)
 Metaspace       used 61468K, capacity 63428K, committed 63512K, reserved 1103872K
  class space    used 8295K, capacity 8721K, committed 8752K, reserved 1048576K
}
Event: 14.623 GC heap before
{Heap before GC invocations=17 (full 3):
 PSYoungGen      total 190464K, used 188969K [0x00000000e0000000, 0x00000000eec00000, 0x0000000100000000)
  eden space 174080K, 100% used [0x00000000e0000000,0x00000000eaa00000,0x00000000eaa00000)
  from space 16384K, 90% used [0x00000000eaa00000,0x00000000eb88a618,0x00000000eba00000)
  to   space 18432K, 0% used [0x00000000eda00000,0x00000000eda00000,0x00000000eec00000)
 ParOldGen       total 91648K, used 34190K [0x00000000a0000000, 0x00000000a5980000, 0x00000000e0000000)
  object space 91648K, 37% used [0x00000000a0000000,0x00000000a2163898,0x00000000a5980000)
 Metaspace       used 70985K, capacity 73686K, committed 73752K, reserved 1114112K
  class space    used 9460K, capacity 10006K, committed 10032K, reserved 1048576K
Event: 14.663 GC heap after
Heap after GC invocations=17 (full 3):
 PSYoungGen      total 217600K, used 18410K [0x00000000e0000000, 0x00000000ef580000, 0x0000000100000000)
  eden space 199168K, 0% used [0x00000000e0000000,0x00000000e0000000,0x00000000ec280000)
  from space 18432K, 99% used [0x00000000eda00000,0x00000000eebfa940,0x00000000eec00000)
  to   space 24064K, 0% used [0x00000000ec280000,0x00000000ec280000,0x00000000eda00000)
 ParOldGen       total 91648K, used 42298K [0x00000000a0000000, 0x00000000a5980000, 0x00000000e0000000)
  object space 91648K, 46% used [0x00000000a0000000,0x00000000a294e8f8,0x00000000a5980000)
 Metaspace       used 70985K, capacity 73686K, committed 73752K, reserved 1114112K
  class space    used 9460K, capacity 10006K, committed 10032K, reserved 1048576K
}
Event: 16.784 GC heap before
{Heap before GC invocations=18 (full 3):
 PSYoungGen      total 217600K, used 217578K [0x00000000e0000000, 0x00000000ef580000, 0x0000000100000000)
  eden space 199168K, 100% used [0x00000000e0000000,0x00000000ec280000,0x00000000ec280000)
  from space 18432K, 99% used [0x00000000eda00000,0x00000000eebfa940,0x00000000eec00000)
  to   space 24064K, 0% used [0x00000000ec280000,0x00000000ec280000,0x00000000eda00000)
 ParOldGen       total 91648K, used 42298K [0x00000000a0000000, 0x00000000a5980000, 0x00000000e0000000)
  object space 91648K, 46% used [0x00000000a0000000,0x00000000a294e8f8,0x00000000a5980000)
 Metaspace       used 71697K, capacity 74494K, committed 74648K, reserved 1114112K
  class space    used 9476K, capacity 10038K, committed 10160K, reserved 1048576K
Event: 16.824 GC heap after
Heap after GC invocations=18 (full 3):
 PSYoungGen      total 223232K, used 13646K [0x00000000e0000000, 0x00000000ef580000, 0x0000000100000000)
  eden space 199168K, 0% used [0x00000000e0000000,0x00000000e0000000,0x00000000ec280000)
  from space 24064K, 56% used [0x00000000ec280000,0x00000000ecfd3858,0x00000000eda00000)
  to   space 18432K, 0% used [0x00000000eda00000,0x00000000eda00000,0x00000000eec00000)
 ParOldGen       total 91648K, used 53741K [0x00000000a0000000, 0x00000000a5980000, 0x00000000e0000000)
  object space 91648K, 58% used [0x00000000a0000000,0x00000000a347b708,0x00000000a5980000)
 Metaspace       used 71697K, capacity 74494K, committed 74648K, reserved 1114112K
  class space    used 9476K, capacity 10038K, committed 10160K, reserved 1048576K
}
Event: 18.261 GC heap before
{Heap before GC invocations=19 (full 3):
 PSYoungGen      total 223232K, used 212814K [0x00000000e0000000, 0x00000000ef580000, 0x0000000100000000)
  eden space 199168K, 100% used [0x00000000e0000000,0x00000000ec280000,0x00000000ec280000)
  from space 24064K, 56% used [0x00000000ec280000,0x00000000ecfd3858,0x00000000eda00000)
  to   space 18432K, 0% used [0x00000000eda00000,0x00000000eda00000,0x00000000eec00000)
 ParOldGen       total 91648K, used 53741K [0x00000000a0000000, 0x00000000a5980000, 0x00000000e0000000)
  object space 91648K, 58% used [0x00000000a0000000,0x00000000a347b708,0x00000000a5980000)
 Metaspace       used 71911K, capacity 74732K, committed 74904K, reserved 1114112K
  class space    used 9480K, capacity 10043K, committed 10160K, reserved 1048576K
Event: 18.291 GC heap after
Heap after GC invocations=19 (full 3):
 PSYoungGen      total 217600K, used 13069K [0x00000000e0000000, 0x00000000ef580000, 0x0000000100000000)
  eden space 199168K, 0% used [0x00000000e0000000,0x00000000e0000000,0x00000000ec280000)
  from space 18432K, 70% used [0x00000000eda00000,0x00000000ee6c34b8,0x00000000eec00000)
  to   space 24064K, 0% used [0x00000000ec280000,0x00000000ec280000,0x00000000eda00000)
 ParOldGen       total 91648K, used 53749K [0x00000000a0000000, 0x00000000a5980000, 0x00000000e0000000)
  object space 91648K, 58% used [0x00000000a0000000,0x00000000a347d708,0x00000000a5980000)
 Metaspace       used 71911K, capacity 74732K, committed 74904K, reserved 1114112K
  class space    used 9480K, capacity 10043K, committed 10160K, reserved 1048576K
}
Event: 20.045 GC heap before
{Heap before GC invocations=20 (full 3):
 PSYoungGen      total 217600K, used 212237K [0x00000000e0000000, 0x00000000ef580000, 0x0000000100000000)
  eden space 199168K, 100% used [0x00000000e0000000,0x00000000ec280000,0x00000000ec280000)
  from space 18432K, 70% used [0x00000000eda00000,0x00000000ee6c34b8,0x00000000eec00000)
  to   space 24064K, 0% used [0x00000000ec280000,0x00000000ec280000,0x00000000eda00000)
 ParOldGen       total 91648K, used 53749K [0x00000000a0000000, 0x00000000a5980000, 0x00000000e0000000)
  object space 91648K, 58% used [0x00000000a0000000,0x00000000a347d708,0x00000000a5980000)
 Metaspace       used 72317K, capacity 75190K, committed 75416K, reserved 1114112K
  class space    used 9519K, capacity 10080K, committed 10160K, reserved 1048576K
Event: 20.060 GC heap after
Heap after GC invocations=20 (full 3):
 PSYoungGen      total 223232K, used 10057K [0x00000000e0000000, 0x00000000ef580000, 0x0000000100000000)
  eden space 199168K, 0% used [0x00000000e0000000,0x00000000e0000000,0x00000000ec280000)
  from space 24064K, 41% used [0x00000000ec280000,0x00000000ecc52580,0x00000000eda00000)
  to   space 18432K, 0% used [0x00000000eda00000,0x00000000eda00000,0x00000000eec00000)
 ParOldGen       total 91648K, used 53757K [0x00000000a0000000, 0x00000000a5980000, 0x00000000e0000000)
  object space 91648K, 58% used [0x00000000a0000000,0x00000000a347f708,0x00000000a5980000)
 Metaspace       used 72317K, capacity 75190K, committed 75416K, reserved 1114112K
  class space    used 9519K, capacity 10080K, committed 10160K, reserved 1048576K
}

