# JRE version: OpenJDK Runtime Environment (8.0_152-b01) (build 1.8.0_152-release-1343-b01)
# Java VM: OpenJDK 64-Bit Server VM (25.152-b01 mixed mode windows-amd64 compressed oops)
Heap:
 PSYoungGen      total 179712K, used 36851K [0x00000000e0000000, 0x00000000ed000000, 0x0000000100000000)
  eden space 156160K, 8% used [0x00000000e0000000,0x00000000e0d2dbe8,0x00000000e9880000)
  from space 23552K, 99% used [0x00000000e9880000,0x00000000eaf4f220,0x00000000eaf80000)
  to   space 26624K, 0% used [0x00000000eb600000,0x00000000eb600000,0x00000000ed000000)
 ParOldGen       total 129536K, used 51808K [0x00000000a0000000, 0x00000000a7e80000, 0x00000000e0000000)
  object space 129536K, 39% used [0x00000000a0000000,0x00000000a32983a8,0x00000000a7e80000)
 Metaspace       used 94959K, capacity 100861K, committed 101032K, reserved 1138688K
  class space    used 11745K, capacity 12716K, committed 12736K, reserved 1048576K
GC Heap History (10 events):
Event: 3756.296 GC heap before
{Heap before GC invocations=83 (full 4):
 PSYoungGen      total 165888K, used 159106K [0x00000000e0000000, 0x00000000eb580000, 0x0000000100000000)
  eden space 150016K, 100% used [0x00000000e0000000,0x00000000e9280000,0x00000000e9280000)
  from space 15872K, 57% used [0x00000000ea600000,0x00000000eaee0b58,0x00000000eb580000)
  to   space 17920K, 0% used [0x00000000e9280000,0x00000000e9280000,0x00000000ea400000)
 ParOldGen       total 129536K, used 48240K [0x00000000a0000000, 0x00000000a7e80000, 0x00000000e0000000)
  object space 129536K, 37% used [0x00000000a0000000,0x00000000a2f1c348,0x00000000a7e80000)
 Metaspace       used 94536K, capacity 100399K, committed 100520K, reserved 1136640K
  class space    used 11712K, capacity 12655K, committed 12736K, reserved 1048576K
Event: 3756.305 GC heap after
Heap after GC invocations=83 (full 4):
 PSYoungGen      total 167936K, used 5122K [0x00000000e0000000, 0x00000000eb900000, 0x0000000100000000)
  eden space 150016K, 0% used [0x00000000e0000000,0x00000000e0000000,0x00000000e9280000)
  from space 17920K, 28% used [0x00000000e9280000,0x00000000e9780b58,0x00000000ea400000)
  to   space 17920K, 0% used [0x00000000ea780000,0x00000000ea780000,0x00000000eb900000)
 ParOldGen       total 129536K, used 48272K [0x00000000a0000000, 0x00000000a7e80000, 0x00000000e0000000)
  object space 129536K, 37% used [0x00000000a0000000,0x00000000a2f24348,0x00000000a7e80000)
 Metaspace       used 94536K, capacity 100399K, committed 100520K, reserved 1136640K
  class space    used 11712K, capacity 12655K, committed 12736K, reserved 1048576K
}
Event: 3758.796 GC heap before
{Heap before GC invocations=84 (full 4):
 PSYoungGen      total 167936K, used 155138K [0x00000000e0000000, 0x00000000eb900000, 0x0000000100000000)
  eden space 150016K, 100% used [0x00000000e0000000,0x00000000e9280000,0x00000000e9280000)
  from space 17920K, 28% used [0x00000000e9280000,0x00000000e9780b58,0x00000000ea400000)
  to   space 17920K, 0% used [0x00000000ea780000,0x00000000ea780000,0x00000000eb900000)
 ParOldGen       total 129536K, used 48272K [0x00000000a0000000, 0x00000000a7e80000, 0x00000000e0000000)
  object space 129536K, 37% used [0x00000000a0000000,0x00000000a2f24348,0x00000000a7e80000)
 Metaspace       used 94549K, capacity 100399K, committed 100520K, reserved 1136640K
  class space    used 11713K, capacity 12655K, committed 12736K, reserved 1048576K
Event: 3758.814 GC heap after
Heap after GC invocations=84 (full 4):
 PSYoungGen      total 171520K, used 10684K [0x00000000e0000000, 0x00000000ebb00000, 0x0000000100000000)
  eden space 153600K, 0% used [0x00000000e0000000,0x00000000e0000000,0x00000000e9600000)
  from space 17920K, 59% used [0x00000000ea780000,0x00000000eb1ef388,0x00000000eb900000)
  to   space 17920K, 0% used [0x00000000e9600000,0x00000000e9600000,0x00000000ea780000)
 ParOldGen       total 129536K, used 48288K [0x00000000a0000000, 0x00000000a7e80000, 0x00000000e0000000)
  object space 129536K, 37% used [0x00000000a0000000,0x00000000a2f28348,0x00000000a7e80000)
 Metaspace       used 94549K, capacity 100399K, committed 100520K, reserved 1136640K
  class space    used 11713K, capacity 12655K, committed 12736K, reserved 1048576K
}
Event: 3998.767 GC heap before
{Heap before GC invocations=85 (full 4):
 PSYoungGen      total 171520K, used 162511K [0x00000000e0000000, 0x00000000ebb00000, 0x0000000100000000)
  eden space 153600K, 98% used [0x00000000e0000000,0x00000000e9444960,0x00000000e9600000)
  from space 17920K, 59% used [0x00000000ea780000,0x00000000eb1ef388,0x00000000eb900000)
  to   space 17920K, 0% used [0x00000000e9600000,0x00000000e9600000,0x00000000ea780000)
 ParOldGen       total 129536K, used 48288K [0x00000000a0000000, 0x00000000a7e80000, 0x00000000e0000000)
  object space 129536K, 37% used [0x00000000a0000000,0x00000000a2f28348,0x00000000a7e80000)
 Metaspace       used 94626K, capacity 100463K, committed 100776K, reserved 1136640K
  class space    used 11713K, capacity 12655K, committed 12736K, reserved 1048576K
Event: 3998.789 GC heap after
Heap after GC invocations=85 (full 4):
 PSYoungGen      total 171520K, used 17892K [0x00000000e0000000, 0x00000000ec480000, 0x0000000100000000)
  eden space 153600K, 0% used [0x00000000e0000000,0x00000000e0000000,0x00000000e9600000)
  from space 17920K, 99% used [0x00000000e9600000,0x00000000ea779168,0x00000000ea780000)
  to   space 21504K, 0% used [0x00000000eaf80000,0x00000000eaf80000,0x00000000ec480000)
 ParOldGen       total 129536K, used 51768K [0x00000000a0000000, 0x00000000a7e80000, 0x00000000e0000000)
  object space 129536K, 39% used [0x00000000a0000000,0x00000000a328e3a8,0x00000000a7e80000)
 Metaspace       used 94626K, capacity 100463K, committed 100776K, reserved 1136640K
  class space    used 11713K, capacity 12655K, committed 12736K, reserved 1048576K
}
Event: 4109.168 GC heap before
{Heap before GC invocations=86 (full 4):
 PSYoungGen      total 171520K, used 171492K [0x00000000e0000000, 0x00000000ec480000, 0x0000000100000000)
  eden space 153600K, 100% used [0x00000000e0000000,0x00000000e9600000,0x00000000e9600000)
  from space 17920K, 99% used [0x00000000e9600000,0x00000000ea779168,0x00000000ea780000)
  to   space 21504K, 0% used [0x00000000eaf80000,0x00000000eaf80000,0x00000000ec480000)
 ParOldGen       total 129536K, used 51768K [0x00000000a0000000, 0x00000000a7e80000, 0x00000000e0000000)
  object space 129536K, 39% used [0x00000000a0000000,0x00000000a328e3a8,0x00000000a7e80000)
 Metaspace       used 94906K, capacity 100785K, committed 101032K, reserved 1138688K
  class space    used 11744K, capacity 12714K, committed 12736K, reserved 1048576K
Event: 4109.192 GC heap after
Heap after GC invocations=86 (full 4):
 PSYoungGen      total 177664K, used 18991K [0x00000000e0000000, 0x00000000ec780000, 0x0000000100000000)
  eden space 156160K, 0% used [0x00000000e0000000,0x00000000e0000000,0x00000000e9880000)
  from space 21504K, 88% used [0x00000000eaf80000,0x00000000ec20bda8,0x00000000ec480000)
  to   space 23552K, 0% used [0x00000000e9880000,0x00000000e9880000,0x00000000eaf80000)
 ParOldGen       total 129536K, used 51800K [0x00000000a0000000, 0x00000000a7e80000, 0x00000000e0000000)
  object space 129536K, 39% used [0x00000000a0000000,0x00000000a32963a8,0x00000000a7e80000)
 Metaspace       used 94906K, capacity 100785K, committed 101032K, reserved 1138688K
  class space    used 11744K, capacity 12714K, committed 12736K, reserved 1048576K
}
Event: 4135.746 GC heap before
{Heap before GC invocations=87 (full 4):
 PSYoungGen      total 177664K, used 175151K [0x00000000e0000000, 0x00000000ec780000, 0x0000000100000000)
  eden space 156160K, 100% used [0x00000000e0000000,0x00000000e9880000,0x00000000e9880000)
  from space 21504K, 88% used [0x00000000eaf80000,0x00000000ec20bda8,0x00000000ec480000)
  to   space 23552K, 0% used [0x00000000e9880000,0x00000000e9880000,0x00000000eaf80000)
 ParOldGen       total 129536K, used 51800K [0x00000000a0000000, 0x00000000a7e80000, 0x00000000e0000000)
  object space 129536K, 39% used [0x00000000a0000000,0x00000000a32963a8,0x00000000a7e80000)
 Metaspace       used 94958K, capacity 100861K, committed 101032K, reserved 1138688K
  class space    used 11745K, capacity 12716K, committed 12736K, reserved 1048576K
Event: 4135.781 GC heap after
Heap after GC invocations=87 (full 4):
 PSYoungGen      total 179712K, used 23356K [0x00000000e0000000, 0x00000000ed000000, 0x0000000100000000)
  eden space 156160K, 0% used [0x00000000e0000000,0x00000000e0000000,0x00000000e9880000)
  from space 23552K, 99% used [0x00000000e9880000,0x00000000eaf4f220,0x00000000eaf80000)
  to   space 26624K, 0% used [0x00000000eb600000,0x00000000eb600000,0x00000000ed000000)
 ParOldGen       total 129536K, used 51808K [0x00000000a0000000, 0x00000000a7e80000, 0x00000000e0000000)
  object space 129536K, 39% used [0x00000000a0000000,0x00000000a32983a8,0x00000000a7e80000)
 Metaspace       used 94958K, capacity 100861K, committed 101032K, reserved 1138688K
  class space    used 11745K, capacity 12716K, committed 12736K, reserved 1048576K
}

