# JRE version: OpenJDK Runtime Environment (8.0_152-b01) (build 1.8.0_152-release-1343-b01)
# Java VM: OpenJDK 64-Bit Server VM (25.152-b01 mixed mode windows-amd64 compressed oops)
Heap:
 PSYoungGen      total 101888K, used 53248K [0x00000000e0000000, 0x00000000e9300000, 0x0000000100000000)
  eden space 53248K, 100% used [0x00000000e0000000,0x00000000e3400000,0x00000000e3400000)
  from space 48640K, 0% used [0x00000000e6380000,0x00000000e6380000,0x00000000e9300000)
  to   space 45056K, 0% used [0x00000000e3500000,0x00000000e3500000,0x00000000e6100000)
 ParOldGen       total 81408K, used 49481K [0x00000000a0000000, 0x00000000a4f80000, 0x00000000e0000000)
  object space 81408K, 60% used [0x00000000a0000000,0x00000000a3052490,0x00000000a4f80000)
 Metaspace       used 96306K, capacity 99662K, committed 100620K, reserved 1138688K
  class space    used 12135K, capacity 12807K, committed 13056K, reserved 1048576K
GC Heap History (10 events):
Event: 1995.436 GC heap after
Heap after GC invocations=42 (full 3):
 PSYoungGen      total 97280K, used 29617K [0x00000000e0000000, 0x00000000e8b00000, 0x0000000100000000)
  eden space 56320K, 0% used [0x00000000e0000000,0x00000000e0000000,0x00000000e3700000)
  from space 40960K, 72% used [0x00000000e3880000,0x00000000e556c438,0x00000000e6080000)
  to   space 43008K, 0% used [0x00000000e6100000,0x00000000e6100000,0x00000000e8b00000)
 ParOldGen       total 81408K, used 54342K [0x00000000a0000000, 0x00000000a4f80000, 0x00000000e0000000)
  object space 81408K, 66% used [0x00000000a0000000,0x00000000a3511ad8,0x00000000a4f80000)
 Metaspace       used 87788K, capacity 91320K, committed 91480K, reserved 1128448K
  class space    used 11158K, capacity 11826K, committed 11904K, reserved 1048576K
}
Event: 1999.327 GC heap before
{Heap before GC invocations=43 (full 3):
 PSYoungGen      total 97280K, used 85937K [0x00000000e0000000, 0x00000000e8b00000, 0x0000000100000000)
  eden space 56320K, 100% used [0x00000000e0000000,0x00000000e3700000,0x00000000e3700000)
  from space 40960K, 72% used [0x00000000e3880000,0x00000000e556c438,0x00000000e6080000)
  to   space 43008K, 0% used [0x00000000e6100000,0x00000000e6100000,0x00000000e8b00000)
 ParOldGen       total 81408K, used 54342K [0x00000000a0000000, 0x00000000a4f80000, 0x00000000e0000000)
  object space 81408K, 66% used [0x00000000a0000000,0x00000000a3511ad8,0x00000000a4f80000)
 Metaspace       used 88831K, capacity 92452K, committed 92632K, reserved 1130496K
  class space    used 11248K, capacity 11948K, committed 12032K, reserved 1048576K
Event: 1999.370 GC heap after
Heap after GC invocations=43 (full 3):
 PSYoungGen      total 97280K, used 30014K [0x00000000e0000000, 0x00000000e8e00000, 0x0000000100000000)
  eden space 54272K, 0% used [0x00000000e0000000,0x00000000e0000000,0x00000000e3500000)
  from space 43008K, 69% used [0x00000000e6100000,0x00000000e7e4f900,0x00000000e8b00000)
  to   space 45056K, 0% used [0x00000000e3500000,0x00000000e3500000,0x00000000e6100000)
 ParOldGen       total 81408K, used 54350K [0x00000000a0000000, 0x00000000a4f80000, 0x00000000e0000000)
  object space 81408K, 66% used [0x00000000a0000000,0x00000000a3513ad8,0x00000000a4f80000)
 Metaspace       used 88831K, capacity 92452K, committed 92632K, reserved 1130496K
  class space    used 11248K, capacity 11948K, committed 12032K, reserved 1048576K
}
Event: 2006.572 GC heap before
{Heap before GC invocations=44 (full 3):
 PSYoungGen      total 97280K, used 81602K [0x00000000e0000000, 0x00000000e8e00000, 0x0000000100000000)
  eden space 54272K, 95% used [0x00000000e0000000,0x00000000e3261110,0x00000000e3500000)
  from space 43008K, 69% used [0x00000000e6100000,0x00000000e7e4f900,0x00000000e8b00000)
  to   space 45056K, 0% used [0x00000000e3500000,0x00000000e3500000,0x00000000e6100000)
 ParOldGen       total 81408K, used 54350K [0x00000000a0000000, 0x00000000a4f80000, 0x00000000e0000000)
  object space 81408K, 66% used [0x00000000a0000000,0x00000000a3513ad8,0x00000000a4f80000)
 Metaspace       used 94404K, capacity 98440K, committed 98752K, reserved 1134592K
  class space    used 11991K, capacity 12730K, committed 12800K, reserved 1048576K
Event: 2006.610 GC heap after
Heap after GC invocations=44 (full 3):
 PSYoungGen      total 98304K, used 36043K [0x00000000e0000000, 0x00000000e9300000, 0x0000000100000000)
  eden space 53248K, 0% used [0x00000000e0000000,0x00000000e0000000,0x00000000e3400000)
  from space 45056K, 79% used [0x00000000e3500000,0x00000000e5832cb8,0x00000000e6100000)
  to   space 48640K, 0% used [0x00000000e6380000,0x00000000e6380000,0x00000000e9300000)
 ParOldGen       total 81408K, used 54358K [0x00000000a0000000, 0x00000000a4f80000, 0x00000000e0000000)
  object space 81408K, 66% used [0x00000000a0000000,0x00000000a3515ad8,0x00000000a4f80000)
 Metaspace       used 94404K, capacity 98440K, committed 98752K, reserved 1134592K
  class space    used 11991K, capacity 12730K, committed 12800K, reserved 1048576K
}
Event: 2006.656 GC heap before
{Heap before GC invocations=45 (full 3):
 PSYoungGen      total 98304K, used 38268K [0x00000000e0000000, 0x00000000e9300000, 0x0000000100000000)
  eden space 53248K, 4% used [0x00000000e0000000,0x00000000e022c598,0x00000000e3400000)
  from space 45056K, 79% used [0x00000000e3500000,0x00000000e5832cb8,0x00000000e6100000)
  to   space 48640K, 0% used [0x00000000e6380000,0x00000000e6380000,0x00000000e9300000)
 ParOldGen       total 81408K, used 54358K [0x00000000a0000000, 0x00000000a4f80000, 0x00000000e0000000)
  object space 81408K, 66% used [0x00000000a0000000,0x00000000a3515ad8,0x00000000a4f80000)
 Metaspace       used 94790K, capacity 98758K, committed 98828K, reserved 1136640K
  class space    used 12050K, capacity 12771K, committed 12800K, reserved 1048576K
Event: 2006.688 GC heap after
Heap after GC invocations=45 (full 3):
 PSYoungGen      total 101888K, used 31886K [0x00000000e0000000, 0x00000000e9300000, 0x0000000100000000)
  eden space 53248K, 0% used [0x00000000e0000000,0x00000000e0000000,0x00000000e3400000)
  from space 48640K, 65% used [0x00000000e6380000,0x00000000e82a3958,0x00000000e9300000)
  to   space 45056K, 0% used [0x00000000e3500000,0x00000000e3500000,0x00000000e6100000)
 ParOldGen       total 81408K, used 54366K [0x00000000a0000000, 0x00000000a4f80000, 0x00000000e0000000)
  object space 81408K, 66% used [0x00000000a0000000,0x00000000a3517ad8,0x00000000a4f80000)
 Metaspace       used 94790K, capacity 98758K, committed 98828K, reserved 1136640K
  class space    used 12050K, capacity 12771K, committed 12800K, reserved 1048576K
}
Event: 2006.688 GC heap before
{Heap before GC invocations=46 (full 4):
 PSYoungGen      total 101888K, used 31886K [0x00000000e0000000, 0x00000000e9300000, 0x0000000100000000)
  eden space 53248K, 0% used [0x00000000e0000000,0x00000000e0000000,0x00000000e3400000)
  from space 48640K, 65% used [0x00000000e6380000,0x00000000e82a3958,0x00000000e9300000)
  to   space 45056K, 0% used [0x00000000e3500000,0x00000000e3500000,0x00000000e6100000)
 ParOldGen       total 81408K, used 54366K [0x00000000a0000000, 0x00000000a4f80000, 0x00000000e0000000)
  object space 81408K, 66% used [0x00000000a0000000,0x00000000a3517ad8,0x00000000a4f80000)
 Metaspace       used 94790K, capacity 98758K, committed 98828K, reserved 1136640K
  class space    used 12050K, capacity 12771K, committed 12800K, reserved 1048576K
Event: 2007.290 GC heap after
Heap after GC invocations=46 (full 4):
 PSYoungGen      total 101888K, used 0K [0x00000000e0000000, 0x00000000e9300000, 0x0000000100000000)
  eden space 53248K, 0% used [0x00000000e0000000,0x00000000e0000000,0x00000000e3400000)
  from space 48640K, 0% used [0x00000000e6380000,0x00000000e6380000,0x00000000e9300000)
  to   space 45056K, 0% used [0x00000000e3500000,0x00000000e3500000,0x00000000e6100000)
 ParOldGen       total 81408K, used 49481K [0x00000000a0000000, 0x00000000a4f80000, 0x00000000e0000000)
  object space 81408K, 60% used [0x00000000a0000000,0x00000000a3052490,0x00000000a4f80000)
 Metaspace       used 94303K, capacity 97624K, committed 98828K, reserved 1136640K
  class space    used 11931K, capacity 12592K, committed 12800K, reserved 1048576K
}
Event: 2008.616 GC heap before
{Heap before GC invocations=47 (full 4):
 PSYoungGen      total 101888K, used 53248K [0x00000000e0000000, 0x00000000e9300000, 0x0000000100000000)
  eden space 53248K, 100% used [0x00000000e0000000,0x00000000e3400000,0x00000000e3400000)
  from space 48640K, 0% used [0x00000000e6380000,0x00000000e6380000,0x00000000e9300000)
  to   space 45056K, 0% used [0x00000000e3500000,0x00000000e3500000,0x00000000e6100000)
 ParOldGen       total 81408K, used 49481K [0x00000000a0000000, 0x00000000a4f80000, 0x00000000e0000000)
  object space 81408K, 60% used [0x00000000a0000000,0x00000000a3052490,0x00000000a4f80000)
 Metaspace       used 96306K, capacity 99662K, committed 100620K, reserved 1138688K
  class space    used 12135K, capacity 12807K, committed 13056K, reserved 1048576K

