# JRE version: OpenJDK Runtime Environment (8.0_152-b01) (build 1.8.0_152-release-1343-b01)
# Java VM: OpenJDK 64-Bit Server VM (25.152-b01 mixed mode windows-amd64 compressed oops)
Heap:
 PSYoungGen      total 52224K, used 7939K [0x00000000e0000000, 0x00000000e3900000, 0x0000000100000000)
  eden space 46592K, 9% used [0x00000000e0000000,0x00000000e045df18,0x00000000e2d80000)
  from space 5632K, 61% used [0x00000000e3300000,0x00000000e3662f30,0x00000000e3880000)
  to   space 5632K, 0% used [0x00000000e2d80000,0x00000000e2d80000,0x00000000e3300000)
 ParOldGen       total 31744K, used 10657K [0x00000000a0000000, 0x00000000a1f00000, 0x00000000e0000000)
  object space 31744K, 33% used [0x00000000a0000000,0x00000000a0a68728,0x00000000a1f00000)
 Metaspace       used 28988K, capacity 29582K, committed 29744K, reserved 1075200K
  class space    used 3895K, capacity 4106K, committed 4144K, reserved 1048576K
GC Heap History (10 events):
Event: 13.268 GC heap before
{Heap before GC invocations=9 (full 0):
 PSYoungGen      total 37888K, used 36276K [0x00000000e0000000, 0x00000000e2a00000, 0x0000000100000000)
  eden space 32768K, 100% used [0x00000000e0000000,0x00000000e2000000,0x00000000e2000000)
  from space 5120K, 68% used [0x00000000e2500000,0x00000000e286d1f8,0x00000000e2a00000)
  to   space 5120K, 0% used [0x00000000e2000000,0x00000000e2000000,0x00000000e2500000)
 ParOldGen       total 44032K, used 6172K [0x00000000a0000000, 0x00000000a2b00000, 0x00000000e0000000)
  object space 44032K, 14% used [0x00000000a0000000,0x00000000a06071f8,0x00000000a2b00000)
 Metaspace       used 18938K, capacity 19466K, committed 19584K, reserved 1067008K
  class space    used 2729K, capacity 2899K, committed 2944K, reserved 1048576K
Event: 13.275 GC heap after
Heap after GC invocations=9 (full 0):
 PSYoungGen      total 37888K, used 5054K [0x00000000e0000000, 0x00000000e2a00000, 0x0000000100000000)
  eden space 32768K, 0% used [0x00000000e0000000,0x00000000e0000000,0x00000000e2000000)
  from space 5120K, 98% used [0x00000000e2000000,0x00000000e24ef858,0x00000000e2500000)
  to   space 5120K, 0% used [0x00000000e2500000,0x00000000e2500000,0x00000000e2a00000)
 ParOldGen       total 44032K, used 7066K [0x00000000a0000000, 0x00000000a2b00000, 0x00000000e0000000)
  object space 44032K, 16% used [0x00000000a0000000,0x00000000a06e6a48,0x00000000a2b00000)
 Metaspace       used 18938K, capacity 19466K, committed 19584K, reserved 1067008K
  class space    used 2729K, capacity 2899K, committed 2944K, reserved 1048576K
}
Event: 13.669 GC heap before
{Heap before GC invocations=10 (full 0):
 PSYoungGen      total 37888K, used 17669K [0x00000000e0000000, 0x00000000e2a00000, 0x0000000100000000)
  eden space 32768K, 38% used [0x00000000e0000000,0x00000000e0c51c30,0x00000000e2000000)
  from space 5120K, 98% used [0x00000000e2000000,0x00000000e24ef858,0x00000000e2500000)
  to   space 5120K, 0% used [0x00000000e2500000,0x00000000e2500000,0x00000000e2a00000)
 ParOldGen       total 44032K, used 7066K [0x00000000a0000000, 0x00000000a2b00000, 0x00000000e0000000)
  object space 44032K, 16% used [0x00000000a0000000,0x00000000a06e6a48,0x00000000a2b00000)
 Metaspace       used 20733K, capacity 21258K, committed 21296K, reserved 1067008K
  class space    used 2907K, capacity 3091K, committed 3120K, reserved 1048576K
Event: 13.675 GC heap after
Heap after GC invocations=10 (full 0):
 PSYoungGen      total 37888K, used 3324K [0x00000000e0000000, 0x00000000e2a00000, 0x0000000100000000)
  eden space 32768K, 0% used [0x00000000e0000000,0x00000000e0000000,0x00000000e2000000)
  from space 5120K, 64% used [0x00000000e2500000,0x00000000e283f0b8,0x00000000e2a00000)
  to   space 5120K, 0% used [0x00000000e2000000,0x00000000e2000000,0x00000000e2500000)
 ParOldGen       total 44032K, used 8180K [0x00000000a0000000, 0x00000000a2b00000, 0x00000000e0000000)
  object space 44032K, 18% used [0x00000000a0000000,0x00000000a07fd170,0x00000000a2b00000)
 Metaspace       used 20733K, capacity 21258K, committed 21296K, reserved 1067008K
  class space    used 2907K, capacity 3091K, committed 3120K, reserved 1048576K
}
Event: 13.675 GC heap before
{Heap before GC invocations=11 (full 1):
 PSYoungGen      total 37888K, used 3324K [0x00000000e0000000, 0x00000000e2a00000, 0x0000000100000000)
  eden space 32768K, 0% used [0x00000000e0000000,0x00000000e0000000,0x00000000e2000000)
  from space 5120K, 64% used [0x00000000e2500000,0x00000000e283f0b8,0x00000000e2a00000)
  to   space 5120K, 0% used [0x00000000e2000000,0x00000000e2000000,0x00000000e2500000)
 ParOldGen       total 44032K, used 8180K [0x00000000a0000000, 0x00000000a2b00000, 0x00000000e0000000)
  object space 44032K, 18% used [0x00000000a0000000,0x00000000a07fd170,0x00000000a2b00000)
 Metaspace       used 20733K, capacity 21258K, committed 21296K, reserved 1067008K
  class space    used 2907K, capacity 3091K, committed 3120K, reserved 1048576K
Event: 13.744 GC heap after
Heap after GC invocations=11 (full 1):
 PSYoungGen      total 37888K, used 0K [0x00000000e0000000, 0x00000000e2a00000, 0x0000000100000000)
  eden space 32768K, 0% used [0x00000000e0000000,0x00000000e0000000,0x00000000e2000000)
  from space 5120K, 0% used [0x00000000e2500000,0x00000000e2500000,0x00000000e2a00000)
  to   space 5120K, 0% used [0x00000000e2000000,0x00000000e2000000,0x00000000e2500000)
 ParOldGen       total 31744K, used 8245K [0x00000000a0000000, 0x00000000a1f00000, 0x00000000e0000000)
  object space 31744K, 25% used [0x00000000a0000000,0x00000000a080d708,0x00000000a1f00000)
 Metaspace       used 20733K, capacity 21258K, committed 21296K, reserved 1067008K
  class space    used 2907K, capacity 3091K, committed 3120K, reserved 1048576K
}
Event: 15.035 GC heap before
{Heap before GC invocations=12 (full 1):
 PSYoungGen      total 37888K, used 32768K [0x00000000e0000000, 0x00000000e2a00000, 0x0000000100000000)
  eden space 32768K, 100% used [0x00000000e0000000,0x00000000e2000000,0x00000000e2000000)
  from space 5120K, 0% used [0x00000000e2500000,0x00000000e2500000,0x00000000e2a00000)
  to   space 5120K, 0% used [0x00000000e2000000,0x00000000e2000000,0x00000000e2500000)
 ParOldGen       total 31744K, used 8245K [0x00000000a0000000, 0x00000000a1f00000, 0x00000000e0000000)
  object space 31744K, 25% used [0x00000000a0000000,0x00000000a080d708,0x00000000a1f00000)
 Metaspace       used 25749K, capacity 26198K, committed 26544K, reserved 1073152K
  class space    used 3463K, capacity 3644K, committed 3760K, reserved 1048576K
Event: 15.039 GC heap after
Heap after GC invocations=12 (full 1):
 PSYoungGen      total 37888K, used 4496K [0x00000000e0000000, 0x00000000e3880000, 0x0000000100000000)
  eden space 32768K, 0% used [0x00000000e0000000,0x00000000e0000000,0x00000000e2000000)
  from space 5120K, 87% used [0x00000000e2000000,0x00000000e2464298,0x00000000e2500000)
  to   space 5632K, 0% used [0x00000000e3300000,0x00000000e3300000,0x00000000e3880000)
 ParOldGen       total 31744K, used 8253K [0x00000000a0000000, 0x00000000a1f00000, 0x00000000e0000000)
  object space 31744K, 26% used [0x00000000a0000000,0x00000000a080f708,0x00000000a1f00000)
 Metaspace       used 25749K, capacity 26198K, committed 26544K, reserved 1073152K
  class space    used 3463K, capacity 3644K, committed 3760K, reserved 1048576K
}
Event: 15.422 GC heap before
{Heap before GC invocations=13 (full 1):
 PSYoungGen      total 37888K, used 37264K [0x00000000e0000000, 0x00000000e3880000, 0x0000000100000000)
  eden space 32768K, 100% used [0x00000000e0000000,0x00000000e2000000,0x00000000e2000000)
  from space 5120K, 87% used [0x00000000e2000000,0x00000000e2464298,0x00000000e2500000)
  to   space 5632K, 0% used [0x00000000e3300000,0x00000000e3300000,0x00000000e3880000)
 ParOldGen       total 31744K, used 8253K [0x00000000a0000000, 0x00000000a1f00000, 0x00000000e0000000)
  object space 31744K, 26% used [0x00000000a0000000,0x00000000a080f708,0x00000000a1f00000)
 Metaspace       used 28732K, capacity 29310K, committed 29488K, reserved 1075200K
  class space    used 3863K, capacity 4038K, committed 4144K, reserved 1048576K
Event: 15.427 GC heap after
Heap after GC invocations=13 (full 1):
 PSYoungGen      total 52224K, used 3467K [0x00000000e0000000, 0x00000000e3900000, 0x0000000100000000)
  eden space 46592K, 0% used [0x00000000e0000000,0x00000000e0000000,0x00000000e2d80000)
  from space 5632K, 61% used [0x00000000e3300000,0x00000000e3662f30,0x00000000e3880000)
  to   space 5632K, 0% used [0x00000000e2d80000,0x00000000e2d80000,0x00000000e3300000)
 ParOldGen       total 31744K, used 10657K [0x00000000a0000000, 0x00000000a1f00000, 0x00000000e0000000)
  object space 31744K, 33% used [0x00000000a0000000,0x00000000a0a68728,0x00000000a1f00000)
 Metaspace       used 28732K, capacity 29310K, committed 29488K, reserved 1075200K
  class space    used 3863K, capacity 4038K, committed 4144K, reserved 1048576K
}

