# JRE version: OpenJDK Runtime Environment (8.0_152-b01) (build 1.8.0_152-release-1343-b01)
# Java VM: OpenJDK 64-Bit Server VM (25.152-b01 mixed mode windows-amd64 compressed oops)
Heap:
 PSYoungGen      total 262656K, used 12915K [0x00000000e0000000, 0x00000000f1f00000, 0x0000000100000000)
  eden space 232448K, 1% used [0x00000000e0000000,0x00000000e02ef258,0x00000000ee300000)
  from space 30208K, 32% used [0x00000000ee300000,0x00000000eecadb10,0x00000000f0080000)
  to   space 29696K, 0% used [0x00000000f0200000,0x00000000f0200000,0x00000000f1f00000)
 ParOldGen       total 155648K, used 59041K [0x00000000a0000000, 0x00000000a9800000, 0x00000000e0000000)
  object space 155648K, 37% used [0x00000000a0000000,0x00000000a39a8510,0x00000000a9800000)
 Metaspace       used 92337K, capacity 97122K, committed 97432K, reserved 1134592K
  class space    used 11707K, capacity 12576K, committed 12696K, reserved 1048576K
GC Heap History (10 events):
Event: 998.939 GC heap before
{Heap before GC invocations=25 (full 4):
 PSYoungGen      total 249856K, used 232670K [0x00000000e0000000, 0x00000000f1280000, 0x0000000100000000)
  eden space 223744K, 100% used [0x00000000e0000000,0x00000000eda80000,0x00000000eda80000)
  from space 26112K, 34% used [0x00000000ef900000,0x00000000f01b7a48,0x00000000f1280000)
  to   space 28672K, 0% used [0x00000000eda80000,0x00000000eda80000,0x00000000ef680000)
 ParOldGen       total 155648K, used 59001K [0x00000000a0000000, 0x00000000a9800000, 0x00000000e0000000)
  object space 155648K, 37% used [0x00000000a0000000,0x00000000a399e510,0x00000000a9800000)
 Metaspace       used 90892K, capacity 94804K, committed 95128K, reserved 1132544K
  class space    used 11592K, capacity 12349K, committed 12440K, reserved 1048576K
Event: 998.975 GC heap after
Heap after GC invocations=25 (full 4):
 PSYoungGen      total 252416K, used 15607K [0x00000000e0000000, 0x00000000f1780000, 0x0000000100000000)
  eden space 223744K, 0% used [0x00000000e0000000,0x00000000e0000000,0x00000000eda80000)
  from space 28672K, 54% used [0x00000000eda80000,0x00000000ee9bdcf0,0x00000000ef680000)
  to   space 27648K, 0% used [0x00000000efc80000,0x00000000efc80000,0x00000000f1780000)
 ParOldGen       total 155648K, used 59009K [0x00000000a0000000, 0x00000000a9800000, 0x00000000e0000000)
  object space 155648K, 37% used [0x00000000a0000000,0x00000000a39a0510,0x00000000a9800000)
 Metaspace       used 90892K, capacity 94804K, committed 95128K, reserved 1132544K
  class space    used 11592K, capacity 12349K, committed 12440K, reserved 1048576K
}
Event: 1213.629 GC heap before
{Heap before GC invocations=26 (full 4):
 PSYoungGen      total 252416K, used 239351K [0x00000000e0000000, 0x00000000f1780000, 0x0000000100000000)
  eden space 223744K, 100% used [0x00000000e0000000,0x00000000eda80000,0x00000000eda80000)
  from space 28672K, 54% used [0x00000000eda80000,0x00000000ee9bdcf0,0x00000000ef680000)
  to   space 27648K, 0% used [0x00000000efc80000,0x00000000efc80000,0x00000000f1780000)
 ParOldGen       total 155648K, used 59009K [0x00000000a0000000, 0x00000000a9800000, 0x00000000e0000000)
  object space 155648K, 37% used [0x00000000a0000000,0x00000000a39a0510,0x00000000a9800000)
 Metaspace       used 91324K, capacity 95480K, committed 95640K, reserved 1132544K
  class space    used 11619K, capacity 12417K, committed 12440K, reserved 1048576K
Event: 1213.658 GC heap after
Heap after GC invocations=26 (full 4):
 PSYoungGen      total 256512K, used 21764K [0x00000000e0000000, 0x00000000f1a00000, 0x0000000100000000)
  eden space 228864K, 0% used [0x00000000e0000000,0x00000000e0000000,0x00000000edf80000)
  from space 27648K, 78% used [0x00000000efc80000,0x00000000f11c12f8,0x00000000f1780000)
  to   space 29696K, 0% used [0x00000000edf80000,0x00000000edf80000,0x00000000efc80000)
 ParOldGen       total 155648K, used 59017K [0x00000000a0000000, 0x00000000a9800000, 0x00000000e0000000)
  object space 155648K, 37% used [0x00000000a0000000,0x00000000a39a2510,0x00000000a9800000)
 Metaspace       used 91324K, capacity 95480K, committed 95640K, reserved 1132544K
  class space    used 11619K, capacity 12417K, committed 12440K, reserved 1048576K
}
Event: 1286.959 GC heap before
{Heap before GC invocations=27 (full 4):
 PSYoungGen      total 256512K, used 250628K [0x00000000e0000000, 0x00000000f1a00000, 0x0000000100000000)
  eden space 228864K, 100% used [0x00000000e0000000,0x00000000edf80000,0x00000000edf80000)
  from space 27648K, 78% used [0x00000000efc80000,0x00000000f11c12f8,0x00000000f1780000)
  to   space 29696K, 0% used [0x00000000edf80000,0x00000000edf80000,0x00000000efc80000)
 ParOldGen       total 155648K, used 59017K [0x00000000a0000000, 0x00000000a9800000, 0x00000000e0000000)
  object space 155648K, 37% used [0x00000000a0000000,0x00000000a39a2510,0x00000000a9800000)
 Metaspace       used 91689K, capacity 96008K, committed 96280K, reserved 1132544K
  class space    used 11655K, capacity 12481K, committed 12568K, reserved 1048576K
Event: 1286.987 GC heap after
Heap after GC invocations=27 (full 4):
 PSYoungGen      total 258560K, used 24215K [0x00000000e0000000, 0x00000000f2200000, 0x0000000100000000)
  eden space 228864K, 0% used [0x00000000e0000000,0x00000000e0000000,0x00000000edf80000)
  from space 29696K, 81% used [0x00000000edf80000,0x00000000ef725eb8,0x00000000efc80000)
  to   space 31744K, 0% used [0x00000000f0300000,0x00000000f0300000,0x00000000f2200000)
 ParOldGen       total 155648K, used 59025K [0x00000000a0000000, 0x00000000a9800000, 0x00000000e0000000)
  object space 155648K, 37% used [0x00000000a0000000,0x00000000a39a4510,0x00000000a9800000)
 Metaspace       used 91689K, capacity 96008K, committed 96280K, reserved 1132544K
  class space    used 11655K, capacity 12481K, committed 12568K, reserved 1048576K
}
Event: 1496.717 GC heap before
{Heap before GC invocations=28 (full 4):
 PSYoungGen      total 258560K, used 253079K [0x00000000e0000000, 0x00000000f2200000, 0x0000000100000000)
  eden space 228864K, 100% used [0x00000000e0000000,0x00000000edf80000,0x00000000edf80000)
  from space 29696K, 81% used [0x00000000edf80000,0x00000000ef725eb8,0x00000000efc80000)
  to   space 31744K, 0% used [0x00000000f0300000,0x00000000f0300000,0x00000000f2200000)
 ParOldGen       total 155648K, used 59025K [0x00000000a0000000, 0x00000000a9800000, 0x00000000e0000000)
  object space 155648K, 37% used [0x00000000a0000000,0x00000000a39a4510,0x00000000a9800000)
 Metaspace       used 91987K, capacity 96406K, committed 96536K, reserved 1132544K
  class space    used 11666K, capacity 12502K, committed 12568K, reserved 1048576K
Event: 1496.743 GC heap after
Heap after GC invocations=28 (full 4):
 PSYoungGen      total 260096K, used 13782K [0x00000000e0000000, 0x00000000f1e00000, 0x0000000100000000)
  eden space 232448K, 0% used [0x00000000e0000000,0x00000000e0000000,0x00000000ee300000)
  from space 27648K, 49% used [0x00000000f0300000,0x00000000f1075b10,0x00000000f1e00000)
  to   space 30208K, 0% used [0x00000000ee300000,0x00000000ee300000,0x00000000f0080000)
 ParOldGen       total 155648K, used 59033K [0x00000000a0000000, 0x00000000a9800000, 0x00000000e0000000)
  object space 155648K, 37% used [0x00000000a0000000,0x00000000a39a6510,0x00000000a9800000)
 Metaspace       used 91987K, capacity 96406K, committed 96536K, reserved 1132544K
  class space    used 11666K, capacity 12502K, committed 12568K, reserved 1048576K
}
Event: 2248.092 GC heap before
{Heap before GC invocations=29 (full 4):
 PSYoungGen      total 260096K, used 246230K [0x00000000e0000000, 0x00000000f1e00000, 0x0000000100000000)
  eden space 232448K, 100% used [0x00000000e0000000,0x00000000ee300000,0x00000000ee300000)
  from space 27648K, 49% used [0x00000000f0300000,0x00000000f1075b10,0x00000000f1e00000)
  to   space 30208K, 0% used [0x00000000ee300000,0x00000000ee300000,0x00000000f0080000)
 ParOldGen       total 155648K, used 59033K [0x00000000a0000000, 0x00000000a9800000, 0x00000000e0000000)
  object space 155648K, 37% used [0x00000000a0000000,0x00000000a39a6510,0x00000000a9800000)
 Metaspace       used 92337K, capacity 97122K, committed 97432K, reserved 1134592K
  class space    used 11707K, capacity 12576K, committed 12696K, reserved 1048576K
Event: 2248.139 GC heap after
Heap after GC invocations=29 (full 4):
 PSYoungGen      total 262656K, used 9910K [0x00000000e0000000, 0x00000000f1f00000, 0x0000000100000000)
  eden space 232448K, 0% used [0x00000000e0000000,0x00000000e0000000,0x00000000ee300000)
  from space 30208K, 32% used [0x00000000ee300000,0x00000000eecadb10,0x00000000f0080000)
  to   space 29696K, 0% used [0x00000000f0200000,0x00000000f0200000,0x00000000f1f00000)
 ParOldGen       total 155648K, used 59041K [0x00000000a0000000, 0x00000000a9800000, 0x00000000e0000000)
  object space 155648K, 37% used [0x00000000a0000000,0x00000000a39a8510,0x00000000a9800000)
 Metaspace       used 92337K, capacity 97122K, committed 97432K, reserved 1134592K
  class space    used 11707K, capacity 12576K, committed 12696K, reserved 1048576K
}

