# JRE version: OpenJDK Runtime Environment (8.0_152-b01) (build 1.8.0_152-release-1343-b01)
# Java VM: OpenJDK 64-Bit Server VM (25.152-b01 mixed mode windows-amd64 compressed oops)
Heap:
 PSYoungGen      total 277504K, used 108858K [0x00000000e0000000, 0x00000000f4f00000, 0x0000000100000000)
  eden space 251392K, 37% used [0x00000000e0000000,0x00000000e5b73b28,0x00000000ef580000)
  from space 26112K, 58% used [0x00000000ef580000,0x00000000f045acf8,0x00000000f0f00000)
  to   space 26624K, 0% used [0x00000000f3500000,0x00000000f3500000,0x00000000f4f00000)
 ParOldGen       total 82432K, used 65535K [0x00000000a0000000, 0x00000000a5080000, 0x00000000e0000000)
  object space 82432K, 79% used [0x00000000a0000000,0x00000000a3fffd70,0x00000000a5080000)
 Metaspace       used 80473K, capacity 83496K, committed 83672K, reserved 1122304K
  class space    used 10358K, capacity 11000K, committed 11008K, reserved 1048576K
GC Heap History (10 events):
Event: 14.639 GC heap before
{Heap before GC invocations=14 (full 2):
 PSYoungGen      total 169984K, used 119843K [0x00000000e0000000, 0x00000000eef80000, 0x0000000100000000)
  eden space 157696K, 68% used [0x00000000e0000000,0x00000000e690c4b8,0x00000000e9a00000)
  from space 12288K, 99% used [0x00000000e9a00000,0x00000000ea5fc7a0,0x00000000ea600000)
  to   space 16384K, 0% used [0x00000000edf80000,0x00000000edf80000,0x00000000eef80000)
 ParOldGen       total 50176K, used 22869K [0x00000000a0000000, 0x00000000a3100000, 0x00000000e0000000)
  object space 50176K, 45% used [0x00000000a0000000,0x00000000a16557c0,0x00000000a3100000)
 Metaspace       used 57305K, capacity 58984K, committed 59096K, reserved 1099776K
  class space    used 7732K, capacity 8136K, committed 8192K, reserved 1048576K
Event: 14.685 GC heap after
Heap after GC invocations=14 (full 2):
 PSYoungGen      total 228352K, used 10536K [0x00000000e0000000, 0x00000000ef280000, 0x0000000100000000)
  eden space 211968K, 0% used [0x00000000e0000000,0x00000000e0000000,0x00000000ecf00000)
  from space 16384K, 64% used [0x00000000edf80000,0x00000000ee9ca118,0x00000000eef80000)
  to   space 16896K, 0% used [0x00000000ecf00000,0x00000000ecf00000,0x00000000edf80000)
 ParOldGen       total 50176K, used 31625K [0x00000000a0000000, 0x00000000a3100000, 0x00000000e0000000)
  object space 50176K, 63% used [0x00000000a0000000,0x00000000a1ee2560,0x00000000a3100000)
 Metaspace       used 57305K, capacity 58984K, committed 59096K, reserved 1099776K
  class space    used 7732K, capacity 8136K, committed 8192K, reserved 1048576K
}
Event: 14.685 GC heap before
{Heap before GC invocations=15 (full 3):
 PSYoungGen      total 228352K, used 10536K [0x00000000e0000000, 0x00000000ef280000, 0x0000000100000000)
  eden space 211968K, 0% used [0x00000000e0000000,0x00000000e0000000,0x00000000ecf00000)
  from space 16384K, 64% used [0x00000000edf80000,0x00000000ee9ca118,0x00000000eef80000)
  to   space 16896K, 0% used [0x00000000ecf00000,0x00000000ecf00000,0x00000000edf80000)
 ParOldGen       total 50176K, used 31625K [0x00000000a0000000, 0x00000000a3100000, 0x00000000e0000000)
  object space 50176K, 63% used [0x00000000a0000000,0x00000000a1ee2560,0x00000000a3100000)
 Metaspace       used 57305K, capacity 58984K, committed 59096K, reserved 1099776K
  class space    used 7732K, capacity 8136K, committed 8192K, reserved 1048576K
Event: 14.996 GC heap after
Heap after GC invocations=15 (full 3):
 PSYoungGen      total 228352K, used 0K [0x00000000e0000000, 0x00000000ef280000, 0x0000000100000000)
  eden space 211968K, 0% used [0x00000000e0000000,0x00000000e0000000,0x00000000ecf00000)
  from space 16384K, 0% used [0x00000000edf80000,0x00000000edf80000,0x00000000eef80000)
  to   space 16896K, 0% used [0x00000000ecf00000,0x00000000ecf00000,0x00000000edf80000)
 ParOldGen       total 82432K, used 34138K [0x00000000a0000000, 0x00000000a5080000, 0x00000000e0000000)
  object space 82432K, 41% used [0x00000000a0000000,0x00000000a2156b88,0x00000000a5080000)
 Metaspace       used 57305K, capacity 58984K, committed 59096K, reserved 1099776K
  class space    used 7732K, capacity 8136K, committed 8192K, reserved 1048576K
}
Event: 19.960 GC heap before
{Heap before GC invocations=16 (full 3):
 PSYoungGen      total 228352K, used 211968K [0x00000000e0000000, 0x00000000ef280000, 0x0000000100000000)
  eden space 211968K, 100% used [0x00000000e0000000,0x00000000ecf00000,0x00000000ecf00000)
  from space 16384K, 0% used [0x00000000edf80000,0x00000000edf80000,0x00000000eef80000)
  to   space 16896K, 0% used [0x00000000ecf00000,0x00000000ecf00000,0x00000000edf80000)
 ParOldGen       total 82432K, used 34138K [0x00000000a0000000, 0x00000000a5080000, 0x00000000e0000000)
  object space 82432K, 41% used [0x00000000a0000000,0x00000000a2156b88,0x00000000a5080000)
 Metaspace       used 64529K, capacity 66974K, committed 67160K, reserved 1107968K
  class space    used 8732K, capacity 9251K, committed 9344K, reserved 1048576K
Event: 19.992 GC heap after
Heap after GC invocations=16 (full 3):
 PSYoungGen      total 228864K, used 15366K [0x00000000e0000000, 0x00000000f2100000, 0x0000000100000000)
  eden space 211968K, 0% used [0x00000000e0000000,0x00000000e0000000,0x00000000ecf00000)
  from space 16896K, 90% used [0x00000000ecf00000,0x00000000ede01bc8,0x00000000edf80000)
  to   space 18432K, 0% used [0x00000000f0f00000,0x00000000f0f00000,0x00000000f2100000)
 ParOldGen       total 82432K, used 34146K [0x00000000a0000000, 0x00000000a5080000, 0x00000000e0000000)
  object space 82432K, 41% used [0x00000000a0000000,0x00000000a2158b88,0x00000000a5080000)
 Metaspace       used 64529K, capacity 66974K, committed 67160K, reserved 1107968K
  class space    used 8732K, capacity 9251K, committed 9344K, reserved 1048576K
}
Event: 1653.558 GC heap before
{Heap before GC invocations=17 (full 3):
 PSYoungGen      total 228864K, used 227334K [0x00000000e0000000, 0x00000000f2100000, 0x0000000100000000)
  eden space 211968K, 100% used [0x00000000e0000000,0x00000000ecf00000,0x00000000ecf00000)
  from space 16896K, 90% used [0x00000000ecf00000,0x00000000ede01bc8,0x00000000edf80000)
  to   space 18432K, 0% used [0x00000000f0f00000,0x00000000f0f00000,0x00000000f2100000)
 ParOldGen       total 82432K, used 34146K [0x00000000a0000000, 0x00000000a5080000, 0x00000000e0000000)
  object space 82432K, 41% used [0x00000000a0000000,0x00000000a2158b88,0x00000000a5080000)
 Metaspace       used 70598K, capacity 73380K, committed 73688K, reserved 1114112K
  class space    used 9297K, capacity 9892K, committed 9984K, reserved 1048576K
Event: 1653.607 GC heap after
Heap after GC invocations=17 (full 3):
 PSYoungGen      total 269824K, used 18416K [0x00000000e0000000, 0x00000000f2880000, 0x0000000100000000)
  eden space 251392K, 0% used [0x00000000e0000000,0x00000000e0000000,0x00000000ef580000)
  from space 18432K, 99% used [0x00000000f0f00000,0x00000000f20fc168,0x00000000f2100000)
  to   space 26112K, 0% used [0x00000000ef580000,0x00000000ef580000,0x00000000f0f00000)
 ParOldGen       total 82432K, used 47644K [0x00000000a0000000, 0x00000000a5080000, 0x00000000e0000000)
  object space 82432K, 57% used [0x00000000a0000000,0x00000000a2e873f0,0x00000000a5080000)
 Metaspace       used 70598K, capacity 73380K, committed 73688K, reserved 1114112K
  class space    used 9297K, capacity 9892K, committed 9984K, reserved 1048576K
}
Event: 1690.488 GC heap before
{Heap before GC invocations=18 (full 3):
 PSYoungGen      total 269824K, used 269808K [0x00000000e0000000, 0x00000000f2880000, 0x0000000100000000)
  eden space 251392K, 100% used [0x00000000e0000000,0x00000000ef580000,0x00000000ef580000)
  from space 18432K, 99% used [0x00000000f0f00000,0x00000000f20fc168,0x00000000f2100000)
  to   space 26112K, 0% used [0x00000000ef580000,0x00000000ef580000,0x00000000f0f00000)
 ParOldGen       total 82432K, used 47644K [0x00000000a0000000, 0x00000000a5080000, 0x00000000e0000000)
  object space 82432K, 57% used [0x00000000a0000000,0x00000000a2e873f0,0x00000000a5080000)
 Metaspace       used 78592K, capacity 81502K, committed 81752K, reserved 1120256K
  class space    used 10124K, capacity 10779K, committed 10880K, reserved 1048576K
Event: 1690.536 GC heap after
Heap after GC invocations=18 (full 3):
 PSYoungGen      total 277504K, used 15211K [0x00000000e0000000, 0x00000000f4f00000, 0x0000000100000000)
  eden space 251392K, 0% used [0x00000000e0000000,0x00000000e0000000,0x00000000ef580000)
  from space 26112K, 58% used [0x00000000ef580000,0x00000000f045acf8,0x00000000f0f00000)
  to   space 26624K, 0% used [0x00000000f3500000,0x00000000f3500000,0x00000000f4f00000)
 ParOldGen       total 82432K, used 65535K [0x00000000a0000000, 0x00000000a5080000, 0x00000000e0000000)
  object space 82432K, 79% used [0x00000000a0000000,0x00000000a3fffd70,0x00000000a5080000)
 Metaspace       used 78592K, capacity 81502K, committed 81752K, reserved 1120256K
  class space    used 10124K, capacity 10779K, committed 10880K, reserved 1048576K
}

