# JRE version: OpenJDK Runtime Environment (8.0_152-b01) (build 1.8.0_152-release-1343-b01)
# Java VM: OpenJDK 64-Bit Server VM (25.152-b01 mixed mode windows-amd64 compressed oops)
Heap:
 PSYoungGen      total 216576K, used 130308K [0x00000000e0000000, 0x00000000f0180000, 0x0000000100000000)
  eden space 195072K, 58% used [0x00000000e0000000,0x00000000e6feca68,0x00000000ebe80000)
  from space 21504K, 73% used [0x00000000ebe80000,0x00000000ecdd4928,0x00000000ed380000)
  to   space 22528K, 0% used [0x00000000eeb80000,0x00000000eeb80000,0x00000000f0180000)
 ParOldGen       total 92672K, used 56320K [0x00000000a0000000, 0x00000000a5a80000, 0x00000000e0000000)
  object space 92672K, 60% used [0x00000000a0000000,0x00000000a37002d8,0x00000000a5a80000)
 Metaspace       used 79261K, capacity 82752K, committed 83032K, reserved 1122304K
  class space    used 10343K, capacity 11036K, committed 11136K, reserved 1048576K
GC Heap History (10 events):
Event: 10.487 GC heap before
{Heap before GC invocations=14 (full 2):
 PSYoungGen      total 147968K, used 136281K [0x00000000e0000000, 0x00000000ec680000, 0x0000000100000000)
  eden space 136192K, 91% used [0x00000000e0000000,0x00000000e7996db0,0x00000000e8500000)
  from space 11776K, 99% used [0x00000000e8500000,0x00000000e907f848,0x00000000e9080000)
  to   space 15360K, 0% used [0x00000000eb780000,0x00000000eb780000,0x00000000ec680000)
 ParOldGen       total 55808K, used 21946K [0x00000000a0000000, 0x00000000a3680000, 0x00000000e0000000)
  object space 55808K, 39% used [0x00000000a0000000,0x00000000a156e9e0,0x00000000a3680000)
 Metaspace       used 57292K, capacity 58980K, committed 59096K, reserved 1099776K
  class space    used 7732K, capacity 8136K, committed 8192K, reserved 1048576K
Event: 10.539 GC heap after
Heap after GC invocations=14 (full 2):
 PSYoungGen      total 186880K, used 12042K [0x00000000e0000000, 0x00000000ecc00000, 0x0000000100000000)
  eden space 171520K, 0% used [0x00000000e0000000,0x00000000e0000000,0x00000000ea780000)
  from space 15360K, 78% used [0x00000000eb780000,0x00000000ec3428e0,0x00000000ec680000)
  to   space 16384K, 0% used [0x00000000ea780000,0x00000000ea780000,0x00000000eb780000)
 ParOldGen       total 55808K, used 30128K [0x00000000a0000000, 0x00000000a3680000, 0x00000000e0000000)
  object space 55808K, 53% used [0x00000000a0000000,0x00000000a1d6c288,0x00000000a3680000)
 Metaspace       used 57292K, capacity 58980K, committed 59096K, reserved 1099776K
  class space    used 7732K, capacity 8136K, committed 8192K, reserved 1048576K
}
Event: 10.539 GC heap before
{Heap before GC invocations=15 (full 3):
 PSYoungGen      total 186880K, used 12042K [0x00000000e0000000, 0x00000000ecc00000, 0x0000000100000000)
  eden space 171520K, 0% used [0x00000000e0000000,0x00000000e0000000,0x00000000ea780000)
  from space 15360K, 78% used [0x00000000eb780000,0x00000000ec3428e0,0x00000000ec680000)
  to   space 16384K, 0% used [0x00000000ea780000,0x00000000ea780000,0x00000000eb780000)
 ParOldGen       total 55808K, used 30128K [0x00000000a0000000, 0x00000000a3680000, 0x00000000e0000000)
  object space 55808K, 53% used [0x00000000a0000000,0x00000000a1d6c288,0x00000000a3680000)
 Metaspace       used 57292K, capacity 58980K, committed 59096K, reserved 1099776K
  class space    used 7732K, capacity 8136K, committed 8192K, reserved 1048576K
Event: 10.893 GC heap after
Heap after GC invocations=15 (full 3):
 PSYoungGen      total 186880K, used 0K [0x00000000e0000000, 0x00000000ecc00000, 0x0000000100000000)
  eden space 171520K, 0% used [0x00000000e0000000,0x00000000e0000000,0x00000000ea780000)
  from space 15360K, 0% used [0x00000000eb780000,0x00000000eb780000,0x00000000ec680000)
  to   space 16384K, 0% used [0x00000000ea780000,0x00000000ea780000,0x00000000eb780000)
 ParOldGen       total 92672K, used 34936K [0x00000000a0000000, 0x00000000a5a80000, 0x00000000e0000000)
  object space 92672K, 37% used [0x00000000a0000000,0x00000000a221e350,0x00000000a5a80000)
 Metaspace       used 57292K, capacity 58980K, committed 59096K, reserved 1099776K
  class space    used 7732K, capacity 8136K, committed 8192K, reserved 1048576K
}
Event: 14.476 GC heap before
{Heap before GC invocations=16 (full 3):
 PSYoungGen      total 186880K, used 171520K [0x00000000e0000000, 0x00000000ecc00000, 0x0000000100000000)
  eden space 171520K, 100% used [0x00000000e0000000,0x00000000ea780000,0x00000000ea780000)
  from space 15360K, 0% used [0x00000000eb780000,0x00000000eb780000,0x00000000ec680000)
  to   space 16384K, 0% used [0x00000000ea780000,0x00000000ea780000,0x00000000eb780000)
 ParOldGen       total 92672K, used 34936K [0x00000000a0000000, 0x00000000a5a80000, 0x00000000e0000000)
  object space 92672K, 37% used [0x00000000a0000000,0x00000000a221e350,0x00000000a5a80000)
 Metaspace       used 62866K, capacity 65010K, committed 65112K, reserved 1105920K
  class space    used 8514K, capacity 8995K, committed 9088K, reserved 1048576K
Event: 14.493 GC heap after
Heap after GC invocations=16 (full 3):
 PSYoungGen      total 187904K, used 11828K [0x00000000e0000000, 0x00000000ee500000, 0x0000000100000000)
  eden space 171520K, 0% used [0x00000000e0000000,0x00000000e0000000,0x00000000ea780000)
  from space 16384K, 72% used [0x00000000ea780000,0x00000000eb30d2e0,0x00000000eb780000)
  to   space 17408K, 0% used [0x00000000ed400000,0x00000000ed400000,0x00000000ee500000)
 ParOldGen       total 92672K, used 34944K [0x00000000a0000000, 0x00000000a5a80000, 0x00000000e0000000)
  object space 92672K, 37% used [0x00000000a0000000,0x00000000a2220350,0x00000000a5a80000)
 Metaspace       used 62866K, capacity 65010K, committed 65112K, reserved 1105920K
  class space    used 8514K, capacity 8995K, committed 9088K, reserved 1048576K
}
Event: 27.561 GC heap before
{Heap before GC invocations=17 (full 3):
 PSYoungGen      total 187904K, used 183348K [0x00000000e0000000, 0x00000000ee500000, 0x0000000100000000)
  eden space 171520K, 100% used [0x00000000e0000000,0x00000000ea780000,0x00000000ea780000)
  from space 16384K, 72% used [0x00000000ea780000,0x00000000eb30d2e0,0x00000000eb780000)
  to   space 17408K, 0% used [0x00000000ed400000,0x00000000ed400000,0x00000000ee500000)
 ParOldGen       total 92672K, used 34944K [0x00000000a0000000, 0x00000000a5a80000, 0x00000000e0000000)
  object space 92672K, 37% used [0x00000000a0000000,0x00000000a2220350,0x00000000a5a80000)
 Metaspace       used 69600K, capacity 72174K, committed 72536K, reserved 1112064K
  class space    used 9191K, capacity 9739K, committed 9856K, reserved 1048576K
Event: 27.587 GC heap after
Heap after GC invocations=17 (full 3):
 PSYoungGen      total 212480K, used 17388K [0x00000000e0000000, 0x00000000ee880000, 0x0000000100000000)
  eden space 195072K, 0% used [0x00000000e0000000,0x00000000e0000000,0x00000000ebe80000)
  from space 17408K, 99% used [0x00000000ed400000,0x00000000ee4fb060,0x00000000ee500000)
  to   space 21504K, 0% used [0x00000000ebe80000,0x00000000ebe80000,0x00000000ed380000)
 ParOldGen       total 92672K, used 39358K [0x00000000a0000000, 0x00000000a5a80000, 0x00000000e0000000)
  object space 92672K, 42% used [0x00000000a0000000,0x00000000a266fa68,0x00000000a5a80000)
 Metaspace       used 69600K, capacity 72174K, committed 72536K, reserved 1112064K
  class space    used 9191K, capacity 9739K, committed 9856K, reserved 1048576K
}
Event: 36.296 GC heap before
{Heap before GC invocations=18 (full 3):
 PSYoungGen      total 212480K, used 212460K [0x00000000e0000000, 0x00000000ee880000, 0x0000000100000000)
  eden space 195072K, 100% used [0x00000000e0000000,0x00000000ebe80000,0x00000000ebe80000)
  from space 17408K, 99% used [0x00000000ed400000,0x00000000ee4fb060,0x00000000ee500000)
  to   space 21504K, 0% used [0x00000000ebe80000,0x00000000ebe80000,0x00000000ed380000)
 ParOldGen       total 92672K, used 39358K [0x00000000a0000000, 0x00000000a5a80000, 0x00000000e0000000)
  object space 92672K, 42% used [0x00000000a0000000,0x00000000a266fa68,0x00000000a5a80000)
 Metaspace       used 76400K, capacity 79612K, committed 79960K, reserved 1118208K
  class space    used 10081K, capacity 10754K, committed 10880K, reserved 1048576K
Event: 36.337 GC heap after
Heap after GC invocations=18 (full 3):
 PSYoungGen      total 216576K, used 15698K [0x00000000e0000000, 0x00000000f0180000, 0x0000000100000000)
  eden space 195072K, 0% used [0x00000000e0000000,0x00000000e0000000,0x00000000ebe80000)
  from space 21504K, 73% used [0x00000000ebe80000,0x00000000ecdd4928,0x00000000ed380000)
  to   space 22528K, 0% used [0x00000000eeb80000,0x00000000eeb80000,0x00000000f0180000)
 ParOldGen       total 92672K, used 56320K [0x00000000a0000000, 0x00000000a5a80000, 0x00000000e0000000)
  object space 92672K, 60% used [0x00000000a0000000,0x00000000a37002d8,0x00000000a5a80000)
 Metaspace       used 76400K, capacity 79612K, committed 79960K, reserved 1118208K
  class space    used 10081K, capacity 10754K, committed 10880K, reserved 1048576K
}

