# JRE version: OpenJDK Runtime Environment (8.0_152-b01) (build 1.8.0_152-release-1343-b01)
# Java VM: OpenJDK 64-Bit Server VM (25.152-b01 mixed mode windows-amd64 compressed oops)
Heap:
 PSYoungGen      total 136704K, used 14890K [0x00000000e0000000, 0x00000000ea900000, 0x0000000100000000)
  eden space 126464K, 3% used [0x00000000e0000000,0x00000000e048faa0,0x00000000e7b80000)
  from space 10240K, 99% used [0x00000000e7b80000,0x00000000e857aed0,0x00000000e8580000)
  to   space 12288K, 0% used [0x00000000e9d00000,0x00000000e9d00000,0x00000000ea900000)
 ParOldGen       total 36864K, used 12953K [0x00000000a0000000, 0x00000000a2400000, 0x00000000e0000000)
  object space 36864K, 35% used [0x00000000a0000000,0x00000000a0ca6788,0x00000000a2400000)
 Metaspace       used 33982K, capacity 34770K, committed 34992K, reserved 1079296K
  class space    used 4684K, capacity 4924K, committed 5040K, reserved 1048576K
GC Heap History (10 events):
Event: 2.345 GC heap before
{Heap before GC invocations=6 (full 0):
 PSYoungGen      total 35328K, used 35312K [0x00000000e0000000, 0x00000000e4c00000, 0x0000000100000000)
  eden space 32768K, 100% used [0x00000000e0000000,0x00000000e2000000,0x00000000e2000000)
  from space 2560K, 99% used [0x00000000e2000000,0x00000000e227c010,0x00000000e2280000)
  to   space 6144K, 0% used [0x00000000e4600000,0x00000000e4600000,0x00000000e4c00000)
 ParOldGen       total 44032K, used 5659K [0x00000000a0000000, 0x00000000a2b00000, 0x00000000e0000000)
  object space 44032K, 12% used [0x00000000a0000000,0x00000000a0586ef0,0x00000000a2b00000)
 Metaspace       used 15622K, capacity 16024K, committed 16256K, reserved 1062912K
  class space    used 2219K, capacity 2364K, committed 2432K, reserved 1048576K
Event: 2.357 GC heap after
Heap after GC invocations=6 (full 0):
 PSYoungGen      total 70656K, used 6119K [0x00000000e0000000, 0x00000000e4e00000, 0x0000000100000000)
  eden space 64512K, 0% used [0x00000000e0000000,0x00000000e0000000,0x00000000e3f00000)
  from space 6144K, 99% used [0x00000000e4600000,0x00000000e4bf9f00,0x00000000e4c00000)
  to   space 7168K, 0% used [0x00000000e3f00000,0x00000000e3f00000,0x00000000e4600000)
 ParOldGen       total 44032K, used 6100K [0x00000000a0000000, 0x00000000a2b00000, 0x00000000e0000000)
  object space 44032K, 13% used [0x00000000a0000000,0x00000000a05f5078,0x00000000a2b00000)
 Metaspace       used 15622K, capacity 16024K, committed 16256K, reserved 1062912K
  class space    used 2219K, capacity 2364K, committed 2432K, reserved 1048576K
}
Event: 6.345 GC heap before
{Heap before GC invocations=7 (full 0):
 PSYoungGen      total 70656K, used 53205K [0x00000000e0000000, 0x00000000e4e00000, 0x0000000100000000)
  eden space 64512K, 72% used [0x00000000e0000000,0x00000000e2dfb6c0,0x00000000e3f00000)
  from space 6144K, 99% used [0x00000000e4600000,0x00000000e4bf9f00,0x00000000e4c00000)
  to   space 7168K, 0% used [0x00000000e3f00000,0x00000000e3f00000,0x00000000e4600000)
 ParOldGen       total 44032K, used 6100K [0x00000000a0000000, 0x00000000a2b00000, 0x00000000e0000000)
  object space 44032K, 13% used [0x00000000a0000000,0x00000000a05f5078,0x00000000a2b00000)
 Metaspace       used 20795K, capacity 21254K, committed 21296K, reserved 1067008K
  class space    used 2904K, capacity 3091K, committed 3120K, reserved 1048576K
Event: 6.361 GC heap after
Heap after GC invocations=7 (full 0):
 PSYoungGen      total 71680K, used 7140K [0x00000000e0000000, 0x00000000e9100000, 0x0000000100000000)
  eden space 64512K, 0% used [0x00000000e0000000,0x00000000e0000000,0x00000000e3f00000)
  from space 7168K, 99% used [0x00000000e3f00000,0x00000000e45f92b8,0x00000000e4600000)
  to   space 9728K, 0% used [0x00000000e8780000,0x00000000e8780000,0x00000000e9100000)
 ParOldGen       total 44032K, used 8627K [0x00000000a0000000, 0x00000000a2b00000, 0x00000000e0000000)
  object space 44032K, 19% used [0x00000000a0000000,0x00000000a086cef8,0x00000000a2b00000)
 Metaspace       used 20795K, capacity 21254K, committed 21296K, reserved 1067008K
  class space    used 2904K, capacity 3091K, committed 3120K, reserved 1048576K
}
Event: 6.361 GC heap before
{Heap before GC invocations=8 (full 1):
 PSYoungGen      total 71680K, used 7140K [0x00000000e0000000, 0x00000000e9100000, 0x0000000100000000)
  eden space 64512K, 0% used [0x00000000e0000000,0x00000000e0000000,0x00000000e3f00000)
  from space 7168K, 99% used [0x00000000e3f00000,0x00000000e45f92b8,0x00000000e4600000)
  to   space 9728K, 0% used [0x00000000e8780000,0x00000000e8780000,0x00000000e9100000)
 ParOldGen       total 44032K, used 8627K [0x00000000a0000000, 0x00000000a2b00000, 0x00000000e0000000)
  object space 44032K, 19% used [0x00000000a0000000,0x00000000a086cef8,0x00000000a2b00000)
 Metaspace       used 20795K, capacity 21254K, committed 21296K, reserved 1067008K
  class space    used 2904K, capacity 3091K, committed 3120K, reserved 1048576K
Event: 6.410 GC heap after
Heap after GC invocations=8 (full 1):
 PSYoungGen      total 71680K, used 0K [0x00000000e0000000, 0x00000000e9100000, 0x0000000100000000)
  eden space 64512K, 0% used [0x00000000e0000000,0x00000000e0000000,0x00000000e3f00000)
  from space 7168K, 0% used [0x00000000e3f00000,0x00000000e3f00000,0x00000000e4600000)
  to   space 9728K, 0% used [0x00000000e8780000,0x00000000e8780000,0x00000000e9100000)
 ParOldGen       total 36864K, used 11035K [0x00000000a0000000, 0x00000000a2400000, 0x00000000e0000000)
  object space 36864K, 29% used [0x00000000a0000000,0x00000000a0ac6c18,0x00000000a2400000)
 Metaspace       used 20795K, capacity 21254K, committed 21296K, reserved 1067008K
  class space    used 2904K, capacity 3091K, committed 3120K, reserved 1048576K
}
Event: 7.304 GC heap before
{Heap before GC invocations=9 (full 1):
 PSYoungGen      total 71680K, used 64512K [0x00000000e0000000, 0x00000000e9100000, 0x0000000100000000)
  eden space 64512K, 100% used [0x00000000e0000000,0x00000000e3f00000,0x00000000e3f00000)
  from space 7168K, 0% used [0x00000000e3f00000,0x00000000e3f00000,0x00000000e4600000)
  to   space 9728K, 0% used [0x00000000e8780000,0x00000000e8780000,0x00000000e9100000)
 ParOldGen       total 36864K, used 11035K [0x00000000a0000000, 0x00000000a2400000, 0x00000000e0000000)
  object space 36864K, 29% used [0x00000000a0000000,0x00000000a0ac6c18,0x00000000a2400000)
 Metaspace       used 28653K, capacity 29178K, committed 29488K, reserved 1075200K
  class space    used 3854K, capacity 4038K, committed 4144K, reserved 1048576K
Event: 7.321 GC heap after
Heap after GC invocations=9 (full 1):
 PSYoungGen      total 116224K, used 7680K [0x00000000e0000000, 0x00000000e8f80000, 0x0000000100000000)
  eden space 108032K, 0% used [0x00000000e0000000,0x00000000e0000000,0x00000000e6980000)
  from space 8192K, 93% used [0x00000000e8780000,0x00000000e8f00010,0x00000000e8f80000)
  to   space 10240K, 0% used [0x00000000e7b80000,0x00000000e7b80000,0x00000000e8580000)
 ParOldGen       total 36864K, used 11043K [0x00000000a0000000, 0x00000000a2400000, 0x00000000e0000000)
  object space 36864K, 29% used [0x00000000a0000000,0x00000000a0ac8c18,0x00000000a2400000)
 Metaspace       used 28653K, capacity 29178K, committed 29488K, reserved 1075200K
  class space    used 3854K, capacity 4038K, committed 4144K, reserved 1048576K
}
Event: 12.931 GC heap before
{Heap before GC invocations=10 (full 1):
 PSYoungGen      total 116224K, used 115712K [0x00000000e0000000, 0x00000000e8f80000, 0x0000000100000000)
  eden space 108032K, 100% used [0x00000000e0000000,0x00000000e6980000,0x00000000e6980000)
  from space 8192K, 93% used [0x00000000e8780000,0x00000000e8f00010,0x00000000e8f80000)
  to   space 10240K, 0% used [0x00000000e7b80000,0x00000000e7b80000,0x00000000e8580000)
 ParOldGen       total 36864K, used 11043K [0x00000000a0000000, 0x00000000a2400000, 0x00000000e0000000)
  object space 36864K, 29% used [0x00000000a0000000,0x00000000a0ac8c18,0x00000000a2400000)
 Metaspace       used 33855K, capacity 34512K, committed 34608K, reserved 1079296K
  class space    used 4663K, capacity 4879K, committed 4912K, reserved 1048576K
Event: 12.944 GC heap after
Heap after GC invocations=10 (full 1):
 PSYoungGen      total 136704K, used 10219K [0x00000000e0000000, 0x00000000ea900000, 0x0000000100000000)
  eden space 126464K, 0% used [0x00000000e0000000,0x00000000e0000000,0x00000000e7b80000)
  from space 10240K, 99% used [0x00000000e7b80000,0x00000000e857aed0,0x00000000e8580000)
  to   space 12288K, 0% used [0x00000000e9d00000,0x00000000e9d00000,0x00000000ea900000)
 ParOldGen       total 36864K, used 12953K [0x00000000a0000000, 0x00000000a2400000, 0x00000000e0000000)
  object space 36864K, 35% used [0x00000000a0000000,0x00000000a0ca6788,0x00000000a2400000)
 Metaspace       used 33855K, capacity 34512K, committed 34608K, reserved 1079296K
  class space    used 4663K, capacity 4879K, committed 4912K, reserved 1048576K
}

