# JRE version: OpenJDK Runtime Environment (8.0_152-b01) (build 1.8.0_152-release-1343-b01)
# Java VM: OpenJDK 64-Bit Server VM (25.152-b01 mixed mode windows-amd64 compressed oops)
Heap:
 PSYoungGen      total 194048K, used 172126K [0x00000000e0000000, 0x00000000ed100000, 0x0000000100000000)
  eden space 176128K, 95% used [0x00000000e0000000,0x00000000ea4ea558,0x00000000eac00000)
  from space 17920K, 18% used [0x00000000ebd80000,0x00000000ec0ad430,0x00000000ecf00000)
  to   space 17920K, 0% used [0x00000000eac00000,0x00000000eac00000,0x00000000ebd80000)
 ParOldGen       total 78336K, used 49752K [0x00000000a0000000, 0x00000000a4c80000, 0x00000000e0000000)
  object space 78336K, 63% used [0x00000000a0000000,0x00000000a3096050,0x00000000a4c80000)
 Metaspace       used 71958K, capacity 74696K, committed 74904K, reserved 1114112K
  class space    used 9519K, capacity 10081K, committed 10144K, reserved 1048576K
GC Heap History (10 events):
Event: 48.845 GC heap before
{Heap before GC invocations=19 (full 3):
 PSYoungGen      total 143360K, used 7791K [0x00000000e0000000, 0x00000000e9880000, 0x0000000100000000)
  eden space 130048K, 0% used [0x00000000e0000000,0x00000000e0000000,0x00000000e7f00000)
  from space 13312K, 58% used [0x00000000e8b80000,0x00000000e931be30,0x00000000e9880000)
  to   space 12800K, 0% used [0x00000000e7f00000,0x00000000e7f00000,0x00000000e8b80000)
 ParOldGen       total 51712K, used 31599K [0x00000000a0000000, 0x00000000a3280000, 0x00000000e0000000)
  object space 51712K, 61% used [0x00000000a0000000,0x00000000a1edbca8,0x00000000a3280000)
 Metaspace       used 57576K, capacity 59014K, committed 59160K, reserved 1099776K
  class space    used 7771K, capacity 8138K, committed 8224K, reserved 1048576K
Event: 49.076 GC heap after
Heap after GC invocations=19 (full 3):
 PSYoungGen      total 143360K, used 0K [0x00000000e0000000, 0x00000000e9880000, 0x0000000100000000)
  eden space 130048K, 0% used [0x00000000e0000000,0x00000000e0000000,0x00000000e7f00000)
  from space 13312K, 0% used [0x00000000e8b80000,0x00000000e8b80000,0x00000000e9880000)
  to   space 12800K, 0% used [0x00000000e7f00000,0x00000000e7f00000,0x00000000e8b80000)
 ParOldGen       total 78336K, used 31114K [0x00000000a0000000, 0x00000000a4c80000, 0x00000000e0000000)
  object space 78336K, 39% used [0x00000000a0000000,0x00000000a1e62af8,0x00000000a4c80000)
 Metaspace       used 57576K, capacity 59014K, committed 59160K, reserved 1099776K
  class space    used 7771K, capacity 8138K, committed 8224K, reserved 1048576K
}
Event: 56.944 GC heap before
{Heap before GC invocations=20 (full 3):
 PSYoungGen      total 143360K, used 130048K [0x00000000e0000000, 0x00000000e9880000, 0x0000000100000000)
  eden space 130048K, 100% used [0x00000000e0000000,0x00000000e7f00000,0x00000000e7f00000)
  from space 13312K, 0% used [0x00000000e8b80000,0x00000000e8b80000,0x00000000e9880000)
  to   space 12800K, 0% used [0x00000000e7f00000,0x00000000e7f00000,0x00000000e8b80000)
 ParOldGen       total 78336K, used 31114K [0x00000000a0000000, 0x00000000a4c80000, 0x00000000e0000000)
  object space 78336K, 39% used [0x00000000a0000000,0x00000000a1e62af8,0x00000000a4c80000)
 Metaspace       used 60902K, capacity 62776K, committed 63000K, reserved 1103872K
  class space    used 8226K, capacity 8673K, committed 8736K, reserved 1048576K
Event: 56.983 GC heap after
Heap after GC invocations=20 (full 3):
 PSYoungGen      total 142848K, used 10747K [0x00000000e0000000, 0x00000000eae80000, 0x0000000100000000)
  eden space 130048K, 0% used [0x00000000e0000000,0x00000000e0000000,0x00000000e7f00000)
  from space 12800K, 83% used [0x00000000e7f00000,0x00000000e897ee88,0x00000000e8b80000)
  to   space 13824K, 0% used [0x00000000ea100000,0x00000000ea100000,0x00000000eae80000)
 ParOldGen       total 78336K, used 31122K [0x00000000a0000000, 0x00000000a4c80000, 0x00000000e0000000)
  object space 78336K, 39% used [0x00000000a0000000,0x00000000a1e64af8,0x00000000a4c80000)
 Metaspace       used 60902K, capacity 62776K, committed 63000K, reserved 1103872K
  class space    used 8226K, capacity 8673K, committed 8736K, reserved 1048576K
}
Event: 64.330 GC heap before
{Heap before GC invocations=21 (full 3):
 PSYoungGen      total 142848K, used 140795K [0x00000000e0000000, 0x00000000eae80000, 0x0000000100000000)
  eden space 130048K, 100% used [0x00000000e0000000,0x00000000e7f00000,0x00000000e7f00000)
  from space 12800K, 83% used [0x00000000e7f00000,0x00000000e897ee88,0x00000000e8b80000)
  to   space 13824K, 0% used [0x00000000ea100000,0x00000000ea100000,0x00000000eae80000)
 ParOldGen       total 78336K, used 31122K [0x00000000a0000000, 0x00000000a4c80000, 0x00000000e0000000)
  object space 78336K, 39% used [0x00000000a0000000,0x00000000a1e64af8,0x00000000a4c80000)
 Metaspace       used 69644K, capacity 72028K, committed 72088K, reserved 1112064K
  class space    used 9308K, capacity 9833K, committed 9888K, reserved 1048576K
Event: 64.391 GC heap after
Heap after GC invocations=21 (full 3):
 PSYoungGen      total 160256K, used 13814K [0x00000000e0000000, 0x00000000eb780000, 0x0000000100000000)
  eden space 146432K, 0% used [0x00000000e0000000,0x00000000e0000000,0x00000000e8f00000)
  from space 13824K, 99% used [0x00000000ea100000,0x00000000eae7d850,0x00000000eae80000)
  to   space 18432K, 0% used [0x00000000e8f00000,0x00000000e8f00000,0x00000000ea100000)
 ParOldGen       total 78336K, used 37673K [0x00000000a0000000, 0x00000000a4c80000, 0x00000000e0000000)
  object space 78336K, 48% used [0x00000000a0000000,0x00000000a24ca7b8,0x00000000a4c80000)
 Metaspace       used 69644K, capacity 72028K, committed 72088K, reserved 1112064K
  class space    used 9308K, capacity 9833K, committed 9888K, reserved 1048576K
}
Event: 65.895 GC heap before
{Heap before GC invocations=22 (full 3):
 PSYoungGen      total 160256K, used 160246K [0x00000000e0000000, 0x00000000eb780000, 0x0000000100000000)
  eden space 146432K, 100% used [0x00000000e0000000,0x00000000e8f00000,0x00000000e8f00000)
  from space 13824K, 99% used [0x00000000ea100000,0x00000000eae7d850,0x00000000eae80000)
  to   space 18432K, 0% used [0x00000000e8f00000,0x00000000e8f00000,0x00000000ea100000)
 ParOldGen       total 78336K, used 37673K [0x00000000a0000000, 0x00000000a4c80000, 0x00000000e0000000)
  object space 78336K, 48% used [0x00000000a0000000,0x00000000a24ca7b8,0x00000000a4c80000)
 Metaspace       used 71480K, capacity 74210K, committed 74392K, reserved 1114112K
  class space    used 9482K, capacity 10044K, committed 10144K, reserved 1048576K
Event: 65.933 GC heap after
Heap after GC invocations=22 (full 3):
 PSYoungGen      total 164864K, used 4159K [0x00000000e0000000, 0x00000000ecf00000, 0x0000000100000000)
  eden space 146432K, 0% used [0x00000000e0000000,0x00000000e0000000,0x00000000e8f00000)
  from space 18432K, 22% used [0x00000000e8f00000,0x00000000e930fdd8,0x00000000ea100000)
  to   space 17920K, 0% used [0x00000000ebd80000,0x00000000ebd80000,0x00000000ecf00000)
 ParOldGen       total 78336K, used 49215K [0x00000000a0000000, 0x00000000a4c80000, 0x00000000e0000000)
  object space 78336K, 62% used [0x00000000a0000000,0x00000000a300fcc0,0x00000000a4c80000)
 Metaspace       used 71480K, capacity 74210K, committed 74392K, reserved 1114112K
  class space    used 9482K, capacity 10044K, committed 10144K, reserved 1048576K
}
Event: 66.970 GC heap before
{Heap before GC invocations=23 (full 3):
 PSYoungGen      total 164864K, used 150591K [0x00000000e0000000, 0x00000000ecf00000, 0x0000000100000000)
  eden space 146432K, 100% used [0x00000000e0000000,0x00000000e8f00000,0x00000000e8f00000)
  from space 18432K, 22% used [0x00000000e8f00000,0x00000000e930fdd8,0x00000000ea100000)
  to   space 17920K, 0% used [0x00000000ebd80000,0x00000000ebd80000,0x00000000ecf00000)
 ParOldGen       total 78336K, used 49215K [0x00000000a0000000, 0x00000000a4c80000, 0x00000000e0000000)
  object space 78336K, 62% used [0x00000000a0000000,0x00000000a300fcc0,0x00000000a4c80000)
 Metaspace       used 71788K, capacity 74514K, committed 74648K, reserved 1114112K
  class space    used 9507K, capacity 10048K, committed 10144K, reserved 1048576K
Event: 66.990 GC heap after
Heap after GC invocations=23 (full 3):
 PSYoungGen      total 194048K, used 3253K [0x00000000e0000000, 0x00000000ed100000, 0x0000000100000000)
  eden space 176128K, 0% used [0x00000000e0000000,0x00000000e0000000,0x00000000eac00000)
  from space 17920K, 18% used [0x00000000ebd80000,0x00000000ec0ad430,0x00000000ecf00000)
  to   space 17920K, 0% used [0x00000000eac00000,0x00000000eac00000,0x00000000ebd80000)
 ParOldGen       total 78336K, used 49752K [0x00000000a0000000, 0x00000000a4c80000, 0x00000000e0000000)
  object space 78336K, 63% used [0x00000000a0000000,0x00000000a3096050,0x00000000a4c80000)
 Metaspace       used 71788K, capacity 74514K, committed 74648K, reserved 1114112K
  class space    used 9507K, capacity 10048K, committed 10144K, reserved 1048576K
}

